[2024-12-02T18:48:25.012+0000] {local_task_job_runner.py:123} INFO - ::group::Pre task execution logs
[2024-12-02T18:48:25.030+0000] {taskinstance.py:2613} INFO - Dependencies all met for dep_context=non-requeueable deps ti=<TaskInstance: weather_data_pipeline.fetch_weather_data manual__2024-12-02T18:48:22.555723+00:00 [queued]>
[2024-12-02T18:48:25.038+0000] {taskinstance.py:2613} INFO - Dependencies all met for dep_context=requeueable deps ti=<TaskInstance: weather_data_pipeline.fetch_weather_data manual__2024-12-02T18:48:22.555723+00:00 [queued]>
[2024-12-02T18:48:25.039+0000] {taskinstance.py:2866} INFO - Starting attempt 1 of 2
[2024-12-02T18:48:25.056+0000] {taskinstance.py:2889} INFO - Executing <Task(PythonOperator): fetch_weather_data> on 2024-12-02 18:48:22.555723+00:00
[2024-12-02T18:48:25.063+0000] {warnings.py:112} WARNING - /home/***/.local/lib/python3.12/site-packages/***/task/task_runner/standard_task_runner.py:70: DeprecationWarning: This process (pid=2010) is multi-threaded, use of fork() may lead to deadlocks in the child.
  pid = os.fork()

[2024-12-02T18:48:25.065+0000] {standard_task_runner.py:72} INFO - Started process 2012 to run task
[2024-12-02T18:48:25.065+0000] {standard_task_runner.py:104} INFO - Running: ['***', 'tasks', 'run', 'weather_data_pipeline', 'fetch_weather_data', 'manual__2024-12-02T18:48:22.555723+00:00', '--job-id', '76', '--raw', '--subdir', 'DAGS_FOLDER/weather_pipeline.py', '--cfg-path', '/tmp/tmp50idp_wx']
[2024-12-02T18:48:25.066+0000] {standard_task_runner.py:105} INFO - Job 76: Subtask fetch_weather_data
[2024-12-02T18:48:25.113+0000] {task_command.py:467} INFO - Running <TaskInstance: weather_data_pipeline.fetch_weather_data manual__2024-12-02T18:48:22.555723+00:00 [running]> on host 1a5e4afa404c
[2024-12-02T18:48:25.203+0000] {taskinstance.py:3132} INFO - Exporting env vars: AIRFLOW_CTX_DAG_EMAIL='andrew.marfo@amalitech.com' AIRFLOW_CTX_DAG_OWNER='***' AIRFLOW_CTX_DAG_ID='weather_data_pipeline' AIRFLOW_CTX_TASK_ID='fetch_weather_data' AIRFLOW_CTX_EXECUTION_DATE='2024-12-02T18:48:22.555723+00:00' AIRFLOW_CTX_TRY_NUMBER='1' AIRFLOW_CTX_DAG_RUN_ID='manual__2024-12-02T18:48:22.555723+00:00'
[2024-12-02T18:48:25.205+0000] {logging_mixin.py:190} INFO - Task instance is in running state
[2024-12-02T18:48:25.205+0000] {logging_mixin.py:190} INFO -  Previous state of the Task instance: queued
[2024-12-02T18:48:25.206+0000] {logging_mixin.py:190} INFO - Current task name:fetch_weather_data state:running start_date:2024-12-02 18:48:25.030863+00:00
[2024-12-02T18:48:25.206+0000] {logging_mixin.py:190} INFO - Dag name:weather_data_pipeline and current dag run status:running
[2024-12-02T18:48:25.207+0000] {taskinstance.py:731} INFO - ::endgroup::
[2024-12-02T18:48:25.707+0000] {python.py:240} INFO - Done. Returned value was: {'id': 5746545, 'city': 'Portland', 'temperature': 277.45, 'pressure': 1027, 'humidity': 79}
[2024-12-02T18:48:25.732+0000] {taskinstance.py:340} INFO - ::group::Post task execution logs
[2024-12-02T18:48:25.732+0000] {taskinstance.py:352} INFO - Marking task as SUCCESS. dag_id=weather_data_pipeline, task_id=fetch_weather_data, run_id=manual__2024-12-02T18:48:22.555723+00:00, execution_date=20241202T184822, start_date=20241202T184825, end_date=20241202T184825
[2024-12-02T18:48:25.748+0000] {logging_mixin.py:190} INFO - Task instance in success state
[2024-12-02T18:48:25.749+0000] {logging_mixin.py:190} INFO -  Previous state of the Task instance: running
[2024-12-02T18:48:25.749+0000] {logging_mixin.py:190} INFO - Dag name:weather_data_pipeline queued_at:2024-12-02 18:48:22.569986+00:00
[2024-12-02T18:48:25.750+0000] {logging_mixin.py:190} INFO - Task hostname:1a5e4afa404c operator:PythonOperator
[2024-12-02T18:48:25.803+0000] {local_task_job_runner.py:266} INFO - Task exited with return code 0
[2024-12-02T18:48:25.828+0000] {taskinstance.py:3895} INFO - 1 downstream tasks scheduled from follow-on schedule check
[2024-12-02T18:48:25.833+0000] {local_task_job_runner.py:245} INFO - ::endgroup::
