[2024-12-02T23:10:08.882+0000] {local_task_job_runner.py:123} INFO - ::group::Pre task execution logs
[2024-12-02T23:10:08.899+0000] {taskinstance.py:2613} INFO - Dependencies all met for dep_context=non-requeueable deps ti=<TaskInstance: weather_data_pipeline.transform_weather_data scheduled__2024-12-02T23:05:00+00:00 [queued]>
[2024-12-02T23:10:08.908+0000] {taskinstance.py:2613} INFO - Dependencies all met for dep_context=requeueable deps ti=<TaskInstance: weather_data_pipeline.transform_weather_data scheduled__2024-12-02T23:05:00+00:00 [queued]>
[2024-12-02T23:10:08.909+0000] {taskinstance.py:2866} INFO - Starting attempt 1 of 2
[2024-12-02T23:10:08.927+0000] {taskinstance.py:2889} INFO - Executing <Task(PythonOperator): transform_weather_data> on 2024-12-02 23:05:00+00:00
[2024-12-02T23:10:08.934+0000] {warnings.py:112} WARNING - /home/***/.local/lib/python3.12/site-packages/***/task/task_runner/standard_task_runner.py:70: DeprecationWarning: This process (pid=1373) is multi-threaded, use of fork() may lead to deadlocks in the child.
  pid = os.fork()

[2024-12-02T23:10:08.936+0000] {standard_task_runner.py:72} INFO - Started process 1375 to run task
[2024-12-02T23:10:08.936+0000] {standard_task_runner.py:104} INFO - Running: ['***', 'tasks', 'run', 'weather_data_pipeline', 'transform_weather_data', 'scheduled__2024-12-02T23:05:00+00:00', '--job-id', '190', '--raw', '--subdir', 'DAGS_FOLDER/weather_pipeline.py', '--cfg-path', '/tmp/tmpqs_2iwp7']
[2024-12-02T23:10:08.938+0000] {standard_task_runner.py:105} INFO - Job 190: Subtask transform_weather_data
[2024-12-02T23:10:08.997+0000] {task_command.py:467} INFO - Running <TaskInstance: weather_data_pipeline.transform_weather_data scheduled__2024-12-02T23:05:00+00:00 [running]> on host 1a5e4afa404c
[2024-12-02T23:10:09.291+0000] {taskinstance.py:3132} INFO - Exporting env vars: AIRFLOW_CTX_DAG_EMAIL='andrew.marfo@amalitech.com' AIRFLOW_CTX_DAG_OWNER='***' AIRFLOW_CTX_DAG_ID='weather_data_pipeline' AIRFLOW_CTX_TASK_ID='transform_weather_data' AIRFLOW_CTX_EXECUTION_DATE='2024-12-02T23:05:00+00:00' AIRFLOW_CTX_TRY_NUMBER='1' AIRFLOW_CTX_DAG_RUN_ID='scheduled__2024-12-02T23:05:00+00:00'
[2024-12-02T23:10:09.292+0000] {logging_mixin.py:190} INFO - Task instance is in running state
[2024-12-02T23:10:09.293+0000] {logging_mixin.py:190} INFO -  Previous state of the Task instance: queued
[2024-12-02T23:10:09.293+0000] {logging_mixin.py:190} INFO - Current task name:transform_weather_data state:running start_date:2024-12-02 23:10:08.900022+00:00
[2024-12-02T23:10:09.294+0000] {logging_mixin.py:190} INFO - Dag name:weather_data_pipeline and current dag run status:running
[2024-12-02T23:10:09.294+0000] {taskinstance.py:731} INFO - ::endgroup::
[2024-12-02T23:10:09.318+0000] {python.py:240} INFO - Done. Returned value was: {'city': 'Portland', 'temperature': 44.708000000000006, 'pressure': 1025, 'humidity': 66, 'timestamp': datetime.datetime(2024, 12, 2, 23, 6, 44, tzinfo=datetime.timezone.utc)}
[2024-12-02T23:10:09.338+0000] {taskinstance.py:340} INFO - ::group::Post task execution logs
[2024-12-02T23:10:09.338+0000] {taskinstance.py:352} INFO - Marking task as SUCCESS. dag_id=weather_data_pipeline, task_id=transform_weather_data, run_id=scheduled__2024-12-02T23:05:00+00:00, execution_date=20241202T230500, start_date=20241202T231008, end_date=20241202T231009
[2024-12-02T23:10:09.350+0000] {logging_mixin.py:190} INFO - Task instance in success state
[2024-12-02T23:10:09.351+0000] {logging_mixin.py:190} INFO -  Previous state of the Task instance: running
[2024-12-02T23:10:09.352+0000] {logging_mixin.py:190} INFO - Dag name:weather_data_pipeline queued_at:2024-12-02 23:10:00.204835+00:00
[2024-12-02T23:10:09.352+0000] {logging_mixin.py:190} INFO - Task hostname:1a5e4afa404c operator:PythonOperator
[2024-12-02T23:10:09.392+0000] {local_task_job_runner.py:266} INFO - Task exited with return code 0
[2024-12-02T23:10:09.423+0000] {taskinstance.py:3895} INFO - 1 downstream tasks scheduled from follow-on schedule check
[2024-12-02T23:10:09.428+0000] {local_task_job_runner.py:245} INFO - ::endgroup::
