[2024-12-02T22:36:36.957+0000] {local_task_job_runner.py:123} INFO - ::group::Pre task execution logs
[2024-12-02T22:36:36.991+0000] {taskinstance.py:2613} INFO - Dependencies all met for dep_context=non-requeueable deps ti=<TaskInstance: weather_data_pipeline.transform_weather_data scheduled__2024-12-02T22:30:00+00:00 [queued]>
[2024-12-02T22:36:37.024+0000] {taskinstance.py:2613} INFO - Dependencies all met for dep_context=requeueable deps ti=<TaskInstance: weather_data_pipeline.transform_weather_data scheduled__2024-12-02T22:30:00+00:00 [queued]>
[2024-12-02T22:36:37.026+0000] {taskinstance.py:2866} INFO - Starting attempt 1 of 2
[2024-12-02T22:36:37.088+0000] {taskinstance.py:2889} INFO - Executing <Task(PythonOperator): transform_weather_data> on 2024-12-02 22:30:00+00:00
[2024-12-02T22:36:37.107+0000] {warnings.py:112} WARNING - /home/***/.local/lib/python3.12/site-packages/***/task/task_runner/standard_task_runner.py:70: DeprecationWarning: This process (pid=759) is multi-threaded, use of fork() may lead to deadlocks in the child.
  pid = os.fork()

[2024-12-02T22:36:37.111+0000] {standard_task_runner.py:72} INFO - Started process 767 to run task
[2024-12-02T22:36:37.112+0000] {standard_task_runner.py:104} INFO - Running: ['***', 'tasks', 'run', 'weather_data_pipeline', 'transform_weather_data', 'scheduled__2024-12-02T22:30:00+00:00', '--job-id', '141', '--raw', '--subdir', 'DAGS_FOLDER/weather_pipeline.py', '--cfg-path', '/tmp/tmps3ppnql3']
[2024-12-02T22:36:37.116+0000] {standard_task_runner.py:105} INFO - Job 141: Subtask transform_weather_data
[2024-12-02T22:36:37.277+0000] {task_command.py:467} INFO - Running <TaskInstance: weather_data_pipeline.transform_weather_data scheduled__2024-12-02T22:30:00+00:00 [running]> on host 1a5e4afa404c
[2024-12-02T22:36:37.744+0000] {taskinstance.py:3132} INFO - Exporting env vars: AIRFLOW_CTX_DAG_EMAIL='andrew.marfo@amalitech.com' AIRFLOW_CTX_DAG_OWNER='***' AIRFLOW_CTX_DAG_ID='weather_data_pipeline' AIRFLOW_CTX_TASK_ID='transform_weather_data' AIRFLOW_CTX_EXECUTION_DATE='2024-12-02T22:30:00+00:00' AIRFLOW_CTX_TRY_NUMBER='1' AIRFLOW_CTX_DAG_RUN_ID='scheduled__2024-12-02T22:30:00+00:00'
[2024-12-02T22:36:37.745+0000] {logging_mixin.py:190} INFO - Task instance is in running state
[2024-12-02T22:36:37.746+0000] {logging_mixin.py:190} INFO -  Previous state of the Task instance: queued
[2024-12-02T22:36:37.747+0000] {logging_mixin.py:190} INFO - Current task name:transform_weather_data state:running start_date:2024-12-02 22:36:36.993336+00:00
[2024-12-02T22:36:37.748+0000] {logging_mixin.py:190} INFO - Dag name:weather_data_pipeline and current dag run status:running
[2024-12-02T22:36:37.749+0000] {taskinstance.py:731} INFO - ::endgroup::
[2024-12-02T22:36:37.789+0000] {python.py:240} INFO - Done. Returned value was: {'city': 'Portland', 'temperature': 45.53600000000007, 'pressure': 1025, 'humidity': 65, 'timestamp': datetime.datetime(2024, 12, 2, 22, 36, 32, tzinfo=datetime.timezone.utc)}
[2024-12-02T22:36:37.832+0000] {taskinstance.py:340} INFO - ::group::Post task execution logs
[2024-12-02T22:36:37.838+0000] {taskinstance.py:352} INFO - Marking task as SUCCESS. dag_id=weather_data_pipeline, task_id=transform_weather_data, run_id=scheduled__2024-12-02T22:30:00+00:00, execution_date=20241202T223000, start_date=20241202T223636, end_date=20241202T223637
[2024-12-02T22:36:37.882+0000] {logging_mixin.py:190} INFO - Task instance in success state
[2024-12-02T22:36:37.886+0000] {logging_mixin.py:190} INFO -  Previous state of the Task instance: running
[2024-12-02T22:36:37.887+0000] {logging_mixin.py:190} INFO - Dag name:weather_data_pipeline queued_at:2024-12-02 22:35:00.296489+00:00
[2024-12-02T22:36:37.888+0000] {logging_mixin.py:190} INFO - Task hostname:1a5e4afa404c operator:PythonOperator
[2024-12-02T22:36:37.945+0000] {local_task_job_runner.py:266} INFO - Task exited with return code 0
[2024-12-02T22:36:37.963+0000] {local_task_job_runner.py:245} INFO - ::endgroup::
