[2024-12-02T16:46:50.566+0000] {local_task_job_runner.py:123} INFO - ::group::Pre task execution logs
[2024-12-02T16:46:50.591+0000] {taskinstance.py:2613} INFO - Dependencies all met for dep_context=non-requeueable deps ti=<TaskInstance: weather_data_pipeline.create_table manual__2024-12-02T16:46:42.063214+00:00 [queued]>
[2024-12-02T16:46:50.603+0000] {taskinstance.py:2613} INFO - Dependencies all met for dep_context=requeueable deps ti=<TaskInstance: weather_data_pipeline.create_table manual__2024-12-02T16:46:42.063214+00:00 [queued]>
[2024-12-02T16:46:50.604+0000] {taskinstance.py:2866} INFO - Starting attempt 1 of 2
[2024-12-02T16:46:50.621+0000] {taskinstance.py:2889} INFO - Executing <Task(PostgresOperator): create_table> on 2024-12-02 16:46:42.063214+00:00
[2024-12-02T16:46:50.629+0000] {warnings.py:112} WARNING - /home/***/.local/lib/python3.12/site-packages/***/task/task_runner/standard_task_runner.py:70: DeprecationWarning: This process (pid=381) is multi-threaded, use of fork() may lead to deadlocks in the child.
  pid = os.fork()

[2024-12-02T16:46:50.631+0000] {standard_task_runner.py:72} INFO - Started process 383 to run task
[2024-12-02T16:46:50.633+0000] {standard_task_runner.py:104} INFO - Running: ['***', 'tasks', 'run', 'weather_data_pipeline', 'create_table', 'manual__2024-12-02T16:46:42.063214+00:00', '--job-id', '42', '--raw', '--subdir', 'DAGS_FOLDER/weather_pipeline.py', '--cfg-path', '/tmp/tmpu66on95g']
[2024-12-02T16:46:50.635+0000] {standard_task_runner.py:105} INFO - Job 42: Subtask create_table
[2024-12-02T16:46:50.685+0000] {task_command.py:467} INFO - Running <TaskInstance: weather_data_pipeline.create_table manual__2024-12-02T16:46:42.063214+00:00 [running]> on host 1a5e4afa404c
[2024-12-02T16:46:50.800+0000] {taskinstance.py:3132} INFO - Exporting env vars: AIRFLOW_CTX_DAG_EMAIL='andrew.marfo@amalitech.com' AIRFLOW_CTX_DAG_OWNER='***' AIRFLOW_CTX_DAG_ID='weather_data_pipeline' AIRFLOW_CTX_TASK_ID='create_table' AIRFLOW_CTX_EXECUTION_DATE='2024-12-02T16:46:42.063214+00:00' AIRFLOW_CTX_TRY_NUMBER='1' AIRFLOW_CTX_DAG_RUN_ID='manual__2024-12-02T16:46:42.063214+00:00'
[2024-12-02T16:46:50.803+0000] {logging_mixin.py:190} INFO - Task instance is in running state
[2024-12-02T16:46:50.804+0000] {logging_mixin.py:190} INFO -  Previous state of the Task instance: queued
[2024-12-02T16:46:50.804+0000] {logging_mixin.py:190} INFO - Current task name:create_table state:running start_date:2024-12-02 16:46:50.592346+00:00
[2024-12-02T16:46:50.805+0000] {logging_mixin.py:190} INFO - Dag name:weather_data_pipeline and current dag run status:running
[2024-12-02T16:46:50.806+0000] {taskinstance.py:731} INFO - ::endgroup::
[2024-12-02T16:46:50.807+0000] {sql.py:278} INFO - Executing: 
        CREATE TABLE IF NOT EXISTS daily_weather (
            id INTEGER PRIMARY KEY,
            city TEXT NOT NULL,
            temperature DOUBLE PRECISION NOT NULL,
            pressure INTEGER NOT NULL,
            humidity INTEGER NOT NULL,
            timestamp TIMESTAMP DEFAULT CURRENT_TIMESTAMP
        );
        
[2024-12-02T16:46:50.819+0000] {base.py:84} INFO - Retrieving connection 'weather_data'
[2024-12-02T16:46:50.841+0000] {base.py:84} INFO - Retrieving connection 'weather_data'
[2024-12-02T16:46:50.911+0000] {sql.py:544} INFO - Running statement: 
        CREATE TABLE IF NOT EXISTS daily_weather (
            id INTEGER PRIMARY KEY,
            city TEXT NOT NULL,
            temperature DOUBLE PRECISION NOT NULL,
            pressure INTEGER NOT NULL,
            humidity INTEGER NOT NULL,
            timestamp TIMESTAMP DEFAULT CURRENT_TIMESTAMP
        );
        , parameters: None
[2024-12-02T16:46:50.945+0000] {taskinstance.py:340} INFO - ::group::Post task execution logs
[2024-12-02T16:46:50.946+0000] {taskinstance.py:352} INFO - Marking task as SUCCESS. dag_id=weather_data_pipeline, task_id=create_table, run_id=manual__2024-12-02T16:46:42.063214+00:00, execution_date=20241202T164642, start_date=20241202T164650, end_date=20241202T164650
[2024-12-02T16:46:50.957+0000] {logging_mixin.py:190} INFO - Task instance in success state
[2024-12-02T16:46:50.958+0000] {logging_mixin.py:190} INFO -  Previous state of the Task instance: running
[2024-12-02T16:46:50.959+0000] {logging_mixin.py:190} INFO - Dag name:weather_data_pipeline queued_at:2024-12-02 16:46:42.084331+00:00
[2024-12-02T16:46:50.959+0000] {logging_mixin.py:190} INFO - Task hostname:1a5e4afa404c operator:PostgresOperator
[2024-12-02T16:46:51.009+0000] {local_task_job_runner.py:266} INFO - Task exited with return code 0
[2024-12-02T16:46:51.064+0000] {taskinstance.py:3895} INFO - 1 downstream tasks scheduled from follow-on schedule check
[2024-12-02T16:46:51.069+0000] {local_task_job_runner.py:245} INFO - ::endgroup::
