[2024-11-30T03:16:06.865+0000] {processor.py:186} INFO - Started process (PID=12258) to work on /home/airflow/.local/lib/python3.12/site-packages/airflow/example_dags/example_display_name.py
[2024-11-30T03:16:06.867+0000] {processor.py:914} INFO - Processing file /home/airflow/.local/lib/python3.12/site-packages/airflow/example_dags/example_display_name.py for tasks to queue
[2024-11-30T03:16:06.875+0000] {logging_mixin.py:190} INFO - [2024-11-30T03:16:06.874+0000] {dagbag.py:588} INFO - Filling up the DagBag from /home/airflow/.local/lib/python3.12/site-packages/airflow/example_dags/example_display_name.py
[2024-11-30T03:16:06.896+0000] {processor.py:925} INFO - DAG(s) 'example_display_name' retrieved from /home/airflow/.local/lib/python3.12/site-packages/airflow/example_dags/example_display_name.py
[2024-11-30T03:16:06.946+0000] {logging_mixin.py:190} INFO - [2024-11-30T03:16:06.945+0000] {dag.py:3239} INFO - Sync 1 DAGs
[2024-11-30T03:16:06.985+0000] {logging_mixin.py:190} INFO - [2024-11-30T03:16:06.985+0000] {dag.py:4180} INFO - Setting next_dagrun for example_display_name to None, run_after=None
[2024-11-30T03:16:07.050+0000] {processor.py:208} INFO - Processing /home/airflow/.local/lib/python3.12/site-packages/airflow/example_dags/example_display_name.py took 0.203 seconds
[2024-11-30T03:16:37.477+0000] {processor.py:186} INFO - Started process (PID=12322) to work on /home/airflow/.local/lib/python3.12/site-packages/airflow/example_dags/example_display_name.py
[2024-11-30T03:16:37.478+0000] {processor.py:914} INFO - Processing file /home/airflow/.local/lib/python3.12/site-packages/airflow/example_dags/example_display_name.py for tasks to queue
[2024-11-30T03:16:37.484+0000] {logging_mixin.py:190} INFO - [2024-11-30T03:16:37.484+0000] {dagbag.py:588} INFO - Filling up the DagBag from /home/airflow/.local/lib/python3.12/site-packages/airflow/example_dags/example_display_name.py
[2024-11-30T03:16:37.497+0000] {processor.py:925} INFO - DAG(s) 'example_display_name' retrieved from /home/airflow/.local/lib/python3.12/site-packages/airflow/example_dags/example_display_name.py
[2024-11-30T03:16:37.529+0000] {logging_mixin.py:190} INFO - [2024-11-30T03:16:37.529+0000] {dag.py:3239} INFO - Sync 1 DAGs
[2024-11-30T03:16:37.556+0000] {logging_mixin.py:190} INFO - [2024-11-30T03:16:37.555+0000] {dag.py:4180} INFO - Setting next_dagrun for example_display_name to None, run_after=None
[2024-11-30T03:16:37.587+0000] {processor.py:208} INFO - Processing /home/airflow/.local/lib/python3.12/site-packages/airflow/example_dags/example_display_name.py took 0.121 seconds
[2024-11-30T03:17:09.541+0000] {processor.py:186} INFO - Started process (PID=12384) to work on /home/airflow/.local/lib/python3.12/site-packages/airflow/example_dags/example_display_name.py
[2024-11-30T03:17:09.543+0000] {processor.py:914} INFO - Processing file /home/airflow/.local/lib/python3.12/site-packages/airflow/example_dags/example_display_name.py for tasks to queue
[2024-11-30T03:17:09.548+0000] {logging_mixin.py:190} INFO - [2024-11-30T03:17:09.547+0000] {dagbag.py:588} INFO - Filling up the DagBag from /home/airflow/.local/lib/python3.12/site-packages/airflow/example_dags/example_display_name.py
[2024-11-30T03:17:09.569+0000] {processor.py:925} INFO - DAG(s) 'example_display_name' retrieved from /home/airflow/.local/lib/python3.12/site-packages/airflow/example_dags/example_display_name.py
[2024-11-30T03:17:09.609+0000] {logging_mixin.py:190} INFO - [2024-11-30T03:17:09.608+0000] {dag.py:3239} INFO - Sync 1 DAGs
[2024-11-30T03:17:09.637+0000] {logging_mixin.py:190} INFO - [2024-11-30T03:17:09.636+0000] {dag.py:4180} INFO - Setting next_dagrun for example_display_name to None, run_after=None
[2024-11-30T03:17:09.673+0000] {processor.py:208} INFO - Processing /home/airflow/.local/lib/python3.12/site-packages/airflow/example_dags/example_display_name.py took 0.144 seconds
[2024-11-30T03:17:39.957+0000] {processor.py:186} INFO - Started process (PID=12446) to work on /home/airflow/.local/lib/python3.12/site-packages/airflow/example_dags/example_display_name.py
[2024-11-30T03:17:39.960+0000] {processor.py:914} INFO - Processing file /home/airflow/.local/lib/python3.12/site-packages/airflow/example_dags/example_display_name.py for tasks to queue
[2024-11-30T03:17:39.966+0000] {logging_mixin.py:190} INFO - [2024-11-30T03:17:39.965+0000] {dagbag.py:588} INFO - Filling up the DagBag from /home/airflow/.local/lib/python3.12/site-packages/airflow/example_dags/example_display_name.py
[2024-11-30T03:17:39.986+0000] {processor.py:925} INFO - DAG(s) 'example_display_name' retrieved from /home/airflow/.local/lib/python3.12/site-packages/airflow/example_dags/example_display_name.py
[2024-11-30T03:17:40.033+0000] {logging_mixin.py:190} INFO - [2024-11-30T03:17:40.032+0000] {dag.py:3239} INFO - Sync 1 DAGs
[2024-11-30T03:17:40.067+0000] {logging_mixin.py:190} INFO - [2024-11-30T03:17:40.066+0000] {dag.py:4180} INFO - Setting next_dagrun for example_display_name to None, run_after=None
[2024-11-30T03:17:40.114+0000] {processor.py:208} INFO - Processing /home/airflow/.local/lib/python3.12/site-packages/airflow/example_dags/example_display_name.py took 0.175 seconds
[2024-11-30T03:18:10.511+0000] {processor.py:186} INFO - Started process (PID=12509) to work on /home/airflow/.local/lib/python3.12/site-packages/airflow/example_dags/example_display_name.py
[2024-11-30T03:18:10.513+0000] {processor.py:914} INFO - Processing file /home/airflow/.local/lib/python3.12/site-packages/airflow/example_dags/example_display_name.py for tasks to queue
[2024-11-30T03:18:10.518+0000] {logging_mixin.py:190} INFO - [2024-11-30T03:18:10.517+0000] {dagbag.py:588} INFO - Filling up the DagBag from /home/airflow/.local/lib/python3.12/site-packages/airflow/example_dags/example_display_name.py
[2024-11-30T03:18:10.533+0000] {processor.py:925} INFO - DAG(s) 'example_display_name' retrieved from /home/airflow/.local/lib/python3.12/site-packages/airflow/example_dags/example_display_name.py
[2024-11-30T03:18:10.569+0000] {logging_mixin.py:190} INFO - [2024-11-30T03:18:10.569+0000] {dag.py:3239} INFO - Sync 1 DAGs
[2024-11-30T03:18:10.610+0000] {logging_mixin.py:190} INFO - [2024-11-30T03:18:10.609+0000] {dag.py:4180} INFO - Setting next_dagrun for example_display_name to None, run_after=None
[2024-11-30T03:18:10.664+0000] {processor.py:208} INFO - Processing /home/airflow/.local/lib/python3.12/site-packages/airflow/example_dags/example_display_name.py took 0.164 seconds
[2024-11-30T03:18:46.376+0000] {processor.py:186} INFO - Started process (PID=12572) to work on /home/airflow/.local/lib/python3.12/site-packages/airflow/example_dags/example_display_name.py
[2024-11-30T03:18:46.378+0000] {processor.py:914} INFO - Processing file /home/airflow/.local/lib/python3.12/site-packages/airflow/example_dags/example_display_name.py for tasks to queue
[2024-11-30T03:18:46.384+0000] {logging_mixin.py:190} INFO - [2024-11-30T03:18:46.383+0000] {dagbag.py:588} INFO - Filling up the DagBag from /home/airflow/.local/lib/python3.12/site-packages/airflow/example_dags/example_display_name.py
[2024-11-30T03:18:46.399+0000] {processor.py:925} INFO - DAG(s) 'example_display_name' retrieved from /home/airflow/.local/lib/python3.12/site-packages/airflow/example_dags/example_display_name.py
[2024-11-30T03:18:46.437+0000] {logging_mixin.py:190} INFO - [2024-11-30T03:18:46.436+0000] {dag.py:3239} INFO - Sync 1 DAGs
[2024-11-30T03:18:46.483+0000] {logging_mixin.py:190} INFO - [2024-11-30T03:18:46.482+0000] {dag.py:4180} INFO - Setting next_dagrun for example_display_name to None, run_after=None
[2024-11-30T03:18:46.517+0000] {processor.py:208} INFO - Processing /home/airflow/.local/lib/python3.12/site-packages/airflow/example_dags/example_display_name.py took 0.153 seconds
[2024-11-30T03:19:17.773+0000] {processor.py:186} INFO - Started process (PID=12635) to work on /home/airflow/.local/lib/python3.12/site-packages/airflow/example_dags/example_display_name.py
[2024-11-30T03:19:17.777+0000] {processor.py:914} INFO - Processing file /home/airflow/.local/lib/python3.12/site-packages/airflow/example_dags/example_display_name.py for tasks to queue
[2024-11-30T03:19:17.785+0000] {logging_mixin.py:190} INFO - [2024-11-30T03:19:17.784+0000] {dagbag.py:588} INFO - Filling up the DagBag from /home/airflow/.local/lib/python3.12/site-packages/airflow/example_dags/example_display_name.py
[2024-11-30T03:19:17.810+0000] {processor.py:925} INFO - DAG(s) 'example_display_name' retrieved from /home/airflow/.local/lib/python3.12/site-packages/airflow/example_dags/example_display_name.py
[2024-11-30T03:19:17.890+0000] {logging_mixin.py:190} INFO - [2024-11-30T03:19:17.889+0000] {dag.py:3239} INFO - Sync 1 DAGs
[2024-11-30T03:19:17.955+0000] {logging_mixin.py:190} INFO - [2024-11-30T03:19:17.954+0000] {dag.py:4180} INFO - Setting next_dagrun for example_display_name to None, run_after=None
[2024-11-30T03:19:18.024+0000] {processor.py:208} INFO - Processing /home/airflow/.local/lib/python3.12/site-packages/airflow/example_dags/example_display_name.py took 0.272 seconds
[2024-11-30T03:19:50.007+0000] {processor.py:186} INFO - Started process (PID=12698) to work on /home/airflow/.local/lib/python3.12/site-packages/airflow/example_dags/example_display_name.py
[2024-11-30T03:19:50.010+0000] {processor.py:914} INFO - Processing file /home/airflow/.local/lib/python3.12/site-packages/airflow/example_dags/example_display_name.py for tasks to queue
[2024-11-30T03:19:50.016+0000] {logging_mixin.py:190} INFO - [2024-11-30T03:19:50.015+0000] {dagbag.py:588} INFO - Filling up the DagBag from /home/airflow/.local/lib/python3.12/site-packages/airflow/example_dags/example_display_name.py
[2024-11-30T03:19:50.037+0000] {processor.py:925} INFO - DAG(s) 'example_display_name' retrieved from /home/airflow/.local/lib/python3.12/site-packages/airflow/example_dags/example_display_name.py
[2024-11-30T03:19:50.082+0000] {logging_mixin.py:190} INFO - [2024-11-30T03:19:50.082+0000] {dag.py:3239} INFO - Sync 1 DAGs
[2024-11-30T03:19:50.119+0000] {logging_mixin.py:190} INFO - [2024-11-30T03:19:50.119+0000] {dag.py:4180} INFO - Setting next_dagrun for example_display_name to None, run_after=None
[2024-11-30T03:19:50.166+0000] {processor.py:208} INFO - Processing /home/airflow/.local/lib/python3.12/site-packages/airflow/example_dags/example_display_name.py took 0.176 seconds
[2024-11-30T03:21:25.802+0000] {processor.py:186} INFO - Started process (PID=12799) to work on /home/airflow/.local/lib/python3.12/site-packages/airflow/example_dags/example_display_name.py
[2024-11-30T03:21:25.804+0000] {processor.py:914} INFO - Processing file /home/airflow/.local/lib/python3.12/site-packages/airflow/example_dags/example_display_name.py for tasks to queue
[2024-11-30T03:21:25.812+0000] {logging_mixin.py:190} INFO - [2024-11-30T03:21:25.811+0000] {dagbag.py:588} INFO - Filling up the DagBag from /home/airflow/.local/lib/python3.12/site-packages/airflow/example_dags/example_display_name.py
[2024-11-30T03:21:25.830+0000] {processor.py:925} INFO - DAG(s) 'example_display_name' retrieved from /home/airflow/.local/lib/python3.12/site-packages/airflow/example_dags/example_display_name.py
[2024-11-30T03:21:25.868+0000] {logging_mixin.py:190} INFO - [2024-11-30T03:21:25.867+0000] {dag.py:3239} INFO - Sync 1 DAGs
[2024-11-30T03:21:25.897+0000] {logging_mixin.py:190} INFO - [2024-11-30T03:21:25.896+0000] {dag.py:4180} INFO - Setting next_dagrun for example_display_name to None, run_after=None
[2024-11-30T03:21:25.934+0000] {processor.py:208} INFO - Processing /home/airflow/.local/lib/python3.12/site-packages/airflow/example_dags/example_display_name.py took 0.146 seconds
