[2024-11-30T03:16:08.529+0000] {processor.py:186} INFO - Started process (PID=12267) to work on /home/airflow/.local/lib/python3.12/site-packages/airflow/example_dags/example_dataset_alias_with_no_taskflow.py
[2024-11-30T03:16:08.533+0000] {processor.py:914} INFO - Processing file /home/airflow/.local/lib/python3.12/site-packages/airflow/example_dags/example_dataset_alias_with_no_taskflow.py for tasks to queue
[2024-11-30T03:16:08.541+0000] {logging_mixin.py:190} INFO - [2024-11-30T03:16:08.540+0000] {dagbag.py:588} INFO - Filling up the DagBag from /home/airflow/.local/lib/python3.12/site-packages/airflow/example_dags/example_dataset_alias_with_no_taskflow.py
[2024-11-30T03:16:10.117+0000] {processor.py:925} INFO - DAG(s) 'dataset_s3_bucket_producer_with_no_taskflow', 'dataset_s3_bucket_consumer_with_no_taskflow', 'dataset_alias_example_alias_producer_with_no_taskflow', 'dataset_alias_example_alias_consumer_with_no_taskflow' retrieved from /home/airflow/.local/lib/python3.12/site-packages/airflow/example_dags/example_dataset_alias_with_no_taskflow.py
[2024-11-30T03:16:10.215+0000] {logging_mixin.py:190} INFO - [2024-11-30T03:16:10.214+0000] {dag.py:3239} INFO - Sync 4 DAGs
[2024-11-30T03:16:10.297+0000] {logging_mixin.py:190} INFO - [2024-11-30T03:16:10.296+0000] {dag.py:4180} INFO - Setting next_dagrun for dataset_alias_example_alias_consumer_with_no_taskflow to None, run_after=None
[2024-11-30T03:16:10.306+0000] {logging_mixin.py:190} INFO - [2024-11-30T03:16:10.305+0000] {dag.py:4180} INFO - Setting next_dagrun for dataset_alias_example_alias_producer_with_no_taskflow to None, run_after=None
[2024-11-30T03:16:10.318+0000] {logging_mixin.py:190} INFO - [2024-11-30T03:16:10.318+0000] {dag.py:4180} INFO - Setting next_dagrun for dataset_s3_bucket_consumer_with_no_taskflow to None, run_after=None
[2024-11-30T03:16:10.324+0000] {logging_mixin.py:190} INFO - [2024-11-30T03:16:10.323+0000] {dag.py:4180} INFO - Setting next_dagrun for dataset_s3_bucket_producer_with_no_taskflow to None, run_after=None
[2024-11-30T03:16:10.511+0000] {processor.py:208} INFO - Processing /home/airflow/.local/lib/python3.12/site-packages/airflow/example_dags/example_dataset_alias_with_no_taskflow.py took 2.005 seconds
[2024-11-30T03:16:41.600+0000] {processor.py:186} INFO - Started process (PID=12337) to work on /home/airflow/.local/lib/python3.12/site-packages/airflow/example_dags/example_dataset_alias_with_no_taskflow.py
[2024-11-30T03:16:41.604+0000] {processor.py:914} INFO - Processing file /home/airflow/.local/lib/python3.12/site-packages/airflow/example_dags/example_dataset_alias_with_no_taskflow.py for tasks to queue
[2024-11-30T03:16:41.614+0000] {logging_mixin.py:190} INFO - [2024-11-30T03:16:41.612+0000] {dagbag.py:588} INFO - Filling up the DagBag from /home/airflow/.local/lib/python3.12/site-packages/airflow/example_dags/example_dataset_alias_with_no_taskflow.py
[2024-11-30T03:16:43.118+0000] {processor.py:925} INFO - DAG(s) 'dataset_alias_example_alias_consumer_with_no_taskflow', 'dataset_s3_bucket_consumer_with_no_taskflow', 'dataset_alias_example_alias_producer_with_no_taskflow', 'dataset_s3_bucket_producer_with_no_taskflow' retrieved from /home/airflow/.local/lib/python3.12/site-packages/airflow/example_dags/example_dataset_alias_with_no_taskflow.py
[2024-11-30T03:16:43.170+0000] {logging_mixin.py:190} INFO - [2024-11-30T03:16:43.169+0000] {dag.py:3239} INFO - Sync 4 DAGs
[2024-11-30T03:16:43.220+0000] {logging_mixin.py:190} INFO - [2024-11-30T03:16:43.220+0000] {dag.py:4180} INFO - Setting next_dagrun for dataset_alias_example_alias_consumer_with_no_taskflow to None, run_after=None
[2024-11-30T03:16:43.227+0000] {logging_mixin.py:190} INFO - [2024-11-30T03:16:43.227+0000] {dag.py:4180} INFO - Setting next_dagrun for dataset_alias_example_alias_producer_with_no_taskflow to None, run_after=None
[2024-11-30T03:16:43.231+0000] {logging_mixin.py:190} INFO - [2024-11-30T03:16:43.231+0000] {dag.py:4180} INFO - Setting next_dagrun for dataset_s3_bucket_consumer_with_no_taskflow to None, run_after=None
[2024-11-30T03:16:43.235+0000] {logging_mixin.py:190} INFO - [2024-11-30T03:16:43.235+0000] {dag.py:4180} INFO - Setting next_dagrun for dataset_s3_bucket_producer_with_no_taskflow to None, run_after=None
[2024-11-30T03:16:43.286+0000] {processor.py:208} INFO - Processing /home/airflow/.local/lib/python3.12/site-packages/airflow/example_dags/example_dataset_alias_with_no_taskflow.py took 1.708 seconds
[2024-11-30T03:17:14.348+0000] {processor.py:186} INFO - Started process (PID=12400) to work on /home/airflow/.local/lib/python3.12/site-packages/airflow/example_dags/example_dataset_alias_with_no_taskflow.py
[2024-11-30T03:17:14.350+0000] {processor.py:914} INFO - Processing file /home/airflow/.local/lib/python3.12/site-packages/airflow/example_dags/example_dataset_alias_with_no_taskflow.py for tasks to queue
[2024-11-30T03:17:14.354+0000] {logging_mixin.py:190} INFO - [2024-11-30T03:17:14.353+0000] {dagbag.py:588} INFO - Filling up the DagBag from /home/airflow/.local/lib/python3.12/site-packages/airflow/example_dags/example_dataset_alias_with_no_taskflow.py
[2024-11-30T03:17:15.639+0000] {processor.py:925} INFO - DAG(s) 'dataset_alias_example_alias_consumer_with_no_taskflow', 'dataset_s3_bucket_consumer_with_no_taskflow', 'dataset_alias_example_alias_producer_with_no_taskflow', 'dataset_s3_bucket_producer_with_no_taskflow' retrieved from /home/airflow/.local/lib/python3.12/site-packages/airflow/example_dags/example_dataset_alias_with_no_taskflow.py
[2024-11-30T03:17:15.672+0000] {logging_mixin.py:190} INFO - [2024-11-30T03:17:15.672+0000] {dag.py:3239} INFO - Sync 4 DAGs
[2024-11-30T03:17:15.707+0000] {logging_mixin.py:190} INFO - [2024-11-30T03:17:15.706+0000] {dag.py:4180} INFO - Setting next_dagrun for dataset_alias_example_alias_consumer_with_no_taskflow to None, run_after=None
[2024-11-30T03:17:15.712+0000] {logging_mixin.py:190} INFO - [2024-11-30T03:17:15.712+0000] {dag.py:4180} INFO - Setting next_dagrun for dataset_alias_example_alias_producer_with_no_taskflow to None, run_after=None
[2024-11-30T03:17:15.715+0000] {logging_mixin.py:190} INFO - [2024-11-30T03:17:15.714+0000] {dag.py:4180} INFO - Setting next_dagrun for dataset_s3_bucket_consumer_with_no_taskflow to None, run_after=None
[2024-11-30T03:17:15.717+0000] {logging_mixin.py:190} INFO - [2024-11-30T03:17:15.717+0000] {dag.py:4180} INFO - Setting next_dagrun for dataset_s3_bucket_producer_with_no_taskflow to None, run_after=None
[2024-11-30T03:17:15.756+0000] {processor.py:208} INFO - Processing /home/airflow/.local/lib/python3.12/site-packages/airflow/example_dags/example_dataset_alias_with_no_taskflow.py took 1.416 seconds
[2024-11-30T03:17:45.975+0000] {processor.py:186} INFO - Started process (PID=12463) to work on /home/airflow/.local/lib/python3.12/site-packages/airflow/example_dags/example_dataset_alias_with_no_taskflow.py
[2024-11-30T03:17:45.978+0000] {processor.py:914} INFO - Processing file /home/airflow/.local/lib/python3.12/site-packages/airflow/example_dags/example_dataset_alias_with_no_taskflow.py for tasks to queue
[2024-11-30T03:17:45.986+0000] {logging_mixin.py:190} INFO - [2024-11-30T03:17:45.985+0000] {dagbag.py:588} INFO - Filling up the DagBag from /home/airflow/.local/lib/python3.12/site-packages/airflow/example_dags/example_dataset_alias_with_no_taskflow.py
[2024-11-30T03:17:47.144+0000] {processor.py:925} INFO - DAG(s) 'dataset_alias_example_alias_producer_with_no_taskflow', 'dataset_alias_example_alias_consumer_with_no_taskflow', 'dataset_s3_bucket_producer_with_no_taskflow', 'dataset_s3_bucket_consumer_with_no_taskflow' retrieved from /home/airflow/.local/lib/python3.12/site-packages/airflow/example_dags/example_dataset_alias_with_no_taskflow.py
[2024-11-30T03:17:47.180+0000] {logging_mixin.py:190} INFO - [2024-11-30T03:17:47.179+0000] {dag.py:3239} INFO - Sync 4 DAGs
[2024-11-30T03:17:47.214+0000] {logging_mixin.py:190} INFO - [2024-11-30T03:17:47.213+0000] {dag.py:4180} INFO - Setting next_dagrun for dataset_alias_example_alias_consumer_with_no_taskflow to None, run_after=None
[2024-11-30T03:17:47.218+0000] {logging_mixin.py:190} INFO - [2024-11-30T03:17:47.218+0000] {dag.py:4180} INFO - Setting next_dagrun for dataset_alias_example_alias_producer_with_no_taskflow to None, run_after=None
[2024-11-30T03:17:47.221+0000] {logging_mixin.py:190} INFO - [2024-11-30T03:17:47.221+0000] {dag.py:4180} INFO - Setting next_dagrun for dataset_s3_bucket_consumer_with_no_taskflow to None, run_after=None
[2024-11-30T03:17:47.223+0000] {logging_mixin.py:190} INFO - [2024-11-30T03:17:47.223+0000] {dag.py:4180} INFO - Setting next_dagrun for dataset_s3_bucket_producer_with_no_taskflow to None, run_after=None
[2024-11-30T03:17:47.260+0000] {processor.py:208} INFO - Processing /home/airflow/.local/lib/python3.12/site-packages/airflow/example_dags/example_dataset_alias_with_no_taskflow.py took 1.305 seconds
[2024-11-30T03:18:17.857+0000] {processor.py:186} INFO - Started process (PID=12526) to work on /home/airflow/.local/lib/python3.12/site-packages/airflow/example_dags/example_dataset_alias_with_no_taskflow.py
[2024-11-30T03:18:17.861+0000] {processor.py:914} INFO - Processing file /home/airflow/.local/lib/python3.12/site-packages/airflow/example_dags/example_dataset_alias_with_no_taskflow.py for tasks to queue
[2024-11-30T03:18:17.870+0000] {logging_mixin.py:190} INFO - [2024-11-30T03:18:17.869+0000] {dagbag.py:588} INFO - Filling up the DagBag from /home/airflow/.local/lib/python3.12/site-packages/airflow/example_dags/example_dataset_alias_with_no_taskflow.py
[2024-11-30T03:18:19.189+0000] {processor.py:925} INFO - DAG(s) 'dataset_alias_example_alias_consumer_with_no_taskflow', 'dataset_s3_bucket_producer_with_no_taskflow', 'dataset_alias_example_alias_producer_with_no_taskflow', 'dataset_s3_bucket_consumer_with_no_taskflow' retrieved from /home/airflow/.local/lib/python3.12/site-packages/airflow/example_dags/example_dataset_alias_with_no_taskflow.py
[2024-11-30T03:18:19.246+0000] {logging_mixin.py:190} INFO - [2024-11-30T03:18:19.244+0000] {dag.py:3239} INFO - Sync 4 DAGs
[2024-11-30T03:18:19.301+0000] {logging_mixin.py:190} INFO - [2024-11-30T03:18:19.300+0000] {dag.py:4180} INFO - Setting next_dagrun for dataset_alias_example_alias_consumer_with_no_taskflow to None, run_after=None
[2024-11-30T03:18:19.309+0000] {logging_mixin.py:190} INFO - [2024-11-30T03:18:19.308+0000] {dag.py:4180} INFO - Setting next_dagrun for dataset_alias_example_alias_producer_with_no_taskflow to None, run_after=None
[2024-11-30T03:18:19.313+0000] {logging_mixin.py:190} INFO - [2024-11-30T03:18:19.312+0000] {dag.py:4180} INFO - Setting next_dagrun for dataset_s3_bucket_consumer_with_no_taskflow to None, run_after=None
[2024-11-30T03:18:19.317+0000] {logging_mixin.py:190} INFO - [2024-11-30T03:18:19.316+0000] {dag.py:4180} INFO - Setting next_dagrun for dataset_s3_bucket_producer_with_no_taskflow to None, run_after=None
[2024-11-30T03:18:19.378+0000] {processor.py:208} INFO - Processing /home/airflow/.local/lib/python3.12/site-packages/airflow/example_dags/example_dataset_alias_with_no_taskflow.py took 1.543 seconds
[2024-11-30T03:18:50.405+0000] {processor.py:186} INFO - Started process (PID=12589) to work on /home/airflow/.local/lib/python3.12/site-packages/airflow/example_dags/example_dataset_alias_with_no_taskflow.py
[2024-11-30T03:18:50.408+0000] {processor.py:914} INFO - Processing file /home/airflow/.local/lib/python3.12/site-packages/airflow/example_dags/example_dataset_alias_with_no_taskflow.py for tasks to queue
[2024-11-30T03:18:50.417+0000] {logging_mixin.py:190} INFO - [2024-11-30T03:18:50.416+0000] {dagbag.py:588} INFO - Filling up the DagBag from /home/airflow/.local/lib/python3.12/site-packages/airflow/example_dags/example_dataset_alias_with_no_taskflow.py
[2024-11-30T03:18:51.733+0000] {processor.py:925} INFO - DAG(s) 'dataset_s3_bucket_consumer_with_no_taskflow', 'dataset_alias_example_alias_producer_with_no_taskflow', 'dataset_s3_bucket_producer_with_no_taskflow', 'dataset_alias_example_alias_consumer_with_no_taskflow' retrieved from /home/airflow/.local/lib/python3.12/site-packages/airflow/example_dags/example_dataset_alias_with_no_taskflow.py
[2024-11-30T03:18:51.772+0000] {logging_mixin.py:190} INFO - [2024-11-30T03:18:51.771+0000] {dag.py:3239} INFO - Sync 4 DAGs
[2024-11-30T03:18:51.812+0000] {logging_mixin.py:190} INFO - [2024-11-30T03:18:51.811+0000] {dag.py:4180} INFO - Setting next_dagrun for dataset_alias_example_alias_consumer_with_no_taskflow to None, run_after=None
[2024-11-30T03:18:51.818+0000] {logging_mixin.py:190} INFO - [2024-11-30T03:18:51.818+0000] {dag.py:4180} INFO - Setting next_dagrun for dataset_alias_example_alias_producer_with_no_taskflow to None, run_after=None
[2024-11-30T03:18:51.822+0000] {logging_mixin.py:190} INFO - [2024-11-30T03:18:51.821+0000] {dag.py:4180} INFO - Setting next_dagrun for dataset_s3_bucket_consumer_with_no_taskflow to None, run_after=None
[2024-11-30T03:18:51.825+0000] {logging_mixin.py:190} INFO - [2024-11-30T03:18:51.825+0000] {dag.py:4180} INFO - Setting next_dagrun for dataset_s3_bucket_producer_with_no_taskflow to None, run_after=None
[2024-11-30T03:18:51.869+0000] {processor.py:208} INFO - Processing /home/airflow/.local/lib/python3.12/site-packages/airflow/example_dags/example_dataset_alias_with_no_taskflow.py took 1.483 seconds
[2024-11-30T03:19:22.229+0000] {processor.py:186} INFO - Started process (PID=12652) to work on /home/airflow/.local/lib/python3.12/site-packages/airflow/example_dags/example_dataset_alias_with_no_taskflow.py
[2024-11-30T03:19:22.231+0000] {processor.py:914} INFO - Processing file /home/airflow/.local/lib/python3.12/site-packages/airflow/example_dags/example_dataset_alias_with_no_taskflow.py for tasks to queue
[2024-11-30T03:19:22.235+0000] {logging_mixin.py:190} INFO - [2024-11-30T03:19:22.235+0000] {dagbag.py:588} INFO - Filling up the DagBag from /home/airflow/.local/lib/python3.12/site-packages/airflow/example_dags/example_dataset_alias_with_no_taskflow.py
[2024-11-30T03:19:23.653+0000] {processor.py:925} INFO - DAG(s) 'dataset_s3_bucket_consumer_with_no_taskflow', 'dataset_alias_example_alias_consumer_with_no_taskflow', 'dataset_alias_example_alias_producer_with_no_taskflow', 'dataset_s3_bucket_producer_with_no_taskflow' retrieved from /home/airflow/.local/lib/python3.12/site-packages/airflow/example_dags/example_dataset_alias_with_no_taskflow.py
[2024-11-30T03:19:23.688+0000] {logging_mixin.py:190} INFO - [2024-11-30T03:19:23.687+0000] {dag.py:3239} INFO - Sync 4 DAGs
[2024-11-30T03:19:23.715+0000] {logging_mixin.py:190} INFO - [2024-11-30T03:19:23.715+0000] {dag.py:4180} INFO - Setting next_dagrun for dataset_alias_example_alias_consumer_with_no_taskflow to None, run_after=None
[2024-11-30T03:19:23.719+0000] {logging_mixin.py:190} INFO - [2024-11-30T03:19:23.719+0000] {dag.py:4180} INFO - Setting next_dagrun for dataset_alias_example_alias_producer_with_no_taskflow to None, run_after=None
[2024-11-30T03:19:23.721+0000] {logging_mixin.py:190} INFO - [2024-11-30T03:19:23.721+0000] {dag.py:4180} INFO - Setting next_dagrun for dataset_s3_bucket_consumer_with_no_taskflow to None, run_after=None
[2024-11-30T03:19:23.724+0000] {logging_mixin.py:190} INFO - [2024-11-30T03:19:23.724+0000] {dag.py:4180} INFO - Setting next_dagrun for dataset_s3_bucket_producer_with_no_taskflow to None, run_after=None
[2024-11-30T03:19:23.759+0000] {processor.py:208} INFO - Processing /home/airflow/.local/lib/python3.12/site-packages/airflow/example_dags/example_dataset_alias_with_no_taskflow.py took 1.539 seconds
[2024-11-30T03:19:54.165+0000] {processor.py:186} INFO - Started process (PID=12715) to work on /home/airflow/.local/lib/python3.12/site-packages/airflow/example_dags/example_dataset_alias_with_no_taskflow.py
[2024-11-30T03:19:54.168+0000] {processor.py:914} INFO - Processing file /home/airflow/.local/lib/python3.12/site-packages/airflow/example_dags/example_dataset_alias_with_no_taskflow.py for tasks to queue
[2024-11-30T03:19:54.176+0000] {logging_mixin.py:190} INFO - [2024-11-30T03:19:54.175+0000] {dagbag.py:588} INFO - Filling up the DagBag from /home/airflow/.local/lib/python3.12/site-packages/airflow/example_dags/example_dataset_alias_with_no_taskflow.py
[2024-11-30T03:19:55.482+0000] {processor.py:925} INFO - DAG(s) 'dataset_s3_bucket_consumer_with_no_taskflow', 'dataset_alias_example_alias_producer_with_no_taskflow', 'dataset_s3_bucket_producer_with_no_taskflow', 'dataset_alias_example_alias_consumer_with_no_taskflow' retrieved from /home/airflow/.local/lib/python3.12/site-packages/airflow/example_dags/example_dataset_alias_with_no_taskflow.py
[2024-11-30T03:19:55.532+0000] {logging_mixin.py:190} INFO - [2024-11-30T03:19:55.531+0000] {dag.py:3239} INFO - Sync 4 DAGs
[2024-11-30T03:19:55.573+0000] {logging_mixin.py:190} INFO - [2024-11-30T03:19:55.572+0000] {dag.py:4180} INFO - Setting next_dagrun for dataset_alias_example_alias_consumer_with_no_taskflow to None, run_after=None
[2024-11-30T03:19:55.577+0000] {logging_mixin.py:190} INFO - [2024-11-30T03:19:55.577+0000] {dag.py:4180} INFO - Setting next_dagrun for dataset_alias_example_alias_producer_with_no_taskflow to None, run_after=None
[2024-11-30T03:19:55.580+0000] {logging_mixin.py:190} INFO - [2024-11-30T03:19:55.579+0000] {dag.py:4180} INFO - Setting next_dagrun for dataset_s3_bucket_consumer_with_no_taskflow to None, run_after=None
[2024-11-30T03:19:55.582+0000] {logging_mixin.py:190} INFO - [2024-11-30T03:19:55.582+0000] {dag.py:4180} INFO - Setting next_dagrun for dataset_s3_bucket_producer_with_no_taskflow to None, run_after=None
[2024-11-30T03:19:55.618+0000] {processor.py:208} INFO - Processing /home/airflow/.local/lib/python3.12/site-packages/airflow/example_dags/example_dataset_alias_with_no_taskflow.py took 1.475 seconds
[2024-11-30T03:21:27.323+0000] {processor.py:186} INFO - Started process (PID=12808) to work on /home/airflow/.local/lib/python3.12/site-packages/airflow/example_dags/example_dataset_alias_with_no_taskflow.py
[2024-11-30T03:21:27.326+0000] {processor.py:914} INFO - Processing file /home/airflow/.local/lib/python3.12/site-packages/airflow/example_dags/example_dataset_alias_with_no_taskflow.py for tasks to queue
[2024-11-30T03:21:27.330+0000] {logging_mixin.py:190} INFO - [2024-11-30T03:21:27.330+0000] {dagbag.py:588} INFO - Filling up the DagBag from /home/airflow/.local/lib/python3.12/site-packages/airflow/example_dags/example_dataset_alias_with_no_taskflow.py
[2024-11-30T03:21:28.766+0000] {processor.py:925} INFO - DAG(s) 'dataset_alias_example_alias_producer_with_no_taskflow', 'dataset_alias_example_alias_consumer_with_no_taskflow', 'dataset_s3_bucket_producer_with_no_taskflow', 'dataset_s3_bucket_consumer_with_no_taskflow' retrieved from /home/airflow/.local/lib/python3.12/site-packages/airflow/example_dags/example_dataset_alias_with_no_taskflow.py
[2024-11-30T03:21:28.825+0000] {logging_mixin.py:190} INFO - [2024-11-30T03:21:28.824+0000] {dag.py:3239} INFO - Sync 4 DAGs
[2024-11-30T03:21:28.876+0000] {logging_mixin.py:190} INFO - [2024-11-30T03:21:28.876+0000] {dag.py:4180} INFO - Setting next_dagrun for dataset_alias_example_alias_consumer_with_no_taskflow to None, run_after=None
[2024-11-30T03:21:28.884+0000] {logging_mixin.py:190} INFO - [2024-11-30T03:21:28.883+0000] {dag.py:4180} INFO - Setting next_dagrun for dataset_alias_example_alias_producer_with_no_taskflow to None, run_after=None
[2024-11-30T03:21:28.888+0000] {logging_mixin.py:190} INFO - [2024-11-30T03:21:28.888+0000] {dag.py:4180} INFO - Setting next_dagrun for dataset_s3_bucket_consumer_with_no_taskflow to None, run_after=None
[2024-11-30T03:21:28.892+0000] {logging_mixin.py:190} INFO - [2024-11-30T03:21:28.892+0000] {dag.py:4180} INFO - Setting next_dagrun for dataset_s3_bucket_producer_with_no_taskflow to None, run_after=None
[2024-11-30T03:21:28.948+0000] {processor.py:208} INFO - Processing /home/airflow/.local/lib/python3.12/site-packages/airflow/example_dags/example_dataset_alias_with_no_taskflow.py took 1.636 seconds
