[2024-11-30T03:16:06.294+0000] {processor.py:186} INFO - Started process (PID=12256) to work on /home/airflow/.local/lib/python3.12/site-packages/airflow/example_dags/example_sla_dag.py
[2024-11-30T03:16:06.299+0000] {processor.py:914} INFO - Processing file /home/airflow/.local/lib/python3.12/site-packages/airflow/example_dags/example_sla_dag.py for tasks to queue
[2024-11-30T03:16:06.309+0000] {logging_mixin.py:190} INFO - [2024-11-30T03:16:06.308+0000] {dagbag.py:588} INFO - Filling up the DagBag from /home/airflow/.local/lib/python3.12/site-packages/airflow/example_dags/example_sla_dag.py
[2024-11-30T03:16:06.346+0000] {processor.py:925} INFO - DAG(s) 'example_sla_dag' retrieved from /home/airflow/.local/lib/python3.12/site-packages/airflow/example_dags/example_sla_dag.py
[2024-11-30T03:16:06.415+0000] {logging_mixin.py:190} INFO - [2024-11-30T03:16:06.414+0000] {dag.py:3239} INFO - Sync 1 DAGs
[2024-11-30T03:16:06.504+0000] {logging_mixin.py:190} INFO - [2024-11-30T03:16:06.503+0000] {dag.py:4180} INFO - Setting next_dagrun for example_sla_dag to 2024-11-30 03:14:00+00:00, run_after=2024-11-30 03:16:00+00:00
[2024-11-30T03:16:06.557+0000] {processor.py:208} INFO - Processing /home/airflow/.local/lib/python3.12/site-packages/airflow/example_dags/example_sla_dag.py took 0.284 seconds
[2024-11-30T03:16:37.087+0000] {processor.py:186} INFO - Started process (PID=12319) to work on /home/airflow/.local/lib/python3.12/site-packages/airflow/example_dags/example_sla_dag.py
[2024-11-30T03:16:37.088+0000] {processor.py:914} INFO - Processing file /home/airflow/.local/lib/python3.12/site-packages/airflow/example_dags/example_sla_dag.py for tasks to queue
[2024-11-30T03:16:37.092+0000] {logging_mixin.py:190} INFO - [2024-11-30T03:16:37.092+0000] {dagbag.py:588} INFO - Filling up the DagBag from /home/airflow/.local/lib/python3.12/site-packages/airflow/example_dags/example_sla_dag.py
[2024-11-30T03:16:37.109+0000] {processor.py:925} INFO - DAG(s) 'example_sla_dag' retrieved from /home/airflow/.local/lib/python3.12/site-packages/airflow/example_dags/example_sla_dag.py
[2024-11-30T03:16:37.142+0000] {logging_mixin.py:190} INFO - [2024-11-30T03:16:37.142+0000] {dag.py:3239} INFO - Sync 1 DAGs
[2024-11-30T03:16:37.192+0000] {logging_mixin.py:190} INFO - [2024-11-30T03:16:37.192+0000] {dag.py:4180} INFO - Setting next_dagrun for example_sla_dag to 2024-11-30 03:14:00+00:00, run_after=2024-11-30 03:16:00+00:00
[2024-11-30T03:16:37.223+0000] {processor.py:208} INFO - Processing /home/airflow/.local/lib/python3.12/site-packages/airflow/example_dags/example_sla_dag.py took 0.147 seconds
[2024-11-30T03:17:08.877+0000] {processor.py:186} INFO - Started process (PID=12382) to work on /home/airflow/.local/lib/python3.12/site-packages/airflow/example_dags/example_sla_dag.py
[2024-11-30T03:17:08.881+0000] {processor.py:914} INFO - Processing file /home/airflow/.local/lib/python3.12/site-packages/airflow/example_dags/example_sla_dag.py for tasks to queue
[2024-11-30T03:17:08.894+0000] {logging_mixin.py:190} INFO - [2024-11-30T03:17:08.892+0000] {dagbag.py:588} INFO - Filling up the DagBag from /home/airflow/.local/lib/python3.12/site-packages/airflow/example_dags/example_sla_dag.py
[2024-11-30T03:17:08.941+0000] {processor.py:925} INFO - DAG(s) 'example_sla_dag' retrieved from /home/airflow/.local/lib/python3.12/site-packages/airflow/example_dags/example_sla_dag.py
[2024-11-30T03:17:09.014+0000] {logging_mixin.py:190} INFO - [2024-11-30T03:17:09.013+0000] {dag.py:3239} INFO - Sync 1 DAGs
[2024-11-30T03:17:09.118+0000] {logging_mixin.py:190} INFO - [2024-11-30T03:17:09.117+0000] {dag.py:4180} INFO - Setting next_dagrun for example_sla_dag to 2024-11-30 03:14:00+00:00, run_after=2024-11-30 03:16:00+00:00
[2024-11-30T03:17:09.177+0000] {processor.py:208} INFO - Processing /home/airflow/.local/lib/python3.12/site-packages/airflow/example_dags/example_sla_dag.py took 0.328 seconds
[2024-11-30T03:17:39.513+0000] {processor.py:186} INFO - Started process (PID=12444) to work on /home/airflow/.local/lib/python3.12/site-packages/airflow/example_dags/example_sla_dag.py
[2024-11-30T03:17:39.514+0000] {processor.py:914} INFO - Processing file /home/airflow/.local/lib/python3.12/site-packages/airflow/example_dags/example_sla_dag.py for tasks to queue
[2024-11-30T03:17:39.518+0000] {logging_mixin.py:190} INFO - [2024-11-30T03:17:39.518+0000] {dagbag.py:588} INFO - Filling up the DagBag from /home/airflow/.local/lib/python3.12/site-packages/airflow/example_dags/example_sla_dag.py
[2024-11-30T03:17:39.534+0000] {processor.py:925} INFO - DAG(s) 'example_sla_dag' retrieved from /home/airflow/.local/lib/python3.12/site-packages/airflow/example_dags/example_sla_dag.py
[2024-11-30T03:17:39.563+0000] {logging_mixin.py:190} INFO - [2024-11-30T03:17:39.563+0000] {dag.py:3239} INFO - Sync 1 DAGs
[2024-11-30T03:17:39.606+0000] {logging_mixin.py:190} INFO - [2024-11-30T03:17:39.606+0000] {dag.py:4180} INFO - Setting next_dagrun for example_sla_dag to 2024-11-30 03:14:00+00:00, run_after=2024-11-30 03:16:00+00:00
[2024-11-30T03:17:39.643+0000] {processor.py:208} INFO - Processing /home/airflow/.local/lib/python3.12/site-packages/airflow/example_dags/example_sla_dag.py took 0.140 seconds
[2024-11-30T03:18:10.128+0000] {processor.py:186} INFO - Started process (PID=12507) to work on /home/airflow/.local/lib/python3.12/site-packages/airflow/example_dags/example_sla_dag.py
[2024-11-30T03:18:10.130+0000] {processor.py:914} INFO - Processing file /home/airflow/.local/lib/python3.12/site-packages/airflow/example_dags/example_sla_dag.py for tasks to queue
[2024-11-30T03:18:10.135+0000] {logging_mixin.py:190} INFO - [2024-11-30T03:18:10.134+0000] {dagbag.py:588} INFO - Filling up the DagBag from /home/airflow/.local/lib/python3.12/site-packages/airflow/example_dags/example_sla_dag.py
[2024-11-30T03:18:10.152+0000] {processor.py:925} INFO - DAG(s) 'example_sla_dag' retrieved from /home/airflow/.local/lib/python3.12/site-packages/airflow/example_dags/example_sla_dag.py
[2024-11-30T03:18:10.182+0000] {logging_mixin.py:190} INFO - [2024-11-30T03:18:10.182+0000] {dag.py:3239} INFO - Sync 1 DAGs
[2024-11-30T03:18:10.226+0000] {logging_mixin.py:190} INFO - [2024-11-30T03:18:10.226+0000] {dag.py:4180} INFO - Setting next_dagrun for example_sla_dag to 2024-11-30 03:16:00+00:00, run_after=2024-11-30 03:18:00+00:00
[2024-11-30T03:18:10.264+0000] {processor.py:208} INFO - Processing /home/airflow/.local/lib/python3.12/site-packages/airflow/example_dags/example_sla_dag.py took 0.148 seconds
[2024-11-30T03:18:46.133+0000] {processor.py:186} INFO - Started process (PID=12570) to work on /home/airflow/.local/lib/python3.12/site-packages/airflow/example_dags/example_sla_dag.py
[2024-11-30T03:18:46.135+0000] {processor.py:914} INFO - Processing file /home/airflow/.local/lib/python3.12/site-packages/airflow/example_dags/example_sla_dag.py for tasks to queue
[2024-11-30T03:18:46.141+0000] {logging_mixin.py:190} INFO - [2024-11-30T03:18:46.140+0000] {dagbag.py:588} INFO - Filling up the DagBag from /home/airflow/.local/lib/python3.12/site-packages/airflow/example_dags/example_sla_dag.py
[2024-11-30T03:18:46.167+0000] {processor.py:925} INFO - DAG(s) 'example_sla_dag' retrieved from /home/airflow/.local/lib/python3.12/site-packages/airflow/example_dags/example_sla_dag.py
[2024-11-30T03:18:46.206+0000] {logging_mixin.py:190} INFO - [2024-11-30T03:18:46.205+0000] {dag.py:3239} INFO - Sync 1 DAGs
[2024-11-30T03:18:46.274+0000] {logging_mixin.py:190} INFO - [2024-11-30T03:18:46.273+0000] {dag.py:4180} INFO - Setting next_dagrun for example_sla_dag to 2024-11-30 03:16:00+00:00, run_after=2024-11-30 03:18:00+00:00
[2024-11-30T03:18:46.312+0000] {processor.py:208} INFO - Processing /home/airflow/.local/lib/python3.12/site-packages/airflow/example_dags/example_sla_dag.py took 0.193 seconds
[2024-11-30T03:19:17.487+0000] {processor.py:186} INFO - Started process (PID=12633) to work on /home/airflow/.local/lib/python3.12/site-packages/airflow/example_dags/example_sla_dag.py
[2024-11-30T03:19:17.490+0000] {processor.py:914} INFO - Processing file /home/airflow/.local/lib/python3.12/site-packages/airflow/example_dags/example_sla_dag.py for tasks to queue
[2024-11-30T03:19:17.498+0000] {logging_mixin.py:190} INFO - [2024-11-30T03:19:17.497+0000] {dagbag.py:588} INFO - Filling up the DagBag from /home/airflow/.local/lib/python3.12/site-packages/airflow/example_dags/example_sla_dag.py
[2024-11-30T03:19:17.537+0000] {processor.py:925} INFO - DAG(s) 'example_sla_dag' retrieved from /home/airflow/.local/lib/python3.12/site-packages/airflow/example_dags/example_sla_dag.py
[2024-11-30T03:19:17.591+0000] {logging_mixin.py:190} INFO - [2024-11-30T03:19:17.590+0000] {dag.py:3239} INFO - Sync 1 DAGs
[2024-11-30T03:19:17.659+0000] {logging_mixin.py:190} INFO - [2024-11-30T03:19:17.659+0000] {dag.py:4180} INFO - Setting next_dagrun for example_sla_dag to 2024-11-30 03:16:00+00:00, run_after=2024-11-30 03:18:00+00:00
[2024-11-30T03:19:17.693+0000] {processor.py:208} INFO - Processing /home/airflow/.local/lib/python3.12/site-packages/airflow/example_dags/example_sla_dag.py took 0.221 seconds
[2024-11-30T03:19:49.764+0000] {processor.py:186} INFO - Started process (PID=12696) to work on /home/airflow/.local/lib/python3.12/site-packages/airflow/example_dags/example_sla_dag.py
[2024-11-30T03:19:49.767+0000] {processor.py:914} INFO - Processing file /home/airflow/.local/lib/python3.12/site-packages/airflow/example_dags/example_sla_dag.py for tasks to queue
[2024-11-30T03:19:49.775+0000] {logging_mixin.py:190} INFO - [2024-11-30T03:19:49.774+0000] {dagbag.py:588} INFO - Filling up the DagBag from /home/airflow/.local/lib/python3.12/site-packages/airflow/example_dags/example_sla_dag.py
[2024-11-30T03:19:49.810+0000] {processor.py:925} INFO - DAG(s) 'example_sla_dag' retrieved from /home/airflow/.local/lib/python3.12/site-packages/airflow/example_dags/example_sla_dag.py
[2024-11-30T03:19:49.845+0000] {logging_mixin.py:190} INFO - [2024-11-30T03:19:49.845+0000] {dag.py:3239} INFO - Sync 1 DAGs
[2024-11-30T03:19:49.885+0000] {logging_mixin.py:190} INFO - [2024-11-30T03:19:49.884+0000] {dag.py:4180} INFO - Setting next_dagrun for example_sla_dag to 2024-11-30 03:16:00+00:00, run_after=2024-11-30 03:18:00+00:00
[2024-11-30T03:19:49.919+0000] {processor.py:208} INFO - Processing /home/airflow/.local/lib/python3.12/site-packages/airflow/example_dags/example_sla_dag.py took 0.176 seconds
[2024-11-30T03:21:25.200+0000] {processor.py:186} INFO - Started process (PID=12797) to work on /home/airflow/.local/lib/python3.12/site-packages/airflow/example_dags/example_sla_dag.py
[2024-11-30T03:21:25.202+0000] {processor.py:914} INFO - Processing file /home/airflow/.local/lib/python3.12/site-packages/airflow/example_dags/example_sla_dag.py for tasks to queue
[2024-11-30T03:21:25.207+0000] {logging_mixin.py:190} INFO - [2024-11-30T03:21:25.206+0000] {dagbag.py:588} INFO - Filling up the DagBag from /home/airflow/.local/lib/python3.12/site-packages/airflow/example_dags/example_sla_dag.py
[2024-11-30T03:21:25.229+0000] {processor.py:925} INFO - DAG(s) 'example_sla_dag' retrieved from /home/airflow/.local/lib/python3.12/site-packages/airflow/example_dags/example_sla_dag.py
[2024-11-30T03:21:25.266+0000] {logging_mixin.py:190} INFO - [2024-11-30T03:21:25.266+0000] {dag.py:3239} INFO - Sync 1 DAGs
[2024-11-30T03:21:25.313+0000] {logging_mixin.py:190} INFO - [2024-11-30T03:21:25.312+0000] {dag.py:4180} INFO - Setting next_dagrun for example_sla_dag to 2024-11-30 03:18:00+00:00, run_after=2024-11-30 03:20:00+00:00
[2024-11-30T03:21:25.349+0000] {processor.py:208} INFO - Processing /home/airflow/.local/lib/python3.12/site-packages/airflow/example_dags/example_sla_dag.py took 0.161 seconds
