[2024-11-30T03:16:00.767+0000] {processor.py:186} INFO - Started process (PID=12231) to work on /home/airflow/.local/lib/python3.12/site-packages/airflow/example_dags/example_params_ui_tutorial.py
[2024-11-30T03:16:00.770+0000] {processor.py:914} INFO - Processing file /home/airflow/.local/lib/python3.12/site-packages/airflow/example_dags/example_params_ui_tutorial.py for tasks to queue
[2024-11-30T03:16:00.776+0000] {logging_mixin.py:190} INFO - [2024-11-30T03:16:00.776+0000] {dagbag.py:588} INFO - Filling up the DagBag from /home/airflow/.local/lib/python3.12/site-packages/airflow/example_dags/example_params_ui_tutorial.py
[2024-11-30T03:16:00.806+0000] {processor.py:925} INFO - DAG(s) 'example_params_ui_tutorial' retrieved from /home/airflow/.local/lib/python3.12/site-packages/airflow/example_dags/example_params_ui_tutorial.py
[2024-11-30T03:16:01.163+0000] {logging_mixin.py:190} INFO - [2024-11-30T03:16:01.163+0000] {dag.py:3239} INFO - Sync 1 DAGs
[2024-11-30T03:16:01.184+0000] {logging_mixin.py:190} INFO - [2024-11-30T03:16:01.184+0000] {dag.py:4180} INFO - Setting next_dagrun for example_params_ui_tutorial to None, run_after=None
[2024-11-30T03:16:01.232+0000] {processor.py:208} INFO - Processing /home/airflow/.local/lib/python3.12/site-packages/airflow/example_dags/example_params_ui_tutorial.py took 0.477 seconds
[2024-11-30T03:16:32.048+0000] {processor.py:186} INFO - Started process (PID=12295) to work on /home/airflow/.local/lib/python3.12/site-packages/airflow/example_dags/example_params_ui_tutorial.py
[2024-11-30T03:16:32.053+0000] {processor.py:914} INFO - Processing file /home/airflow/.local/lib/python3.12/site-packages/airflow/example_dags/example_params_ui_tutorial.py for tasks to queue
[2024-11-30T03:16:32.060+0000] {logging_mixin.py:190} INFO - [2024-11-30T03:16:32.059+0000] {dagbag.py:588} INFO - Filling up the DagBag from /home/airflow/.local/lib/python3.12/site-packages/airflow/example_dags/example_params_ui_tutorial.py
[2024-11-30T03:16:32.086+0000] {processor.py:925} INFO - DAG(s) 'example_params_ui_tutorial' retrieved from /home/airflow/.local/lib/python3.12/site-packages/airflow/example_dags/example_params_ui_tutorial.py
[2024-11-30T03:16:32.187+0000] {logging_mixin.py:190} INFO - [2024-11-30T03:16:32.186+0000] {dag.py:3239} INFO - Sync 1 DAGs
[2024-11-30T03:16:32.217+0000] {logging_mixin.py:190} INFO - [2024-11-30T03:16:32.216+0000] {dag.py:4180} INFO - Setting next_dagrun for example_params_ui_tutorial to None, run_after=None
[2024-11-30T03:16:32.257+0000] {processor.py:208} INFO - Processing /home/airflow/.local/lib/python3.12/site-packages/airflow/example_dags/example_params_ui_tutorial.py took 0.238 seconds
[2024-11-30T03:17:03.167+0000] {processor.py:186} INFO - Started process (PID=12357) to work on /home/airflow/.local/lib/python3.12/site-packages/airflow/example_dags/example_params_ui_tutorial.py
[2024-11-30T03:17:03.171+0000] {processor.py:914} INFO - Processing file /home/airflow/.local/lib/python3.12/site-packages/airflow/example_dags/example_params_ui_tutorial.py for tasks to queue
[2024-11-30T03:17:03.182+0000] {logging_mixin.py:190} INFO - [2024-11-30T03:17:03.180+0000] {dagbag.py:588} INFO - Filling up the DagBag from /home/airflow/.local/lib/python3.12/site-packages/airflow/example_dags/example_params_ui_tutorial.py
[2024-11-30T03:17:03.223+0000] {processor.py:925} INFO - DAG(s) 'example_params_ui_tutorial' retrieved from /home/airflow/.local/lib/python3.12/site-packages/airflow/example_dags/example_params_ui_tutorial.py
[2024-11-30T03:17:03.387+0000] {logging_mixin.py:190} INFO - [2024-11-30T03:17:03.387+0000] {dag.py:3239} INFO - Sync 1 DAGs
[2024-11-30T03:17:03.419+0000] {logging_mixin.py:190} INFO - [2024-11-30T03:17:03.418+0000] {dag.py:4180} INFO - Setting next_dagrun for example_params_ui_tutorial to None, run_after=None
[2024-11-30T03:17:03.462+0000] {processor.py:208} INFO - Processing /home/airflow/.local/lib/python3.12/site-packages/airflow/example_dags/example_params_ui_tutorial.py took 0.319 seconds
[2024-11-30T03:17:33.820+0000] {processor.py:186} INFO - Started process (PID=12420) to work on /home/airflow/.local/lib/python3.12/site-packages/airflow/example_dags/example_params_ui_tutorial.py
[2024-11-30T03:17:33.823+0000] {processor.py:914} INFO - Processing file /home/airflow/.local/lib/python3.12/site-packages/airflow/example_dags/example_params_ui_tutorial.py for tasks to queue
[2024-11-30T03:17:33.828+0000] {logging_mixin.py:190} INFO - [2024-11-30T03:17:33.827+0000] {dagbag.py:588} INFO - Filling up the DagBag from /home/airflow/.local/lib/python3.12/site-packages/airflow/example_dags/example_params_ui_tutorial.py
[2024-11-30T03:17:33.847+0000] {processor.py:925} INFO - DAG(s) 'example_params_ui_tutorial' retrieved from /home/airflow/.local/lib/python3.12/site-packages/airflow/example_dags/example_params_ui_tutorial.py
[2024-11-30T03:17:33.947+0000] {logging_mixin.py:190} INFO - [2024-11-30T03:17:33.946+0000] {dag.py:3239} INFO - Sync 1 DAGs
[2024-11-30T03:17:34.018+0000] {logging_mixin.py:190} INFO - [2024-11-30T03:17:34.018+0000] {dag.py:4180} INFO - Setting next_dagrun for example_params_ui_tutorial to None, run_after=None
[2024-11-30T03:17:34.068+0000] {processor.py:208} INFO - Processing /home/airflow/.local/lib/python3.12/site-packages/airflow/example_dags/example_params_ui_tutorial.py took 0.260 seconds
[2024-11-30T03:18:04.865+0000] {processor.py:186} INFO - Started process (PID=12483) to work on /home/airflow/.local/lib/python3.12/site-packages/airflow/example_dags/example_params_ui_tutorial.py
[2024-11-30T03:18:04.872+0000] {processor.py:914} INFO - Processing file /home/airflow/.local/lib/python3.12/site-packages/airflow/example_dags/example_params_ui_tutorial.py for tasks to queue
[2024-11-30T03:18:04.885+0000] {logging_mixin.py:190} INFO - [2024-11-30T03:18:04.883+0000] {dagbag.py:588} INFO - Filling up the DagBag from /home/airflow/.local/lib/python3.12/site-packages/airflow/example_dags/example_params_ui_tutorial.py
[2024-11-30T03:18:04.941+0000] {processor.py:925} INFO - DAG(s) 'example_params_ui_tutorial' retrieved from /home/airflow/.local/lib/python3.12/site-packages/airflow/example_dags/example_params_ui_tutorial.py
[2024-11-30T03:18:05.071+0000] {logging_mixin.py:190} INFO - [2024-11-30T03:18:05.070+0000] {dag.py:3239} INFO - Sync 1 DAGs
[2024-11-30T03:18:05.111+0000] {logging_mixin.py:190} INFO - [2024-11-30T03:18:05.110+0000] {dag.py:4180} INFO - Setting next_dagrun for example_params_ui_tutorial to None, run_after=None
[2024-11-30T03:18:05.167+0000] {processor.py:208} INFO - Processing /home/airflow/.local/lib/python3.12/site-packages/airflow/example_dags/example_params_ui_tutorial.py took 0.342 seconds
[2024-11-30T03:18:36.051+0000] {processor.py:186} INFO - Started process (PID=12546) to work on /home/airflow/.local/lib/python3.12/site-packages/airflow/example_dags/example_params_ui_tutorial.py
[2024-11-30T03:18:36.054+0000] {processor.py:914} INFO - Processing file /home/airflow/.local/lib/python3.12/site-packages/airflow/example_dags/example_params_ui_tutorial.py for tasks to queue
[2024-11-30T03:18:36.061+0000] {logging_mixin.py:190} INFO - [2024-11-30T03:18:36.060+0000] {dagbag.py:588} INFO - Filling up the DagBag from /home/airflow/.local/lib/python3.12/site-packages/airflow/example_dags/example_params_ui_tutorial.py
[2024-11-30T03:18:36.087+0000] {processor.py:925} INFO - DAG(s) 'example_params_ui_tutorial' retrieved from /home/airflow/.local/lib/python3.12/site-packages/airflow/example_dags/example_params_ui_tutorial.py
[2024-11-30T03:18:36.230+0000] {logging_mixin.py:190} INFO - [2024-11-30T03:18:36.230+0000] {dag.py:3239} INFO - Sync 1 DAGs
[2024-11-30T03:18:36.264+0000] {logging_mixin.py:190} INFO - [2024-11-30T03:18:36.264+0000] {dag.py:4180} INFO - Setting next_dagrun for example_params_ui_tutorial to None, run_after=None
[2024-11-30T03:18:36.314+0000] {processor.py:208} INFO - Processing /home/airflow/.local/lib/python3.12/site-packages/airflow/example_dags/example_params_ui_tutorial.py took 0.277 seconds
[2024-11-30T03:19:06.761+0000] {processor.py:186} INFO - Started process (PID=12609) to work on /home/airflow/.local/lib/python3.12/site-packages/airflow/example_dags/example_params_ui_tutorial.py
[2024-11-30T03:19:06.765+0000] {processor.py:914} INFO - Processing file /home/airflow/.local/lib/python3.12/site-packages/airflow/example_dags/example_params_ui_tutorial.py for tasks to queue
[2024-11-30T03:19:06.774+0000] {logging_mixin.py:190} INFO - [2024-11-30T03:19:06.772+0000] {dagbag.py:588} INFO - Filling up the DagBag from /home/airflow/.local/lib/python3.12/site-packages/airflow/example_dags/example_params_ui_tutorial.py
[2024-11-30T03:19:06.807+0000] {processor.py:925} INFO - DAG(s) 'example_params_ui_tutorial' retrieved from /home/airflow/.local/lib/python3.12/site-packages/airflow/example_dags/example_params_ui_tutorial.py
[2024-11-30T03:19:06.970+0000] {logging_mixin.py:190} INFO - [2024-11-30T03:19:06.969+0000] {dag.py:3239} INFO - Sync 1 DAGs
[2024-11-30T03:19:07.008+0000] {logging_mixin.py:190} INFO - [2024-11-30T03:19:07.008+0000] {dag.py:4180} INFO - Setting next_dagrun for example_params_ui_tutorial to None, run_after=None
[2024-11-30T03:19:07.055+0000] {processor.py:208} INFO - Processing /home/airflow/.local/lib/python3.12/site-packages/airflow/example_dags/example_params_ui_tutorial.py took 0.316 seconds
[2024-11-30T03:19:37.155+0000] {processor.py:186} INFO - Started process (PID=12672) to work on /home/airflow/.local/lib/python3.12/site-packages/airflow/example_dags/example_params_ui_tutorial.py
[2024-11-30T03:19:37.156+0000] {processor.py:914} INFO - Processing file /home/airflow/.local/lib/python3.12/site-packages/airflow/example_dags/example_params_ui_tutorial.py for tasks to queue
[2024-11-30T03:19:37.161+0000] {logging_mixin.py:190} INFO - [2024-11-30T03:19:37.160+0000] {dagbag.py:588} INFO - Filling up the DagBag from /home/airflow/.local/lib/python3.12/site-packages/airflow/example_dags/example_params_ui_tutorial.py
[2024-11-30T03:19:37.175+0000] {processor.py:925} INFO - DAG(s) 'example_params_ui_tutorial' retrieved from /home/airflow/.local/lib/python3.12/site-packages/airflow/example_dags/example_params_ui_tutorial.py
[2024-11-30T03:19:37.251+0000] {logging_mixin.py:190} INFO - [2024-11-30T03:19:37.250+0000] {dag.py:3239} INFO - Sync 1 DAGs
[2024-11-30T03:19:37.276+0000] {logging_mixin.py:190} INFO - [2024-11-30T03:19:37.275+0000] {dag.py:4180} INFO - Setting next_dagrun for example_params_ui_tutorial to None, run_after=None
[2024-11-30T03:19:37.309+0000] {processor.py:208} INFO - Processing /home/airflow/.local/lib/python3.12/site-packages/airflow/example_dags/example_params_ui_tutorial.py took 0.163 seconds
[2024-11-30T03:20:07.808+0000] {processor.py:186} INFO - Started process (PID=12735) to work on /home/airflow/.local/lib/python3.12/site-packages/airflow/example_dags/example_params_ui_tutorial.py
[2024-11-30T03:20:07.810+0000] {processor.py:914} INFO - Processing file /home/airflow/.local/lib/python3.12/site-packages/airflow/example_dags/example_params_ui_tutorial.py for tasks to queue
[2024-11-30T03:20:07.817+0000] {logging_mixin.py:190} INFO - [2024-11-30T03:20:07.816+0000] {dagbag.py:588} INFO - Filling up the DagBag from /home/airflow/.local/lib/python3.12/site-packages/airflow/example_dags/example_params_ui_tutorial.py
[2024-11-30T03:20:07.841+0000] {processor.py:925} INFO - DAG(s) 'example_params_ui_tutorial' retrieved from /home/airflow/.local/lib/python3.12/site-packages/airflow/example_dags/example_params_ui_tutorial.py
[2024-11-30T03:20:07.951+0000] {logging_mixin.py:190} INFO - [2024-11-30T03:20:07.950+0000] {dag.py:3239} INFO - Sync 1 DAGs
[2024-11-30T03:20:07.979+0000] {logging_mixin.py:190} INFO - [2024-11-30T03:20:07.979+0000] {dag.py:4180} INFO - Setting next_dagrun for example_params_ui_tutorial to None, run_after=None
[2024-11-30T03:20:08.019+0000] {processor.py:208} INFO - Processing /home/airflow/.local/lib/python3.12/site-packages/airflow/example_dags/example_params_ui_tutorial.py took 0.227 seconds
[2024-11-30T03:21:18.750+0000] {processor.py:186} INFO - Started process (PID=12772) to work on /home/airflow/.local/lib/python3.12/site-packages/airflow/example_dags/example_params_ui_tutorial.py
[2024-11-30T03:21:18.758+0000] {processor.py:914} INFO - Processing file /home/airflow/.local/lib/python3.12/site-packages/airflow/example_dags/example_params_ui_tutorial.py for tasks to queue
[2024-11-30T03:21:18.776+0000] {logging_mixin.py:190} INFO - [2024-11-30T03:21:18.775+0000] {dagbag.py:588} INFO - Filling up the DagBag from /home/airflow/.local/lib/python3.12/site-packages/airflow/example_dags/example_params_ui_tutorial.py
[2024-11-30T03:21:18.839+0000] {processor.py:925} INFO - DAG(s) 'example_params_ui_tutorial' retrieved from /home/airflow/.local/lib/python3.12/site-packages/airflow/example_dags/example_params_ui_tutorial.py
[2024-11-30T03:21:19.010+0000] {logging_mixin.py:190} INFO - [2024-11-30T03:21:19.009+0000] {dag.py:3239} INFO - Sync 1 DAGs
[2024-11-30T03:21:19.050+0000] {logging_mixin.py:190} INFO - [2024-11-30T03:21:19.050+0000] {dag.py:4180} INFO - Setting next_dagrun for example_params_ui_tutorial to None, run_after=None
[2024-11-30T03:21:19.116+0000] {processor.py:208} INFO - Processing /home/airflow/.local/lib/python3.12/site-packages/airflow/example_dags/example_params_ui_tutorial.py took 0.401 seconds
[2024-11-30T03:21:50.076+0000] {processor.py:186} INFO - Started process (PID=12835) to work on /home/airflow/.local/lib/python3.12/site-packages/airflow/example_dags/example_params_ui_tutorial.py
[2024-11-30T03:21:50.079+0000] {processor.py:914} INFO - Processing file /home/airflow/.local/lib/python3.12/site-packages/airflow/example_dags/example_params_ui_tutorial.py for tasks to queue
[2024-11-30T03:21:50.089+0000] {logging_mixin.py:190} INFO - [2024-11-30T03:21:50.087+0000] {dagbag.py:588} INFO - Filling up the DagBag from /home/airflow/.local/lib/python3.12/site-packages/airflow/example_dags/example_params_ui_tutorial.py
[2024-11-30T03:21:50.129+0000] {processor.py:925} INFO - DAG(s) 'example_params_ui_tutorial' retrieved from /home/airflow/.local/lib/python3.12/site-packages/airflow/example_dags/example_params_ui_tutorial.py
[2024-11-30T03:21:50.260+0000] {logging_mixin.py:190} INFO - [2024-11-30T03:21:50.259+0000] {dag.py:3239} INFO - Sync 1 DAGs
[2024-11-30T03:21:50.288+0000] {logging_mixin.py:190} INFO - [2024-11-30T03:21:50.287+0000] {dag.py:4180} INFO - Setting next_dagrun for example_params_ui_tutorial to None, run_after=None
[2024-11-30T03:21:50.333+0000] {processor.py:208} INFO - Processing /home/airflow/.local/lib/python3.12/site-packages/airflow/example_dags/example_params_ui_tutorial.py took 0.278 seconds
