[2024-11-30T03:16:00.488+0000] {processor.py:186} INFO - Started process (PID=12230) to work on /home/airflow/.local/lib/python3.12/site-packages/airflow/example_dags/example_python_operator.py
[2024-11-30T03:16:00.491+0000] {processor.py:914} INFO - Processing file /home/airflow/.local/lib/python3.12/site-packages/airflow/example_dags/example_python_operator.py for tasks to queue
[2024-11-30T03:16:00.497+0000] {logging_mixin.py:190} INFO - [2024-11-30T03:16:00.496+0000] {dagbag.py:588} INFO - Filling up the DagBag from /home/airflow/.local/lib/python3.12/site-packages/airflow/example_dags/example_python_operator.py
[2024-11-30T03:16:00.538+0000] {processor.py:925} INFO - DAG(s) 'example_python_operator' retrieved from /home/airflow/.local/lib/python3.12/site-packages/airflow/example_dags/example_python_operator.py
[2024-11-30T03:16:00.620+0000] {logging_mixin.py:190} INFO - [2024-11-30T03:16:00.619+0000] {dag.py:3239} INFO - Sync 1 DAGs
[2024-11-30T03:16:00.657+0000] {logging_mixin.py:190} INFO - [2024-11-30T03:16:00.657+0000] {dag.py:4180} INFO - Setting next_dagrun for example_python_operator to None, run_after=None
[2024-11-30T03:16:00.697+0000] {processor.py:208} INFO - Processing /home/airflow/.local/lib/python3.12/site-packages/airflow/example_dags/example_python_operator.py took 0.223 seconds
[2024-11-30T03:16:30.840+0000] {processor.py:186} INFO - Started process (PID=12293) to work on /home/airflow/.local/lib/python3.12/site-packages/airflow/example_dags/example_python_operator.py
[2024-11-30T03:16:30.844+0000] {processor.py:914} INFO - Processing file /home/airflow/.local/lib/python3.12/site-packages/airflow/example_dags/example_python_operator.py for tasks to queue
[2024-11-30T03:16:30.855+0000] {logging_mixin.py:190} INFO - [2024-11-30T03:16:30.854+0000] {dagbag.py:588} INFO - Filling up the DagBag from /home/airflow/.local/lib/python3.12/site-packages/airflow/example_dags/example_python_operator.py
[2024-11-30T03:16:30.912+0000] {processor.py:925} INFO - DAG(s) 'example_python_operator' retrieved from /home/airflow/.local/lib/python3.12/site-packages/airflow/example_dags/example_python_operator.py
[2024-11-30T03:16:30.991+0000] {logging_mixin.py:190} INFO - [2024-11-30T03:16:30.991+0000] {dag.py:3239} INFO - Sync 1 DAGs
[2024-11-30T03:16:31.045+0000] {logging_mixin.py:190} INFO - [2024-11-30T03:16:31.044+0000] {dag.py:4180} INFO - Setting next_dagrun for example_python_operator to None, run_after=None
[2024-11-30T03:16:31.120+0000] {processor.py:208} INFO - Processing /home/airflow/.local/lib/python3.12/site-packages/airflow/example_dags/example_python_operator.py took 0.303 seconds
[2024-11-30T03:17:02.062+0000] {processor.py:186} INFO - Started process (PID=12356) to work on /home/airflow/.local/lib/python3.12/site-packages/airflow/example_dags/example_python_operator.py
[2024-11-30T03:17:02.065+0000] {processor.py:914} INFO - Processing file /home/airflow/.local/lib/python3.12/site-packages/airflow/example_dags/example_python_operator.py for tasks to queue
[2024-11-30T03:17:02.072+0000] {logging_mixin.py:190} INFO - [2024-11-30T03:17:02.071+0000] {dagbag.py:588} INFO - Filling up the DagBag from /home/airflow/.local/lib/python3.12/site-packages/airflow/example_dags/example_python_operator.py
[2024-11-30T03:17:02.114+0000] {processor.py:925} INFO - DAG(s) 'example_python_operator' retrieved from /home/airflow/.local/lib/python3.12/site-packages/airflow/example_dags/example_python_operator.py
[2024-11-30T03:17:02.168+0000] {logging_mixin.py:190} INFO - [2024-11-30T03:17:02.167+0000] {dag.py:3239} INFO - Sync 1 DAGs
[2024-11-30T03:17:02.201+0000] {logging_mixin.py:190} INFO - [2024-11-30T03:17:02.200+0000] {dag.py:4180} INFO - Setting next_dagrun for example_python_operator to None, run_after=None
[2024-11-30T03:17:02.242+0000] {processor.py:208} INFO - Processing /home/airflow/.local/lib/python3.12/site-packages/airflow/example_dags/example_python_operator.py took 0.196 seconds
[2024-11-30T03:17:32.503+0000] {processor.py:186} INFO - Started process (PID=12419) to work on /home/airflow/.local/lib/python3.12/site-packages/airflow/example_dags/example_python_operator.py
[2024-11-30T03:17:32.507+0000] {processor.py:914} INFO - Processing file /home/airflow/.local/lib/python3.12/site-packages/airflow/example_dags/example_python_operator.py for tasks to queue
[2024-11-30T03:17:32.517+0000] {logging_mixin.py:190} INFO - [2024-11-30T03:17:32.515+0000] {dagbag.py:588} INFO - Filling up the DagBag from /home/airflow/.local/lib/python3.12/site-packages/airflow/example_dags/example_python_operator.py
[2024-11-30T03:17:32.567+0000] {processor.py:925} INFO - DAG(s) 'example_python_operator' retrieved from /home/airflow/.local/lib/python3.12/site-packages/airflow/example_dags/example_python_operator.py
[2024-11-30T03:17:32.646+0000] {logging_mixin.py:190} INFO - [2024-11-30T03:17:32.645+0000] {dag.py:3239} INFO - Sync 1 DAGs
[2024-11-30T03:17:32.679+0000] {logging_mixin.py:190} INFO - [2024-11-30T03:17:32.679+0000] {dag.py:4180} INFO - Setting next_dagrun for example_python_operator to None, run_after=None
[2024-11-30T03:17:32.726+0000] {processor.py:208} INFO - Processing /home/airflow/.local/lib/python3.12/site-packages/airflow/example_dags/example_python_operator.py took 0.248 seconds
[2024-11-30T03:18:03.573+0000] {processor.py:186} INFO - Started process (PID=12482) to work on /home/airflow/.local/lib/python3.12/site-packages/airflow/example_dags/example_python_operator.py
[2024-11-30T03:18:03.576+0000] {processor.py:914} INFO - Processing file /home/airflow/.local/lib/python3.12/site-packages/airflow/example_dags/example_python_operator.py for tasks to queue
[2024-11-30T03:18:03.584+0000] {logging_mixin.py:190} INFO - [2024-11-30T03:18:03.583+0000] {dagbag.py:588} INFO - Filling up the DagBag from /home/airflow/.local/lib/python3.12/site-packages/airflow/example_dags/example_python_operator.py
[2024-11-30T03:18:03.623+0000] {processor.py:925} INFO - DAG(s) 'example_python_operator' retrieved from /home/airflow/.local/lib/python3.12/site-packages/airflow/example_dags/example_python_operator.py
[2024-11-30T03:18:03.687+0000] {logging_mixin.py:190} INFO - [2024-11-30T03:18:03.686+0000] {dag.py:3239} INFO - Sync 1 DAGs
[2024-11-30T03:18:03.730+0000] {logging_mixin.py:190} INFO - [2024-11-30T03:18:03.729+0000] {dag.py:4180} INFO - Setting next_dagrun for example_python_operator to None, run_after=None
[2024-11-30T03:18:03.795+0000] {processor.py:208} INFO - Processing /home/airflow/.local/lib/python3.12/site-packages/airflow/example_dags/example_python_operator.py took 0.241 seconds
[2024-11-30T03:18:35.745+0000] {processor.py:186} INFO - Started process (PID=12545) to work on /home/airflow/.local/lib/python3.12/site-packages/airflow/example_dags/example_python_operator.py
[2024-11-30T03:18:35.749+0000] {processor.py:914} INFO - Processing file /home/airflow/.local/lib/python3.12/site-packages/airflow/example_dags/example_python_operator.py for tasks to queue
[2024-11-30T03:18:35.758+0000] {logging_mixin.py:190} INFO - [2024-11-30T03:18:35.757+0000] {dagbag.py:588} INFO - Filling up the DagBag from /home/airflow/.local/lib/python3.12/site-packages/airflow/example_dags/example_python_operator.py
[2024-11-30T03:18:35.830+0000] {processor.py:925} INFO - DAG(s) 'example_python_operator' retrieved from /home/airflow/.local/lib/python3.12/site-packages/airflow/example_dags/example_python_operator.py
[2024-11-30T03:18:35.867+0000] {logging_mixin.py:190} INFO - [2024-11-30T03:18:35.867+0000] {dag.py:3239} INFO - Sync 1 DAGs
[2024-11-30T03:18:35.899+0000] {logging_mixin.py:190} INFO - [2024-11-30T03:18:35.898+0000] {dag.py:4180} INFO - Setting next_dagrun for example_python_operator to None, run_after=None
[2024-11-30T03:18:35.951+0000] {processor.py:208} INFO - Processing /home/airflow/.local/lib/python3.12/site-packages/airflow/example_dags/example_python_operator.py took 0.230 seconds
[2024-11-30T03:19:06.761+0000] {processor.py:186} INFO - Started process (PID=12608) to work on /home/airflow/.local/lib/python3.12/site-packages/airflow/example_dags/example_python_operator.py
[2024-11-30T03:19:06.765+0000] {processor.py:914} INFO - Processing file /home/airflow/.local/lib/python3.12/site-packages/airflow/example_dags/example_python_operator.py for tasks to queue
[2024-11-30T03:19:06.774+0000] {logging_mixin.py:190} INFO - [2024-11-30T03:19:06.772+0000] {dagbag.py:588} INFO - Filling up the DagBag from /home/airflow/.local/lib/python3.12/site-packages/airflow/example_dags/example_python_operator.py
[2024-11-30T03:19:06.819+0000] {processor.py:925} INFO - DAG(s) 'example_python_operator' retrieved from /home/airflow/.local/lib/python3.12/site-packages/airflow/example_dags/example_python_operator.py
[2024-11-30T03:19:06.898+0000] {logging_mixin.py:190} INFO - [2024-11-30T03:19:06.898+0000] {dag.py:3239} INFO - Sync 1 DAGs
[2024-11-30T03:19:06.954+0000] {logging_mixin.py:190} INFO - [2024-11-30T03:19:06.954+0000] {dag.py:4180} INFO - Setting next_dagrun for example_python_operator to None, run_after=None
[2024-11-30T03:19:07.006+0000] {processor.py:208} INFO - Processing /home/airflow/.local/lib/python3.12/site-packages/airflow/example_dags/example_python_operator.py took 0.267 seconds
[2024-11-30T03:19:37.153+0000] {processor.py:186} INFO - Started process (PID=12671) to work on /home/airflow/.local/lib/python3.12/site-packages/airflow/example_dags/example_python_operator.py
[2024-11-30T03:19:37.154+0000] {processor.py:914} INFO - Processing file /home/airflow/.local/lib/python3.12/site-packages/airflow/example_dags/example_python_operator.py for tasks to queue
[2024-11-30T03:19:37.159+0000] {logging_mixin.py:190} INFO - [2024-11-30T03:19:37.158+0000] {dagbag.py:588} INFO - Filling up the DagBag from /home/airflow/.local/lib/python3.12/site-packages/airflow/example_dags/example_python_operator.py
[2024-11-30T03:19:37.179+0000] {processor.py:925} INFO - DAG(s) 'example_python_operator' retrieved from /home/airflow/.local/lib/python3.12/site-packages/airflow/example_dags/example_python_operator.py
[2024-11-30T03:19:37.215+0000] {logging_mixin.py:190} INFO - [2024-11-30T03:19:37.214+0000] {dag.py:3239} INFO - Sync 1 DAGs
[2024-11-30T03:19:37.236+0000] {logging_mixin.py:190} INFO - [2024-11-30T03:19:37.236+0000] {dag.py:4180} INFO - Setting next_dagrun for example_python_operator to None, run_after=None
[2024-11-30T03:19:37.268+0000] {processor.py:208} INFO - Processing /home/airflow/.local/lib/python3.12/site-packages/airflow/example_dags/example_python_operator.py took 0.125 seconds
[2024-11-30T03:20:07.802+0000] {processor.py:186} INFO - Started process (PID=12734) to work on /home/airflow/.local/lib/python3.12/site-packages/airflow/example_dags/example_python_operator.py
[2024-11-30T03:20:07.804+0000] {processor.py:914} INFO - Processing file /home/airflow/.local/lib/python3.12/site-packages/airflow/example_dags/example_python_operator.py for tasks to queue
[2024-11-30T03:20:07.810+0000] {logging_mixin.py:190} INFO - [2024-11-30T03:20:07.810+0000] {dagbag.py:588} INFO - Filling up the DagBag from /home/airflow/.local/lib/python3.12/site-packages/airflow/example_dags/example_python_operator.py
[2024-11-30T03:20:07.843+0000] {processor.py:925} INFO - DAG(s) 'example_python_operator' retrieved from /home/airflow/.local/lib/python3.12/site-packages/airflow/example_dags/example_python_operator.py
[2024-11-30T03:20:07.897+0000] {logging_mixin.py:190} INFO - [2024-11-30T03:20:07.896+0000] {dag.py:3239} INFO - Sync 1 DAGs
[2024-11-30T03:20:07.931+0000] {logging_mixin.py:190} INFO - [2024-11-30T03:20:07.931+0000] {dag.py:4180} INFO - Setting next_dagrun for example_python_operator to None, run_after=None
[2024-11-30T03:20:07.969+0000] {processor.py:208} INFO - Processing /home/airflow/.local/lib/python3.12/site-packages/airflow/example_dags/example_python_operator.py took 0.182 seconds
[2024-11-30T03:21:18.490+0000] {processor.py:186} INFO - Started process (PID=12771) to work on /home/airflow/.local/lib/python3.12/site-packages/airflow/example_dags/example_python_operator.py
[2024-11-30T03:21:18.493+0000] {processor.py:914} INFO - Processing file /home/airflow/.local/lib/python3.12/site-packages/airflow/example_dags/example_python_operator.py for tasks to queue
[2024-11-30T03:21:18.499+0000] {logging_mixin.py:190} INFO - [2024-11-30T03:21:18.498+0000] {dagbag.py:588} INFO - Filling up the DagBag from /home/airflow/.local/lib/python3.12/site-packages/airflow/example_dags/example_python_operator.py
[2024-11-30T03:21:18.529+0000] {processor.py:925} INFO - DAG(s) 'example_python_operator' retrieved from /home/airflow/.local/lib/python3.12/site-packages/airflow/example_dags/example_python_operator.py
[2024-11-30T03:21:18.597+0000] {logging_mixin.py:190} INFO - [2024-11-30T03:21:18.596+0000] {dag.py:3239} INFO - Sync 1 DAGs
[2024-11-30T03:21:18.638+0000] {logging_mixin.py:190} INFO - [2024-11-30T03:21:18.637+0000] {dag.py:4180} INFO - Setting next_dagrun for example_python_operator to None, run_after=None
[2024-11-30T03:21:18.737+0000] {processor.py:208} INFO - Processing /home/airflow/.local/lib/python3.12/site-packages/airflow/example_dags/example_python_operator.py took 0.261 seconds
[2024-11-30T03:21:49.749+0000] {processor.py:186} INFO - Started process (PID=12834) to work on /home/airflow/.local/lib/python3.12/site-packages/airflow/example_dags/example_python_operator.py
[2024-11-30T03:21:49.751+0000] {processor.py:914} INFO - Processing file /home/airflow/.local/lib/python3.12/site-packages/airflow/example_dags/example_python_operator.py for tasks to queue
[2024-11-30T03:21:49.756+0000] {logging_mixin.py:190} INFO - [2024-11-30T03:21:49.755+0000] {dagbag.py:588} INFO - Filling up the DagBag from /home/airflow/.local/lib/python3.12/site-packages/airflow/example_dags/example_python_operator.py
[2024-11-30T03:21:49.781+0000] {processor.py:925} INFO - DAG(s) 'example_python_operator' retrieved from /home/airflow/.local/lib/python3.12/site-packages/airflow/example_dags/example_python_operator.py
[2024-11-30T03:21:49.828+0000] {logging_mixin.py:190} INFO - [2024-11-30T03:21:49.827+0000] {dag.py:3239} INFO - Sync 1 DAGs
[2024-11-30T03:21:49.865+0000] {logging_mixin.py:190} INFO - [2024-11-30T03:21:49.864+0000] {dag.py:4180} INFO - Setting next_dagrun for example_python_operator to None, run_after=None
[2024-11-30T03:21:49.924+0000] {processor.py:208} INFO - Processing /home/airflow/.local/lib/python3.12/site-packages/airflow/example_dags/example_python_operator.py took 0.187 seconds
