[2024-11-30T03:16:04.729+0000] {processor.py:186} INFO - Started process (PID=12249) to work on /home/airflow/.local/lib/python3.12/site-packages/airflow/example_dags/example_skip_dag.py
[2024-11-30T03:16:04.732+0000] {processor.py:914} INFO - Processing file /home/airflow/.local/lib/python3.12/site-packages/airflow/example_dags/example_skip_dag.py for tasks to queue
[2024-11-30T03:16:04.737+0000] {logging_mixin.py:190} INFO - [2024-11-30T03:16:04.736+0000] {dagbag.py:588} INFO - Filling up the DagBag from /home/airflow/.local/lib/python3.12/site-packages/airflow/example_dags/example_skip_dag.py
[2024-11-30T03:16:04.757+0000] {processor.py:925} INFO - DAG(s) 'example_skip_dag' retrieved from /home/airflow/.local/lib/python3.12/site-packages/airflow/example_dags/example_skip_dag.py
[2024-11-30T03:16:04.799+0000] {logging_mixin.py:190} INFO - [2024-11-30T03:16:04.798+0000] {dag.py:3239} INFO - Sync 1 DAGs
[2024-11-30T03:16:04.844+0000] {logging_mixin.py:190} INFO - [2024-11-30T03:16:04.844+0000] {dag.py:4180} INFO - Setting next_dagrun for example_skip_dag to 2024-11-29 00:00:00+00:00, run_after=2024-11-30 00:00:00+00:00
[2024-11-30T03:16:04.878+0000] {processor.py:208} INFO - Processing /home/airflow/.local/lib/python3.12/site-packages/airflow/example_dags/example_skip_dag.py took 0.165 seconds
[2024-11-30T03:16:35.832+0000] {processor.py:186} INFO - Started process (PID=12312) to work on /home/airflow/.local/lib/python3.12/site-packages/airflow/example_dags/example_skip_dag.py
[2024-11-30T03:16:35.833+0000] {processor.py:914} INFO - Processing file /home/airflow/.local/lib/python3.12/site-packages/airflow/example_dags/example_skip_dag.py for tasks to queue
[2024-11-30T03:16:35.838+0000] {logging_mixin.py:190} INFO - [2024-11-30T03:16:35.837+0000] {dagbag.py:588} INFO - Filling up the DagBag from /home/airflow/.local/lib/python3.12/site-packages/airflow/example_dags/example_skip_dag.py
[2024-11-30T03:16:35.852+0000] {processor.py:925} INFO - DAG(s) 'example_skip_dag' retrieved from /home/airflow/.local/lib/python3.12/site-packages/airflow/example_dags/example_skip_dag.py
[2024-11-30T03:16:35.889+0000] {logging_mixin.py:190} INFO - [2024-11-30T03:16:35.889+0000] {dag.py:3239} INFO - Sync 1 DAGs
[2024-11-30T03:16:35.926+0000] {logging_mixin.py:190} INFO - [2024-11-30T03:16:35.926+0000] {dag.py:4180} INFO - Setting next_dagrun for example_skip_dag to 2024-11-29 00:00:00+00:00, run_after=2024-11-30 00:00:00+00:00
[2024-11-30T03:16:35.956+0000] {processor.py:208} INFO - Processing /home/airflow/.local/lib/python3.12/site-packages/airflow/example_dags/example_skip_dag.py took 0.135 seconds
[2024-11-30T03:17:07.038+0000] {processor.py:186} INFO - Started process (PID=12375) to work on /home/airflow/.local/lib/python3.12/site-packages/airflow/example_dags/example_skip_dag.py
[2024-11-30T03:17:07.040+0000] {processor.py:914} INFO - Processing file /home/airflow/.local/lib/python3.12/site-packages/airflow/example_dags/example_skip_dag.py for tasks to queue
[2024-11-30T03:17:07.044+0000] {logging_mixin.py:190} INFO - [2024-11-30T03:17:07.043+0000] {dagbag.py:588} INFO - Filling up the DagBag from /home/airflow/.local/lib/python3.12/site-packages/airflow/example_dags/example_skip_dag.py
[2024-11-30T03:17:07.058+0000] {processor.py:925} INFO - DAG(s) 'example_skip_dag' retrieved from /home/airflow/.local/lib/python3.12/site-packages/airflow/example_dags/example_skip_dag.py
[2024-11-30T03:17:07.100+0000] {logging_mixin.py:190} INFO - [2024-11-30T03:17:07.100+0000] {dag.py:3239} INFO - Sync 1 DAGs
[2024-11-30T03:17:07.147+0000] {logging_mixin.py:190} INFO - [2024-11-30T03:17:07.147+0000] {dag.py:4180} INFO - Setting next_dagrun for example_skip_dag to 2024-11-29 00:00:00+00:00, run_after=2024-11-30 00:00:00+00:00
[2024-11-30T03:17:07.182+0000] {processor.py:208} INFO - Processing /home/airflow/.local/lib/python3.12/site-packages/airflow/example_dags/example_skip_dag.py took 0.154 seconds
[2024-11-30T03:17:37.553+0000] {processor.py:186} INFO - Started process (PID=12437) to work on /home/airflow/.local/lib/python3.12/site-packages/airflow/example_dags/example_skip_dag.py
[2024-11-30T03:17:37.555+0000] {processor.py:914} INFO - Processing file /home/airflow/.local/lib/python3.12/site-packages/airflow/example_dags/example_skip_dag.py for tasks to queue
[2024-11-30T03:17:37.560+0000] {logging_mixin.py:190} INFO - [2024-11-30T03:17:37.560+0000] {dagbag.py:588} INFO - Filling up the DagBag from /home/airflow/.local/lib/python3.12/site-packages/airflow/example_dags/example_skip_dag.py
[2024-11-30T03:17:37.577+0000] {processor.py:925} INFO - DAG(s) 'example_skip_dag' retrieved from /home/airflow/.local/lib/python3.12/site-packages/airflow/example_dags/example_skip_dag.py
[2024-11-30T03:17:37.621+0000] {logging_mixin.py:190} INFO - [2024-11-30T03:17:37.621+0000] {dag.py:3239} INFO - Sync 1 DAGs
[2024-11-30T03:17:37.670+0000] {logging_mixin.py:190} INFO - [2024-11-30T03:17:37.669+0000] {dag.py:4180} INFO - Setting next_dagrun for example_skip_dag to 2024-11-29 00:00:00+00:00, run_after=2024-11-30 00:00:00+00:00
[2024-11-30T03:17:37.722+0000] {processor.py:208} INFO - Processing /home/airflow/.local/lib/python3.12/site-packages/airflow/example_dags/example_skip_dag.py took 0.183 seconds
[2024-11-30T03:18:07.976+0000] {processor.py:186} INFO - Started process (PID=12500) to work on /home/airflow/.local/lib/python3.12/site-packages/airflow/example_dags/example_skip_dag.py
[2024-11-30T03:18:07.978+0000] {processor.py:914} INFO - Processing file /home/airflow/.local/lib/python3.12/site-packages/airflow/example_dags/example_skip_dag.py for tasks to queue
[2024-11-30T03:18:07.982+0000] {logging_mixin.py:190} INFO - [2024-11-30T03:18:07.981+0000] {dagbag.py:588} INFO - Filling up the DagBag from /home/airflow/.local/lib/python3.12/site-packages/airflow/example_dags/example_skip_dag.py
[2024-11-30T03:18:07.995+0000] {processor.py:925} INFO - DAG(s) 'example_skip_dag' retrieved from /home/airflow/.local/lib/python3.12/site-packages/airflow/example_dags/example_skip_dag.py
[2024-11-30T03:18:08.032+0000] {logging_mixin.py:190} INFO - [2024-11-30T03:18:08.032+0000] {dag.py:3239} INFO - Sync 1 DAGs
[2024-11-30T03:18:08.073+0000] {logging_mixin.py:190} INFO - [2024-11-30T03:18:08.072+0000] {dag.py:4180} INFO - Setting next_dagrun for example_skip_dag to 2024-11-29 00:00:00+00:00, run_after=2024-11-30 00:00:00+00:00
[2024-11-30T03:18:08.111+0000] {processor.py:208} INFO - Processing /home/airflow/.local/lib/python3.12/site-packages/airflow/example_dags/example_skip_dag.py took 0.143 seconds
[2024-11-30T03:18:41.392+0000] {processor.py:186} INFO - Started process (PID=12562) to work on /home/airflow/.local/lib/python3.12/site-packages/airflow/example_dags/example_skip_dag.py
[2024-11-30T03:18:41.394+0000] {processor.py:914} INFO - Processing file /home/airflow/.local/lib/python3.12/site-packages/airflow/example_dags/example_skip_dag.py for tasks to queue
[2024-11-30T03:18:41.399+0000] {logging_mixin.py:190} INFO - [2024-11-30T03:18:41.398+0000] {dagbag.py:588} INFO - Filling up the DagBag from /home/airflow/.local/lib/python3.12/site-packages/airflow/example_dags/example_skip_dag.py
[2024-11-30T03:18:41.426+0000] {processor.py:925} INFO - DAG(s) 'example_skip_dag' retrieved from /home/airflow/.local/lib/python3.12/site-packages/airflow/example_dags/example_skip_dag.py
[2024-11-30T03:18:41.515+0000] {logging_mixin.py:190} INFO - [2024-11-30T03:18:41.515+0000] {dag.py:3239} INFO - Sync 1 DAGs
[2024-11-30T03:18:41.611+0000] {logging_mixin.py:190} INFO - [2024-11-30T03:18:41.610+0000] {dag.py:4180} INFO - Setting next_dagrun for example_skip_dag to 2024-11-29 00:00:00+00:00, run_after=2024-11-30 00:00:00+00:00
[2024-11-30T03:18:41.732+0000] {processor.py:208} INFO - Processing /home/airflow/.local/lib/python3.12/site-packages/airflow/example_dags/example_skip_dag.py took 0.352 seconds
[2024-11-30T03:19:12.278+0000] {processor.py:186} INFO - Started process (PID=12625) to work on /home/airflow/.local/lib/python3.12/site-packages/airflow/example_dags/example_skip_dag.py
[2024-11-30T03:19:12.280+0000] {processor.py:914} INFO - Processing file /home/airflow/.local/lib/python3.12/site-packages/airflow/example_dags/example_skip_dag.py for tasks to queue
[2024-11-30T03:19:12.286+0000] {logging_mixin.py:190} INFO - [2024-11-30T03:19:12.285+0000] {dagbag.py:588} INFO - Filling up the DagBag from /home/airflow/.local/lib/python3.12/site-packages/airflow/example_dags/example_skip_dag.py
[2024-11-30T03:19:12.303+0000] {processor.py:925} INFO - DAG(s) 'example_skip_dag' retrieved from /home/airflow/.local/lib/python3.12/site-packages/airflow/example_dags/example_skip_dag.py
[2024-11-30T03:19:12.342+0000] {logging_mixin.py:190} INFO - [2024-11-30T03:19:12.341+0000] {dag.py:3239} INFO - Sync 1 DAGs
[2024-11-30T03:19:12.387+0000] {logging_mixin.py:190} INFO - [2024-11-30T03:19:12.387+0000] {dag.py:4180} INFO - Setting next_dagrun for example_skip_dag to 2024-11-29 00:00:00+00:00, run_after=2024-11-30 00:00:00+00:00
[2024-11-30T03:19:12.442+0000] {processor.py:208} INFO - Processing /home/airflow/.local/lib/python3.12/site-packages/airflow/example_dags/example_skip_dag.py took 0.180 seconds
[2024-11-30T03:19:42.650+0000] {processor.py:186} INFO - Started process (PID=12688) to work on /home/airflow/.local/lib/python3.12/site-packages/airflow/example_dags/example_skip_dag.py
[2024-11-30T03:19:42.653+0000] {processor.py:914} INFO - Processing file /home/airflow/.local/lib/python3.12/site-packages/airflow/example_dags/example_skip_dag.py for tasks to queue
[2024-11-30T03:19:42.664+0000] {logging_mixin.py:190} INFO - [2024-11-30T03:19:42.662+0000] {dagbag.py:588} INFO - Filling up the DagBag from /home/airflow/.local/lib/python3.12/site-packages/airflow/example_dags/example_skip_dag.py
[2024-11-30T03:19:42.700+0000] {processor.py:925} INFO - DAG(s) 'example_skip_dag' retrieved from /home/airflow/.local/lib/python3.12/site-packages/airflow/example_dags/example_skip_dag.py
[2024-11-30T03:19:42.794+0000] {logging_mixin.py:190} INFO - [2024-11-30T03:19:42.793+0000] {dag.py:3239} INFO - Sync 1 DAGs
[2024-11-30T03:19:42.874+0000] {logging_mixin.py:190} INFO - [2024-11-30T03:19:42.873+0000] {dag.py:4180} INFO - Setting next_dagrun for example_skip_dag to 2024-11-29 00:00:00+00:00, run_after=2024-11-30 00:00:00+00:00
[2024-11-30T03:19:42.942+0000] {processor.py:208} INFO - Processing /home/airflow/.local/lib/python3.12/site-packages/airflow/example_dags/example_skip_dag.py took 0.316 seconds
[2024-11-30T03:20:13.274+0000] {processor.py:186} INFO - Started process (PID=12751) to work on /home/airflow/.local/lib/python3.12/site-packages/airflow/example_dags/example_skip_dag.py
[2024-11-30T03:20:13.276+0000] {processor.py:914} INFO - Processing file /home/airflow/.local/lib/python3.12/site-packages/airflow/example_dags/example_skip_dag.py for tasks to queue
[2024-11-30T03:20:13.282+0000] {logging_mixin.py:190} INFO - [2024-11-30T03:20:13.281+0000] {dagbag.py:588} INFO - Filling up the DagBag from /home/airflow/.local/lib/python3.12/site-packages/airflow/example_dags/example_skip_dag.py
[2024-11-30T03:20:13.299+0000] {processor.py:925} INFO - DAG(s) 'example_skip_dag' retrieved from /home/airflow/.local/lib/python3.12/site-packages/airflow/example_dags/example_skip_dag.py
[2024-11-30T03:20:13.343+0000] {logging_mixin.py:190} INFO - [2024-11-30T03:20:13.342+0000] {dag.py:3239} INFO - Sync 1 DAGs
[2024-11-30T03:20:13.377+0000] {logging_mixin.py:190} INFO - [2024-11-30T03:20:13.377+0000] {dag.py:4180} INFO - Setting next_dagrun for example_skip_dag to 2024-11-29 00:00:00+00:00, run_after=2024-11-30 00:00:00+00:00
[2024-11-30T03:20:13.411+0000] {processor.py:208} INFO - Processing /home/airflow/.local/lib/python3.12/site-packages/airflow/example_dags/example_skip_dag.py took 0.149 seconds
[2024-11-30T03:21:23.218+0000] {processor.py:186} INFO - Started process (PID=12790) to work on /home/airflow/.local/lib/python3.12/site-packages/airflow/example_dags/example_skip_dag.py
[2024-11-30T03:21:23.220+0000] {processor.py:914} INFO - Processing file /home/airflow/.local/lib/python3.12/site-packages/airflow/example_dags/example_skip_dag.py for tasks to queue
[2024-11-30T03:21:23.225+0000] {logging_mixin.py:190} INFO - [2024-11-30T03:21:23.225+0000] {dagbag.py:588} INFO - Filling up the DagBag from /home/airflow/.local/lib/python3.12/site-packages/airflow/example_dags/example_skip_dag.py
[2024-11-30T03:21:23.242+0000] {processor.py:925} INFO - DAG(s) 'example_skip_dag' retrieved from /home/airflow/.local/lib/python3.12/site-packages/airflow/example_dags/example_skip_dag.py
[2024-11-30T03:21:23.288+0000] {logging_mixin.py:190} INFO - [2024-11-30T03:21:23.288+0000] {dag.py:3239} INFO - Sync 1 DAGs
[2024-11-30T03:21:23.337+0000] {logging_mixin.py:190} INFO - [2024-11-30T03:21:23.337+0000] {dag.py:4180} INFO - Setting next_dagrun for example_skip_dag to 2024-11-29 00:00:00+00:00, run_after=2024-11-30 00:00:00+00:00
[2024-11-30T03:21:23.377+0000] {processor.py:208} INFO - Processing /home/airflow/.local/lib/python3.12/site-packages/airflow/example_dags/example_skip_dag.py took 0.171 seconds
