[2024-11-30T03:16:01.563+0000] {processor.py:186} INFO - Started process (PID=12233) to work on /home/airflow/.local/lib/python3.12/site-packages/airflow/example_dags/example_trigger_target_dag.py
[2024-11-30T03:16:01.564+0000] {processor.py:914} INFO - Processing file /home/airflow/.local/lib/python3.12/site-packages/airflow/example_dags/example_trigger_target_dag.py for tasks to queue
[2024-11-30T03:16:01.569+0000] {logging_mixin.py:190} INFO - [2024-11-30T03:16:01.568+0000] {dagbag.py:588} INFO - Filling up the DagBag from /home/airflow/.local/lib/python3.12/site-packages/airflow/example_dags/example_trigger_target_dag.py
[2024-11-30T03:16:01.589+0000] {processor.py:925} INFO - DAG(s) 'example_trigger_target_dag' retrieved from /home/airflow/.local/lib/python3.12/site-packages/airflow/example_dags/example_trigger_target_dag.py
[2024-11-30T03:16:01.641+0000] {logging_mixin.py:190} INFO - [2024-11-30T03:16:01.640+0000] {dag.py:3239} INFO - Sync 1 DAGs
[2024-11-30T03:16:01.676+0000] {logging_mixin.py:190} INFO - [2024-11-30T03:16:01.675+0000] {dag.py:4180} INFO - Setting next_dagrun for example_trigger_target_dag to None, run_after=None
[2024-11-30T03:16:01.719+0000] {processor.py:208} INFO - Processing /home/airflow/.local/lib/python3.12/site-packages/airflow/example_dags/example_trigger_target_dag.py took 0.168 seconds
[2024-11-30T03:16:32.520+0000] {processor.py:186} INFO - Started process (PID=12297) to work on /home/airflow/.local/lib/python3.12/site-packages/airflow/example_dags/example_trigger_target_dag.py
[2024-11-30T03:16:32.521+0000] {processor.py:914} INFO - Processing file /home/airflow/.local/lib/python3.12/site-packages/airflow/example_dags/example_trigger_target_dag.py for tasks to queue
[2024-11-30T03:16:32.526+0000] {logging_mixin.py:190} INFO - [2024-11-30T03:16:32.525+0000] {dagbag.py:588} INFO - Filling up the DagBag from /home/airflow/.local/lib/python3.12/site-packages/airflow/example_dags/example_trigger_target_dag.py
[2024-11-30T03:16:32.540+0000] {processor.py:925} INFO - DAG(s) 'example_trigger_target_dag' retrieved from /home/airflow/.local/lib/python3.12/site-packages/airflow/example_dags/example_trigger_target_dag.py
[2024-11-30T03:16:32.572+0000] {logging_mixin.py:190} INFO - [2024-11-30T03:16:32.572+0000] {dag.py:3239} INFO - Sync 1 DAGs
[2024-11-30T03:16:32.596+0000] {logging_mixin.py:190} INFO - [2024-11-30T03:16:32.596+0000] {dag.py:4180} INFO - Setting next_dagrun for example_trigger_target_dag to None, run_after=None
[2024-11-30T03:16:32.627+0000] {processor.py:208} INFO - Processing /home/airflow/.local/lib/python3.12/site-packages/airflow/example_dags/example_trigger_target_dag.py took 0.118 seconds
[2024-11-30T03:17:03.495+0000] {processor.py:186} INFO - Started process (PID=12359) to work on /home/airflow/.local/lib/python3.12/site-packages/airflow/example_dags/example_trigger_target_dag.py
[2024-11-30T03:17:03.497+0000] {processor.py:914} INFO - Processing file /home/airflow/.local/lib/python3.12/site-packages/airflow/example_dags/example_trigger_target_dag.py for tasks to queue
[2024-11-30T03:17:03.502+0000] {logging_mixin.py:190} INFO - [2024-11-30T03:17:03.501+0000] {dagbag.py:588} INFO - Filling up the DagBag from /home/airflow/.local/lib/python3.12/site-packages/airflow/example_dags/example_trigger_target_dag.py
[2024-11-30T03:17:03.519+0000] {processor.py:925} INFO - DAG(s) 'example_trigger_target_dag' retrieved from /home/airflow/.local/lib/python3.12/site-packages/airflow/example_dags/example_trigger_target_dag.py
[2024-11-30T03:17:03.558+0000] {logging_mixin.py:190} INFO - [2024-11-30T03:17:03.557+0000] {dag.py:3239} INFO - Sync 1 DAGs
[2024-11-30T03:17:03.590+0000] {logging_mixin.py:190} INFO - [2024-11-30T03:17:03.590+0000] {dag.py:4180} INFO - Setting next_dagrun for example_trigger_target_dag to None, run_after=None
[2024-11-30T03:17:03.629+0000] {processor.py:208} INFO - Processing /home/airflow/.local/lib/python3.12/site-packages/airflow/example_dags/example_trigger_target_dag.py took 0.151 seconds
[2024-11-30T03:17:34.100+0000] {processor.py:186} INFO - Started process (PID=12422) to work on /home/airflow/.local/lib/python3.12/site-packages/airflow/example_dags/example_trigger_target_dag.py
[2024-11-30T03:17:34.103+0000] {processor.py:914} INFO - Processing file /home/airflow/.local/lib/python3.12/site-packages/airflow/example_dags/example_trigger_target_dag.py for tasks to queue
[2024-11-30T03:17:34.109+0000] {logging_mixin.py:190} INFO - [2024-11-30T03:17:34.108+0000] {dagbag.py:588} INFO - Filling up the DagBag from /home/airflow/.local/lib/python3.12/site-packages/airflow/example_dags/example_trigger_target_dag.py
[2024-11-30T03:17:34.132+0000] {processor.py:925} INFO - DAG(s) 'example_trigger_target_dag' retrieved from /home/airflow/.local/lib/python3.12/site-packages/airflow/example_dags/example_trigger_target_dag.py
[2024-11-30T03:17:34.177+0000] {logging_mixin.py:190} INFO - [2024-11-30T03:17:34.176+0000] {dag.py:3239} INFO - Sync 1 DAGs
[2024-11-30T03:17:34.213+0000] {logging_mixin.py:190} INFO - [2024-11-30T03:17:34.212+0000] {dag.py:4180} INFO - Setting next_dagrun for example_trigger_target_dag to None, run_after=None
[2024-11-30T03:17:34.250+0000] {processor.py:208} INFO - Processing /home/airflow/.local/lib/python3.12/site-packages/airflow/example_dags/example_trigger_target_dag.py took 0.167 seconds
[2024-11-30T03:18:05.200+0000] {processor.py:186} INFO - Started process (PID=12485) to work on /home/airflow/.local/lib/python3.12/site-packages/airflow/example_dags/example_trigger_target_dag.py
[2024-11-30T03:18:05.202+0000] {processor.py:914} INFO - Processing file /home/airflow/.local/lib/python3.12/site-packages/airflow/example_dags/example_trigger_target_dag.py for tasks to queue
[2024-11-30T03:18:05.208+0000] {logging_mixin.py:190} INFO - [2024-11-30T03:18:05.208+0000] {dagbag.py:588} INFO - Filling up the DagBag from /home/airflow/.local/lib/python3.12/site-packages/airflow/example_dags/example_trigger_target_dag.py
[2024-11-30T03:18:05.228+0000] {processor.py:925} INFO - DAG(s) 'example_trigger_target_dag' retrieved from /home/airflow/.local/lib/python3.12/site-packages/airflow/example_dags/example_trigger_target_dag.py
[2024-11-30T03:18:05.258+0000] {logging_mixin.py:190} INFO - [2024-11-30T03:18:05.258+0000] {dag.py:3239} INFO - Sync 1 DAGs
[2024-11-30T03:18:05.284+0000] {logging_mixin.py:190} INFO - [2024-11-30T03:18:05.283+0000] {dag.py:4180} INFO - Setting next_dagrun for example_trigger_target_dag to None, run_after=None
[2024-11-30T03:18:05.322+0000] {processor.py:208} INFO - Processing /home/airflow/.local/lib/python3.12/site-packages/airflow/example_dags/example_trigger_target_dag.py took 0.136 seconds
[2024-11-30T03:18:37.171+0000] {processor.py:186} INFO - Started process (PID=12548) to work on /home/airflow/.local/lib/python3.12/site-packages/airflow/example_dags/example_trigger_target_dag.py
[2024-11-30T03:18:37.194+0000] {processor.py:914} INFO - Processing file /home/airflow/.local/lib/python3.12/site-packages/airflow/example_dags/example_trigger_target_dag.py for tasks to queue
[2024-11-30T03:18:37.262+0000] {logging_mixin.py:190} INFO - [2024-11-30T03:18:37.261+0000] {dagbag.py:588} INFO - Filling up the DagBag from /home/airflow/.local/lib/python3.12/site-packages/airflow/example_dags/example_trigger_target_dag.py
[2024-11-30T03:18:37.346+0000] {processor.py:925} INFO - DAG(s) 'example_trigger_target_dag' retrieved from /home/airflow/.local/lib/python3.12/site-packages/airflow/example_dags/example_trigger_target_dag.py
[2024-11-30T03:18:37.456+0000] {logging_mixin.py:190} INFO - [2024-11-30T03:18:37.445+0000] {dag.py:3239} INFO - Sync 1 DAGs
[2024-11-30T03:18:37.541+0000] {logging_mixin.py:190} INFO - [2024-11-30T03:18:37.535+0000] {dag.py:4180} INFO - Setting next_dagrun for example_trigger_target_dag to None, run_after=None
[2024-11-30T03:18:37.636+0000] {processor.py:208} INFO - Processing /home/airflow/.local/lib/python3.12/site-packages/airflow/example_dags/example_trigger_target_dag.py took 0.489 seconds
[2024-11-30T03:19:08.219+0000] {processor.py:186} INFO - Started process (PID=12611) to work on /home/airflow/.local/lib/python3.12/site-packages/airflow/example_dags/example_trigger_target_dag.py
[2024-11-30T03:19:08.224+0000] {processor.py:914} INFO - Processing file /home/airflow/.local/lib/python3.12/site-packages/airflow/example_dags/example_trigger_target_dag.py for tasks to queue
[2024-11-30T03:19:08.233+0000] {logging_mixin.py:190} INFO - [2024-11-30T03:19:08.232+0000] {dagbag.py:588} INFO - Filling up the DagBag from /home/airflow/.local/lib/python3.12/site-packages/airflow/example_dags/example_trigger_target_dag.py
[2024-11-30T03:19:08.268+0000] {processor.py:925} INFO - DAG(s) 'example_trigger_target_dag' retrieved from /home/airflow/.local/lib/python3.12/site-packages/airflow/example_dags/example_trigger_target_dag.py
[2024-11-30T03:19:08.352+0000] {logging_mixin.py:190} INFO - [2024-11-30T03:19:08.352+0000] {dag.py:3239} INFO - Sync 1 DAGs
[2024-11-30T03:19:08.406+0000] {logging_mixin.py:190} INFO - [2024-11-30T03:19:08.406+0000] {dag.py:4180} INFO - Setting next_dagrun for example_trigger_target_dag to None, run_after=None
[2024-11-30T03:19:08.452+0000] {processor.py:208} INFO - Processing /home/airflow/.local/lib/python3.12/site-packages/airflow/example_dags/example_trigger_target_dag.py took 0.261 seconds
[2024-11-30T03:19:38.630+0000] {processor.py:186} INFO - Started process (PID=12674) to work on /home/airflow/.local/lib/python3.12/site-packages/airflow/example_dags/example_trigger_target_dag.py
[2024-11-30T03:19:38.632+0000] {processor.py:914} INFO - Processing file /home/airflow/.local/lib/python3.12/site-packages/airflow/example_dags/example_trigger_target_dag.py for tasks to queue
[2024-11-30T03:19:38.637+0000] {logging_mixin.py:190} INFO - [2024-11-30T03:19:38.637+0000] {dagbag.py:588} INFO - Filling up the DagBag from /home/airflow/.local/lib/python3.12/site-packages/airflow/example_dags/example_trigger_target_dag.py
[2024-11-30T03:19:38.651+0000] {processor.py:925} INFO - DAG(s) 'example_trigger_target_dag' retrieved from /home/airflow/.local/lib/python3.12/site-packages/airflow/example_dags/example_trigger_target_dag.py
[2024-11-30T03:19:38.684+0000] {logging_mixin.py:190} INFO - [2024-11-30T03:19:38.683+0000] {dag.py:3239} INFO - Sync 1 DAGs
[2024-11-30T03:19:38.707+0000] {logging_mixin.py:190} INFO - [2024-11-30T03:19:38.706+0000] {dag.py:4180} INFO - Setting next_dagrun for example_trigger_target_dag to None, run_after=None
[2024-11-30T03:19:38.737+0000] {processor.py:208} INFO - Processing /home/airflow/.local/lib/python3.12/site-packages/airflow/example_dags/example_trigger_target_dag.py took 0.122 seconds
[2024-11-30T03:20:09.174+0000] {processor.py:186} INFO - Started process (PID=12737) to work on /home/airflow/.local/lib/python3.12/site-packages/airflow/example_dags/example_trigger_target_dag.py
[2024-11-30T03:20:09.177+0000] {processor.py:914} INFO - Processing file /home/airflow/.local/lib/python3.12/site-packages/airflow/example_dags/example_trigger_target_dag.py for tasks to queue
[2024-11-30T03:20:09.186+0000] {logging_mixin.py:190} INFO - [2024-11-30T03:20:09.185+0000] {dagbag.py:588} INFO - Filling up the DagBag from /home/airflow/.local/lib/python3.12/site-packages/airflow/example_dags/example_trigger_target_dag.py
[2024-11-30T03:20:09.224+0000] {processor.py:925} INFO - DAG(s) 'example_trigger_target_dag' retrieved from /home/airflow/.local/lib/python3.12/site-packages/airflow/example_dags/example_trigger_target_dag.py
[2024-11-30T03:20:09.293+0000] {logging_mixin.py:190} INFO - [2024-11-30T03:20:09.293+0000] {dag.py:3239} INFO - Sync 1 DAGs
[2024-11-30T03:20:09.346+0000] {logging_mixin.py:190} INFO - [2024-11-30T03:20:09.345+0000] {dag.py:4180} INFO - Setting next_dagrun for example_trigger_target_dag to None, run_after=None
[2024-11-30T03:20:09.383+0000] {processor.py:208} INFO - Processing /home/airflow/.local/lib/python3.12/site-packages/airflow/example_dags/example_trigger_target_dag.py took 0.231 seconds
[2024-11-30T03:21:19.286+0000] {processor.py:186} INFO - Started process (PID=12774) to work on /home/airflow/.local/lib/python3.12/site-packages/airflow/example_dags/example_trigger_target_dag.py
[2024-11-30T03:21:19.288+0000] {processor.py:914} INFO - Processing file /home/airflow/.local/lib/python3.12/site-packages/airflow/example_dags/example_trigger_target_dag.py for tasks to queue
[2024-11-30T03:21:19.294+0000] {logging_mixin.py:190} INFO - [2024-11-30T03:21:19.293+0000] {dagbag.py:588} INFO - Filling up the DagBag from /home/airflow/.local/lib/python3.12/site-packages/airflow/example_dags/example_trigger_target_dag.py
[2024-11-30T03:21:19.321+0000] {processor.py:925} INFO - DAG(s) 'example_trigger_target_dag' retrieved from /home/airflow/.local/lib/python3.12/site-packages/airflow/example_dags/example_trigger_target_dag.py
[2024-11-30T03:21:19.371+0000] {logging_mixin.py:190} INFO - [2024-11-30T03:21:19.371+0000] {dag.py:3239} INFO - Sync 1 DAGs
[2024-11-30T03:21:19.406+0000] {logging_mixin.py:190} INFO - [2024-11-30T03:21:19.406+0000] {dag.py:4180} INFO - Setting next_dagrun for example_trigger_target_dag to None, run_after=None
[2024-11-30T03:21:19.450+0000] {processor.py:208} INFO - Processing /home/airflow/.local/lib/python3.12/site-packages/airflow/example_dags/example_trigger_target_dag.py took 0.183 seconds
[2024-11-30T03:21:50.387+0000] {processor.py:186} INFO - Started process (PID=12837) to work on /home/airflow/.local/lib/python3.12/site-packages/airflow/example_dags/example_trigger_target_dag.py
[2024-11-30T03:21:50.389+0000] {processor.py:914} INFO - Processing file /home/airflow/.local/lib/python3.12/site-packages/airflow/example_dags/example_trigger_target_dag.py for tasks to queue
[2024-11-30T03:21:50.395+0000] {logging_mixin.py:190} INFO - [2024-11-30T03:21:50.394+0000] {dagbag.py:588} INFO - Filling up the DagBag from /home/airflow/.local/lib/python3.12/site-packages/airflow/example_dags/example_trigger_target_dag.py
[2024-11-30T03:21:50.410+0000] {processor.py:925} INFO - DAG(s) 'example_trigger_target_dag' retrieved from /home/airflow/.local/lib/python3.12/site-packages/airflow/example_dags/example_trigger_target_dag.py
[2024-11-30T03:21:50.446+0000] {logging_mixin.py:190} INFO - [2024-11-30T03:21:50.445+0000] {dag.py:3239} INFO - Sync 1 DAGs
[2024-11-30T03:21:50.478+0000] {logging_mixin.py:190} INFO - [2024-11-30T03:21:50.478+0000] {dag.py:4180} INFO - Setting next_dagrun for example_trigger_target_dag to None, run_after=None
[2024-11-30T03:21:50.529+0000] {processor.py:208} INFO - Processing /home/airflow/.local/lib/python3.12/site-packages/airflow/example_dags/example_trigger_target_dag.py took 0.155 seconds
