[2024-11-30T03:16:01.813+0000] {processor.py:186} INFO - Started process (PID=12235) to work on /home/airflow/.local/lib/python3.12/site-packages/airflow/example_dags/example_sensors.py
[2024-11-30T03:16:01.815+0000] {processor.py:914} INFO - Processing file /home/airflow/.local/lib/python3.12/site-packages/airflow/example_dags/example_sensors.py for tasks to queue
[2024-11-30T03:16:01.822+0000] {logging_mixin.py:190} INFO - [2024-11-30T03:16:01.821+0000] {dagbag.py:588} INFO - Filling up the DagBag from /home/airflow/.local/lib/python3.12/site-packages/airflow/example_dags/example_sensors.py
[2024-11-30T03:16:01.861+0000] {processor.py:925} INFO - DAG(s) 'example_sensors' retrieved from /home/airflow/.local/lib/python3.12/site-packages/airflow/example_dags/example_sensors.py
[2024-11-30T03:16:01.950+0000] {logging_mixin.py:190} INFO - [2024-11-30T03:16:01.949+0000] {dag.py:3239} INFO - Sync 1 DAGs
[2024-11-30T03:16:01.986+0000] {logging_mixin.py:190} INFO - [2024-11-30T03:16:01.986+0000] {dag.py:4180} INFO - Setting next_dagrun for example_sensors to None, run_after=None
[2024-11-30T03:16:02.039+0000] {processor.py:208} INFO - Processing /home/airflow/.local/lib/python3.12/site-packages/airflow/example_dags/example_sensors.py took 0.241 seconds
[2024-11-30T03:16:33.108+0000] {processor.py:186} INFO - Started process (PID=12299) to work on /home/airflow/.local/lib/python3.12/site-packages/airflow/example_dags/example_sensors.py
[2024-11-30T03:16:33.112+0000] {processor.py:914} INFO - Processing file /home/airflow/.local/lib/python3.12/site-packages/airflow/example_dags/example_sensors.py for tasks to queue
[2024-11-30T03:16:33.120+0000] {logging_mixin.py:190} INFO - [2024-11-30T03:16:33.119+0000] {dagbag.py:588} INFO - Filling up the DagBag from /home/airflow/.local/lib/python3.12/site-packages/airflow/example_dags/example_sensors.py
[2024-11-30T03:16:33.170+0000] {processor.py:925} INFO - DAG(s) 'example_sensors' retrieved from /home/airflow/.local/lib/python3.12/site-packages/airflow/example_dags/example_sensors.py
[2024-11-30T03:16:33.254+0000] {logging_mixin.py:190} INFO - [2024-11-30T03:16:33.253+0000] {dag.py:3239} INFO - Sync 1 DAGs
[2024-11-30T03:16:33.299+0000] {logging_mixin.py:190} INFO - [2024-11-30T03:16:33.298+0000] {dag.py:4180} INFO - Setting next_dagrun for example_sensors to None, run_after=None
[2024-11-30T03:16:33.360+0000] {processor.py:208} INFO - Processing /home/airflow/.local/lib/python3.12/site-packages/airflow/example_dags/example_sensors.py took 0.274 seconds
[2024-11-30T03:17:03.697+0000] {processor.py:186} INFO - Started process (PID=12361) to work on /home/airflow/.local/lib/python3.12/site-packages/airflow/example_dags/example_sensors.py
[2024-11-30T03:17:03.699+0000] {processor.py:914} INFO - Processing file /home/airflow/.local/lib/python3.12/site-packages/airflow/example_dags/example_sensors.py for tasks to queue
[2024-11-30T03:17:03.705+0000] {logging_mixin.py:190} INFO - [2024-11-30T03:17:03.704+0000] {dagbag.py:588} INFO - Filling up the DagBag from /home/airflow/.local/lib/python3.12/site-packages/airflow/example_dags/example_sensors.py
[2024-11-30T03:17:03.739+0000] {processor.py:925} INFO - DAG(s) 'example_sensors' retrieved from /home/airflow/.local/lib/python3.12/site-packages/airflow/example_dags/example_sensors.py
[2024-11-30T03:17:03.837+0000] {logging_mixin.py:190} INFO - [2024-11-30T03:17:03.836+0000] {dag.py:3239} INFO - Sync 1 DAGs
[2024-11-30T03:17:03.906+0000] {logging_mixin.py:190} INFO - [2024-11-30T03:17:03.905+0000] {dag.py:4180} INFO - Setting next_dagrun for example_sensors to None, run_after=None
[2024-11-30T03:17:03.983+0000] {processor.py:208} INFO - Processing /home/airflow/.local/lib/python3.12/site-packages/airflow/example_dags/example_sensors.py took 0.299 seconds
[2024-11-30T03:17:34.307+0000] {processor.py:186} INFO - Started process (PID=12424) to work on /home/airflow/.local/lib/python3.12/site-packages/airflow/example_dags/example_sensors.py
[2024-11-30T03:17:34.309+0000] {processor.py:914} INFO - Processing file /home/airflow/.local/lib/python3.12/site-packages/airflow/example_dags/example_sensors.py for tasks to queue
[2024-11-30T03:17:34.313+0000] {logging_mixin.py:190} INFO - [2024-11-30T03:17:34.312+0000] {dagbag.py:588} INFO - Filling up the DagBag from /home/airflow/.local/lib/python3.12/site-packages/airflow/example_dags/example_sensors.py
[2024-11-30T03:17:34.332+0000] {processor.py:925} INFO - DAG(s) 'example_sensors' retrieved from /home/airflow/.local/lib/python3.12/site-packages/airflow/example_dags/example_sensors.py
[2024-11-30T03:17:34.383+0000] {logging_mixin.py:190} INFO - [2024-11-30T03:17:34.383+0000] {dag.py:3239} INFO - Sync 1 DAGs
[2024-11-30T03:17:34.414+0000] {logging_mixin.py:190} INFO - [2024-11-30T03:17:34.414+0000] {dag.py:4180} INFO - Setting next_dagrun for example_sensors to None, run_after=None
[2024-11-30T03:17:34.446+0000] {processor.py:208} INFO - Processing /home/airflow/.local/lib/python3.12/site-packages/airflow/example_dags/example_sensors.py took 0.149 seconds
[2024-11-30T03:18:05.390+0000] {processor.py:186} INFO - Started process (PID=12487) to work on /home/airflow/.local/lib/python3.12/site-packages/airflow/example_dags/example_sensors.py
[2024-11-30T03:18:05.392+0000] {processor.py:914} INFO - Processing file /home/airflow/.local/lib/python3.12/site-packages/airflow/example_dags/example_sensors.py for tasks to queue
[2024-11-30T03:18:05.397+0000] {logging_mixin.py:190} INFO - [2024-11-30T03:18:05.396+0000] {dagbag.py:588} INFO - Filling up the DagBag from /home/airflow/.local/lib/python3.12/site-packages/airflow/example_dags/example_sensors.py
[2024-11-30T03:18:05.420+0000] {processor.py:925} INFO - DAG(s) 'example_sensors' retrieved from /home/airflow/.local/lib/python3.12/site-packages/airflow/example_dags/example_sensors.py
[2024-11-30T03:18:05.479+0000] {logging_mixin.py:190} INFO - [2024-11-30T03:18:05.478+0000] {dag.py:3239} INFO - Sync 1 DAGs
[2024-11-30T03:18:05.512+0000] {logging_mixin.py:190} INFO - [2024-11-30T03:18:05.512+0000] {dag.py:4180} INFO - Setting next_dagrun for example_sensors to None, run_after=None
[2024-11-30T03:18:05.550+0000] {processor.py:208} INFO - Processing /home/airflow/.local/lib/python3.12/site-packages/airflow/example_dags/example_sensors.py took 0.171 seconds
[2024-11-30T03:18:37.993+0000] {processor.py:186} INFO - Started process (PID=12550) to work on /home/airflow/.local/lib/python3.12/site-packages/airflow/example_dags/example_sensors.py
[2024-11-30T03:18:38.007+0000] {processor.py:914} INFO - Processing file /home/airflow/.local/lib/python3.12/site-packages/airflow/example_dags/example_sensors.py for tasks to queue
[2024-11-30T03:18:38.020+0000] {logging_mixin.py:190} INFO - [2024-11-30T03:18:38.020+0000] {dagbag.py:588} INFO - Filling up the DagBag from /home/airflow/.local/lib/python3.12/site-packages/airflow/example_dags/example_sensors.py
[2024-11-30T03:18:38.100+0000] {processor.py:925} INFO - DAG(s) 'example_sensors' retrieved from /home/airflow/.local/lib/python3.12/site-packages/airflow/example_dags/example_sensors.py
[2024-11-30T03:18:38.249+0000] {logging_mixin.py:190} INFO - [2024-11-30T03:18:38.248+0000] {dag.py:3239} INFO - Sync 1 DAGs
[2024-11-30T03:18:38.313+0000] {logging_mixin.py:190} INFO - [2024-11-30T03:18:38.312+0000] {dag.py:4180} INFO - Setting next_dagrun for example_sensors to None, run_after=None
[2024-11-30T03:18:38.356+0000] {processor.py:208} INFO - Processing /home/airflow/.local/lib/python3.12/site-packages/airflow/example_dags/example_sensors.py took 0.395 seconds
[2024-11-30T03:19:08.522+0000] {processor.py:186} INFO - Started process (PID=12613) to work on /home/airflow/.local/lib/python3.12/site-packages/airflow/example_dags/example_sensors.py
[2024-11-30T03:19:08.524+0000] {processor.py:914} INFO - Processing file /home/airflow/.local/lib/python3.12/site-packages/airflow/example_dags/example_sensors.py for tasks to queue
[2024-11-30T03:19:08.528+0000] {logging_mixin.py:190} INFO - [2024-11-30T03:19:08.528+0000] {dagbag.py:588} INFO - Filling up the DagBag from /home/airflow/.local/lib/python3.12/site-packages/airflow/example_dags/example_sensors.py
[2024-11-30T03:19:08.552+0000] {processor.py:925} INFO - DAG(s) 'example_sensors' retrieved from /home/airflow/.local/lib/python3.12/site-packages/airflow/example_dags/example_sensors.py
[2024-11-30T03:19:08.597+0000] {logging_mixin.py:190} INFO - [2024-11-30T03:19:08.596+0000] {dag.py:3239} INFO - Sync 1 DAGs
[2024-11-30T03:19:08.622+0000] {logging_mixin.py:190} INFO - [2024-11-30T03:19:08.621+0000] {dag.py:4180} INFO - Setting next_dagrun for example_sensors to None, run_after=None
[2024-11-30T03:19:08.657+0000] {processor.py:208} INFO - Processing /home/airflow/.local/lib/python3.12/site-packages/airflow/example_dags/example_sensors.py took 0.147 seconds
[2024-11-30T03:19:38.807+0000] {processor.py:186} INFO - Started process (PID=12676) to work on /home/airflow/.local/lib/python3.12/site-packages/airflow/example_dags/example_sensors.py
[2024-11-30T03:19:38.809+0000] {processor.py:914} INFO - Processing file /home/airflow/.local/lib/python3.12/site-packages/airflow/example_dags/example_sensors.py for tasks to queue
[2024-11-30T03:19:38.814+0000] {logging_mixin.py:190} INFO - [2024-11-30T03:19:38.813+0000] {dagbag.py:588} INFO - Filling up the DagBag from /home/airflow/.local/lib/python3.12/site-packages/airflow/example_dags/example_sensors.py
[2024-11-30T03:19:38.840+0000] {processor.py:925} INFO - DAG(s) 'example_sensors' retrieved from /home/airflow/.local/lib/python3.12/site-packages/airflow/example_dags/example_sensors.py
[2024-11-30T03:19:38.883+0000] {logging_mixin.py:190} INFO - [2024-11-30T03:19:38.883+0000] {dag.py:3239} INFO - Sync 1 DAGs
[2024-11-30T03:19:38.907+0000] {logging_mixin.py:190} INFO - [2024-11-30T03:19:38.906+0000] {dag.py:4180} INFO - Setting next_dagrun for example_sensors to None, run_after=None
[2024-11-30T03:19:38.937+0000] {processor.py:208} INFO - Processing /home/airflow/.local/lib/python3.12/site-packages/airflow/example_dags/example_sensors.py took 0.143 seconds
[2024-11-30T03:20:09.445+0000] {processor.py:186} INFO - Started process (PID=12739) to work on /home/airflow/.local/lib/python3.12/site-packages/airflow/example_dags/example_sensors.py
[2024-11-30T03:20:09.447+0000] {processor.py:914} INFO - Processing file /home/airflow/.local/lib/python3.12/site-packages/airflow/example_dags/example_sensors.py for tasks to queue
[2024-11-30T03:20:09.451+0000] {logging_mixin.py:190} INFO - [2024-11-30T03:20:09.451+0000] {dagbag.py:588} INFO - Filling up the DagBag from /home/airflow/.local/lib/python3.12/site-packages/airflow/example_dags/example_sensors.py
[2024-11-30T03:20:09.477+0000] {processor.py:925} INFO - DAG(s) 'example_sensors' retrieved from /home/airflow/.local/lib/python3.12/site-packages/airflow/example_dags/example_sensors.py
[2024-11-30T03:20:09.528+0000] {logging_mixin.py:190} INFO - [2024-11-30T03:20:09.528+0000] {dag.py:3239} INFO - Sync 1 DAGs
[2024-11-30T03:20:09.571+0000] {logging_mixin.py:190} INFO - [2024-11-30T03:20:09.571+0000] {dag.py:4180} INFO - Setting next_dagrun for example_sensors to None, run_after=None
[2024-11-30T03:20:09.615+0000] {processor.py:208} INFO - Processing /home/airflow/.local/lib/python3.12/site-packages/airflow/example_dags/example_sensors.py took 0.181 seconds
[2024-11-30T03:21:19.534+0000] {processor.py:186} INFO - Started process (PID=12776) to work on /home/airflow/.local/lib/python3.12/site-packages/airflow/example_dags/example_sensors.py
[2024-11-30T03:21:19.535+0000] {processor.py:914} INFO - Processing file /home/airflow/.local/lib/python3.12/site-packages/airflow/example_dags/example_sensors.py for tasks to queue
[2024-11-30T03:21:19.540+0000] {logging_mixin.py:190} INFO - [2024-11-30T03:21:19.540+0000] {dagbag.py:588} INFO - Filling up the DagBag from /home/airflow/.local/lib/python3.12/site-packages/airflow/example_dags/example_sensors.py
[2024-11-30T03:21:19.567+0000] {processor.py:925} INFO - DAG(s) 'example_sensors' retrieved from /home/airflow/.local/lib/python3.12/site-packages/airflow/example_dags/example_sensors.py
[2024-11-30T03:21:19.617+0000] {logging_mixin.py:190} INFO - [2024-11-30T03:21:19.616+0000] {dag.py:3239} INFO - Sync 1 DAGs
[2024-11-30T03:21:19.644+0000] {logging_mixin.py:190} INFO - [2024-11-30T03:21:19.644+0000] {dag.py:4180} INFO - Setting next_dagrun for example_sensors to None, run_after=None
[2024-11-30T03:21:19.686+0000] {processor.py:208} INFO - Processing /home/airflow/.local/lib/python3.12/site-packages/airflow/example_dags/example_sensors.py took 0.164 seconds
[2024-11-30T03:21:50.643+0000] {processor.py:186} INFO - Started process (PID=12839) to work on /home/airflow/.local/lib/python3.12/site-packages/airflow/example_dags/example_sensors.py
[2024-11-30T03:21:50.645+0000] {processor.py:914} INFO - Processing file /home/airflow/.local/lib/python3.12/site-packages/airflow/example_dags/example_sensors.py for tasks to queue
[2024-11-30T03:21:50.650+0000] {logging_mixin.py:190} INFO - [2024-11-30T03:21:50.650+0000] {dagbag.py:588} INFO - Filling up the DagBag from /home/airflow/.local/lib/python3.12/site-packages/airflow/example_dags/example_sensors.py
[2024-11-30T03:21:50.683+0000] {processor.py:925} INFO - DAG(s) 'example_sensors' retrieved from /home/airflow/.local/lib/python3.12/site-packages/airflow/example_dags/example_sensors.py
[2024-11-30T03:21:50.740+0000] {logging_mixin.py:190} INFO - [2024-11-30T03:21:50.738+0000] {dag.py:3239} INFO - Sync 1 DAGs
[2024-11-30T03:21:50.794+0000] {logging_mixin.py:190} INFO - [2024-11-30T03:21:50.793+0000] {dag.py:4180} INFO - Setting next_dagrun for example_sensors to None, run_after=None
[2024-11-30T03:21:50.874+0000] {processor.py:208} INFO - Processing /home/airflow/.local/lib/python3.12/site-packages/airflow/example_dags/example_sensors.py took 0.246 seconds
