[2024-11-30T03:15:58.759+0000] {processor.py:186} INFO - Started process (PID=12222) to work on /home/airflow/.local/lib/python3.12/site-packages/airflow/example_dags/example_task_group.py
[2024-11-30T03:15:58.763+0000] {processor.py:914} INFO - Processing file /home/airflow/.local/lib/python3.12/site-packages/airflow/example_dags/example_task_group.py for tasks to queue
[2024-11-30T03:15:58.770+0000] {logging_mixin.py:190} INFO - [2024-11-30T03:15:58.769+0000] {dagbag.py:588} INFO - Filling up the DagBag from /home/airflow/.local/lib/python3.12/site-packages/airflow/example_dags/example_task_group.py
[2024-11-30T03:15:58.800+0000] {processor.py:925} INFO - DAG(s) 'example_task_group' retrieved from /home/airflow/.local/lib/python3.12/site-packages/airflow/example_dags/example_task_group.py
[2024-11-30T03:15:58.859+0000] {logging_mixin.py:190} INFO - [2024-11-30T03:15:58.859+0000] {dag.py:3239} INFO - Sync 1 DAGs
[2024-11-30T03:15:58.894+0000] {logging_mixin.py:190} INFO - [2024-11-30T03:15:58.893+0000] {dag.py:4180} INFO - Setting next_dagrun for example_task_group to None, run_after=None
[2024-11-30T03:15:58.941+0000] {processor.py:208} INFO - Processing /home/airflow/.local/lib/python3.12/site-packages/airflow/example_dags/example_task_group.py took 0.196 seconds
[2024-11-30T03:16:29.508+0000] {processor.py:186} INFO - Started process (PID=12286) to work on /home/airflow/.local/lib/python3.12/site-packages/airflow/example_dags/example_task_group.py
[2024-11-30T03:16:29.512+0000] {processor.py:914} INFO - Processing file /home/airflow/.local/lib/python3.12/site-packages/airflow/example_dags/example_task_group.py for tasks to queue
[2024-11-30T03:16:29.519+0000] {logging_mixin.py:190} INFO - [2024-11-30T03:16:29.518+0000] {dagbag.py:588} INFO - Filling up the DagBag from /home/airflow/.local/lib/python3.12/site-packages/airflow/example_dags/example_task_group.py
[2024-11-30T03:16:29.547+0000] {processor.py:925} INFO - DAG(s) 'example_task_group' retrieved from /home/airflow/.local/lib/python3.12/site-packages/airflow/example_dags/example_task_group.py
[2024-11-30T03:16:29.612+0000] {logging_mixin.py:190} INFO - [2024-11-30T03:16:29.611+0000] {dag.py:3239} INFO - Sync 1 DAGs
[2024-11-30T03:16:29.653+0000] {logging_mixin.py:190} INFO - [2024-11-30T03:16:29.652+0000] {dag.py:4180} INFO - Setting next_dagrun for example_task_group to None, run_after=None
[2024-11-30T03:16:29.706+0000] {processor.py:208} INFO - Processing /home/airflow/.local/lib/python3.12/site-packages/airflow/example_dags/example_task_group.py took 0.217 seconds
[2024-11-30T03:17:00.696+0000] {processor.py:186} INFO - Started process (PID=12349) to work on /home/airflow/.local/lib/python3.12/site-packages/airflow/example_dags/example_task_group.py
[2024-11-30T03:17:00.699+0000] {processor.py:914} INFO - Processing file /home/airflow/.local/lib/python3.12/site-packages/airflow/example_dags/example_task_group.py for tasks to queue
[2024-11-30T03:17:00.705+0000] {logging_mixin.py:190} INFO - [2024-11-30T03:17:00.704+0000] {dagbag.py:588} INFO - Filling up the DagBag from /home/airflow/.local/lib/python3.12/site-packages/airflow/example_dags/example_task_group.py
[2024-11-30T03:17:00.727+0000] {processor.py:925} INFO - DAG(s) 'example_task_group' retrieved from /home/airflow/.local/lib/python3.12/site-packages/airflow/example_dags/example_task_group.py
[2024-11-30T03:17:00.780+0000] {logging_mixin.py:190} INFO - [2024-11-30T03:17:00.780+0000] {dag.py:3239} INFO - Sync 1 DAGs
[2024-11-30T03:17:00.816+0000] {logging_mixin.py:190} INFO - [2024-11-30T03:17:00.815+0000] {dag.py:4180} INFO - Setting next_dagrun for example_task_group to None, run_after=None
[2024-11-30T03:17:00.863+0000] {processor.py:208} INFO - Processing /home/airflow/.local/lib/python3.12/site-packages/airflow/example_dags/example_task_group.py took 0.182 seconds
[2024-11-30T03:17:31.053+0000] {processor.py:186} INFO - Started process (PID=12412) to work on /home/airflow/.local/lib/python3.12/site-packages/airflow/example_dags/example_task_group.py
[2024-11-30T03:17:31.056+0000] {processor.py:914} INFO - Processing file /home/airflow/.local/lib/python3.12/site-packages/airflow/example_dags/example_task_group.py for tasks to queue
[2024-11-30T03:17:31.063+0000] {logging_mixin.py:190} INFO - [2024-11-30T03:17:31.062+0000] {dagbag.py:588} INFO - Filling up the DagBag from /home/airflow/.local/lib/python3.12/site-packages/airflow/example_dags/example_task_group.py
[2024-11-30T03:17:31.093+0000] {processor.py:925} INFO - DAG(s) 'example_task_group' retrieved from /home/airflow/.local/lib/python3.12/site-packages/airflow/example_dags/example_task_group.py
[2024-11-30T03:17:31.146+0000] {logging_mixin.py:190} INFO - [2024-11-30T03:17:31.145+0000] {dag.py:3239} INFO - Sync 1 DAGs
[2024-11-30T03:17:31.182+0000] {logging_mixin.py:190} INFO - [2024-11-30T03:17:31.182+0000] {dag.py:4180} INFO - Setting next_dagrun for example_task_group to None, run_after=None
[2024-11-30T03:17:31.236+0000] {processor.py:208} INFO - Processing /home/airflow/.local/lib/python3.12/site-packages/airflow/example_dags/example_task_group.py took 0.199 seconds
[2024-11-30T03:18:01.480+0000] {processor.py:186} INFO - Started process (PID=12475) to work on /home/airflow/.local/lib/python3.12/site-packages/airflow/example_dags/example_task_group.py
[2024-11-30T03:18:01.482+0000] {processor.py:914} INFO - Processing file /home/airflow/.local/lib/python3.12/site-packages/airflow/example_dags/example_task_group.py for tasks to queue
[2024-11-30T03:18:01.488+0000] {logging_mixin.py:190} INFO - [2024-11-30T03:18:01.488+0000] {dagbag.py:588} INFO - Filling up the DagBag from /home/airflow/.local/lib/python3.12/site-packages/airflow/example_dags/example_task_group.py
[2024-11-30T03:18:01.511+0000] {processor.py:925} INFO - DAG(s) 'example_task_group' retrieved from /home/airflow/.local/lib/python3.12/site-packages/airflow/example_dags/example_task_group.py
[2024-11-30T03:18:01.570+0000] {logging_mixin.py:190} INFO - [2024-11-30T03:18:01.569+0000] {dag.py:3239} INFO - Sync 1 DAGs
[2024-11-30T03:18:01.613+0000] {logging_mixin.py:190} INFO - [2024-11-30T03:18:01.612+0000] {dag.py:4180} INFO - Setting next_dagrun for example_task_group to None, run_after=None
[2024-11-30T03:18:01.673+0000] {processor.py:208} INFO - Processing /home/airflow/.local/lib/python3.12/site-packages/airflow/example_dags/example_task_group.py took 0.208 seconds
[2024-11-30T03:18:33.488+0000] {processor.py:186} INFO - Started process (PID=12538) to work on /home/airflow/.local/lib/python3.12/site-packages/airflow/example_dags/example_task_group.py
[2024-11-30T03:18:33.533+0000] {processor.py:914} INFO - Processing file /home/airflow/.local/lib/python3.12/site-packages/airflow/example_dags/example_task_group.py for tasks to queue
[2024-11-30T03:18:33.557+0000] {logging_mixin.py:190} INFO - [2024-11-30T03:18:33.556+0000] {dagbag.py:588} INFO - Filling up the DagBag from /home/airflow/.local/lib/python3.12/site-packages/airflow/example_dags/example_task_group.py
[2024-11-30T03:18:33.609+0000] {processor.py:925} INFO - DAG(s) 'example_task_group' retrieved from /home/airflow/.local/lib/python3.12/site-packages/airflow/example_dags/example_task_group.py
[2024-11-30T03:18:33.734+0000] {logging_mixin.py:190} INFO - [2024-11-30T03:18:33.734+0000] {dag.py:3239} INFO - Sync 1 DAGs
[2024-11-30T03:18:33.829+0000] {logging_mixin.py:190} INFO - [2024-11-30T03:18:33.823+0000] {dag.py:4180} INFO - Setting next_dagrun for example_task_group to None, run_after=None
[2024-11-30T03:18:33.936+0000] {processor.py:208} INFO - Processing /home/airflow/.local/lib/python3.12/site-packages/airflow/example_dags/example_task_group.py took 0.472 seconds
[2024-11-30T03:19:04.685+0000] {processor.py:186} INFO - Started process (PID=12601) to work on /home/airflow/.local/lib/python3.12/site-packages/airflow/example_dags/example_task_group.py
[2024-11-30T03:19:04.695+0000] {processor.py:914} INFO - Processing file /home/airflow/.local/lib/python3.12/site-packages/airflow/example_dags/example_task_group.py for tasks to queue
[2024-11-30T03:19:04.709+0000] {logging_mixin.py:190} INFO - [2024-11-30T03:19:04.708+0000] {dagbag.py:588} INFO - Filling up the DagBag from /home/airflow/.local/lib/python3.12/site-packages/airflow/example_dags/example_task_group.py
[2024-11-30T03:19:04.744+0000] {processor.py:925} INFO - DAG(s) 'example_task_group' retrieved from /home/airflow/.local/lib/python3.12/site-packages/airflow/example_dags/example_task_group.py
[2024-11-30T03:19:04.830+0000] {logging_mixin.py:190} INFO - [2024-11-30T03:19:04.829+0000] {dag.py:3239} INFO - Sync 1 DAGs
[2024-11-30T03:19:04.886+0000] {logging_mixin.py:190} INFO - [2024-11-30T03:19:04.885+0000] {dag.py:4180} INFO - Setting next_dagrun for example_task_group to None, run_after=None
[2024-11-30T03:19:04.955+0000] {processor.py:208} INFO - Processing /home/airflow/.local/lib/python3.12/site-packages/airflow/example_dags/example_task_group.py took 0.306 seconds
[2024-11-30T03:19:35.303+0000] {processor.py:186} INFO - Started process (PID=12664) to work on /home/airflow/.local/lib/python3.12/site-packages/airflow/example_dags/example_task_group.py
[2024-11-30T03:19:35.306+0000] {processor.py:914} INFO - Processing file /home/airflow/.local/lib/python3.12/site-packages/airflow/example_dags/example_task_group.py for tasks to queue
[2024-11-30T03:19:35.310+0000] {logging_mixin.py:190} INFO - [2024-11-30T03:19:35.309+0000] {dagbag.py:588} INFO - Filling up the DagBag from /home/airflow/.local/lib/python3.12/site-packages/airflow/example_dags/example_task_group.py
[2024-11-30T03:19:35.325+0000] {processor.py:925} INFO - DAG(s) 'example_task_group' retrieved from /home/airflow/.local/lib/python3.12/site-packages/airflow/example_dags/example_task_group.py
[2024-11-30T03:19:35.361+0000] {logging_mixin.py:190} INFO - [2024-11-30T03:19:35.361+0000] {dag.py:3239} INFO - Sync 1 DAGs
[2024-11-30T03:19:35.388+0000] {logging_mixin.py:190} INFO - [2024-11-30T03:19:35.388+0000] {dag.py:4180} INFO - Setting next_dagrun for example_task_group to None, run_after=None
[2024-11-30T03:19:35.423+0000] {processor.py:208} INFO - Processing /home/airflow/.local/lib/python3.12/site-packages/airflow/example_dags/example_task_group.py took 0.135 seconds
[2024-11-30T03:20:05.776+0000] {processor.py:186} INFO - Started process (PID=12727) to work on /home/airflow/.local/lib/python3.12/site-packages/airflow/example_dags/example_task_group.py
[2024-11-30T03:20:05.780+0000] {processor.py:914} INFO - Processing file /home/airflow/.local/lib/python3.12/site-packages/airflow/example_dags/example_task_group.py for tasks to queue
[2024-11-30T03:20:05.790+0000] {logging_mixin.py:190} INFO - [2024-11-30T03:20:05.789+0000] {dagbag.py:588} INFO - Filling up the DagBag from /home/airflow/.local/lib/python3.12/site-packages/airflow/example_dags/example_task_group.py
[2024-11-30T03:20:05.822+0000] {processor.py:925} INFO - DAG(s) 'example_task_group' retrieved from /home/airflow/.local/lib/python3.12/site-packages/airflow/example_dags/example_task_group.py
[2024-11-30T03:20:05.902+0000] {logging_mixin.py:190} INFO - [2024-11-30T03:20:05.901+0000] {dag.py:3239} INFO - Sync 1 DAGs
[2024-11-30T03:20:05.953+0000] {logging_mixin.py:190} INFO - [2024-11-30T03:20:05.953+0000] {dag.py:4180} INFO - Setting next_dagrun for example_task_group to None, run_after=None
[2024-11-30T03:20:06.020+0000] {processor.py:208} INFO - Processing /home/airflow/.local/lib/python3.12/site-packages/airflow/example_dags/example_task_group.py took 0.273 seconds
[2024-11-30T03:21:17.231+0000] {processor.py:186} INFO - Started process (PID=12764) to work on /home/airflow/.local/lib/python3.12/site-packages/airflow/example_dags/example_task_group.py
[2024-11-30T03:21:17.245+0000] {processor.py:914} INFO - Processing file /home/airflow/.local/lib/python3.12/site-packages/airflow/example_dags/example_task_group.py for tasks to queue
[2024-11-30T03:21:17.261+0000] {logging_mixin.py:190} INFO - [2024-11-30T03:21:17.260+0000] {dagbag.py:588} INFO - Filling up the DagBag from /home/airflow/.local/lib/python3.12/site-packages/airflow/example_dags/example_task_group.py
[2024-11-30T03:21:17.353+0000] {processor.py:925} INFO - DAG(s) 'example_task_group' retrieved from /home/airflow/.local/lib/python3.12/site-packages/airflow/example_dags/example_task_group.py
[2024-11-30T03:21:17.474+0000] {logging_mixin.py:190} INFO - [2024-11-30T03:21:17.473+0000] {dag.py:3239} INFO - Sync 1 DAGs
[2024-11-30T03:21:17.560+0000] {logging_mixin.py:190} INFO - [2024-11-30T03:21:17.559+0000] {dag.py:4180} INFO - Setting next_dagrun for example_task_group to None, run_after=None
[2024-11-30T03:21:17.691+0000] {processor.py:208} INFO - Processing /home/airflow/.local/lib/python3.12/site-packages/airflow/example_dags/example_task_group.py took 0.498 seconds
[2024-11-30T03:21:47.855+0000] {processor.py:186} INFO - Started process (PID=12827) to work on /home/airflow/.local/lib/python3.12/site-packages/airflow/example_dags/example_task_group.py
[2024-11-30T03:21:47.857+0000] {processor.py:914} INFO - Processing file /home/airflow/.local/lib/python3.12/site-packages/airflow/example_dags/example_task_group.py for tasks to queue
[2024-11-30T03:21:47.862+0000] {logging_mixin.py:190} INFO - [2024-11-30T03:21:47.861+0000] {dagbag.py:588} INFO - Filling up the DagBag from /home/airflow/.local/lib/python3.12/site-packages/airflow/example_dags/example_task_group.py
[2024-11-30T03:21:47.885+0000] {processor.py:925} INFO - DAG(s) 'example_task_group' retrieved from /home/airflow/.local/lib/python3.12/site-packages/airflow/example_dags/example_task_group.py
[2024-11-30T03:21:47.930+0000] {logging_mixin.py:190} INFO - [2024-11-30T03:21:47.929+0000] {dag.py:3239} INFO - Sync 1 DAGs
[2024-11-30T03:21:47.957+0000] {logging_mixin.py:190} INFO - [2024-11-30T03:21:47.956+0000] {dag.py:4180} INFO - Setting next_dagrun for example_task_group to None, run_after=None
[2024-11-30T03:21:47.992+0000] {processor.py:208} INFO - Processing /home/airflow/.local/lib/python3.12/site-packages/airflow/example_dags/example_task_group.py took 0.148 seconds
