[2024-11-30T03:15:58.277+0000] {processor.py:186} INFO - Started process (PID=12218) to work on /home/airflow/.local/lib/python3.12/site-packages/airflow/example_dags/example_kubernetes_executor.py
[2024-11-30T03:15:58.279+0000] {processor.py:914} INFO - Processing file /home/airflow/.local/lib/python3.12/site-packages/airflow/example_dags/example_kubernetes_executor.py for tasks to queue
[2024-11-30T03:15:58.285+0000] {logging_mixin.py:190} INFO - [2024-11-30T03:15:58.284+0000] {dagbag.py:588} INFO - Filling up the DagBag from /home/airflow/.local/lib/python3.12/site-packages/airflow/example_dags/example_kubernetes_executor.py
[2024-11-30T03:15:58.321+0000] {processor.py:925} INFO - DAG(s) 'example_kubernetes_executor' retrieved from /home/airflow/.local/lib/python3.12/site-packages/airflow/example_dags/example_kubernetes_executor.py
[2024-11-30T03:15:58.410+0000] {logging_mixin.py:190} INFO - [2024-11-30T03:15:58.409+0000] {dag.py:3239} INFO - Sync 1 DAGs
[2024-11-30T03:15:58.438+0000] {logging_mixin.py:190} INFO - [2024-11-30T03:15:58.438+0000] {dag.py:4180} INFO - Setting next_dagrun for example_kubernetes_executor to None, run_after=None
[2024-11-30T03:15:58.473+0000] {processor.py:208} INFO - Processing /home/airflow/.local/lib/python3.12/site-packages/airflow/example_dags/example_kubernetes_executor.py took 0.209 seconds
[2024-11-30T03:16:28.662+0000] {processor.py:186} INFO - Started process (PID=12282) to work on /home/airflow/.local/lib/python3.12/site-packages/airflow/example_dags/example_kubernetes_executor.py
[2024-11-30T03:16:28.664+0000] {processor.py:914} INFO - Processing file /home/airflow/.local/lib/python3.12/site-packages/airflow/example_dags/example_kubernetes_executor.py for tasks to queue
[2024-11-30T03:16:28.671+0000] {logging_mixin.py:190} INFO - [2024-11-30T03:16:28.670+0000] {dagbag.py:588} INFO - Filling up the DagBag from /home/airflow/.local/lib/python3.12/site-packages/airflow/example_dags/example_kubernetes_executor.py
[2024-11-30T03:16:28.709+0000] {processor.py:925} INFO - DAG(s) 'example_kubernetes_executor' retrieved from /home/airflow/.local/lib/python3.12/site-packages/airflow/example_dags/example_kubernetes_executor.py
[2024-11-30T03:16:28.798+0000] {logging_mixin.py:190} INFO - [2024-11-30T03:16:28.797+0000] {dag.py:3239} INFO - Sync 1 DAGs
[2024-11-30T03:16:28.826+0000] {logging_mixin.py:190} INFO - [2024-11-30T03:16:28.826+0000] {dag.py:4180} INFO - Setting next_dagrun for example_kubernetes_executor to None, run_after=None
[2024-11-30T03:16:28.862+0000] {processor.py:208} INFO - Processing /home/airflow/.local/lib/python3.12/site-packages/airflow/example_dags/example_kubernetes_executor.py took 0.217 seconds
[2024-11-30T03:16:59.645+0000] {processor.py:186} INFO - Started process (PID=12345) to work on /home/airflow/.local/lib/python3.12/site-packages/airflow/example_dags/example_kubernetes_executor.py
[2024-11-30T03:16:59.649+0000] {processor.py:914} INFO - Processing file /home/airflow/.local/lib/python3.12/site-packages/airflow/example_dags/example_kubernetes_executor.py for tasks to queue
[2024-11-30T03:16:59.659+0000] {logging_mixin.py:190} INFO - [2024-11-30T03:16:59.658+0000] {dagbag.py:588} INFO - Filling up the DagBag from /home/airflow/.local/lib/python3.12/site-packages/airflow/example_dags/example_kubernetes_executor.py
[2024-11-30T03:16:59.716+0000] {processor.py:925} INFO - DAG(s) 'example_kubernetes_executor' retrieved from /home/airflow/.local/lib/python3.12/site-packages/airflow/example_dags/example_kubernetes_executor.py
[2024-11-30T03:16:59.905+0000] {logging_mixin.py:190} INFO - [2024-11-30T03:16:59.904+0000] {dag.py:3239} INFO - Sync 1 DAGs
[2024-11-30T03:16:59.960+0000] {logging_mixin.py:190} INFO - [2024-11-30T03:16:59.959+0000] {dag.py:4180} INFO - Setting next_dagrun for example_kubernetes_executor to None, run_after=None
[2024-11-30T03:17:00.044+0000] {processor.py:208} INFO - Processing /home/airflow/.local/lib/python3.12/site-packages/airflow/example_dags/example_kubernetes_executor.py took 0.420 seconds
[2024-11-30T03:17:30.340+0000] {processor.py:186} INFO - Started process (PID=12408) to work on /home/airflow/.local/lib/python3.12/site-packages/airflow/example_dags/example_kubernetes_executor.py
[2024-11-30T03:17:30.342+0000] {processor.py:914} INFO - Processing file /home/airflow/.local/lib/python3.12/site-packages/airflow/example_dags/example_kubernetes_executor.py for tasks to queue
[2024-11-30T03:17:30.346+0000] {logging_mixin.py:190} INFO - [2024-11-30T03:17:30.346+0000] {dagbag.py:588} INFO - Filling up the DagBag from /home/airflow/.local/lib/python3.12/site-packages/airflow/example_dags/example_kubernetes_executor.py
[2024-11-30T03:17:30.386+0000] {processor.py:925} INFO - DAG(s) 'example_kubernetes_executor' retrieved from /home/airflow/.local/lib/python3.12/site-packages/airflow/example_dags/example_kubernetes_executor.py
[2024-11-30T03:17:30.488+0000] {logging_mixin.py:190} INFO - [2024-11-30T03:17:30.487+0000] {dag.py:3239} INFO - Sync 1 DAGs
[2024-11-30T03:17:30.522+0000] {logging_mixin.py:190} INFO - [2024-11-30T03:17:30.522+0000] {dag.py:4180} INFO - Setting next_dagrun for example_kubernetes_executor to None, run_after=None
[2024-11-30T03:17:30.557+0000] {processor.py:208} INFO - Processing /home/airflow/.local/lib/python3.12/site-packages/airflow/example_dags/example_kubernetes_executor.py took 0.227 seconds
[2024-11-30T03:18:00.884+0000] {processor.py:186} INFO - Started process (PID=12471) to work on /home/airflow/.local/lib/python3.12/site-packages/airflow/example_dags/example_kubernetes_executor.py
[2024-11-30T03:18:00.886+0000] {processor.py:914} INFO - Processing file /home/airflow/.local/lib/python3.12/site-packages/airflow/example_dags/example_kubernetes_executor.py for tasks to queue
[2024-11-30T03:18:00.892+0000] {logging_mixin.py:190} INFO - [2024-11-30T03:18:00.892+0000] {dagbag.py:588} INFO - Filling up the DagBag from /home/airflow/.local/lib/python3.12/site-packages/airflow/example_dags/example_kubernetes_executor.py
[2024-11-30T03:18:00.937+0000] {processor.py:925} INFO - DAG(s) 'example_kubernetes_executor' retrieved from /home/airflow/.local/lib/python3.12/site-packages/airflow/example_dags/example_kubernetes_executor.py
[2024-11-30T03:18:01.062+0000] {logging_mixin.py:190} INFO - [2024-11-30T03:18:01.061+0000] {dag.py:3239} INFO - Sync 1 DAGs
[2024-11-30T03:18:01.104+0000] {logging_mixin.py:190} INFO - [2024-11-30T03:18:01.103+0000] {dag.py:4180} INFO - Setting next_dagrun for example_kubernetes_executor to None, run_after=None
[2024-11-30T03:18:01.160+0000] {processor.py:208} INFO - Processing /home/airflow/.local/lib/python3.12/site-packages/airflow/example_dags/example_kubernetes_executor.py took 0.293 seconds
[2024-11-30T03:18:31.546+0000] {processor.py:186} INFO - Started process (PID=12534) to work on /home/airflow/.local/lib/python3.12/site-packages/airflow/example_dags/example_kubernetes_executor.py
[2024-11-30T03:18:31.551+0000] {processor.py:914} INFO - Processing file /home/airflow/.local/lib/python3.12/site-packages/airflow/example_dags/example_kubernetes_executor.py for tasks to queue
[2024-11-30T03:18:31.560+0000] {logging_mixin.py:190} INFO - [2024-11-30T03:18:31.559+0000] {dagbag.py:588} INFO - Filling up the DagBag from /home/airflow/.local/lib/python3.12/site-packages/airflow/example_dags/example_kubernetes_executor.py
[2024-11-30T03:18:31.631+0000] {processor.py:925} INFO - DAG(s) 'example_kubernetes_executor' retrieved from /home/airflow/.local/lib/python3.12/site-packages/airflow/example_dags/example_kubernetes_executor.py
[2024-11-30T03:18:31.839+0000] {logging_mixin.py:190} INFO - [2024-11-30T03:18:31.838+0000] {dag.py:3239} INFO - Sync 1 DAGs
[2024-11-30T03:18:31.883+0000] {logging_mixin.py:190} INFO - [2024-11-30T03:18:31.883+0000] {dag.py:4180} INFO - Setting next_dagrun for example_kubernetes_executor to None, run_after=None
[2024-11-30T03:18:31.929+0000] {processor.py:208} INFO - Processing /home/airflow/.local/lib/python3.12/site-packages/airflow/example_dags/example_kubernetes_executor.py took 0.417 seconds
[2024-11-30T03:19:02.099+0000] {processor.py:186} INFO - Started process (PID=12597) to work on /home/airflow/.local/lib/python3.12/site-packages/airflow/example_dags/example_kubernetes_executor.py
[2024-11-30T03:19:02.101+0000] {processor.py:914} INFO - Processing file /home/airflow/.local/lib/python3.12/site-packages/airflow/example_dags/example_kubernetes_executor.py for tasks to queue
[2024-11-30T03:19:02.107+0000] {logging_mixin.py:190} INFO - [2024-11-30T03:19:02.106+0000] {dagbag.py:588} INFO - Filling up the DagBag from /home/airflow/.local/lib/python3.12/site-packages/airflow/example_dags/example_kubernetes_executor.py
[2024-11-30T03:19:02.138+0000] {processor.py:925} INFO - DAG(s) 'example_kubernetes_executor' retrieved from /home/airflow/.local/lib/python3.12/site-packages/airflow/example_dags/example_kubernetes_executor.py
[2024-11-30T03:19:02.239+0000] {logging_mixin.py:190} INFO - [2024-11-30T03:19:02.238+0000] {dag.py:3239} INFO - Sync 1 DAGs
[2024-11-30T03:19:02.273+0000] {logging_mixin.py:190} INFO - [2024-11-30T03:19:02.273+0000] {dag.py:4180} INFO - Setting next_dagrun for example_kubernetes_executor to None, run_after=None
[2024-11-30T03:19:02.308+0000] {processor.py:208} INFO - Processing /home/airflow/.local/lib/python3.12/site-packages/airflow/example_dags/example_kubernetes_executor.py took 0.222 seconds
[2024-11-30T03:19:32.570+0000] {processor.py:186} INFO - Started process (PID=12660) to work on /home/airflow/.local/lib/python3.12/site-packages/airflow/example_dags/example_kubernetes_executor.py
[2024-11-30T03:19:32.577+0000] {processor.py:914} INFO - Processing file /home/airflow/.local/lib/python3.12/site-packages/airflow/example_dags/example_kubernetes_executor.py for tasks to queue
[2024-11-30T03:19:32.589+0000] {logging_mixin.py:190} INFO - [2024-11-30T03:19:32.588+0000] {dagbag.py:588} INFO - Filling up the DagBag from /home/airflow/.local/lib/python3.12/site-packages/airflow/example_dags/example_kubernetes_executor.py
[2024-11-30T03:19:32.658+0000] {processor.py:925} INFO - DAG(s) 'example_kubernetes_executor' retrieved from /home/airflow/.local/lib/python3.12/site-packages/airflow/example_dags/example_kubernetes_executor.py
[2024-11-30T03:19:32.823+0000] {logging_mixin.py:190} INFO - [2024-11-30T03:19:32.822+0000] {dag.py:3239} INFO - Sync 1 DAGs
[2024-11-30T03:19:32.856+0000] {logging_mixin.py:190} INFO - [2024-11-30T03:19:32.856+0000] {dag.py:4180} INFO - Setting next_dagrun for example_kubernetes_executor to None, run_after=None
[2024-11-30T03:19:32.902+0000] {processor.py:208} INFO - Processing /home/airflow/.local/lib/python3.12/site-packages/airflow/example_dags/example_kubernetes_executor.py took 0.369 seconds
[2024-11-30T03:20:03.215+0000] {processor.py:186} INFO - Started process (PID=12723) to work on /home/airflow/.local/lib/python3.12/site-packages/airflow/example_dags/example_kubernetes_executor.py
[2024-11-30T03:20:03.217+0000] {processor.py:914} INFO - Processing file /home/airflow/.local/lib/python3.12/site-packages/airflow/example_dags/example_kubernetes_executor.py for tasks to queue
[2024-11-30T03:20:03.223+0000] {logging_mixin.py:190} INFO - [2024-11-30T03:20:03.222+0000] {dagbag.py:588} INFO - Filling up the DagBag from /home/airflow/.local/lib/python3.12/site-packages/airflow/example_dags/example_kubernetes_executor.py
[2024-11-30T03:20:03.250+0000] {processor.py:925} INFO - DAG(s) 'example_kubernetes_executor' retrieved from /home/airflow/.local/lib/python3.12/site-packages/airflow/example_dags/example_kubernetes_executor.py
[2024-11-30T03:20:03.323+0000] {logging_mixin.py:190} INFO - [2024-11-30T03:20:03.322+0000] {dag.py:3239} INFO - Sync 1 DAGs
[2024-11-30T03:20:03.346+0000] {logging_mixin.py:190} INFO - [2024-11-30T03:20:03.345+0000] {dag.py:4180} INFO - Setting next_dagrun for example_kubernetes_executor to None, run_after=None
[2024-11-30T03:20:03.379+0000] {processor.py:208} INFO - Processing /home/airflow/.local/lib/python3.12/site-packages/airflow/example_dags/example_kubernetes_executor.py took 0.175 seconds
[2024-11-30T03:21:15.231+0000] {processor.py:186} INFO - Started process (PID=12760) to work on /home/airflow/.local/lib/python3.12/site-packages/airflow/example_dags/example_kubernetes_executor.py
[2024-11-30T03:21:15.235+0000] {processor.py:914} INFO - Processing file /home/airflow/.local/lib/python3.12/site-packages/airflow/example_dags/example_kubernetes_executor.py for tasks to queue
[2024-11-30T03:21:15.252+0000] {logging_mixin.py:190} INFO - [2024-11-30T03:21:15.251+0000] {dagbag.py:588} INFO - Filling up the DagBag from /home/airflow/.local/lib/python3.12/site-packages/airflow/example_dags/example_kubernetes_executor.py
[2024-11-30T03:21:15.321+0000] {processor.py:925} INFO - DAG(s) 'example_kubernetes_executor' retrieved from /home/airflow/.local/lib/python3.12/site-packages/airflow/example_dags/example_kubernetes_executor.py
[2024-11-30T03:21:15.671+0000] {logging_mixin.py:190} INFO - [2024-11-30T03:21:15.670+0000] {dag.py:3239} INFO - Sync 1 DAGs
[2024-11-30T03:21:15.798+0000] {logging_mixin.py:190} INFO - [2024-11-30T03:21:15.797+0000] {dag.py:4180} INFO - Setting next_dagrun for example_kubernetes_executor to None, run_after=None
[2024-11-30T03:21:15.936+0000] {processor.py:208} INFO - Processing /home/airflow/.local/lib/python3.12/site-packages/airflow/example_dags/example_kubernetes_executor.py took 0.728 seconds
[2024-11-30T03:21:46.630+0000] {processor.py:186} INFO - Started process (PID=12823) to work on /home/airflow/.local/lib/python3.12/site-packages/airflow/example_dags/example_kubernetes_executor.py
[2024-11-30T03:21:46.632+0000] {processor.py:914} INFO - Processing file /home/airflow/.local/lib/python3.12/site-packages/airflow/example_dags/example_kubernetes_executor.py for tasks to queue
[2024-11-30T03:21:46.636+0000] {logging_mixin.py:190} INFO - [2024-11-30T03:21:46.635+0000] {dagbag.py:588} INFO - Filling up the DagBag from /home/airflow/.local/lib/python3.12/site-packages/airflow/example_dags/example_kubernetes_executor.py
[2024-11-30T03:21:46.670+0000] {processor.py:925} INFO - DAG(s) 'example_kubernetes_executor' retrieved from /home/airflow/.local/lib/python3.12/site-packages/airflow/example_dags/example_kubernetes_executor.py
[2024-11-30T03:21:46.773+0000] {logging_mixin.py:190} INFO - [2024-11-30T03:21:46.773+0000] {dag.py:3239} INFO - Sync 1 DAGs
[2024-11-30T03:21:46.801+0000] {logging_mixin.py:190} INFO - [2024-11-30T03:21:46.801+0000] {dag.py:4180} INFO - Setting next_dagrun for example_kubernetes_executor to None, run_after=None
[2024-11-30T03:21:46.838+0000] {processor.py:208} INFO - Processing /home/airflow/.local/lib/python3.12/site-packages/airflow/example_dags/example_kubernetes_executor.py took 0.221 seconds
