[2024-11-30T03:16:05.682+0000] {processor.py:186} INFO - Started process (PID=12254) to work on /home/airflow/.local/lib/python3.12/site-packages/airflow/example_dags/example_branch_python_dop_operator_3.py
[2024-11-30T03:16:05.684+0000] {processor.py:914} INFO - Processing file /home/airflow/.local/lib/python3.12/site-packages/airflow/example_dags/example_branch_python_dop_operator_3.py for tasks to queue
[2024-11-30T03:16:05.689+0000] {logging_mixin.py:190} INFO - [2024-11-30T03:16:05.688+0000] {dagbag.py:588} INFO - Filling up the DagBag from /home/airflow/.local/lib/python3.12/site-packages/airflow/example_dags/example_branch_python_dop_operator_3.py
[2024-11-30T03:16:05.712+0000] {processor.py:925} INFO - DAG(s) 'example_branch_dop_operator_v3' retrieved from /home/airflow/.local/lib/python3.12/site-packages/airflow/example_dags/example_branch_python_dop_operator_3.py
[2024-11-30T03:16:05.752+0000] {logging_mixin.py:190} INFO - [2024-11-30T03:16:05.752+0000] {dag.py:3239} INFO - Sync 1 DAGs
[2024-11-30T03:16:05.800+0000] {logging_mixin.py:190} INFO - [2024-11-30T03:16:05.799+0000] {dag.py:4180} INFO - Setting next_dagrun for example_branch_dop_operator_v3 to 2024-11-30 03:15:00+00:00, run_after=2024-11-30 03:16:00+00:00
[2024-11-30T03:16:05.837+0000] {processor.py:208} INFO - Processing /home/airflow/.local/lib/python3.12/site-packages/airflow/example_dags/example_branch_python_dop_operator_3.py took 0.169 seconds
[2024-11-30T03:16:36.632+0000] {processor.py:186} INFO - Started process (PID=12317) to work on /home/airflow/.local/lib/python3.12/site-packages/airflow/example_dags/example_branch_python_dop_operator_3.py
[2024-11-30T03:16:36.634+0000] {processor.py:914} INFO - Processing file /home/airflow/.local/lib/python3.12/site-packages/airflow/example_dags/example_branch_python_dop_operator_3.py for tasks to queue
[2024-11-30T03:16:36.639+0000] {logging_mixin.py:190} INFO - [2024-11-30T03:16:36.638+0000] {dagbag.py:588} INFO - Filling up the DagBag from /home/airflow/.local/lib/python3.12/site-packages/airflow/example_dags/example_branch_python_dop_operator_3.py
[2024-11-30T03:16:36.663+0000] {processor.py:925} INFO - DAG(s) 'example_branch_dop_operator_v3' retrieved from /home/airflow/.local/lib/python3.12/site-packages/airflow/example_dags/example_branch_python_dop_operator_3.py
[2024-11-30T03:16:36.709+0000] {logging_mixin.py:190} INFO - [2024-11-30T03:16:36.709+0000] {dag.py:3239} INFO - Sync 1 DAGs
[2024-11-30T03:16:36.767+0000] {logging_mixin.py:190} INFO - [2024-11-30T03:16:36.766+0000] {dag.py:4180} INFO - Setting next_dagrun for example_branch_dop_operator_v3 to 2024-11-30 03:15:00+00:00, run_after=2024-11-30 03:16:00+00:00
[2024-11-30T03:16:36.806+0000] {processor.py:208} INFO - Processing /home/airflow/.local/lib/python3.12/site-packages/airflow/example_dags/example_branch_python_dop_operator_3.py took 0.187 seconds
[2024-11-30T03:17:08.087+0000] {processor.py:186} INFO - Started process (PID=12379) to work on /home/airflow/.local/lib/python3.12/site-packages/airflow/example_dags/example_branch_python_dop_operator_3.py
[2024-11-30T03:17:08.093+0000] {processor.py:914} INFO - Processing file /home/airflow/.local/lib/python3.12/site-packages/airflow/example_dags/example_branch_python_dop_operator_3.py for tasks to queue
[2024-11-30T03:17:08.104+0000] {logging_mixin.py:190} INFO - [2024-11-30T03:17:08.102+0000] {dagbag.py:588} INFO - Filling up the DagBag from /home/airflow/.local/lib/python3.12/site-packages/airflow/example_dags/example_branch_python_dop_operator_3.py
[2024-11-30T03:17:08.156+0000] {processor.py:925} INFO - DAG(s) 'example_branch_dop_operator_v3' retrieved from /home/airflow/.local/lib/python3.12/site-packages/airflow/example_dags/example_branch_python_dop_operator_3.py
[2024-11-30T03:17:08.259+0000] {logging_mixin.py:190} INFO - [2024-11-30T03:17:08.258+0000] {dag.py:3239} INFO - Sync 1 DAGs
[2024-11-30T03:17:08.343+0000] {logging_mixin.py:190} INFO - [2024-11-30T03:17:08.343+0000] {dag.py:4180} INFO - Setting next_dagrun for example_branch_dop_operator_v3 to 2024-11-30 03:16:00+00:00, run_after=2024-11-30 03:17:00+00:00
[2024-11-30T03:17:08.396+0000] {processor.py:208} INFO - Processing /home/airflow/.local/lib/python3.12/site-packages/airflow/example_dags/example_branch_python_dop_operator_3.py took 0.334 seconds
[2024-11-30T03:17:38.590+0000] {processor.py:186} INFO - Started process (PID=12442) to work on /home/airflow/.local/lib/python3.12/site-packages/airflow/example_dags/example_branch_python_dop_operator_3.py
[2024-11-30T03:17:38.591+0000] {processor.py:914} INFO - Processing file /home/airflow/.local/lib/python3.12/site-packages/airflow/example_dags/example_branch_python_dop_operator_3.py for tasks to queue
[2024-11-30T03:17:38.596+0000] {logging_mixin.py:190} INFO - [2024-11-30T03:17:38.595+0000] {dagbag.py:588} INFO - Filling up the DagBag from /home/airflow/.local/lib/python3.12/site-packages/airflow/example_dags/example_branch_python_dop_operator_3.py
[2024-11-30T03:17:38.613+0000] {processor.py:925} INFO - DAG(s) 'example_branch_dop_operator_v3' retrieved from /home/airflow/.local/lib/python3.12/site-packages/airflow/example_dags/example_branch_python_dop_operator_3.py
[2024-11-30T03:17:38.648+0000] {logging_mixin.py:190} INFO - [2024-11-30T03:17:38.647+0000] {dag.py:3239} INFO - Sync 1 DAGs
[2024-11-30T03:17:38.698+0000] {logging_mixin.py:190} INFO - [2024-11-30T03:17:38.697+0000] {dag.py:4180} INFO - Setting next_dagrun for example_branch_dop_operator_v3 to 2024-11-30 03:16:00+00:00, run_after=2024-11-30 03:17:00+00:00
[2024-11-30T03:17:38.740+0000] {processor.py:208} INFO - Processing /home/airflow/.local/lib/python3.12/site-packages/airflow/example_dags/example_branch_python_dop_operator_3.py took 0.160 seconds
[2024-11-30T03:18:09.639+0000] {processor.py:186} INFO - Started process (PID=12504) to work on /home/airflow/.local/lib/python3.12/site-packages/airflow/example_dags/example_branch_python_dop_operator_3.py
[2024-11-30T03:18:09.642+0000] {processor.py:914} INFO - Processing file /home/airflow/.local/lib/python3.12/site-packages/airflow/example_dags/example_branch_python_dop_operator_3.py for tasks to queue
[2024-11-30T03:18:09.648+0000] {logging_mixin.py:190} INFO - [2024-11-30T03:18:09.647+0000] {dagbag.py:588} INFO - Filling up the DagBag from /home/airflow/.local/lib/python3.12/site-packages/airflow/example_dags/example_branch_python_dop_operator_3.py
[2024-11-30T03:18:09.680+0000] {processor.py:925} INFO - DAG(s) 'example_branch_dop_operator_v3' retrieved from /home/airflow/.local/lib/python3.12/site-packages/airflow/example_dags/example_branch_python_dop_operator_3.py
[2024-11-30T03:18:09.737+0000] {logging_mixin.py:190} INFO - [2024-11-30T03:18:09.737+0000] {dag.py:3239} INFO - Sync 1 DAGs
[2024-11-30T03:18:09.811+0000] {logging_mixin.py:190} INFO - [2024-11-30T03:18:09.811+0000] {dag.py:4180} INFO - Setting next_dagrun for example_branch_dop_operator_v3 to 2024-11-30 03:17:00+00:00, run_after=2024-11-30 03:18:00+00:00
[2024-11-30T03:18:09.855+0000] {processor.py:208} INFO - Processing /home/airflow/.local/lib/python3.12/site-packages/airflow/example_dags/example_branch_python_dop_operator_3.py took 0.233 seconds
[2024-11-30T03:18:45.892+0000] {processor.py:186} INFO - Started process (PID=12568) to work on /home/airflow/.local/lib/python3.12/site-packages/airflow/example_dags/example_branch_python_dop_operator_3.py
[2024-11-30T03:18:45.894+0000] {processor.py:914} INFO - Processing file /home/airflow/.local/lib/python3.12/site-packages/airflow/example_dags/example_branch_python_dop_operator_3.py for tasks to queue
[2024-11-30T03:18:45.902+0000] {logging_mixin.py:190} INFO - [2024-11-30T03:18:45.901+0000] {dagbag.py:588} INFO - Filling up the DagBag from /home/airflow/.local/lib/python3.12/site-packages/airflow/example_dags/example_branch_python_dop_operator_3.py
[2024-11-30T03:18:45.927+0000] {processor.py:925} INFO - DAG(s) 'example_branch_dop_operator_v3' retrieved from /home/airflow/.local/lib/python3.12/site-packages/airflow/example_dags/example_branch_python_dop_operator_3.py
[2024-11-30T03:18:45.965+0000] {logging_mixin.py:190} INFO - [2024-11-30T03:18:45.964+0000] {dag.py:3239} INFO - Sync 1 DAGs
[2024-11-30T03:18:46.027+0000] {logging_mixin.py:190} INFO - [2024-11-30T03:18:46.027+0000] {dag.py:4180} INFO - Setting next_dagrun for example_branch_dop_operator_v3 to 2024-11-30 03:17:00+00:00, run_after=2024-11-30 03:18:00+00:00
[2024-11-30T03:18:46.066+0000] {processor.py:208} INFO - Processing /home/airflow/.local/lib/python3.12/site-packages/airflow/example_dags/example_branch_python_dop_operator_3.py took 0.187 seconds
[2024-11-30T03:19:17.192+0000] {processor.py:186} INFO - Started process (PID=12631) to work on /home/airflow/.local/lib/python3.12/site-packages/airflow/example_dags/example_branch_python_dop_operator_3.py
[2024-11-30T03:19:17.194+0000] {processor.py:914} INFO - Processing file /home/airflow/.local/lib/python3.12/site-packages/airflow/example_dags/example_branch_python_dop_operator_3.py for tasks to queue
[2024-11-30T03:19:17.201+0000] {logging_mixin.py:190} INFO - [2024-11-30T03:19:17.200+0000] {dagbag.py:588} INFO - Filling up the DagBag from /home/airflow/.local/lib/python3.12/site-packages/airflow/example_dags/example_branch_python_dop_operator_3.py
[2024-11-30T03:19:17.229+0000] {processor.py:925} INFO - DAG(s) 'example_branch_dop_operator_v3' retrieved from /home/airflow/.local/lib/python3.12/site-packages/airflow/example_dags/example_branch_python_dop_operator_3.py
[2024-11-30T03:19:17.283+0000] {logging_mixin.py:190} INFO - [2024-11-30T03:19:17.282+0000] {dag.py:3239} INFO - Sync 1 DAGs
[2024-11-30T03:19:17.347+0000] {logging_mixin.py:190} INFO - [2024-11-30T03:19:17.346+0000] {dag.py:4180} INFO - Setting next_dagrun for example_branch_dop_operator_v3 to 2024-11-30 03:18:00+00:00, run_after=2024-11-30 03:19:00+00:00
[2024-11-30T03:19:17.393+0000] {processor.py:208} INFO - Processing /home/airflow/.local/lib/python3.12/site-packages/airflow/example_dags/example_branch_python_dop_operator_3.py took 0.217 seconds
[2024-11-30T03:19:49.448+0000] {processor.py:186} INFO - Started process (PID=12694) to work on /home/airflow/.local/lib/python3.12/site-packages/airflow/example_dags/example_branch_python_dop_operator_3.py
[2024-11-30T03:19:49.451+0000] {processor.py:914} INFO - Processing file /home/airflow/.local/lib/python3.12/site-packages/airflow/example_dags/example_branch_python_dop_operator_3.py for tasks to queue
[2024-11-30T03:19:49.460+0000] {logging_mixin.py:190} INFO - [2024-11-30T03:19:49.459+0000] {dagbag.py:588} INFO - Filling up the DagBag from /home/airflow/.local/lib/python3.12/site-packages/airflow/example_dags/example_branch_python_dop_operator_3.py
[2024-11-30T03:19:49.503+0000] {processor.py:925} INFO - DAG(s) 'example_branch_dop_operator_v3' retrieved from /home/airflow/.local/lib/python3.12/site-packages/airflow/example_dags/example_branch_python_dop_operator_3.py
[2024-11-30T03:19:49.551+0000] {logging_mixin.py:190} INFO - [2024-11-30T03:19:49.550+0000] {dag.py:3239} INFO - Sync 1 DAGs
[2024-11-30T03:19:49.615+0000] {logging_mixin.py:190} INFO - [2024-11-30T03:19:49.615+0000] {dag.py:4180} INFO - Setting next_dagrun for example_branch_dop_operator_v3 to 2024-11-30 03:18:00+00:00, run_after=2024-11-30 03:19:00+00:00
[2024-11-30T03:19:49.670+0000] {processor.py:208} INFO - Processing /home/airflow/.local/lib/python3.12/site-packages/airflow/example_dags/example_branch_python_dop_operator_3.py took 0.240 seconds
[2024-11-30T03:21:24.627+0000] {processor.py:186} INFO - Started process (PID=12795) to work on /home/airflow/.local/lib/python3.12/site-packages/airflow/example_dags/example_branch_python_dop_operator_3.py
[2024-11-30T03:21:24.629+0000] {processor.py:914} INFO - Processing file /home/airflow/.local/lib/python3.12/site-packages/airflow/example_dags/example_branch_python_dop_operator_3.py for tasks to queue
[2024-11-30T03:21:24.634+0000] {logging_mixin.py:190} INFO - [2024-11-30T03:21:24.634+0000] {dagbag.py:588} INFO - Filling up the DagBag from /home/airflow/.local/lib/python3.12/site-packages/airflow/example_dags/example_branch_python_dop_operator_3.py
[2024-11-30T03:21:24.659+0000] {processor.py:925} INFO - DAG(s) 'example_branch_dop_operator_v3' retrieved from /home/airflow/.local/lib/python3.12/site-packages/airflow/example_dags/example_branch_python_dop_operator_3.py
[2024-11-30T03:21:24.720+0000] {logging_mixin.py:190} INFO - [2024-11-30T03:21:24.719+0000] {dag.py:3239} INFO - Sync 1 DAGs
[2024-11-30T03:21:24.845+0000] {logging_mixin.py:190} INFO - [2024-11-30T03:21:24.845+0000] {dag.py:4180} INFO - Setting next_dagrun for example_branch_dop_operator_v3 to 2024-11-30 03:20:00+00:00, run_after=2024-11-30 03:21:00+00:00
[2024-11-30T03:21:24.889+0000] {processor.py:208} INFO - Processing /home/airflow/.local/lib/python3.12/site-packages/airflow/example_dags/example_branch_python_dop_operator_3.py took 0.275 seconds
