[2024-11-30T03:16:06.639+0000] {processor.py:186} INFO - Started process (PID=12257) to work on /home/airflow/.local/lib/python3.12/site-packages/airflow/example_dags/example_latest_only_with_trigger.py
[2024-11-30T03:16:06.642+0000] {processor.py:914} INFO - Processing file /home/airflow/.local/lib/python3.12/site-packages/airflow/example_dags/example_latest_only_with_trigger.py for tasks to queue
[2024-11-30T03:16:06.649+0000] {logging_mixin.py:190} INFO - [2024-11-30T03:16:06.647+0000] {dagbag.py:588} INFO - Filling up the DagBag from /home/airflow/.local/lib/python3.12/site-packages/airflow/example_dags/example_latest_only_with_trigger.py
[2024-11-30T03:16:06.669+0000] {processor.py:925} INFO - DAG(s) 'latest_only_with_trigger' retrieved from /home/airflow/.local/lib/python3.12/site-packages/airflow/example_dags/example_latest_only_with_trigger.py
[2024-11-30T03:16:06.715+0000] {logging_mixin.py:190} INFO - [2024-11-30T03:16:06.714+0000] {dag.py:3239} INFO - Sync 1 DAGs
[2024-11-30T03:16:06.752+0000] {logging_mixin.py:190} INFO - [2024-11-30T03:16:06.752+0000] {dag.py:4180} INFO - Setting next_dagrun for latest_only_with_trigger to 2024-11-29 20:00:00+00:00, run_after=2024-11-30 00:00:00+00:00
[2024-11-30T03:16:06.783+0000] {processor.py:208} INFO - Processing /home/airflow/.local/lib/python3.12/site-packages/airflow/example_dags/example_latest_only_with_trigger.py took 0.158 seconds
[2024-11-30T03:16:37.285+0000] {processor.py:186} INFO - Started process (PID=12320) to work on /home/airflow/.local/lib/python3.12/site-packages/airflow/example_dags/example_latest_only_with_trigger.py
[2024-11-30T03:16:37.286+0000] {processor.py:914} INFO - Processing file /home/airflow/.local/lib/python3.12/site-packages/airflow/example_dags/example_latest_only_with_trigger.py for tasks to queue
[2024-11-30T03:16:37.291+0000] {logging_mixin.py:190} INFO - [2024-11-30T03:16:37.290+0000] {dagbag.py:588} INFO - Filling up the DagBag from /home/airflow/.local/lib/python3.12/site-packages/airflow/example_dags/example_latest_only_with_trigger.py
[2024-11-30T03:16:37.305+0000] {processor.py:925} INFO - DAG(s) 'latest_only_with_trigger' retrieved from /home/airflow/.local/lib/python3.12/site-packages/airflow/example_dags/example_latest_only_with_trigger.py
[2024-11-30T03:16:37.342+0000] {logging_mixin.py:190} INFO - [2024-11-30T03:16:37.341+0000] {dag.py:3239} INFO - Sync 1 DAGs
[2024-11-30T03:16:37.380+0000] {logging_mixin.py:190} INFO - [2024-11-30T03:16:37.380+0000] {dag.py:4180} INFO - Setting next_dagrun for latest_only_with_trigger to 2024-11-29 20:00:00+00:00, run_after=2024-11-30 00:00:00+00:00
[2024-11-30T03:16:37.418+0000] {processor.py:208} INFO - Processing /home/airflow/.local/lib/python3.12/site-packages/airflow/example_dags/example_latest_only_with_trigger.py took 0.144 seconds
[2024-11-30T03:17:09.289+0000] {processor.py:186} INFO - Started process (PID=12383) to work on /home/airflow/.local/lib/python3.12/site-packages/airflow/example_dags/example_latest_only_with_trigger.py
[2024-11-30T03:17:09.292+0000] {processor.py:914} INFO - Processing file /home/airflow/.local/lib/python3.12/site-packages/airflow/example_dags/example_latest_only_with_trigger.py for tasks to queue
[2024-11-30T03:17:09.300+0000] {logging_mixin.py:190} INFO - [2024-11-30T03:17:09.299+0000] {dagbag.py:588} INFO - Filling up the DagBag from /home/airflow/.local/lib/python3.12/site-packages/airflow/example_dags/example_latest_only_with_trigger.py
[2024-11-30T03:17:09.326+0000] {processor.py:925} INFO - DAG(s) 'latest_only_with_trigger' retrieved from /home/airflow/.local/lib/python3.12/site-packages/airflow/example_dags/example_latest_only_with_trigger.py
[2024-11-30T03:17:09.389+0000] {logging_mixin.py:190} INFO - [2024-11-30T03:17:09.389+0000] {dag.py:3239} INFO - Sync 1 DAGs
[2024-11-30T03:17:09.451+0000] {logging_mixin.py:190} INFO - [2024-11-30T03:17:09.451+0000] {dag.py:4180} INFO - Setting next_dagrun for latest_only_with_trigger to 2024-11-29 20:00:00+00:00, run_after=2024-11-30 00:00:00+00:00
[2024-11-30T03:17:09.481+0000] {processor.py:208} INFO - Processing /home/airflow/.local/lib/python3.12/site-packages/airflow/example_dags/example_latest_only_with_trigger.py took 0.212 seconds
[2024-11-30T03:17:39.722+0000] {processor.py:186} INFO - Started process (PID=12445) to work on /home/airflow/.local/lib/python3.12/site-packages/airflow/example_dags/example_latest_only_with_trigger.py
[2024-11-30T03:17:39.724+0000] {processor.py:914} INFO - Processing file /home/airflow/.local/lib/python3.12/site-packages/airflow/example_dags/example_latest_only_with_trigger.py for tasks to queue
[2024-11-30T03:17:39.727+0000] {logging_mixin.py:190} INFO - [2024-11-30T03:17:39.727+0000] {dagbag.py:588} INFO - Filling up the DagBag from /home/airflow/.local/lib/python3.12/site-packages/airflow/example_dags/example_latest_only_with_trigger.py
[2024-11-30T03:17:39.738+0000] {processor.py:925} INFO - DAG(s) 'latest_only_with_trigger' retrieved from /home/airflow/.local/lib/python3.12/site-packages/airflow/example_dags/example_latest_only_with_trigger.py
[2024-11-30T03:17:39.771+0000] {logging_mixin.py:190} INFO - [2024-11-30T03:17:39.771+0000] {dag.py:3239} INFO - Sync 1 DAGs
[2024-11-30T03:17:39.806+0000] {logging_mixin.py:190} INFO - [2024-11-30T03:17:39.806+0000] {dag.py:4180} INFO - Setting next_dagrun for latest_only_with_trigger to 2024-11-29 20:00:00+00:00, run_after=2024-11-30 00:00:00+00:00
[2024-11-30T03:17:39.849+0000] {processor.py:208} INFO - Processing /home/airflow/.local/lib/python3.12/site-packages/airflow/example_dags/example_latest_only_with_trigger.py took 0.136 seconds
[2024-11-30T03:18:10.325+0000] {processor.py:186} INFO - Started process (PID=12508) to work on /home/airflow/.local/lib/python3.12/site-packages/airflow/example_dags/example_latest_only_with_trigger.py
[2024-11-30T03:18:10.326+0000] {processor.py:914} INFO - Processing file /home/airflow/.local/lib/python3.12/site-packages/airflow/example_dags/example_latest_only_with_trigger.py for tasks to queue
[2024-11-30T03:18:10.331+0000] {logging_mixin.py:190} INFO - [2024-11-30T03:18:10.330+0000] {dagbag.py:588} INFO - Filling up the DagBag from /home/airflow/.local/lib/python3.12/site-packages/airflow/example_dags/example_latest_only_with_trigger.py
[2024-11-30T03:18:10.344+0000] {processor.py:925} INFO - DAG(s) 'latest_only_with_trigger' retrieved from /home/airflow/.local/lib/python3.12/site-packages/airflow/example_dags/example_latest_only_with_trigger.py
[2024-11-30T03:18:10.377+0000] {logging_mixin.py:190} INFO - [2024-11-30T03:18:10.377+0000] {dag.py:3239} INFO - Sync 1 DAGs
[2024-11-30T03:18:10.409+0000] {logging_mixin.py:190} INFO - [2024-11-30T03:18:10.408+0000] {dag.py:4180} INFO - Setting next_dagrun for latest_only_with_trigger to 2024-11-29 20:00:00+00:00, run_after=2024-11-30 00:00:00+00:00
[2024-11-30T03:18:10.449+0000] {processor.py:208} INFO - Processing /home/airflow/.local/lib/python3.12/site-packages/airflow/example_dags/example_latest_only_with_trigger.py took 0.135 seconds
[2024-11-30T03:18:46.269+0000] {processor.py:186} INFO - Started process (PID=12571) to work on /home/airflow/.local/lib/python3.12/site-packages/airflow/example_dags/example_latest_only_with_trigger.py
[2024-11-30T03:18:46.270+0000] {processor.py:914} INFO - Processing file /home/airflow/.local/lib/python3.12/site-packages/airflow/example_dags/example_latest_only_with_trigger.py for tasks to queue
[2024-11-30T03:18:46.277+0000] {logging_mixin.py:190} INFO - [2024-11-30T03:18:46.276+0000] {dagbag.py:588} INFO - Filling up the DagBag from /home/airflow/.local/lib/python3.12/site-packages/airflow/example_dags/example_latest_only_with_trigger.py
[2024-11-30T03:18:46.292+0000] {processor.py:925} INFO - DAG(s) 'latest_only_with_trigger' retrieved from /home/airflow/.local/lib/python3.12/site-packages/airflow/example_dags/example_latest_only_with_trigger.py
[2024-11-30T03:18:46.338+0000] {logging_mixin.py:190} INFO - [2024-11-30T03:18:46.337+0000] {dag.py:3239} INFO - Sync 1 DAGs
[2024-11-30T03:18:46.384+0000] {logging_mixin.py:190} INFO - [2024-11-30T03:18:46.383+0000] {dag.py:4180} INFO - Setting next_dagrun for latest_only_with_trigger to 2024-11-29 20:00:00+00:00, run_after=2024-11-30 00:00:00+00:00
[2024-11-30T03:18:46.422+0000] {processor.py:208} INFO - Processing /home/airflow/.local/lib/python3.12/site-packages/airflow/example_dags/example_latest_only_with_trigger.py took 0.166 seconds
[2024-11-30T03:19:17.668+0000] {processor.py:186} INFO - Started process (PID=12634) to work on /home/airflow/.local/lib/python3.12/site-packages/airflow/example_dags/example_latest_only_with_trigger.py
[2024-11-30T03:19:17.670+0000] {processor.py:914} INFO - Processing file /home/airflow/.local/lib/python3.12/site-packages/airflow/example_dags/example_latest_only_with_trigger.py for tasks to queue
[2024-11-30T03:19:17.674+0000] {logging_mixin.py:190} INFO - [2024-11-30T03:19:17.674+0000] {dagbag.py:588} INFO - Filling up the DagBag from /home/airflow/.local/lib/python3.12/site-packages/airflow/example_dags/example_latest_only_with_trigger.py
[2024-11-30T03:19:17.688+0000] {processor.py:925} INFO - DAG(s) 'latest_only_with_trigger' retrieved from /home/airflow/.local/lib/python3.12/site-packages/airflow/example_dags/example_latest_only_with_trigger.py
[2024-11-30T03:19:17.721+0000] {logging_mixin.py:190} INFO - [2024-11-30T03:19:17.720+0000] {dag.py:3239} INFO - Sync 1 DAGs
[2024-11-30T03:19:17.791+0000] {logging_mixin.py:190} INFO - [2024-11-30T03:19:17.791+0000] {dag.py:4180} INFO - Setting next_dagrun for latest_only_with_trigger to 2024-11-29 20:00:00+00:00, run_after=2024-11-30 00:00:00+00:00
[2024-11-30T03:19:17.863+0000] {processor.py:208} INFO - Processing /home/airflow/.local/lib/python3.12/site-packages/airflow/example_dags/example_latest_only_with_trigger.py took 0.210 seconds
[2024-11-30T03:19:49.853+0000] {processor.py:186} INFO - Started process (PID=12697) to work on /home/airflow/.local/lib/python3.12/site-packages/airflow/example_dags/example_latest_only_with_trigger.py
[2024-11-30T03:19:49.855+0000] {processor.py:914} INFO - Processing file /home/airflow/.local/lib/python3.12/site-packages/airflow/example_dags/example_latest_only_with_trigger.py for tasks to queue
[2024-11-30T03:19:49.859+0000] {logging_mixin.py:190} INFO - [2024-11-30T03:19:49.859+0000] {dagbag.py:588} INFO - Filling up the DagBag from /home/airflow/.local/lib/python3.12/site-packages/airflow/example_dags/example_latest_only_with_trigger.py
[2024-11-30T03:19:49.872+0000] {processor.py:925} INFO - DAG(s) 'latest_only_with_trigger' retrieved from /home/airflow/.local/lib/python3.12/site-packages/airflow/example_dags/example_latest_only_with_trigger.py
[2024-11-30T03:19:49.910+0000] {logging_mixin.py:190} INFO - [2024-11-30T03:19:49.909+0000] {dag.py:3239} INFO - Sync 1 DAGs
[2024-11-30T03:19:49.959+0000] {logging_mixin.py:190} INFO - [2024-11-30T03:19:49.958+0000] {dag.py:4180} INFO - Setting next_dagrun for latest_only_with_trigger to 2024-11-29 20:00:00+00:00, run_after=2024-11-30 00:00:00+00:00
[2024-11-30T03:19:50.008+0000] {processor.py:208} INFO - Processing /home/airflow/.local/lib/python3.12/site-packages/airflow/example_dags/example_latest_only_with_trigger.py took 0.166 seconds
[2024-11-30T03:21:25.422+0000] {processor.py:186} INFO - Started process (PID=12798) to work on /home/airflow/.local/lib/python3.12/site-packages/airflow/example_dags/example_latest_only_with_trigger.py
[2024-11-30T03:21:25.424+0000] {processor.py:914} INFO - Processing file /home/airflow/.local/lib/python3.12/site-packages/airflow/example_dags/example_latest_only_with_trigger.py for tasks to queue
[2024-11-30T03:21:25.430+0000] {logging_mixin.py:190} INFO - [2024-11-30T03:21:25.429+0000] {dagbag.py:588} INFO - Filling up the DagBag from /home/airflow/.local/lib/python3.12/site-packages/airflow/example_dags/example_latest_only_with_trigger.py
[2024-11-30T03:21:25.443+0000] {processor.py:925} INFO - DAG(s) 'latest_only_with_trigger' retrieved from /home/airflow/.local/lib/python3.12/site-packages/airflow/example_dags/example_latest_only_with_trigger.py
[2024-11-30T03:21:25.500+0000] {logging_mixin.py:190} INFO - [2024-11-30T03:21:25.499+0000] {dag.py:3239} INFO - Sync 1 DAGs
[2024-11-30T03:21:25.594+0000] {logging_mixin.py:190} INFO - [2024-11-30T03:21:25.593+0000] {dag.py:4180} INFO - Setting next_dagrun for latest_only_with_trigger to 2024-11-29 20:00:00+00:00, run_after=2024-11-30 00:00:00+00:00
[2024-11-30T03:21:25.679+0000] {processor.py:208} INFO - Processing /home/airflow/.local/lib/python3.12/site-packages/airflow/example_dags/example_latest_only_with_trigger.py took 0.270 seconds
