[2024-11-30T03:16:02.136+0000] {processor.py:186} INFO - Started process (PID=12237) to work on /home/airflow/.local/lib/python3.12/site-packages/airflow/example_dags/example_datasets.py
[2024-11-30T03:16:02.138+0000] {processor.py:914} INFO - Processing file /home/airflow/.local/lib/python3.12/site-packages/airflow/example_dags/example_datasets.py for tasks to queue
[2024-11-30T03:16:02.143+0000] {logging_mixin.py:190} INFO - [2024-11-30T03:16:02.142+0000] {dagbag.py:588} INFO - Filling up the DagBag from /home/airflow/.local/lib/python3.12/site-packages/airflow/example_dags/example_datasets.py
[2024-11-30T03:16:03.271+0000] {processor.py:925} INFO - DAG(s) 'dataset_consumes_1', 'dataset_consumes_1_never_scheduled', 'dataset_consumes_1_and_2', 'consume_1_and_2_with_dataset_expressions', 'dataset_produces_1', 'consume_1_or_both_2_and_3_with_dataset_expressions', 'dataset_consumes_unknown_never_scheduled', 'conditional_dataset_and_time_based_timetable', 'dataset_produces_2', 'consume_1_or_2_with_dataset_expressions' retrieved from /home/airflow/.local/lib/python3.12/site-packages/airflow/example_dags/example_datasets.py
[2024-11-30T03:16:03.372+0000] {logging_mixin.py:190} INFO - [2024-11-30T03:16:03.371+0000] {dag.py:3239} INFO - Sync 10 DAGs
[2024-11-30T03:16:03.453+0000] {logging_mixin.py:190} INFO - [2024-11-30T03:16:03.452+0000] {dag.py:4180} INFO - Setting next_dagrun for conditional_dataset_and_time_based_timetable to 2024-11-27 01:00:00+00:00, run_after=2024-11-27 01:00:00+00:00
[2024-11-30T03:16:03.464+0000] {logging_mixin.py:190} INFO - [2024-11-30T03:16:03.463+0000] {dag.py:4180} INFO - Setting next_dagrun for consume_1_and_2_with_dataset_expressions to None, run_after=None
[2024-11-30T03:16:03.468+0000] {logging_mixin.py:190} INFO - [2024-11-30T03:16:03.468+0000] {dag.py:4180} INFO - Setting next_dagrun for consume_1_or_2_with_dataset_expressions to None, run_after=None
[2024-11-30T03:16:03.473+0000] {logging_mixin.py:190} INFO - [2024-11-30T03:16:03.472+0000] {dag.py:4180} INFO - Setting next_dagrun for consume_1_or_both_2_and_3_with_dataset_expressions to None, run_after=None
[2024-11-30T03:16:03.477+0000] {logging_mixin.py:190} INFO - [2024-11-30T03:16:03.476+0000] {dag.py:4180} INFO - Setting next_dagrun for dataset_consumes_1 to None, run_after=None
[2024-11-30T03:16:03.482+0000] {logging_mixin.py:190} INFO - [2024-11-30T03:16:03.481+0000] {dag.py:4180} INFO - Setting next_dagrun for dataset_consumes_1_and_2 to None, run_after=None
[2024-11-30T03:16:03.487+0000] {logging_mixin.py:190} INFO - [2024-11-30T03:16:03.486+0000] {dag.py:4180} INFO - Setting next_dagrun for dataset_consumes_1_never_scheduled to None, run_after=None
[2024-11-30T03:16:03.493+0000] {logging_mixin.py:190} INFO - [2024-11-30T03:16:03.492+0000] {dag.py:4180} INFO - Setting next_dagrun for dataset_consumes_unknown_never_scheduled to None, run_after=None
[2024-11-30T03:16:03.502+0000] {logging_mixin.py:190} INFO - [2024-11-30T03:16:03.501+0000] {dag.py:4180} INFO - Setting next_dagrun for dataset_produces_1 to 2024-11-29 00:00:00+00:00, run_after=2024-11-30 00:00:00+00:00
[2024-11-30T03:16:03.506+0000] {logging_mixin.py:190} INFO - [2024-11-30T03:16:03.505+0000] {dag.py:4180} INFO - Setting next_dagrun for dataset_produces_2 to None, run_after=None
[2024-11-30T03:16:03.615+0000] {processor.py:208} INFO - Processing /home/airflow/.local/lib/python3.12/site-packages/airflow/example_dags/example_datasets.py took 1.492 seconds
[2024-11-30T03:16:33.981+0000] {processor.py:186} INFO - Started process (PID=12302) to work on /home/airflow/.local/lib/python3.12/site-packages/airflow/example_dags/example_datasets.py
[2024-11-30T03:16:33.987+0000] {processor.py:914} INFO - Processing file /home/airflow/.local/lib/python3.12/site-packages/airflow/example_dags/example_datasets.py for tasks to queue
[2024-11-30T03:16:33.998+0000] {logging_mixin.py:190} INFO - [2024-11-30T03:16:33.997+0000] {dagbag.py:588} INFO - Filling up the DagBag from /home/airflow/.local/lib/python3.12/site-packages/airflow/example_dags/example_datasets.py
[2024-11-30T03:16:35.331+0000] {processor.py:925} INFO - DAG(s) 'consume_1_or_2_with_dataset_expressions', 'consume_1_or_both_2_and_3_with_dataset_expressions', 'consume_1_and_2_with_dataset_expressions', 'dataset_produces_2', 'conditional_dataset_and_time_based_timetable', 'dataset_consumes_1_never_scheduled', 'dataset_consumes_1_and_2', 'dataset_consumes_unknown_never_scheduled', 'dataset_consumes_1', 'dataset_produces_1' retrieved from /home/airflow/.local/lib/python3.12/site-packages/airflow/example_dags/example_datasets.py
[2024-11-30T03:16:35.419+0000] {logging_mixin.py:190} INFO - [2024-11-30T03:16:35.419+0000] {dag.py:3239} INFO - Sync 10 DAGs
[2024-11-30T03:16:35.471+0000] {logging_mixin.py:190} INFO - [2024-11-30T03:16:35.470+0000] {dag.py:4180} INFO - Setting next_dagrun for conditional_dataset_and_time_based_timetable to 2024-11-27 01:00:00+00:00, run_after=2024-11-27 01:00:00+00:00
[2024-11-30T03:16:35.479+0000] {logging_mixin.py:190} INFO - [2024-11-30T03:16:35.478+0000] {dag.py:4180} INFO - Setting next_dagrun for consume_1_and_2_with_dataset_expressions to None, run_after=None
[2024-11-30T03:16:35.482+0000] {logging_mixin.py:190} INFO - [2024-11-30T03:16:35.481+0000] {dag.py:4180} INFO - Setting next_dagrun for consume_1_or_2_with_dataset_expressions to None, run_after=None
[2024-11-30T03:16:35.485+0000] {logging_mixin.py:190} INFO - [2024-11-30T03:16:35.484+0000] {dag.py:4180} INFO - Setting next_dagrun for consume_1_or_both_2_and_3_with_dataset_expressions to None, run_after=None
[2024-11-30T03:16:35.487+0000] {logging_mixin.py:190} INFO - [2024-11-30T03:16:35.487+0000] {dag.py:4180} INFO - Setting next_dagrun for dataset_consumes_1 to None, run_after=None
[2024-11-30T03:16:35.491+0000] {logging_mixin.py:190} INFO - [2024-11-30T03:16:35.490+0000] {dag.py:4180} INFO - Setting next_dagrun for dataset_consumes_1_and_2 to None, run_after=None
[2024-11-30T03:16:35.494+0000] {logging_mixin.py:190} INFO - [2024-11-30T03:16:35.493+0000] {dag.py:4180} INFO - Setting next_dagrun for dataset_consumes_1_never_scheduled to None, run_after=None
[2024-11-30T03:16:35.497+0000] {logging_mixin.py:190} INFO - [2024-11-30T03:16:35.496+0000] {dag.py:4180} INFO - Setting next_dagrun for dataset_consumes_unknown_never_scheduled to None, run_after=None
[2024-11-30T03:16:35.502+0000] {logging_mixin.py:190} INFO - [2024-11-30T03:16:35.502+0000] {dag.py:4180} INFO - Setting next_dagrun for dataset_produces_1 to 2024-11-29 00:00:00+00:00, run_after=2024-11-30 00:00:00+00:00
[2024-11-30T03:16:35.506+0000] {logging_mixin.py:190} INFO - [2024-11-30T03:16:35.505+0000] {dag.py:4180} INFO - Setting next_dagrun for dataset_produces_2 to None, run_after=None
[2024-11-30T03:16:35.579+0000] {processor.py:208} INFO - Processing /home/airflow/.local/lib/python3.12/site-packages/airflow/example_dags/example_datasets.py took 1.630 seconds
[2024-11-30T03:17:06.229+0000] {processor.py:186} INFO - Started process (PID=12370) to work on /home/airflow/.local/lib/python3.12/site-packages/airflow/example_dags/example_datasets.py
[2024-11-30T03:17:06.232+0000] {processor.py:914} INFO - Processing file /home/airflow/.local/lib/python3.12/site-packages/airflow/example_dags/example_datasets.py for tasks to queue
[2024-11-30T03:17:06.240+0000] {logging_mixin.py:190} INFO - [2024-11-30T03:17:06.239+0000] {dagbag.py:588} INFO - Filling up the DagBag from /home/airflow/.local/lib/python3.12/site-packages/airflow/example_dags/example_datasets.py
[2024-11-30T03:17:07.354+0000] {processor.py:925} INFO - DAG(s) 'consume_1_or_2_with_dataset_expressions', 'dataset_produces_2', 'dataset_consumes_unknown_never_scheduled', 'dataset_produces_1', 'dataset_consumes_1', 'dataset_consumes_1_never_scheduled', 'consume_1_or_both_2_and_3_with_dataset_expressions', 'dataset_consumes_1_and_2', 'conditional_dataset_and_time_based_timetable', 'consume_1_and_2_with_dataset_expressions' retrieved from /home/airflow/.local/lib/python3.12/site-packages/airflow/example_dags/example_datasets.py
[2024-11-30T03:17:07.470+0000] {logging_mixin.py:190} INFO - [2024-11-30T03:17:07.469+0000] {dag.py:3239} INFO - Sync 10 DAGs
[2024-11-30T03:17:07.509+0000] {logging_mixin.py:190} INFO - [2024-11-30T03:17:07.509+0000] {dag.py:4180} INFO - Setting next_dagrun for conditional_dataset_and_time_based_timetable to 2024-11-27 01:00:00+00:00, run_after=2024-11-27 01:00:00+00:00
[2024-11-30T03:17:07.515+0000] {logging_mixin.py:190} INFO - [2024-11-30T03:17:07.515+0000] {dag.py:4180} INFO - Setting next_dagrun for consume_1_and_2_with_dataset_expressions to None, run_after=None
[2024-11-30T03:17:07.517+0000] {logging_mixin.py:190} INFO - [2024-11-30T03:17:07.517+0000] {dag.py:4180} INFO - Setting next_dagrun for consume_1_or_2_with_dataset_expressions to None, run_after=None
[2024-11-30T03:17:07.520+0000] {logging_mixin.py:190} INFO - [2024-11-30T03:17:07.519+0000] {dag.py:4180} INFO - Setting next_dagrun for consume_1_or_both_2_and_3_with_dataset_expressions to None, run_after=None
[2024-11-30T03:17:07.522+0000] {logging_mixin.py:190} INFO - [2024-11-30T03:17:07.522+0000] {dag.py:4180} INFO - Setting next_dagrun for dataset_consumes_1 to None, run_after=None
[2024-11-30T03:17:07.525+0000] {logging_mixin.py:190} INFO - [2024-11-30T03:17:07.524+0000] {dag.py:4180} INFO - Setting next_dagrun for dataset_consumes_1_and_2 to None, run_after=None
[2024-11-30T03:17:07.527+0000] {logging_mixin.py:190} INFO - [2024-11-30T03:17:07.526+0000] {dag.py:4180} INFO - Setting next_dagrun for dataset_consumes_1_never_scheduled to None, run_after=None
[2024-11-30T03:17:07.529+0000] {logging_mixin.py:190} INFO - [2024-11-30T03:17:07.529+0000] {dag.py:4180} INFO - Setting next_dagrun for dataset_consumes_unknown_never_scheduled to None, run_after=None
[2024-11-30T03:17:07.533+0000] {logging_mixin.py:190} INFO - [2024-11-30T03:17:07.533+0000] {dag.py:4180} INFO - Setting next_dagrun for dataset_produces_1 to 2024-11-29 00:00:00+00:00, run_after=2024-11-30 00:00:00+00:00
[2024-11-30T03:17:07.536+0000] {logging_mixin.py:190} INFO - [2024-11-30T03:17:07.536+0000] {dag.py:4180} INFO - Setting next_dagrun for dataset_produces_2 to None, run_after=None
[2024-11-30T03:17:07.608+0000] {processor.py:208} INFO - Processing /home/airflow/.local/lib/python3.12/site-packages/airflow/example_dags/example_datasets.py took 1.400 seconds
[2024-11-30T03:17:37.866+0000] {processor.py:186} INFO - Started process (PID=12438) to work on /home/airflow/.local/lib/python3.12/site-packages/airflow/example_dags/example_datasets.py
[2024-11-30T03:17:37.871+0000] {processor.py:914} INFO - Processing file /home/airflow/.local/lib/python3.12/site-packages/airflow/example_dags/example_datasets.py for tasks to queue
[2024-11-30T03:17:37.882+0000] {logging_mixin.py:190} INFO - [2024-11-30T03:17:37.881+0000] {dagbag.py:588} INFO - Filling up the DagBag from /home/airflow/.local/lib/python3.12/site-packages/airflow/example_dags/example_datasets.py
[2024-11-30T03:17:39.114+0000] {processor.py:925} INFO - DAG(s) 'dataset_consumes_1_never_scheduled', 'conditional_dataset_and_time_based_timetable', 'consume_1_or_both_2_and_3_with_dataset_expressions', 'dataset_produces_1', 'dataset_produces_2', 'dataset_consumes_1_and_2', 'consume_1_and_2_with_dataset_expressions', 'consume_1_or_2_with_dataset_expressions', 'dataset_consumes_unknown_never_scheduled', 'dataset_consumes_1' retrieved from /home/airflow/.local/lib/python3.12/site-packages/airflow/example_dags/example_datasets.py
[2024-11-30T03:17:39.215+0000] {logging_mixin.py:190} INFO - [2024-11-30T03:17:39.214+0000] {dag.py:3239} INFO - Sync 10 DAGs
[2024-11-30T03:17:39.270+0000] {logging_mixin.py:190} INFO - [2024-11-30T03:17:39.269+0000] {dag.py:4180} INFO - Setting next_dagrun for conditional_dataset_and_time_based_timetable to 2024-11-27 01:00:00+00:00, run_after=2024-11-27 01:00:00+00:00
[2024-11-30T03:17:39.279+0000] {logging_mixin.py:190} INFO - [2024-11-30T03:17:39.279+0000] {dag.py:4180} INFO - Setting next_dagrun for consume_1_and_2_with_dataset_expressions to None, run_after=None
[2024-11-30T03:17:39.284+0000] {logging_mixin.py:190} INFO - [2024-11-30T03:17:39.283+0000] {dag.py:4180} INFO - Setting next_dagrun for consume_1_or_2_with_dataset_expressions to None, run_after=None
[2024-11-30T03:17:39.287+0000] {logging_mixin.py:190} INFO - [2024-11-30T03:17:39.287+0000] {dag.py:4180} INFO - Setting next_dagrun for consume_1_or_both_2_and_3_with_dataset_expressions to None, run_after=None
[2024-11-30T03:17:39.291+0000] {logging_mixin.py:190} INFO - [2024-11-30T03:17:39.291+0000] {dag.py:4180} INFO - Setting next_dagrun for dataset_consumes_1 to None, run_after=None
[2024-11-30T03:17:39.294+0000] {logging_mixin.py:190} INFO - [2024-11-30T03:17:39.294+0000] {dag.py:4180} INFO - Setting next_dagrun for dataset_consumes_1_and_2 to None, run_after=None
[2024-11-30T03:17:39.298+0000] {logging_mixin.py:190} INFO - [2024-11-30T03:17:39.297+0000] {dag.py:4180} INFO - Setting next_dagrun for dataset_consumes_1_never_scheduled to None, run_after=None
[2024-11-30T03:17:39.301+0000] {logging_mixin.py:190} INFO - [2024-11-30T03:17:39.301+0000] {dag.py:4180} INFO - Setting next_dagrun for dataset_consumes_unknown_never_scheduled to None, run_after=None
[2024-11-30T03:17:39.308+0000] {logging_mixin.py:190} INFO - [2024-11-30T03:17:39.308+0000] {dag.py:4180} INFO - Setting next_dagrun for dataset_produces_1 to 2024-11-29 00:00:00+00:00, run_after=2024-11-30 00:00:00+00:00
[2024-11-30T03:17:39.312+0000] {logging_mixin.py:190} INFO - [2024-11-30T03:17:39.311+0000] {dag.py:4180} INFO - Setting next_dagrun for dataset_produces_2 to None, run_after=None
[2024-11-30T03:17:39.410+0000] {processor.py:208} INFO - Processing /home/airflow/.local/lib/python3.12/site-packages/airflow/example_dags/example_datasets.py took 1.569 seconds
[2024-11-30T03:18:09.748+0000] {processor.py:186} INFO - Started process (PID=12505) to work on /home/airflow/.local/lib/python3.12/site-packages/airflow/example_dags/example_datasets.py
[2024-11-30T03:18:09.751+0000] {processor.py:914} INFO - Processing file /home/airflow/.local/lib/python3.12/site-packages/airflow/example_dags/example_datasets.py for tasks to queue
[2024-11-30T03:18:09.757+0000] {logging_mixin.py:190} INFO - [2024-11-30T03:18:09.756+0000] {dagbag.py:588} INFO - Filling up the DagBag from /home/airflow/.local/lib/python3.12/site-packages/airflow/example_dags/example_datasets.py
[2024-11-30T03:18:11.015+0000] {processor.py:925} INFO - DAG(s) 'dataset_produces_1', 'dataset_produces_2', 'consume_1_or_both_2_and_3_with_dataset_expressions', 'dataset_consumes_1_and_2', 'dataset_consumes_1_never_scheduled', 'dataset_consumes_1', 'dataset_consumes_unknown_never_scheduled', 'conditional_dataset_and_time_based_timetable', 'consume_1_or_2_with_dataset_expressions', 'consume_1_and_2_with_dataset_expressions' retrieved from /home/airflow/.local/lib/python3.12/site-packages/airflow/example_dags/example_datasets.py
[2024-11-30T03:18:11.098+0000] {logging_mixin.py:190} INFO - [2024-11-30T03:18:11.097+0000] {dag.py:3239} INFO - Sync 10 DAGs
[2024-11-30T03:18:11.143+0000] {logging_mixin.py:190} INFO - [2024-11-30T03:18:11.143+0000] {dag.py:4180} INFO - Setting next_dagrun for conditional_dataset_and_time_based_timetable to 2024-11-27 01:00:00+00:00, run_after=2024-11-27 01:00:00+00:00
[2024-11-30T03:18:11.151+0000] {logging_mixin.py:190} INFO - [2024-11-30T03:18:11.151+0000] {dag.py:4180} INFO - Setting next_dagrun for consume_1_and_2_with_dataset_expressions to None, run_after=None
[2024-11-30T03:18:11.154+0000] {logging_mixin.py:190} INFO - [2024-11-30T03:18:11.153+0000] {dag.py:4180} INFO - Setting next_dagrun for consume_1_or_2_with_dataset_expressions to None, run_after=None
[2024-11-30T03:18:11.156+0000] {logging_mixin.py:190} INFO - [2024-11-30T03:18:11.156+0000] {dag.py:4180} INFO - Setting next_dagrun for consume_1_or_both_2_and_3_with_dataset_expressions to None, run_after=None
[2024-11-30T03:18:11.159+0000] {logging_mixin.py:190} INFO - [2024-11-30T03:18:11.159+0000] {dag.py:4180} INFO - Setting next_dagrun for dataset_consumes_1 to None, run_after=None
[2024-11-30T03:18:11.162+0000] {logging_mixin.py:190} INFO - [2024-11-30T03:18:11.162+0000] {dag.py:4180} INFO - Setting next_dagrun for dataset_consumes_1_and_2 to None, run_after=None
[2024-11-30T03:18:11.165+0000] {logging_mixin.py:190} INFO - [2024-11-30T03:18:11.165+0000] {dag.py:4180} INFO - Setting next_dagrun for dataset_consumes_1_never_scheduled to None, run_after=None
[2024-11-30T03:18:11.168+0000] {logging_mixin.py:190} INFO - [2024-11-30T03:18:11.167+0000] {dag.py:4180} INFO - Setting next_dagrun for dataset_consumes_unknown_never_scheduled to None, run_after=None
[2024-11-30T03:18:11.173+0000] {logging_mixin.py:190} INFO - [2024-11-30T03:18:11.173+0000] {dag.py:4180} INFO - Setting next_dagrun for dataset_produces_1 to 2024-11-29 00:00:00+00:00, run_after=2024-11-30 00:00:00+00:00
[2024-11-30T03:18:11.177+0000] {logging_mixin.py:190} INFO - [2024-11-30T03:18:11.176+0000] {dag.py:4180} INFO - Setting next_dagrun for dataset_produces_2 to None, run_after=None
[2024-11-30T03:18:11.236+0000] {processor.py:208} INFO - Processing /home/airflow/.local/lib/python3.12/site-packages/airflow/example_dags/example_datasets.py took 1.504 seconds
[2024-11-30T03:18:42.468+0000] {processor.py:186} INFO - Started process (PID=12564) to work on /home/airflow/.local/lib/python3.12/site-packages/airflow/example_dags/example_datasets.py
[2024-11-30T03:18:42.471+0000] {processor.py:914} INFO - Processing file /home/airflow/.local/lib/python3.12/site-packages/airflow/example_dags/example_datasets.py for tasks to queue
[2024-11-30T03:18:42.482+0000] {logging_mixin.py:190} INFO - [2024-11-30T03:18:42.482+0000] {dagbag.py:588} INFO - Filling up the DagBag from /home/airflow/.local/lib/python3.12/site-packages/airflow/example_dags/example_datasets.py
[2024-11-30T03:18:44.844+0000] {processor.py:925} INFO - DAG(s) 'dataset_consumes_1_never_scheduled', 'dataset_produces_2', 'consume_1_or_2_with_dataset_expressions', 'dataset_produces_1', 'consume_1_and_2_with_dataset_expressions', 'dataset_consumes_1', 'consume_1_or_both_2_and_3_with_dataset_expressions', 'conditional_dataset_and_time_based_timetable', 'dataset_consumes_unknown_never_scheduled', 'dataset_consumes_1_and_2' retrieved from /home/airflow/.local/lib/python3.12/site-packages/airflow/example_dags/example_datasets.py
[2024-11-30T03:18:45.072+0000] {logging_mixin.py:190} INFO - [2024-11-30T03:18:45.072+0000] {dag.py:3239} INFO - Sync 10 DAGs
[2024-11-30T03:18:45.163+0000] {logging_mixin.py:190} INFO - [2024-11-30T03:18:45.162+0000] {dag.py:4180} INFO - Setting next_dagrun for conditional_dataset_and_time_based_timetable to 2024-11-27 01:00:00+00:00, run_after=2024-11-27 01:00:00+00:00
[2024-11-30T03:18:45.177+0000] {logging_mixin.py:190} INFO - [2024-11-30T03:18:45.176+0000] {dag.py:4180} INFO - Setting next_dagrun for consume_1_and_2_with_dataset_expressions to None, run_after=None
[2024-11-30T03:18:45.187+0000] {logging_mixin.py:190} INFO - [2024-11-30T03:18:45.187+0000] {dag.py:4180} INFO - Setting next_dagrun for consume_1_or_2_with_dataset_expressions to None, run_after=None
[2024-11-30T03:18:45.195+0000] {logging_mixin.py:190} INFO - [2024-11-30T03:18:45.194+0000] {dag.py:4180} INFO - Setting next_dagrun for consume_1_or_both_2_and_3_with_dataset_expressions to None, run_after=None
[2024-11-30T03:18:45.204+0000] {logging_mixin.py:190} INFO - [2024-11-30T03:18:45.203+0000] {dag.py:4180} INFO - Setting next_dagrun for dataset_consumes_1 to None, run_after=None
[2024-11-30T03:18:45.208+0000] {logging_mixin.py:190} INFO - [2024-11-30T03:18:45.208+0000] {dag.py:4180} INFO - Setting next_dagrun for dataset_consumes_1_and_2 to None, run_after=None
[2024-11-30T03:18:45.213+0000] {logging_mixin.py:190} INFO - [2024-11-30T03:18:45.212+0000] {dag.py:4180} INFO - Setting next_dagrun for dataset_consumes_1_never_scheduled to None, run_after=None
[2024-11-30T03:18:45.217+0000] {logging_mixin.py:190} INFO - [2024-11-30T03:18:45.216+0000] {dag.py:4180} INFO - Setting next_dagrun for dataset_consumes_unknown_never_scheduled to None, run_after=None
[2024-11-30T03:18:45.230+0000] {logging_mixin.py:190} INFO - [2024-11-30T03:18:45.229+0000] {dag.py:4180} INFO - Setting next_dagrun for dataset_produces_1 to 2024-11-29 00:00:00+00:00, run_after=2024-11-30 00:00:00+00:00
[2024-11-30T03:18:45.234+0000] {logging_mixin.py:190} INFO - [2024-11-30T03:18:45.234+0000] {dag.py:4180} INFO - Setting next_dagrun for dataset_produces_2 to None, run_after=None
[2024-11-30T03:18:45.363+0000] {processor.py:208} INFO - Processing /home/airflow/.local/lib/python3.12/site-packages/airflow/example_dags/example_datasets.py took 2.923 seconds
[2024-11-30T03:19:15.557+0000] {processor.py:186} INFO - Started process (PID=12627) to work on /home/airflow/.local/lib/python3.12/site-packages/airflow/example_dags/example_datasets.py
[2024-11-30T03:19:15.560+0000] {processor.py:914} INFO - Processing file /home/airflow/.local/lib/python3.12/site-packages/airflow/example_dags/example_datasets.py for tasks to queue
[2024-11-30T03:19:15.564+0000] {logging_mixin.py:190} INFO - [2024-11-30T03:19:15.564+0000] {dagbag.py:588} INFO - Filling up the DagBag from /home/airflow/.local/lib/python3.12/site-packages/airflow/example_dags/example_datasets.py
[2024-11-30T03:19:16.520+0000] {processor.py:925} INFO - DAG(s) 'consume_1_or_both_2_and_3_with_dataset_expressions', 'conditional_dataset_and_time_based_timetable', 'dataset_consumes_unknown_never_scheduled', 'dataset_produces_2', 'consume_1_and_2_with_dataset_expressions', 'consume_1_or_2_with_dataset_expressions', 'dataset_consumes_1', 'dataset_consumes_1_never_scheduled', 'dataset_produces_1', 'dataset_consumes_1_and_2' retrieved from /home/airflow/.local/lib/python3.12/site-packages/airflow/example_dags/example_datasets.py
[2024-11-30T03:19:16.603+0000] {logging_mixin.py:190} INFO - [2024-11-30T03:19:16.603+0000] {dag.py:3239} INFO - Sync 10 DAGs
[2024-11-30T03:19:16.665+0000] {logging_mixin.py:190} INFO - [2024-11-30T03:19:16.664+0000] {dag.py:4180} INFO - Setting next_dagrun for conditional_dataset_and_time_based_timetable to 2024-11-27 01:00:00+00:00, run_after=2024-11-27 01:00:00+00:00
[2024-11-30T03:19:16.675+0000] {logging_mixin.py:190} INFO - [2024-11-30T03:19:16.674+0000] {dag.py:4180} INFO - Setting next_dagrun for consume_1_and_2_with_dataset_expressions to None, run_after=None
[2024-11-30T03:19:16.678+0000] {logging_mixin.py:190} INFO - [2024-11-30T03:19:16.678+0000] {dag.py:4180} INFO - Setting next_dagrun for consume_1_or_2_with_dataset_expressions to None, run_after=None
[2024-11-30T03:19:16.682+0000] {logging_mixin.py:190} INFO - [2024-11-30T03:19:16.682+0000] {dag.py:4180} INFO - Setting next_dagrun for consume_1_or_both_2_and_3_with_dataset_expressions to None, run_after=None
[2024-11-30T03:19:16.686+0000] {logging_mixin.py:190} INFO - [2024-11-30T03:19:16.685+0000] {dag.py:4180} INFO - Setting next_dagrun for dataset_consumes_1 to None, run_after=None
[2024-11-30T03:19:16.689+0000] {logging_mixin.py:190} INFO - [2024-11-30T03:19:16.689+0000] {dag.py:4180} INFO - Setting next_dagrun for dataset_consumes_1_and_2 to None, run_after=None
[2024-11-30T03:19:16.693+0000] {logging_mixin.py:190} INFO - [2024-11-30T03:19:16.693+0000] {dag.py:4180} INFO - Setting next_dagrun for dataset_consumes_1_never_scheduled to None, run_after=None
[2024-11-30T03:19:16.697+0000] {logging_mixin.py:190} INFO - [2024-11-30T03:19:16.696+0000] {dag.py:4180} INFO - Setting next_dagrun for dataset_consumes_unknown_never_scheduled to None, run_after=None
[2024-11-30T03:19:16.704+0000] {logging_mixin.py:190} INFO - [2024-11-30T03:19:16.703+0000] {dag.py:4180} INFO - Setting next_dagrun for dataset_produces_1 to 2024-11-29 00:00:00+00:00, run_after=2024-11-30 00:00:00+00:00
[2024-11-30T03:19:16.708+0000] {logging_mixin.py:190} INFO - [2024-11-30T03:19:16.708+0000] {dag.py:4180} INFO - Setting next_dagrun for dataset_produces_2 to None, run_after=None
[2024-11-30T03:19:16.794+0000] {processor.py:208} INFO - Processing /home/airflow/.local/lib/python3.12/site-packages/airflow/example_dags/example_datasets.py took 1.248 seconds
[2024-11-30T03:19:47.093+0000] {processor.py:186} INFO - Started process (PID=12690) to work on /home/airflow/.local/lib/python3.12/site-packages/airflow/example_dags/example_datasets.py
[2024-11-30T03:19:47.095+0000] {processor.py:914} INFO - Processing file /home/airflow/.local/lib/python3.12/site-packages/airflow/example_dags/example_datasets.py for tasks to queue
[2024-11-30T03:19:47.100+0000] {logging_mixin.py:190} INFO - [2024-11-30T03:19:47.099+0000] {dagbag.py:588} INFO - Filling up the DagBag from /home/airflow/.local/lib/python3.12/site-packages/airflow/example_dags/example_datasets.py
[2024-11-30T03:19:48.317+0000] {processor.py:925} INFO - DAG(s) 'consume_1_or_2_with_dataset_expressions', 'dataset_produces_2', 'dataset_consumes_1_never_scheduled', 'consume_1_and_2_with_dataset_expressions', 'conditional_dataset_and_time_based_timetable', 'dataset_consumes_unknown_never_scheduled', 'consume_1_or_both_2_and_3_with_dataset_expressions', 'dataset_consumes_1', 'dataset_produces_1', 'dataset_consumes_1_and_2' retrieved from /home/airflow/.local/lib/python3.12/site-packages/airflow/example_dags/example_datasets.py
[2024-11-30T03:19:48.429+0000] {logging_mixin.py:190} INFO - [2024-11-30T03:19:48.428+0000] {dag.py:3239} INFO - Sync 10 DAGs
[2024-11-30T03:19:48.487+0000] {logging_mixin.py:190} INFO - [2024-11-30T03:19:48.486+0000] {dag.py:4180} INFO - Setting next_dagrun for conditional_dataset_and_time_based_timetable to 2024-11-27 01:00:00+00:00, run_after=2024-11-27 01:00:00+00:00
[2024-11-30T03:19:48.496+0000] {logging_mixin.py:190} INFO - [2024-11-30T03:19:48.496+0000] {dag.py:4180} INFO - Setting next_dagrun for consume_1_and_2_with_dataset_expressions to None, run_after=None
[2024-11-30T03:19:48.500+0000] {logging_mixin.py:190} INFO - [2024-11-30T03:19:48.500+0000] {dag.py:4180} INFO - Setting next_dagrun for consume_1_or_2_with_dataset_expressions to None, run_after=None
[2024-11-30T03:19:48.503+0000] {logging_mixin.py:190} INFO - [2024-11-30T03:19:48.503+0000] {dag.py:4180} INFO - Setting next_dagrun for consume_1_or_both_2_and_3_with_dataset_expressions to None, run_after=None
[2024-11-30T03:19:48.507+0000] {logging_mixin.py:190} INFO - [2024-11-30T03:19:48.507+0000] {dag.py:4180} INFO - Setting next_dagrun for dataset_consumes_1 to None, run_after=None
[2024-11-30T03:19:48.511+0000] {logging_mixin.py:190} INFO - [2024-11-30T03:19:48.510+0000] {dag.py:4180} INFO - Setting next_dagrun for dataset_consumes_1_and_2 to None, run_after=None
[2024-11-30T03:19:48.514+0000] {logging_mixin.py:190} INFO - [2024-11-30T03:19:48.514+0000] {dag.py:4180} INFO - Setting next_dagrun for dataset_consumes_1_never_scheduled to None, run_after=None
[2024-11-30T03:19:48.518+0000] {logging_mixin.py:190} INFO - [2024-11-30T03:19:48.518+0000] {dag.py:4180} INFO - Setting next_dagrun for dataset_consumes_unknown_never_scheduled to None, run_after=None
[2024-11-30T03:19:48.525+0000] {logging_mixin.py:190} INFO - [2024-11-30T03:19:48.524+0000] {dag.py:4180} INFO - Setting next_dagrun for dataset_produces_1 to 2024-11-29 00:00:00+00:00, run_after=2024-11-30 00:00:00+00:00
[2024-11-30T03:19:48.529+0000] {logging_mixin.py:190} INFO - [2024-11-30T03:19:48.528+0000] {dag.py:4180} INFO - Setting next_dagrun for dataset_produces_2 to None, run_after=None
[2024-11-30T03:19:48.617+0000] {processor.py:208} INFO - Processing /home/airflow/.local/lib/python3.12/site-packages/airflow/example_dags/example_datasets.py took 1.534 seconds
[2024-11-30T03:21:19.808+0000] {processor.py:186} INFO - Started process (PID=12778) to work on /home/airflow/.local/lib/python3.12/site-packages/airflow/example_dags/example_datasets.py
[2024-11-30T03:21:19.809+0000] {processor.py:914} INFO - Processing file /home/airflow/.local/lib/python3.12/site-packages/airflow/example_dags/example_datasets.py for tasks to queue
[2024-11-30T03:21:19.814+0000] {logging_mixin.py:190} INFO - [2024-11-30T03:21:19.813+0000] {dagbag.py:588} INFO - Filling up the DagBag from /home/airflow/.local/lib/python3.12/site-packages/airflow/example_dags/example_datasets.py
[2024-11-30T03:21:22.215+0000] {processor.py:925} INFO - DAG(s) 'consume_1_or_2_with_dataset_expressions', 'consume_1_or_both_2_and_3_with_dataset_expressions', 'dataset_consumes_unknown_never_scheduled', 'dataset_produces_1', 'conditional_dataset_and_time_based_timetable', 'dataset_consumes_1', 'dataset_produces_2', 'dataset_consumes_1_and_2', 'consume_1_and_2_with_dataset_expressions', 'dataset_consumes_1_never_scheduled' retrieved from /home/airflow/.local/lib/python3.12/site-packages/airflow/example_dags/example_datasets.py
[2024-11-30T03:21:22.326+0000] {logging_mixin.py:190} INFO - [2024-11-30T03:21:22.326+0000] {dag.py:3239} INFO - Sync 10 DAGs
[2024-11-30T03:21:22.385+0000] {logging_mixin.py:190} INFO - [2024-11-30T03:21:22.384+0000] {dag.py:4180} INFO - Setting next_dagrun for conditional_dataset_and_time_based_timetable to 2024-11-27 01:00:00+00:00, run_after=2024-11-27 01:00:00+00:00
[2024-11-30T03:21:22.391+0000] {logging_mixin.py:190} INFO - [2024-11-30T03:21:22.391+0000] {dag.py:4180} INFO - Setting next_dagrun for consume_1_and_2_with_dataset_expressions to None, run_after=None
[2024-11-30T03:21:22.394+0000] {logging_mixin.py:190} INFO - [2024-11-30T03:21:22.394+0000] {dag.py:4180} INFO - Setting next_dagrun for consume_1_or_2_with_dataset_expressions to None, run_after=None
[2024-11-30T03:21:22.397+0000] {logging_mixin.py:190} INFO - [2024-11-30T03:21:22.397+0000] {dag.py:4180} INFO - Setting next_dagrun for consume_1_or_both_2_and_3_with_dataset_expressions to None, run_after=None
[2024-11-30T03:21:22.400+0000] {logging_mixin.py:190} INFO - [2024-11-30T03:21:22.399+0000] {dag.py:4180} INFO - Setting next_dagrun for dataset_consumes_1 to None, run_after=None
[2024-11-30T03:21:22.402+0000] {logging_mixin.py:190} INFO - [2024-11-30T03:21:22.402+0000] {dag.py:4180} INFO - Setting next_dagrun for dataset_consumes_1_and_2 to None, run_after=None
[2024-11-30T03:21:22.405+0000] {logging_mixin.py:190} INFO - [2024-11-30T03:21:22.405+0000] {dag.py:4180} INFO - Setting next_dagrun for dataset_consumes_1_never_scheduled to None, run_after=None
[2024-11-30T03:21:22.408+0000] {logging_mixin.py:190} INFO - [2024-11-30T03:21:22.407+0000] {dag.py:4180} INFO - Setting next_dagrun for dataset_consumes_unknown_never_scheduled to None, run_after=None
[2024-11-30T03:21:22.414+0000] {logging_mixin.py:190} INFO - [2024-11-30T03:21:22.414+0000] {dag.py:4180} INFO - Setting next_dagrun for dataset_produces_1 to 2024-11-29 00:00:00+00:00, run_after=2024-11-30 00:00:00+00:00
[2024-11-30T03:21:22.418+0000] {logging_mixin.py:190} INFO - [2024-11-30T03:21:22.417+0000] {dag.py:4180} INFO - Setting next_dagrun for dataset_produces_2 to None, run_after=None
[2024-11-30T03:21:22.485+0000] {processor.py:208} INFO - Processing /home/airflow/.local/lib/python3.12/site-packages/airflow/example_dags/example_datasets.py took 2.689 seconds
