[2024-11-30T03:16:08.124+0000] {processor.py:186} INFO - Started process (PID=12265) to work on /home/airflow/.local/lib/python3.12/site-packages/airflow/example_dags/example_bash_operator.py
[2024-11-30T03:16:08.125+0000] {processor.py:914} INFO - Processing file /home/airflow/.local/lib/python3.12/site-packages/airflow/example_dags/example_bash_operator.py for tasks to queue
[2024-11-30T03:16:08.130+0000] {logging_mixin.py:190} INFO - [2024-11-30T03:16:08.129+0000] {dagbag.py:588} INFO - Filling up the DagBag from /home/airflow/.local/lib/python3.12/site-packages/airflow/example_dags/example_bash_operator.py
[2024-11-30T03:16:08.172+0000] {processor.py:925} INFO - DAG(s) 'example_bash_operator' retrieved from /home/airflow/.local/lib/python3.12/site-packages/airflow/example_dags/example_bash_operator.py
[2024-11-30T03:16:08.256+0000] {logging_mixin.py:190} INFO - [2024-11-30T03:16:08.256+0000] {dag.py:3239} INFO - Sync 1 DAGs
[2024-11-30T03:16:08.339+0000] {logging_mixin.py:190} INFO - [2024-11-30T03:16:08.338+0000] {dag.py:4180} INFO - Setting next_dagrun for example_bash_operator to 2024-11-29 00:00:00+00:00, run_after=2024-11-30 00:00:00+00:00
[2024-11-30T03:16:08.401+0000] {processor.py:208} INFO - Processing /home/airflow/.local/lib/python3.12/site-packages/airflow/example_dags/example_bash_operator.py took 0.288 seconds
[2024-11-30T03:16:38.809+0000] {processor.py:186} INFO - Started process (PID=12329) to work on /home/airflow/.local/lib/python3.12/site-packages/airflow/example_dags/example_bash_operator.py
[2024-11-30T03:16:38.811+0000] {processor.py:914} INFO - Processing file /home/airflow/.local/lib/python3.12/site-packages/airflow/example_dags/example_bash_operator.py for tasks to queue
[2024-11-30T03:16:38.815+0000] {logging_mixin.py:190} INFO - [2024-11-30T03:16:38.814+0000] {dagbag.py:588} INFO - Filling up the DagBag from /home/airflow/.local/lib/python3.12/site-packages/airflow/example_dags/example_bash_operator.py
[2024-11-30T03:16:38.843+0000] {processor.py:925} INFO - DAG(s) 'example_bash_operator' retrieved from /home/airflow/.local/lib/python3.12/site-packages/airflow/example_dags/example_bash_operator.py
[2024-11-30T03:16:38.901+0000] {logging_mixin.py:190} INFO - [2024-11-30T03:16:38.901+0000] {dag.py:3239} INFO - Sync 1 DAGs
[2024-11-30T03:16:38.951+0000] {logging_mixin.py:190} INFO - [2024-11-30T03:16:38.951+0000] {dag.py:4180} INFO - Setting next_dagrun for example_bash_operator to 2024-11-29 00:00:00+00:00, run_after=2024-11-30 00:00:00+00:00
[2024-11-30T03:16:38.989+0000] {processor.py:208} INFO - Processing /home/airflow/.local/lib/python3.12/site-packages/airflow/example_dags/example_bash_operator.py took 0.191 seconds
[2024-11-30T03:17:10.976+0000] {processor.py:186} INFO - Started process (PID=12392) to work on /home/airflow/.local/lib/python3.12/site-packages/airflow/example_dags/example_bash_operator.py
[2024-11-30T03:17:10.978+0000] {processor.py:914} INFO - Processing file /home/airflow/.local/lib/python3.12/site-packages/airflow/example_dags/example_bash_operator.py for tasks to queue
[2024-11-30T03:17:10.983+0000] {logging_mixin.py:190} INFO - [2024-11-30T03:17:10.983+0000] {dagbag.py:588} INFO - Filling up the DagBag from /home/airflow/.local/lib/python3.12/site-packages/airflow/example_dags/example_bash_operator.py
[2024-11-30T03:17:11.019+0000] {processor.py:925} INFO - DAG(s) 'example_bash_operator' retrieved from /home/airflow/.local/lib/python3.12/site-packages/airflow/example_dags/example_bash_operator.py
[2024-11-30T03:17:11.125+0000] {logging_mixin.py:190} INFO - [2024-11-30T03:17:11.124+0000] {dag.py:3239} INFO - Sync 1 DAGs
[2024-11-30T03:17:11.195+0000] {logging_mixin.py:190} INFO - [2024-11-30T03:17:11.195+0000] {dag.py:4180} INFO - Setting next_dagrun for example_bash_operator to 2024-11-29 00:00:00+00:00, run_after=2024-11-30 00:00:00+00:00
[2024-11-30T03:17:11.232+0000] {processor.py:208} INFO - Processing /home/airflow/.local/lib/python3.12/site-packages/airflow/example_dags/example_bash_operator.py took 0.268 seconds
[2024-11-30T03:17:41.340+0000] {processor.py:186} INFO - Started process (PID=12454) to work on /home/airflow/.local/lib/python3.12/site-packages/airflow/example_dags/example_bash_operator.py
[2024-11-30T03:17:41.342+0000] {processor.py:914} INFO - Processing file /home/airflow/.local/lib/python3.12/site-packages/airflow/example_dags/example_bash_operator.py for tasks to queue
[2024-11-30T03:17:41.347+0000] {logging_mixin.py:190} INFO - [2024-11-30T03:17:41.347+0000] {dagbag.py:588} INFO - Filling up the DagBag from /home/airflow/.local/lib/python3.12/site-packages/airflow/example_dags/example_bash_operator.py
[2024-11-30T03:17:41.368+0000] {processor.py:925} INFO - DAG(s) 'example_bash_operator' retrieved from /home/airflow/.local/lib/python3.12/site-packages/airflow/example_dags/example_bash_operator.py
[2024-11-30T03:17:41.411+0000] {logging_mixin.py:190} INFO - [2024-11-30T03:17:41.411+0000] {dag.py:3239} INFO - Sync 1 DAGs
[2024-11-30T03:17:41.449+0000] {logging_mixin.py:190} INFO - [2024-11-30T03:17:41.449+0000] {dag.py:4180} INFO - Setting next_dagrun for example_bash_operator to 2024-11-29 00:00:00+00:00, run_after=2024-11-30 00:00:00+00:00
[2024-11-30T03:17:41.482+0000] {processor.py:208} INFO - Processing /home/airflow/.local/lib/python3.12/site-packages/airflow/example_dags/example_bash_operator.py took 0.151 seconds
[2024-11-30T03:18:11.779+0000] {processor.py:186} INFO - Started process (PID=12516) to work on /home/airflow/.local/lib/python3.12/site-packages/airflow/example_dags/example_bash_operator.py
[2024-11-30T03:18:11.785+0000] {processor.py:914} INFO - Processing file /home/airflow/.local/lib/python3.12/site-packages/airflow/example_dags/example_bash_operator.py for tasks to queue
[2024-11-30T03:18:11.798+0000] {logging_mixin.py:190} INFO - [2024-11-30T03:18:11.796+0000] {dagbag.py:588} INFO - Filling up the DagBag from /home/airflow/.local/lib/python3.12/site-packages/airflow/example_dags/example_bash_operator.py
[2024-11-30T03:18:11.876+0000] {processor.py:925} INFO - DAG(s) 'example_bash_operator' retrieved from /home/airflow/.local/lib/python3.12/site-packages/airflow/example_dags/example_bash_operator.py
[2024-11-30T03:18:11.981+0000] {logging_mixin.py:190} INFO - [2024-11-30T03:18:11.980+0000] {dag.py:3239} INFO - Sync 1 DAGs
[2024-11-30T03:18:12.042+0000] {logging_mixin.py:190} INFO - [2024-11-30T03:18:12.041+0000] {dag.py:4180} INFO - Setting next_dagrun for example_bash_operator to 2024-11-29 00:00:00+00:00, run_after=2024-11-30 00:00:00+00:00
[2024-11-30T03:18:12.103+0000] {processor.py:208} INFO - Processing /home/airflow/.local/lib/python3.12/site-packages/airflow/example_dags/example_bash_operator.py took 0.350 seconds
[2024-11-30T03:18:48.706+0000] {processor.py:186} INFO - Started process (PID=12581) to work on /home/airflow/.local/lib/python3.12/site-packages/airflow/example_dags/example_bash_operator.py
[2024-11-30T03:18:48.708+0000] {processor.py:914} INFO - Processing file /home/airflow/.local/lib/python3.12/site-packages/airflow/example_dags/example_bash_operator.py for tasks to queue
[2024-11-30T03:18:48.715+0000] {logging_mixin.py:190} INFO - [2024-11-30T03:18:48.714+0000] {dagbag.py:588} INFO - Filling up the DagBag from /home/airflow/.local/lib/python3.12/site-packages/airflow/example_dags/example_bash_operator.py
[2024-11-30T03:18:48.746+0000] {processor.py:925} INFO - DAG(s) 'example_bash_operator' retrieved from /home/airflow/.local/lib/python3.12/site-packages/airflow/example_dags/example_bash_operator.py
[2024-11-30T03:18:48.796+0000] {logging_mixin.py:190} INFO - [2024-11-30T03:18:48.796+0000] {dag.py:3239} INFO - Sync 1 DAGs
[2024-11-30T03:18:48.841+0000] {logging_mixin.py:190} INFO - [2024-11-30T03:18:48.840+0000] {dag.py:4180} INFO - Setting next_dagrun for example_bash_operator to 2024-11-29 00:00:00+00:00, run_after=2024-11-30 00:00:00+00:00
[2024-11-30T03:18:48.874+0000] {processor.py:208} INFO - Processing /home/airflow/.local/lib/python3.12/site-packages/airflow/example_dags/example_bash_operator.py took 0.183 seconds
[2024-11-30T03:19:20.506+0000] {processor.py:186} INFO - Started process (PID=12644) to work on /home/airflow/.local/lib/python3.12/site-packages/airflow/example_dags/example_bash_operator.py
[2024-11-30T03:19:20.508+0000] {processor.py:914} INFO - Processing file /home/airflow/.local/lib/python3.12/site-packages/airflow/example_dags/example_bash_operator.py for tasks to queue
[2024-11-30T03:19:20.513+0000] {logging_mixin.py:190} INFO - [2024-11-30T03:19:20.513+0000] {dagbag.py:588} INFO - Filling up the DagBag from /home/airflow/.local/lib/python3.12/site-packages/airflow/example_dags/example_bash_operator.py
[2024-11-30T03:19:20.538+0000] {processor.py:925} INFO - DAG(s) 'example_bash_operator' retrieved from /home/airflow/.local/lib/python3.12/site-packages/airflow/example_dags/example_bash_operator.py
[2024-11-30T03:19:20.603+0000] {logging_mixin.py:190} INFO - [2024-11-30T03:19:20.602+0000] {dag.py:3239} INFO - Sync 1 DAGs
[2024-11-30T03:19:20.651+0000] {logging_mixin.py:190} INFO - [2024-11-30T03:19:20.651+0000] {dag.py:4180} INFO - Setting next_dagrun for example_bash_operator to 2024-11-29 00:00:00+00:00, run_after=2024-11-30 00:00:00+00:00
[2024-11-30T03:19:20.694+0000] {processor.py:208} INFO - Processing /home/airflow/.local/lib/python3.12/site-packages/airflow/example_dags/example_bash_operator.py took 0.199 seconds
[2024-11-30T03:19:52.817+0000] {processor.py:186} INFO - Started process (PID=12707) to work on /home/airflow/.local/lib/python3.12/site-packages/airflow/example_dags/example_bash_operator.py
[2024-11-30T03:19:52.821+0000] {processor.py:914} INFO - Processing file /home/airflow/.local/lib/python3.12/site-packages/airflow/example_dags/example_bash_operator.py for tasks to queue
[2024-11-30T03:19:52.830+0000] {logging_mixin.py:190} INFO - [2024-11-30T03:19:52.829+0000] {dagbag.py:588} INFO - Filling up the DagBag from /home/airflow/.local/lib/python3.12/site-packages/airflow/example_dags/example_bash_operator.py
[2024-11-30T03:19:52.874+0000] {processor.py:925} INFO - DAG(s) 'example_bash_operator' retrieved from /home/airflow/.local/lib/python3.12/site-packages/airflow/example_dags/example_bash_operator.py
[2024-11-30T03:19:52.951+0000] {logging_mixin.py:190} INFO - [2024-11-30T03:19:52.950+0000] {dag.py:3239} INFO - Sync 1 DAGs
[2024-11-30T03:19:53.050+0000] {logging_mixin.py:190} INFO - [2024-11-30T03:19:53.049+0000] {dag.py:4180} INFO - Setting next_dagrun for example_bash_operator to 2024-11-29 00:00:00+00:00, run_after=2024-11-30 00:00:00+00:00
[2024-11-30T03:19:53.120+0000] {processor.py:208} INFO - Processing /home/airflow/.local/lib/python3.12/site-packages/airflow/example_dags/example_bash_operator.py took 0.321 seconds
[2024-11-30T03:21:26.943+0000] {processor.py:186} INFO - Started process (PID=12806) to work on /home/airflow/.local/lib/python3.12/site-packages/airflow/example_dags/example_bash_operator.py
[2024-11-30T03:21:26.947+0000] {processor.py:914} INFO - Processing file /home/airflow/.local/lib/python3.12/site-packages/airflow/example_dags/example_bash_operator.py for tasks to queue
[2024-11-30T03:21:26.957+0000] {logging_mixin.py:190} INFO - [2024-11-30T03:21:26.956+0000] {dagbag.py:588} INFO - Filling up the DagBag from /home/airflow/.local/lib/python3.12/site-packages/airflow/example_dags/example_bash_operator.py
[2024-11-30T03:21:26.989+0000] {processor.py:925} INFO - DAG(s) 'example_bash_operator' retrieved from /home/airflow/.local/lib/python3.12/site-packages/airflow/example_dags/example_bash_operator.py
[2024-11-30T03:21:27.042+0000] {logging_mixin.py:190} INFO - [2024-11-30T03:21:27.041+0000] {dag.py:3239} INFO - Sync 1 DAGs
[2024-11-30T03:21:27.124+0000] {logging_mixin.py:190} INFO - [2024-11-30T03:21:27.123+0000] {dag.py:4180} INFO - Setting next_dagrun for example_bash_operator to 2024-11-29 00:00:00+00:00, run_after=2024-11-30 00:00:00+00:00
[2024-11-30T03:21:27.234+0000] {processor.py:208} INFO - Processing /home/airflow/.local/lib/python3.12/site-packages/airflow/example_dags/example_bash_operator.py took 0.315 seconds
