[2024-11-30T03:15:59.635+0000] {processor.py:186} INFO - Started process (PID=12227) to work on /home/airflow/.local/lib/python3.12/site-packages/airflow/example_dags/example_inlet_event_extra.py
[2024-11-30T03:15:59.637+0000] {processor.py:914} INFO - Processing file /home/airflow/.local/lib/python3.12/site-packages/airflow/example_dags/example_inlet_event_extra.py for tasks to queue
[2024-11-30T03:15:59.642+0000] {logging_mixin.py:190} INFO - [2024-11-30T03:15:59.641+0000] {dagbag.py:588} INFO - Filling up the DagBag from /home/airflow/.local/lib/python3.12/site-packages/airflow/example_dags/example_inlet_event_extra.py
[2024-11-30T03:16:01.483+0000] {processor.py:925} INFO - DAG(s) 'read_dataset_event_from_classic', 'read_dataset_event' retrieved from /home/airflow/.local/lib/python3.12/site-packages/airflow/example_dags/example_inlet_event_extra.py
[2024-11-30T03:16:01.538+0000] {logging_mixin.py:190} INFO - [2024-11-30T03:16:01.537+0000] {dag.py:3239} INFO - Sync 2 DAGs
[2024-11-30T03:16:01.581+0000] {logging_mixin.py:190} INFO - [2024-11-30T03:16:01.580+0000] {dag.py:4180} INFO - Setting next_dagrun for read_dataset_event to 2024-11-29 00:00:00+00:00, run_after=2024-11-30 00:00:00+00:00
[2024-11-30T03:16:01.596+0000] {logging_mixin.py:190} INFO - [2024-11-30T03:16:01.596+0000] {dag.py:4180} INFO - Setting next_dagrun for read_dataset_event_from_classic to 2024-11-29 00:00:00+00:00, run_after=2024-11-30 00:00:00+00:00
[2024-11-30T03:16:01.628+0000] {processor.py:208} INFO - Processing /home/airflow/.local/lib/python3.12/site-packages/airflow/example_dags/example_inlet_event_extra.py took 2.010 seconds
[2024-11-30T03:16:32.043+0000] {processor.py:186} INFO - Started process (PID=12294) to work on /home/airflow/.local/lib/python3.12/site-packages/airflow/example_dags/example_inlet_event_extra.py
[2024-11-30T03:16:32.047+0000] {processor.py:914} INFO - Processing file /home/airflow/.local/lib/python3.12/site-packages/airflow/example_dags/example_inlet_event_extra.py for tasks to queue
[2024-11-30T03:16:32.054+0000] {logging_mixin.py:190} INFO - [2024-11-30T03:16:32.053+0000] {dagbag.py:588} INFO - Filling up the DagBag from /home/airflow/.local/lib/python3.12/site-packages/airflow/example_dags/example_inlet_event_extra.py
[2024-11-30T03:16:33.561+0000] {processor.py:925} INFO - DAG(s) 'read_dataset_event', 'read_dataset_event_from_classic' retrieved from /home/airflow/.local/lib/python3.12/site-packages/airflow/example_dags/example_inlet_event_extra.py
[2024-11-30T03:16:33.629+0000] {logging_mixin.py:190} INFO - [2024-11-30T03:16:33.628+0000] {dag.py:3239} INFO - Sync 2 DAGs
[2024-11-30T03:16:33.702+0000] {logging_mixin.py:190} INFO - [2024-11-30T03:16:33.701+0000] {dag.py:4180} INFO - Setting next_dagrun for read_dataset_event to 2024-11-29 00:00:00+00:00, run_after=2024-11-30 00:00:00+00:00
[2024-11-30T03:16:33.724+0000] {logging_mixin.py:190} INFO - [2024-11-30T03:16:33.722+0000] {dag.py:4180} INFO - Setting next_dagrun for read_dataset_event_from_classic to 2024-11-29 00:00:00+00:00, run_after=2024-11-30 00:00:00+00:00
[2024-11-30T03:16:33.795+0000] {processor.py:208} INFO - Processing /home/airflow/.local/lib/python3.12/site-packages/airflow/example_dags/example_inlet_event_extra.py took 1.779 seconds
[2024-11-30T03:17:04.144+0000] {processor.py:186} INFO - Started process (PID=12363) to work on /home/airflow/.local/lib/python3.12/site-packages/airflow/example_dags/example_inlet_event_extra.py
[2024-11-30T03:17:04.151+0000] {processor.py:914} INFO - Processing file /home/airflow/.local/lib/python3.12/site-packages/airflow/example_dags/example_inlet_event_extra.py for tasks to queue
[2024-11-30T03:17:04.180+0000] {logging_mixin.py:190} INFO - [2024-11-30T03:17:04.177+0000] {dagbag.py:588} INFO - Filling up the DagBag from /home/airflow/.local/lib/python3.12/site-packages/airflow/example_dags/example_inlet_event_extra.py
[2024-11-30T03:17:05.974+0000] {processor.py:925} INFO - DAG(s) 'read_dataset_event', 'read_dataset_event_from_classic' retrieved from /home/airflow/.local/lib/python3.12/site-packages/airflow/example_dags/example_inlet_event_extra.py
[2024-11-30T03:17:06.017+0000] {logging_mixin.py:190} INFO - [2024-11-30T03:17:06.016+0000] {dag.py:3239} INFO - Sync 2 DAGs
[2024-11-30T03:17:06.075+0000] {logging_mixin.py:190} INFO - [2024-11-30T03:17:06.074+0000] {dag.py:4180} INFO - Setting next_dagrun for read_dataset_event to 2024-11-29 00:00:00+00:00, run_after=2024-11-30 00:00:00+00:00
[2024-11-30T03:17:06.092+0000] {logging_mixin.py:190} INFO - [2024-11-30T03:17:06.091+0000] {dag.py:4180} INFO - Setting next_dagrun for read_dataset_event_from_classic to 2024-11-29 00:00:00+00:00, run_after=2024-11-30 00:00:00+00:00
[2024-11-30T03:17:06.149+0000] {processor.py:208} INFO - Processing /home/airflow/.local/lib/python3.12/site-packages/airflow/example_dags/example_inlet_event_extra.py took 2.051 seconds
[2024-11-30T03:17:36.273+0000] {processor.py:186} INFO - Started process (PID=12431) to work on /home/airflow/.local/lib/python3.12/site-packages/airflow/example_dags/example_inlet_event_extra.py
[2024-11-30T03:17:36.276+0000] {processor.py:914} INFO - Processing file /home/airflow/.local/lib/python3.12/site-packages/airflow/example_dags/example_inlet_event_extra.py for tasks to queue
[2024-11-30T03:17:36.282+0000] {logging_mixin.py:190} INFO - [2024-11-30T03:17:36.281+0000] {dagbag.py:588} INFO - Filling up the DagBag from /home/airflow/.local/lib/python3.12/site-packages/airflow/example_dags/example_inlet_event_extra.py
[2024-11-30T03:17:37.615+0000] {processor.py:925} INFO - DAG(s) 'read_dataset_event', 'read_dataset_event_from_classic' retrieved from /home/airflow/.local/lib/python3.12/site-packages/airflow/example_dags/example_inlet_event_extra.py
[2024-11-30T03:17:37.656+0000] {logging_mixin.py:190} INFO - [2024-11-30T03:17:37.655+0000] {dag.py:3239} INFO - Sync 2 DAGs
[2024-11-30T03:17:37.715+0000] {logging_mixin.py:190} INFO - [2024-11-30T03:17:37.714+0000] {dag.py:4180} INFO - Setting next_dagrun for read_dataset_event to 2024-11-29 00:00:00+00:00, run_after=2024-11-30 00:00:00+00:00
[2024-11-30T03:17:37.735+0000] {logging_mixin.py:190} INFO - [2024-11-30T03:17:37.734+0000] {dag.py:4180} INFO - Setting next_dagrun for read_dataset_event_from_classic to 2024-11-29 00:00:00+00:00, run_after=2024-11-30 00:00:00+00:00
[2024-11-30T03:17:37.809+0000] {processor.py:208} INFO - Processing /home/airflow/.local/lib/python3.12/site-packages/airflow/example_dags/example_inlet_event_extra.py took 1.552 seconds
[2024-11-30T03:18:07.976+0000] {processor.py:186} INFO - Started process (PID=12499) to work on /home/airflow/.local/lib/python3.12/site-packages/airflow/example_dags/example_inlet_event_extra.py
[2024-11-30T03:18:07.978+0000] {processor.py:914} INFO - Processing file /home/airflow/.local/lib/python3.12/site-packages/airflow/example_dags/example_inlet_event_extra.py for tasks to queue
[2024-11-30T03:18:07.982+0000] {logging_mixin.py:190} INFO - [2024-11-30T03:18:07.982+0000] {dagbag.py:588} INFO - Filling up the DagBag from /home/airflow/.local/lib/python3.12/site-packages/airflow/example_dags/example_inlet_event_extra.py
[2024-11-30T03:18:09.146+0000] {processor.py:925} INFO - DAG(s) 'read_dataset_event', 'read_dataset_event_from_classic' retrieved from /home/airflow/.local/lib/python3.12/site-packages/airflow/example_dags/example_inlet_event_extra.py
[2024-11-30T03:18:09.197+0000] {logging_mixin.py:190} INFO - [2024-11-30T03:18:09.196+0000] {dag.py:3239} INFO - Sync 2 DAGs
[2024-11-30T03:18:09.243+0000] {logging_mixin.py:190} INFO - [2024-11-30T03:18:09.243+0000] {dag.py:4180} INFO - Setting next_dagrun for read_dataset_event to 2024-11-29 00:00:00+00:00, run_after=2024-11-30 00:00:00+00:00
[2024-11-30T03:18:09.252+0000] {logging_mixin.py:190} INFO - [2024-11-30T03:18:09.251+0000] {dag.py:4180} INFO - Setting next_dagrun for read_dataset_event_from_classic to 2024-11-29 00:00:00+00:00, run_after=2024-11-30 00:00:00+00:00
[2024-11-30T03:18:09.286+0000] {processor.py:208} INFO - Processing /home/airflow/.local/lib/python3.12/site-packages/airflow/example_dags/example_inlet_event_extra.py took 1.318 seconds
[2024-11-30T03:18:41.893+0000] {processor.py:186} INFO - Started process (PID=12563) to work on /home/airflow/.local/lib/python3.12/site-packages/airflow/example_dags/example_inlet_event_extra.py
[2024-11-30T03:18:41.900+0000] {processor.py:914} INFO - Processing file /home/airflow/.local/lib/python3.12/site-packages/airflow/example_dags/example_inlet_event_extra.py for tasks to queue
[2024-11-30T03:18:41.922+0000] {logging_mixin.py:190} INFO - [2024-11-30T03:18:41.921+0000] {dagbag.py:588} INFO - Filling up the DagBag from /home/airflow/.local/lib/python3.12/site-packages/airflow/example_dags/example_inlet_event_extra.py
[2024-11-30T03:18:44.551+0000] {processor.py:925} INFO - DAG(s) 'read_dataset_event', 'read_dataset_event_from_classic' retrieved from /home/airflow/.local/lib/python3.12/site-packages/airflow/example_dags/example_inlet_event_extra.py
[2024-11-30T03:18:44.635+0000] {logging_mixin.py:190} INFO - [2024-11-30T03:18:44.635+0000] {dag.py:3239} INFO - Sync 2 DAGs
[2024-11-30T03:18:44.781+0000] {logging_mixin.py:190} INFO - [2024-11-30T03:18:44.774+0000] {dag.py:4180} INFO - Setting next_dagrun for read_dataset_event to 2024-11-29 00:00:00+00:00, run_after=2024-11-30 00:00:00+00:00
[2024-11-30T03:18:44.803+0000] {logging_mixin.py:190} INFO - [2024-11-30T03:18:44.802+0000] {dag.py:4180} INFO - Setting next_dagrun for read_dataset_event_from_classic to 2024-11-29 00:00:00+00:00, run_after=2024-11-30 00:00:00+00:00
[2024-11-30T03:18:44.856+0000] {processor.py:208} INFO - Processing /home/airflow/.local/lib/python3.12/site-packages/airflow/example_dags/example_inlet_event_extra.py took 2.991 seconds
[2024-11-30T03:19:15.399+0000] {processor.py:186} INFO - Started process (PID=12626) to work on /home/airflow/.local/lib/python3.12/site-packages/airflow/example_dags/example_inlet_event_extra.py
[2024-11-30T03:19:15.403+0000] {processor.py:914} INFO - Processing file /home/airflow/.local/lib/python3.12/site-packages/airflow/example_dags/example_inlet_event_extra.py for tasks to queue
[2024-11-30T03:19:15.411+0000] {logging_mixin.py:190} INFO - [2024-11-30T03:19:15.410+0000] {dagbag.py:588} INFO - Filling up the DagBag from /home/airflow/.local/lib/python3.12/site-packages/airflow/example_dags/example_inlet_event_extra.py
[2024-11-30T03:19:16.430+0000] {processor.py:925} INFO - DAG(s) 'read_dataset_event_from_classic', 'read_dataset_event' retrieved from /home/airflow/.local/lib/python3.12/site-packages/airflow/example_dags/example_inlet_event_extra.py
[2024-11-30T03:19:16.459+0000] {logging_mixin.py:190} INFO - [2024-11-30T03:19:16.459+0000] {dag.py:3239} INFO - Sync 2 DAGs
[2024-11-30T03:19:16.491+0000] {logging_mixin.py:190} INFO - [2024-11-30T03:19:16.491+0000] {dag.py:4180} INFO - Setting next_dagrun for read_dataset_event to 2024-11-29 00:00:00+00:00, run_after=2024-11-30 00:00:00+00:00
[2024-11-30T03:19:16.498+0000] {logging_mixin.py:190} INFO - [2024-11-30T03:19:16.498+0000] {dag.py:4180} INFO - Setting next_dagrun for read_dataset_event_from_classic to 2024-11-29 00:00:00+00:00, run_after=2024-11-30 00:00:00+00:00
[2024-11-30T03:19:16.524+0000] {processor.py:208} INFO - Processing /home/airflow/.local/lib/python3.12/site-packages/airflow/example_dags/example_inlet_event_extra.py took 1.144 seconds
[2024-11-30T03:19:46.772+0000] {processor.py:186} INFO - Started process (PID=12689) to work on /home/airflow/.local/lib/python3.12/site-packages/airflow/example_dags/example_inlet_event_extra.py
[2024-11-30T03:19:46.776+0000] {processor.py:914} INFO - Processing file /home/airflow/.local/lib/python3.12/site-packages/airflow/example_dags/example_inlet_event_extra.py for tasks to queue
[2024-11-30T03:19:46.786+0000] {logging_mixin.py:190} INFO - [2024-11-30T03:19:46.785+0000] {dagbag.py:588} INFO - Filling up the DagBag from /home/airflow/.local/lib/python3.12/site-packages/airflow/example_dags/example_inlet_event_extra.py
[2024-11-30T03:19:47.950+0000] {processor.py:925} INFO - DAG(s) 'read_dataset_event_from_classic', 'read_dataset_event' retrieved from /home/airflow/.local/lib/python3.12/site-packages/airflow/example_dags/example_inlet_event_extra.py
[2024-11-30T03:19:47.978+0000] {logging_mixin.py:190} INFO - [2024-11-30T03:19:47.977+0000] {dag.py:3239} INFO - Sync 2 DAGs
[2024-11-30T03:19:48.006+0000] {logging_mixin.py:190} INFO - [2024-11-30T03:19:48.006+0000] {dag.py:4180} INFO - Setting next_dagrun for read_dataset_event to 2024-11-29 00:00:00+00:00, run_after=2024-11-30 00:00:00+00:00
[2024-11-30T03:19:48.013+0000] {logging_mixin.py:190} INFO - [2024-11-30T03:19:48.012+0000] {dag.py:4180} INFO - Setting next_dagrun for read_dataset_event_from_classic to 2024-11-29 00:00:00+00:00, run_after=2024-11-30 00:00:00+00:00
[2024-11-30T03:19:48.045+0000] {processor.py:208} INFO - Processing /home/airflow/.local/lib/python3.12/site-packages/airflow/example_dags/example_inlet_event_extra.py took 1.299 seconds
[2024-11-30T03:20:18.386+0000] {processor.py:186} INFO - Started process (PID=12752) to work on /home/airflow/.local/lib/python3.12/site-packages/airflow/example_dags/example_inlet_event_extra.py
[2024-11-30T03:20:18.389+0000] {processor.py:914} INFO - Processing file /home/airflow/.local/lib/python3.12/site-packages/airflow/example_dags/example_inlet_event_extra.py for tasks to queue
[2024-11-30T03:20:18.395+0000] {logging_mixin.py:190} INFO - [2024-11-30T03:20:18.395+0000] {dagbag.py:588} INFO - Filling up the DagBag from /home/airflow/.local/lib/python3.12/site-packages/airflow/example_dags/example_inlet_event_extra.py
[2024-11-30T03:20:19.164+0000] {processor.py:925} INFO - DAG(s) 'read_dataset_event_from_classic', 'read_dataset_event' retrieved from /home/airflow/.local/lib/python3.12/site-packages/airflow/example_dags/example_inlet_event_extra.py
[2024-11-30T03:20:19.193+0000] {logging_mixin.py:190} INFO - [2024-11-30T03:20:19.193+0000] {dag.py:3239} INFO - Sync 2 DAGs
[2024-11-30T03:21:08.745+0000] {logging_mixin.py:190} INFO - [2024-11-30T03:21:08.744+0000] {dag.py:4180} INFO - Setting next_dagrun for read_dataset_event to 2024-11-29 00:00:00+00:00, run_after=2024-11-30 00:00:00+00:00
[2024-11-30T03:21:08.858+0000] {logging_mixin.py:190} INFO - [2024-11-30T03:21:08.851+0000] {dag.py:4180} INFO - Setting next_dagrun for read_dataset_event_from_classic to 2024-11-29 00:00:00+00:00, run_after=2024-11-30 00:00:00+00:00
[2024-11-30T03:21:13.859+0000] {processor.py:208} INFO - Processing /home/airflow/.local/lib/python3.12/site-packages/airflow/example_dags/example_inlet_event_extra.py took 55.624 seconds
[2024-11-30T03:21:45.343+0000] {processor.py:186} INFO - Started process (PID=12821) to work on /home/airflow/.local/lib/python3.12/site-packages/airflow/example_dags/example_inlet_event_extra.py
[2024-11-30T03:21:45.346+0000] {processor.py:914} INFO - Processing file /home/airflow/.local/lib/python3.12/site-packages/airflow/example_dags/example_inlet_event_extra.py for tasks to queue
[2024-11-30T03:21:45.356+0000] {logging_mixin.py:190} INFO - [2024-11-30T03:21:45.355+0000] {dagbag.py:588} INFO - Filling up the DagBag from /home/airflow/.local/lib/python3.12/site-packages/airflow/example_dags/example_inlet_event_extra.py
[2024-11-30T03:21:47.260+0000] {processor.py:925} INFO - DAG(s) 'read_dataset_event', 'read_dataset_event_from_classic' retrieved from /home/airflow/.local/lib/python3.12/site-packages/airflow/example_dags/example_inlet_event_extra.py
[2024-11-30T03:21:47.294+0000] {logging_mixin.py:190} INFO - [2024-11-30T03:21:47.293+0000] {dag.py:3239} INFO - Sync 2 DAGs
[2024-11-30T03:21:47.340+0000] {logging_mixin.py:190} INFO - [2024-11-30T03:21:47.339+0000] {dag.py:4180} INFO - Setting next_dagrun for read_dataset_event to 2024-11-29 00:00:00+00:00, run_after=2024-11-30 00:00:00+00:00
[2024-11-30T03:21:47.350+0000] {logging_mixin.py:190} INFO - [2024-11-30T03:21:47.349+0000] {dag.py:4180} INFO - Setting next_dagrun for read_dataset_event_from_classic to 2024-11-29 00:00:00+00:00, run_after=2024-11-30 00:00:00+00:00
[2024-11-30T03:21:47.390+0000] {processor.py:208} INFO - Processing /home/airflow/.local/lib/python3.12/site-packages/airflow/example_dags/example_inlet_event_extra.py took 2.072 seconds
