[2024-11-30T03:16:01.714+0000] {processor.py:186} INFO - Started process (PID=12234) to work on /home/airflow/.local/lib/python3.12/site-packages/airflow/example_dags/example_subdag_operator.py
[2024-11-30T03:16:01.716+0000] {processor.py:914} INFO - Processing file /home/airflow/.local/lib/python3.12/site-packages/airflow/example_dags/example_subdag_operator.py for tasks to queue
[2024-11-30T03:16:01.722+0000] {logging_mixin.py:190} INFO - [2024-11-30T03:16:01.721+0000] {dagbag.py:588} INFO - Filling up the DagBag from /home/airflow/.local/lib/python3.12/site-packages/airflow/example_dags/example_subdag_operator.py
[2024-11-30T03:16:01.780+0000] {processor.py:925} INFO - DAG(s) 'example_subdag_operator.section-1', 'example_subdag_operator.section-2', 'example_subdag_operator' retrieved from /home/airflow/.local/lib/python3.12/site-packages/airflow/example_dags/example_subdag_operator.py
[2024-11-30T03:16:01.854+0000] {logging_mixin.py:190} INFO - [2024-11-30T03:16:01.853+0000] {dag.py:3239} INFO - Sync 3 DAGs
[2024-11-30T03:16:01.911+0000] {logging_mixin.py:190} INFO - [2024-11-30T03:16:01.911+0000] {dag.py:4180} INFO - Setting next_dagrun for example_subdag_operator to 2022-01-01 00:00:00+00:00, run_after=2022-01-01 00:00:00+00:00
[2024-11-30T03:16:01.921+0000] {logging_mixin.py:190} INFO - [2024-11-30T03:16:01.920+0000] {dag.py:4180} INFO - Setting next_dagrun for example_subdag_operator.section-1 to None, run_after=None
[2024-11-30T03:16:01.926+0000] {logging_mixin.py:190} INFO - [2024-11-30T03:16:01.925+0000] {dag.py:4180} INFO - Setting next_dagrun for example_subdag_operator.section-2 to None, run_after=None
[2024-11-30T03:16:01.944+0000] {logging_mixin.py:190} INFO - [2024-11-30T03:16:01.943+0000] {dag.py:3239} INFO - Sync 2 DAGs
[2024-11-30T03:16:01.960+0000] {logging_mixin.py:190} INFO - [2024-11-30T03:16:01.960+0000] {dag.py:4180} INFO - Setting next_dagrun for example_subdag_operator.section-1 to None, run_after=None
[2024-11-30T03:16:01.962+0000] {logging_mixin.py:190} INFO - [2024-11-30T03:16:01.961+0000] {dag.py:4180} INFO - Setting next_dagrun for example_subdag_operator.section-2 to None, run_after=None
[2024-11-30T03:16:01.996+0000] {processor.py:208} INFO - Processing /home/airflow/.local/lib/python3.12/site-packages/airflow/example_dags/example_subdag_operator.py took 0.295 seconds
[2024-11-30T03:16:32.688+0000] {processor.py:186} INFO - Started process (PID=12298) to work on /home/airflow/.local/lib/python3.12/site-packages/airflow/example_dags/example_subdag_operator.py
[2024-11-30T03:16:32.690+0000] {processor.py:914} INFO - Processing file /home/airflow/.local/lib/python3.12/site-packages/airflow/example_dags/example_subdag_operator.py for tasks to queue
[2024-11-30T03:16:32.694+0000] {logging_mixin.py:190} INFO - [2024-11-30T03:16:32.693+0000] {dagbag.py:588} INFO - Filling up the DagBag from /home/airflow/.local/lib/python3.12/site-packages/airflow/example_dags/example_subdag_operator.py
[2024-11-30T03:16:32.754+0000] {processor.py:925} INFO - DAG(s) 'example_subdag_operator.section-1', 'example_subdag_operator.section-2', 'example_subdag_operator' retrieved from /home/airflow/.local/lib/python3.12/site-packages/airflow/example_dags/example_subdag_operator.py
[2024-11-30T03:16:32.795+0000] {logging_mixin.py:190} INFO - [2024-11-30T03:16:32.794+0000] {dag.py:3239} INFO - Sync 3 DAGs
[2024-11-30T03:16:32.851+0000] {logging_mixin.py:190} INFO - [2024-11-30T03:16:32.850+0000] {dag.py:4180} INFO - Setting next_dagrun for example_subdag_operator to 2022-01-01 00:00:00+00:00, run_after=2022-01-01 00:00:00+00:00
[2024-11-30T03:16:32.866+0000] {logging_mixin.py:190} INFO - [2024-11-30T03:16:32.865+0000] {dag.py:4180} INFO - Setting next_dagrun for example_subdag_operator.section-1 to None, run_after=None
[2024-11-30T03:16:32.872+0000] {logging_mixin.py:190} INFO - [2024-11-30T03:16:32.871+0000] {dag.py:4180} INFO - Setting next_dagrun for example_subdag_operator.section-2 to None, run_after=None
[2024-11-30T03:16:32.900+0000] {logging_mixin.py:190} INFO - [2024-11-30T03:16:32.899+0000] {dag.py:3239} INFO - Sync 2 DAGs
[2024-11-30T03:16:32.920+0000] {logging_mixin.py:190} INFO - [2024-11-30T03:16:32.919+0000] {dag.py:4180} INFO - Setting next_dagrun for example_subdag_operator.section-1 to None, run_after=None
[2024-11-30T03:16:32.923+0000] {logging_mixin.py:190} INFO - [2024-11-30T03:16:32.922+0000] {dag.py:4180} INFO - Setting next_dagrun for example_subdag_operator.section-2 to None, run_after=None
[2024-11-30T03:16:32.965+0000] {processor.py:208} INFO - Processing /home/airflow/.local/lib/python3.12/site-packages/airflow/example_dags/example_subdag_operator.py took 0.287 seconds
[2024-11-30T03:17:03.546+0000] {processor.py:186} INFO - Started process (PID=12360) to work on /home/airflow/.local/lib/python3.12/site-packages/airflow/example_dags/example_subdag_operator.py
[2024-11-30T03:17:03.548+0000] {processor.py:914} INFO - Processing file /home/airflow/.local/lib/python3.12/site-packages/airflow/example_dags/example_subdag_operator.py for tasks to queue
[2024-11-30T03:17:03.554+0000] {logging_mixin.py:190} INFO - [2024-11-30T03:17:03.553+0000] {dagbag.py:588} INFO - Filling up the DagBag from /home/airflow/.local/lib/python3.12/site-packages/airflow/example_dags/example_subdag_operator.py
[2024-11-30T03:17:03.610+0000] {processor.py:925} INFO - DAG(s) 'example_subdag_operator.section-1', 'example_subdag_operator.section-2', 'example_subdag_operator' retrieved from /home/airflow/.local/lib/python3.12/site-packages/airflow/example_dags/example_subdag_operator.py
[2024-11-30T03:17:03.641+0000] {logging_mixin.py:190} INFO - [2024-11-30T03:17:03.640+0000] {dag.py:3239} INFO - Sync 3 DAGs
[2024-11-30T03:17:03.685+0000] {logging_mixin.py:190} INFO - [2024-11-30T03:17:03.685+0000] {dag.py:4180} INFO - Setting next_dagrun for example_subdag_operator to 2022-01-01 00:00:00+00:00, run_after=2022-01-01 00:00:00+00:00
[2024-11-30T03:17:03.692+0000] {logging_mixin.py:190} INFO - [2024-11-30T03:17:03.692+0000] {dag.py:4180} INFO - Setting next_dagrun for example_subdag_operator.section-1 to None, run_after=None
[2024-11-30T03:17:03.696+0000] {logging_mixin.py:190} INFO - [2024-11-30T03:17:03.695+0000] {dag.py:4180} INFO - Setting next_dagrun for example_subdag_operator.section-2 to None, run_after=None
[2024-11-30T03:17:03.712+0000] {logging_mixin.py:190} INFO - [2024-11-30T03:17:03.711+0000] {dag.py:3239} INFO - Sync 2 DAGs
[2024-11-30T03:17:03.728+0000] {logging_mixin.py:190} INFO - [2024-11-30T03:17:03.728+0000] {dag.py:4180} INFO - Setting next_dagrun for example_subdag_operator.section-1 to None, run_after=None
[2024-11-30T03:17:03.730+0000] {logging_mixin.py:190} INFO - [2024-11-30T03:17:03.729+0000] {dag.py:4180} INFO - Setting next_dagrun for example_subdag_operator.section-2 to None, run_after=None
[2024-11-30T03:17:03.763+0000] {processor.py:208} INFO - Processing /home/airflow/.local/lib/python3.12/site-packages/airflow/example_dags/example_subdag_operator.py took 0.235 seconds
[2024-11-30T03:17:34.162+0000] {processor.py:186} INFO - Started process (PID=12423) to work on /home/airflow/.local/lib/python3.12/site-packages/airflow/example_dags/example_subdag_operator.py
[2024-11-30T03:17:34.164+0000] {processor.py:914} INFO - Processing file /home/airflow/.local/lib/python3.12/site-packages/airflow/example_dags/example_subdag_operator.py for tasks to queue
[2024-11-30T03:17:34.171+0000] {logging_mixin.py:190} INFO - [2024-11-30T03:17:34.171+0000] {dagbag.py:588} INFO - Filling up the DagBag from /home/airflow/.local/lib/python3.12/site-packages/airflow/example_dags/example_subdag_operator.py
[2024-11-30T03:17:34.232+0000] {processor.py:925} INFO - DAG(s) 'example_subdag_operator.section-1', 'example_subdag_operator.section-2', 'example_subdag_operator' retrieved from /home/airflow/.local/lib/python3.12/site-packages/airflow/example_dags/example_subdag_operator.py
[2024-11-30T03:17:34.259+0000] {logging_mixin.py:190} INFO - [2024-11-30T03:17:34.259+0000] {dag.py:3239} INFO - Sync 3 DAGs
[2024-11-30T03:17:34.304+0000] {logging_mixin.py:190} INFO - [2024-11-30T03:17:34.304+0000] {dag.py:4180} INFO - Setting next_dagrun for example_subdag_operator to 2022-01-01 00:00:00+00:00, run_after=2022-01-01 00:00:00+00:00
[2024-11-30T03:17:34.311+0000] {logging_mixin.py:190} INFO - [2024-11-30T03:17:34.310+0000] {dag.py:4180} INFO - Setting next_dagrun for example_subdag_operator.section-1 to None, run_after=None
[2024-11-30T03:17:34.313+0000] {logging_mixin.py:190} INFO - [2024-11-30T03:17:34.313+0000] {dag.py:4180} INFO - Setting next_dagrun for example_subdag_operator.section-2 to None, run_after=None
[2024-11-30T03:17:34.324+0000] {logging_mixin.py:190} INFO - [2024-11-30T03:17:34.324+0000] {dag.py:3239} INFO - Sync 2 DAGs
[2024-11-30T03:17:34.333+0000] {logging_mixin.py:190} INFO - [2024-11-30T03:17:34.333+0000] {dag.py:4180} INFO - Setting next_dagrun for example_subdag_operator.section-1 to None, run_after=None
[2024-11-30T03:17:34.334+0000] {logging_mixin.py:190} INFO - [2024-11-30T03:17:34.334+0000] {dag.py:4180} INFO - Setting next_dagrun for example_subdag_operator.section-2 to None, run_after=None
[2024-11-30T03:17:34.355+0000] {processor.py:208} INFO - Processing /home/airflow/.local/lib/python3.12/site-packages/airflow/example_dags/example_subdag_operator.py took 0.210 seconds
[2024-11-30T03:18:05.244+0000] {processor.py:186} INFO - Started process (PID=12486) to work on /home/airflow/.local/lib/python3.12/site-packages/airflow/example_dags/example_subdag_operator.py
[2024-11-30T03:18:05.245+0000] {processor.py:914} INFO - Processing file /home/airflow/.local/lib/python3.12/site-packages/airflow/example_dags/example_subdag_operator.py for tasks to queue
[2024-11-30T03:18:05.250+0000] {logging_mixin.py:190} INFO - [2024-11-30T03:18:05.250+0000] {dagbag.py:588} INFO - Filling up the DagBag from /home/airflow/.local/lib/python3.12/site-packages/airflow/example_dags/example_subdag_operator.py
[2024-11-30T03:18:05.298+0000] {processor.py:925} INFO - DAG(s) 'example_subdag_operator.section-1', 'example_subdag_operator.section-2', 'example_subdag_operator' retrieved from /home/airflow/.local/lib/python3.12/site-packages/airflow/example_dags/example_subdag_operator.py
[2024-11-30T03:18:05.324+0000] {logging_mixin.py:190} INFO - [2024-11-30T03:18:05.324+0000] {dag.py:3239} INFO - Sync 3 DAGs
[2024-11-30T03:18:05.370+0000] {logging_mixin.py:190} INFO - [2024-11-30T03:18:05.370+0000] {dag.py:4180} INFO - Setting next_dagrun for example_subdag_operator to 2022-01-01 00:00:00+00:00, run_after=2022-01-01 00:00:00+00:00
[2024-11-30T03:18:05.377+0000] {logging_mixin.py:190} INFO - [2024-11-30T03:18:05.377+0000] {dag.py:4180} INFO - Setting next_dagrun for example_subdag_operator.section-1 to None, run_after=None
[2024-11-30T03:18:05.380+0000] {logging_mixin.py:190} INFO - [2024-11-30T03:18:05.380+0000] {dag.py:4180} INFO - Setting next_dagrun for example_subdag_operator.section-2 to None, run_after=None
[2024-11-30T03:18:05.392+0000] {logging_mixin.py:190} INFO - [2024-11-30T03:18:05.391+0000] {dag.py:3239} INFO - Sync 2 DAGs
[2024-11-30T03:18:05.403+0000] {logging_mixin.py:190} INFO - [2024-11-30T03:18:05.402+0000] {dag.py:4180} INFO - Setting next_dagrun for example_subdag_operator.section-1 to None, run_after=None
[2024-11-30T03:18:05.404+0000] {logging_mixin.py:190} INFO - [2024-11-30T03:18:05.404+0000] {dag.py:4180} INFO - Setting next_dagrun for example_subdag_operator.section-2 to None, run_after=None
[2024-11-30T03:18:05.428+0000] {processor.py:208} INFO - Processing /home/airflow/.local/lib/python3.12/site-packages/airflow/example_dags/example_subdag_operator.py took 0.195 seconds
[2024-11-30T03:18:37.351+0000] {processor.py:186} INFO - Started process (PID=12549) to work on /home/airflow/.local/lib/python3.12/site-packages/airflow/example_dags/example_subdag_operator.py
[2024-11-30T03:18:37.407+0000] {processor.py:914} INFO - Processing file /home/airflow/.local/lib/python3.12/site-packages/airflow/example_dags/example_subdag_operator.py for tasks to queue
[2024-11-30T03:18:37.416+0000] {logging_mixin.py:190} INFO - [2024-11-30T03:18:37.415+0000] {dagbag.py:588} INFO - Filling up the DagBag from /home/airflow/.local/lib/python3.12/site-packages/airflow/example_dags/example_subdag_operator.py
[2024-11-30T03:18:37.558+0000] {processor.py:925} INFO - DAG(s) 'example_subdag_operator.section-1', 'example_subdag_operator.section-2', 'example_subdag_operator' retrieved from /home/airflow/.local/lib/python3.12/site-packages/airflow/example_dags/example_subdag_operator.py
[2024-11-30T03:18:37.663+0000] {logging_mixin.py:190} INFO - [2024-11-30T03:18:37.663+0000] {dag.py:3239} INFO - Sync 3 DAGs
[2024-11-30T03:18:37.777+0000] {logging_mixin.py:190} INFO - [2024-11-30T03:18:37.776+0000] {dag.py:4180} INFO - Setting next_dagrun for example_subdag_operator to 2022-01-01 00:00:00+00:00, run_after=2022-01-01 00:00:00+00:00
[2024-11-30T03:18:37.811+0000] {logging_mixin.py:190} INFO - [2024-11-30T03:18:37.810+0000] {dag.py:4180} INFO - Setting next_dagrun for example_subdag_operator.section-1 to None, run_after=None
[2024-11-30T03:18:37.818+0000] {logging_mixin.py:190} INFO - [2024-11-30T03:18:37.817+0000] {dag.py:4180} INFO - Setting next_dagrun for example_subdag_operator.section-2 to None, run_after=None
[2024-11-30T03:18:37.871+0000] {logging_mixin.py:190} INFO - [2024-11-30T03:18:37.870+0000] {dag.py:3239} INFO - Sync 2 DAGs
[2024-11-30T03:18:37.907+0000] {logging_mixin.py:190} INFO - [2024-11-30T03:18:37.906+0000] {dag.py:4180} INFO - Setting next_dagrun for example_subdag_operator.section-1 to None, run_after=None
[2024-11-30T03:18:37.919+0000] {logging_mixin.py:190} INFO - [2024-11-30T03:18:37.918+0000] {dag.py:4180} INFO - Setting next_dagrun for example_subdag_operator.section-2 to None, run_after=None
[2024-11-30T03:18:37.993+0000] {processor.py:208} INFO - Processing /home/airflow/.local/lib/python3.12/site-packages/airflow/example_dags/example_subdag_operator.py took 0.669 seconds
[2024-11-30T03:19:08.219+0000] {processor.py:186} INFO - Started process (PID=12612) to work on /home/airflow/.local/lib/python3.12/site-packages/airflow/example_dags/example_subdag_operator.py
[2024-11-30T03:19:08.224+0000] {processor.py:914} INFO - Processing file /home/airflow/.local/lib/python3.12/site-packages/airflow/example_dags/example_subdag_operator.py for tasks to queue
[2024-11-30T03:19:08.233+0000] {logging_mixin.py:190} INFO - [2024-11-30T03:19:08.232+0000] {dagbag.py:588} INFO - Filling up the DagBag from /home/airflow/.local/lib/python3.12/site-packages/airflow/example_dags/example_subdag_operator.py
[2024-11-30T03:19:08.339+0000] {processor.py:925} INFO - DAG(s) 'example_subdag_operator.section-1', 'example_subdag_operator.section-2', 'example_subdag_operator' retrieved from /home/airflow/.local/lib/python3.12/site-packages/airflow/example_dags/example_subdag_operator.py
[2024-11-30T03:19:08.399+0000] {logging_mixin.py:190} INFO - [2024-11-30T03:19:08.398+0000] {dag.py:3239} INFO - Sync 3 DAGs
[2024-11-30T03:19:08.453+0000] {logging_mixin.py:190} INFO - [2024-11-30T03:19:08.452+0000] {dag.py:4180} INFO - Setting next_dagrun for example_subdag_operator to 2022-01-01 00:00:00+00:00, run_after=2022-01-01 00:00:00+00:00
[2024-11-30T03:19:08.464+0000] {logging_mixin.py:190} INFO - [2024-11-30T03:19:08.463+0000] {dag.py:4180} INFO - Setting next_dagrun for example_subdag_operator.section-1 to None, run_after=None
[2024-11-30T03:19:08.469+0000] {logging_mixin.py:190} INFO - [2024-11-30T03:19:08.468+0000] {dag.py:4180} INFO - Setting next_dagrun for example_subdag_operator.section-2 to None, run_after=None
[2024-11-30T03:19:08.483+0000] {logging_mixin.py:190} INFO - [2024-11-30T03:19:08.483+0000] {dag.py:3239} INFO - Sync 2 DAGs
[2024-11-30T03:19:08.495+0000] {logging_mixin.py:190} INFO - [2024-11-30T03:19:08.494+0000] {dag.py:4180} INFO - Setting next_dagrun for example_subdag_operator.section-1 to None, run_after=None
[2024-11-30T03:19:08.496+0000] {logging_mixin.py:190} INFO - [2024-11-30T03:19:08.496+0000] {dag.py:4180} INFO - Setting next_dagrun for example_subdag_operator.section-2 to None, run_after=None
[2024-11-30T03:19:08.517+0000] {processor.py:208} INFO - Processing /home/airflow/.local/lib/python3.12/site-packages/airflow/example_dags/example_subdag_operator.py took 0.326 seconds
[2024-11-30T03:19:38.629+0000] {processor.py:186} INFO - Started process (PID=12675) to work on /home/airflow/.local/lib/python3.12/site-packages/airflow/example_dags/example_subdag_operator.py
[2024-11-30T03:19:38.631+0000] {processor.py:914} INFO - Processing file /home/airflow/.local/lib/python3.12/site-packages/airflow/example_dags/example_subdag_operator.py for tasks to queue
[2024-11-30T03:19:38.635+0000] {logging_mixin.py:190} INFO - [2024-11-30T03:19:38.634+0000] {dagbag.py:588} INFO - Filling up the DagBag from /home/airflow/.local/lib/python3.12/site-packages/airflow/example_dags/example_subdag_operator.py
[2024-11-30T03:19:38.679+0000] {processor.py:925} INFO - DAG(s) 'example_subdag_operator.section-1', 'example_subdag_operator.section-2', 'example_subdag_operator' retrieved from /home/airflow/.local/lib/python3.12/site-packages/airflow/example_dags/example_subdag_operator.py
[2024-11-30T03:19:38.706+0000] {logging_mixin.py:190} INFO - [2024-11-30T03:19:38.706+0000] {dag.py:3239} INFO - Sync 3 DAGs
[2024-11-30T03:19:38.748+0000] {logging_mixin.py:190} INFO - [2024-11-30T03:19:38.748+0000] {dag.py:4180} INFO - Setting next_dagrun for example_subdag_operator to 2022-01-01 00:00:00+00:00, run_after=2022-01-01 00:00:00+00:00
[2024-11-30T03:19:38.757+0000] {logging_mixin.py:190} INFO - [2024-11-30T03:19:38.756+0000] {dag.py:4180} INFO - Setting next_dagrun for example_subdag_operator.section-1 to None, run_after=None
[2024-11-30T03:19:38.760+0000] {logging_mixin.py:190} INFO - [2024-11-30T03:19:38.760+0000] {dag.py:4180} INFO - Setting next_dagrun for example_subdag_operator.section-2 to None, run_after=None
[2024-11-30T03:19:38.773+0000] {logging_mixin.py:190} INFO - [2024-11-30T03:19:38.773+0000] {dag.py:3239} INFO - Sync 2 DAGs
[2024-11-30T03:19:38.782+0000] {logging_mixin.py:190} INFO - [2024-11-30T03:19:38.782+0000] {dag.py:4180} INFO - Setting next_dagrun for example_subdag_operator.section-1 to None, run_after=None
[2024-11-30T03:19:38.784+0000] {logging_mixin.py:190} INFO - [2024-11-30T03:19:38.783+0000] {dag.py:4180} INFO - Setting next_dagrun for example_subdag_operator.section-2 to None, run_after=None
[2024-11-30T03:19:38.805+0000] {processor.py:208} INFO - Processing /home/airflow/.local/lib/python3.12/site-packages/airflow/example_dags/example_subdag_operator.py took 0.190 seconds
[2024-11-30T03:20:09.180+0000] {processor.py:186} INFO - Started process (PID=12738) to work on /home/airflow/.local/lib/python3.12/site-packages/airflow/example_dags/example_subdag_operator.py
[2024-11-30T03:20:09.184+0000] {processor.py:914} INFO - Processing file /home/airflow/.local/lib/python3.12/site-packages/airflow/example_dags/example_subdag_operator.py for tasks to queue
[2024-11-30T03:20:09.194+0000] {logging_mixin.py:190} INFO - [2024-11-30T03:20:09.193+0000] {dagbag.py:588} INFO - Filling up the DagBag from /home/airflow/.local/lib/python3.12/site-packages/airflow/example_dags/example_subdag_operator.py
[2024-11-30T03:20:09.296+0000] {processor.py:925} INFO - DAG(s) 'example_subdag_operator.section-1', 'example_subdag_operator.section-2', 'example_subdag_operator' retrieved from /home/airflow/.local/lib/python3.12/site-packages/airflow/example_dags/example_subdag_operator.py
[2024-11-30T03:20:09.349+0000] {logging_mixin.py:190} INFO - [2024-11-30T03:20:09.349+0000] {dag.py:3239} INFO - Sync 3 DAGs
[2024-11-30T03:20:09.388+0000] {logging_mixin.py:190} INFO - [2024-11-30T03:20:09.388+0000] {dag.py:4180} INFO - Setting next_dagrun for example_subdag_operator to 2022-01-01 00:00:00+00:00, run_after=2022-01-01 00:00:00+00:00
[2024-11-30T03:20:09.396+0000] {logging_mixin.py:190} INFO - [2024-11-30T03:20:09.395+0000] {dag.py:4180} INFO - Setting next_dagrun for example_subdag_operator.section-1 to None, run_after=None
[2024-11-30T03:20:09.399+0000] {logging_mixin.py:190} INFO - [2024-11-30T03:20:09.398+0000] {dag.py:4180} INFO - Setting next_dagrun for example_subdag_operator.section-2 to None, run_after=None
[2024-11-30T03:20:09.413+0000] {logging_mixin.py:190} INFO - [2024-11-30T03:20:09.412+0000] {dag.py:3239} INFO - Sync 2 DAGs
[2024-11-30T03:20:09.422+0000] {logging_mixin.py:190} INFO - [2024-11-30T03:20:09.422+0000] {dag.py:4180} INFO - Setting next_dagrun for example_subdag_operator.section-1 to None, run_after=None
[2024-11-30T03:20:09.423+0000] {logging_mixin.py:190} INFO - [2024-11-30T03:20:09.423+0000] {dag.py:4180} INFO - Setting next_dagrun for example_subdag_operator.section-2 to None, run_after=None
[2024-11-30T03:20:09.443+0000] {processor.py:208} INFO - Processing /home/airflow/.local/lib/python3.12/site-packages/airflow/example_dags/example_subdag_operator.py took 0.290 seconds
[2024-11-30T03:21:19.529+0000] {processor.py:186} INFO - Started process (PID=12775) to work on /home/airflow/.local/lib/python3.12/site-packages/airflow/example_dags/example_subdag_operator.py
[2024-11-30T03:21:19.530+0000] {processor.py:914} INFO - Processing file /home/airflow/.local/lib/python3.12/site-packages/airflow/example_dags/example_subdag_operator.py for tasks to queue
[2024-11-30T03:21:19.535+0000] {logging_mixin.py:190} INFO - [2024-11-30T03:21:19.534+0000] {dagbag.py:588} INFO - Filling up the DagBag from /home/airflow/.local/lib/python3.12/site-packages/airflow/example_dags/example_subdag_operator.py
[2024-11-30T03:21:19.584+0000] {processor.py:925} INFO - DAG(s) 'example_subdag_operator.section-1', 'example_subdag_operator.section-2', 'example_subdag_operator' retrieved from /home/airflow/.local/lib/python3.12/site-packages/airflow/example_dags/example_subdag_operator.py
[2024-11-30T03:21:19.616+0000] {logging_mixin.py:190} INFO - [2024-11-30T03:21:19.616+0000] {dag.py:3239} INFO - Sync 3 DAGs
[2024-11-30T03:21:19.659+0000] {logging_mixin.py:190} INFO - [2024-11-30T03:21:19.658+0000] {dag.py:4180} INFO - Setting next_dagrun for example_subdag_operator to 2022-01-01 00:00:00+00:00, run_after=2022-01-01 00:00:00+00:00
[2024-11-30T03:21:19.669+0000] {logging_mixin.py:190} INFO - [2024-11-30T03:21:19.668+0000] {dag.py:4180} INFO - Setting next_dagrun for example_subdag_operator.section-1 to None, run_after=None
[2024-11-30T03:21:19.672+0000] {logging_mixin.py:190} INFO - [2024-11-30T03:21:19.672+0000] {dag.py:4180} INFO - Setting next_dagrun for example_subdag_operator.section-2 to None, run_after=None
[2024-11-30T03:21:19.688+0000] {logging_mixin.py:190} INFO - [2024-11-30T03:21:19.688+0000] {dag.py:3239} INFO - Sync 2 DAGs
[2024-11-30T03:21:19.702+0000] {logging_mixin.py:190} INFO - [2024-11-30T03:21:19.701+0000] {dag.py:4180} INFO - Setting next_dagrun for example_subdag_operator.section-1 to None, run_after=None
[2024-11-30T03:21:19.703+0000] {logging_mixin.py:190} INFO - [2024-11-30T03:21:19.703+0000] {dag.py:4180} INFO - Setting next_dagrun for example_subdag_operator.section-2 to None, run_after=None
[2024-11-30T03:21:19.731+0000] {processor.py:208} INFO - Processing /home/airflow/.local/lib/python3.12/site-packages/airflow/example_dags/example_subdag_operator.py took 0.215 seconds
[2024-11-30T03:21:50.637+0000] {processor.py:186} INFO - Started process (PID=12838) to work on /home/airflow/.local/lib/python3.12/site-packages/airflow/example_dags/example_subdag_operator.py
[2024-11-30T03:21:50.640+0000] {processor.py:914} INFO - Processing file /home/airflow/.local/lib/python3.12/site-packages/airflow/example_dags/example_subdag_operator.py for tasks to queue
[2024-11-30T03:21:50.645+0000] {logging_mixin.py:190} INFO - [2024-11-30T03:21:50.645+0000] {dagbag.py:588} INFO - Filling up the DagBag from /home/airflow/.local/lib/python3.12/site-packages/airflow/example_dags/example_subdag_operator.py
[2024-11-30T03:21:50.710+0000] {processor.py:925} INFO - DAG(s) 'example_subdag_operator.section-1', 'example_subdag_operator.section-2', 'example_subdag_operator' retrieved from /home/airflow/.local/lib/python3.12/site-packages/airflow/example_dags/example_subdag_operator.py
[2024-11-30T03:21:50.762+0000] {logging_mixin.py:190} INFO - [2024-11-30T03:21:50.761+0000] {dag.py:3239} INFO - Sync 3 DAGs
[2024-11-30T03:21:50.874+0000] {logging_mixin.py:190} INFO - [2024-11-30T03:21:50.871+0000] {dag.py:4180} INFO - Setting next_dagrun for example_subdag_operator to 2022-01-01 00:00:00+00:00, run_after=2022-01-01 00:00:00+00:00
[2024-11-30T03:21:50.891+0000] {logging_mixin.py:190} INFO - [2024-11-30T03:21:50.890+0000] {dag.py:4180} INFO - Setting next_dagrun for example_subdag_operator.section-1 to None, run_after=None
[2024-11-30T03:21:50.896+0000] {logging_mixin.py:190} INFO - [2024-11-30T03:21:50.895+0000] {dag.py:4180} INFO - Setting next_dagrun for example_subdag_operator.section-2 to None, run_after=None
[2024-11-30T03:21:50.926+0000] {logging_mixin.py:190} INFO - [2024-11-30T03:21:50.925+0000] {dag.py:3239} INFO - Sync 2 DAGs
[2024-11-30T03:21:50.966+0000] {logging_mixin.py:190} INFO - [2024-11-30T03:21:50.965+0000] {dag.py:4180} INFO - Setting next_dagrun for example_subdag_operator.section-1 to None, run_after=None
[2024-11-30T03:21:50.979+0000] {logging_mixin.py:190} INFO - [2024-11-30T03:21:50.976+0000] {dag.py:4180} INFO - Setting next_dagrun for example_subdag_operator.section-2 to None, run_after=None
[2024-11-30T03:21:51.068+0000] {processor.py:208} INFO - Processing /home/airflow/.local/lib/python3.12/site-packages/airflow/example_dags/example_subdag_operator.py took 0.446 seconds
