[2024-11-30T03:16:04.454+0000] {processor.py:186} INFO - Started process (PID=12248) to work on /home/airflow/.local/lib/python3.12/site-packages/airflow/example_dags/example_external_task_marker_dag.py
[2024-11-30T03:16:04.456+0000] {processor.py:914} INFO - Processing file /home/airflow/.local/lib/python3.12/site-packages/airflow/example_dags/example_external_task_marker_dag.py for tasks to queue
[2024-11-30T03:16:04.460+0000] {logging_mixin.py:190} INFO - [2024-11-30T03:16:04.460+0000] {dagbag.py:588} INFO - Filling up the DagBag from /home/airflow/.local/lib/python3.12/site-packages/airflow/example_dags/example_external_task_marker_dag.py
[2024-11-30T03:16:04.481+0000] {processor.py:925} INFO - DAG(s) 'example_external_task_marker_child', 'example_external_task_marker_parent' retrieved from /home/airflow/.local/lib/python3.12/site-packages/airflow/example_dags/example_external_task_marker_dag.py
[2024-11-30T03:16:04.534+0000] {logging_mixin.py:190} INFO - [2024-11-30T03:16:04.533+0000] {dag.py:3239} INFO - Sync 2 DAGs
[2024-11-30T03:16:04.572+0000] {logging_mixin.py:190} INFO - [2024-11-30T03:16:04.571+0000] {dag.py:4180} INFO - Setting next_dagrun for example_external_task_marker_child to None, run_after=None
[2024-11-30T03:16:04.592+0000] {logging_mixin.py:190} INFO - [2024-11-30T03:16:04.591+0000] {dag.py:4180} INFO - Setting next_dagrun for example_external_task_marker_parent to None, run_after=None
[2024-11-30T03:16:04.653+0000] {processor.py:208} INFO - Processing /home/airflow/.local/lib/python3.12/site-packages/airflow/example_dags/example_external_task_marker_dag.py took 0.215 seconds
[2024-11-30T03:16:35.732+0000] {processor.py:186} INFO - Started process (PID=12311) to work on /home/airflow/.local/lib/python3.12/site-packages/airflow/example_dags/example_external_task_marker_dag.py
[2024-11-30T03:16:35.734+0000] {processor.py:914} INFO - Processing file /home/airflow/.local/lib/python3.12/site-packages/airflow/example_dags/example_external_task_marker_dag.py for tasks to queue
[2024-11-30T03:16:35.739+0000] {logging_mixin.py:190} INFO - [2024-11-30T03:16:35.738+0000] {dagbag.py:588} INFO - Filling up the DagBag from /home/airflow/.local/lib/python3.12/site-packages/airflow/example_dags/example_external_task_marker_dag.py
[2024-11-30T03:16:35.755+0000] {processor.py:925} INFO - DAG(s) 'example_external_task_marker_child', 'example_external_task_marker_parent' retrieved from /home/airflow/.local/lib/python3.12/site-packages/airflow/example_dags/example_external_task_marker_dag.py
[2024-11-30T03:16:35.792+0000] {logging_mixin.py:190} INFO - [2024-11-30T03:16:35.792+0000] {dag.py:3239} INFO - Sync 2 DAGs
[2024-11-30T03:16:35.822+0000] {logging_mixin.py:190} INFO - [2024-11-30T03:16:35.822+0000] {dag.py:4180} INFO - Setting next_dagrun for example_external_task_marker_child to None, run_after=None
[2024-11-30T03:16:35.828+0000] {logging_mixin.py:190} INFO - [2024-11-30T03:16:35.828+0000] {dag.py:4180} INFO - Setting next_dagrun for example_external_task_marker_parent to None, run_after=None
[2024-11-30T03:16:35.856+0000] {processor.py:208} INFO - Processing /home/airflow/.local/lib/python3.12/site-packages/airflow/example_dags/example_external_task_marker_dag.py took 0.134 seconds
[2024-11-30T03:17:06.862+0000] {processor.py:186} INFO - Started process (PID=12374) to work on /home/airflow/.local/lib/python3.12/site-packages/airflow/example_dags/example_external_task_marker_dag.py
[2024-11-30T03:17:06.864+0000] {processor.py:914} INFO - Processing file /home/airflow/.local/lib/python3.12/site-packages/airflow/example_dags/example_external_task_marker_dag.py for tasks to queue
[2024-11-30T03:17:06.868+0000] {logging_mixin.py:190} INFO - [2024-11-30T03:17:06.867+0000] {dagbag.py:588} INFO - Filling up the DagBag from /home/airflow/.local/lib/python3.12/site-packages/airflow/example_dags/example_external_task_marker_dag.py
[2024-11-30T03:17:06.881+0000] {processor.py:925} INFO - DAG(s) 'example_external_task_marker_child', 'example_external_task_marker_parent' retrieved from /home/airflow/.local/lib/python3.12/site-packages/airflow/example_dags/example_external_task_marker_dag.py
[2024-11-30T03:17:06.919+0000] {logging_mixin.py:190} INFO - [2024-11-30T03:17:06.918+0000] {dag.py:3239} INFO - Sync 2 DAGs
[2024-11-30T03:17:06.942+0000] {logging_mixin.py:190} INFO - [2024-11-30T03:17:06.942+0000] {dag.py:4180} INFO - Setting next_dagrun for example_external_task_marker_child to None, run_after=None
[2024-11-30T03:17:06.949+0000] {logging_mixin.py:190} INFO - [2024-11-30T03:17:06.948+0000] {dag.py:4180} INFO - Setting next_dagrun for example_external_task_marker_parent to None, run_after=None
[2024-11-30T03:17:06.981+0000] {processor.py:208} INFO - Processing /home/airflow/.local/lib/python3.12/site-packages/airflow/example_dags/example_external_task_marker_dag.py took 0.128 seconds
[2024-11-30T03:17:37.303+0000] {processor.py:186} INFO - Started process (PID=12436) to work on /home/airflow/.local/lib/python3.12/site-packages/airflow/example_dags/example_external_task_marker_dag.py
[2024-11-30T03:17:37.304+0000] {processor.py:914} INFO - Processing file /home/airflow/.local/lib/python3.12/site-packages/airflow/example_dags/example_external_task_marker_dag.py for tasks to queue
[2024-11-30T03:17:37.308+0000] {logging_mixin.py:190} INFO - [2024-11-30T03:17:37.308+0000] {dagbag.py:588} INFO - Filling up the DagBag from /home/airflow/.local/lib/python3.12/site-packages/airflow/example_dags/example_external_task_marker_dag.py
[2024-11-30T03:17:37.326+0000] {processor.py:925} INFO - DAG(s) 'example_external_task_marker_parent', 'example_external_task_marker_child' retrieved from /home/airflow/.local/lib/python3.12/site-packages/airflow/example_dags/example_external_task_marker_dag.py
[2024-11-30T03:17:37.380+0000] {logging_mixin.py:190} INFO - [2024-11-30T03:17:37.379+0000] {dag.py:3239} INFO - Sync 2 DAGs
[2024-11-30T03:17:37.423+0000] {logging_mixin.py:190} INFO - [2024-11-30T03:17:37.422+0000] {dag.py:4180} INFO - Setting next_dagrun for example_external_task_marker_child to None, run_after=None
[2024-11-30T03:17:37.433+0000] {logging_mixin.py:190} INFO - [2024-11-30T03:17:37.433+0000] {dag.py:4180} INFO - Setting next_dagrun for example_external_task_marker_parent to None, run_after=None
[2024-11-30T03:17:37.475+0000] {processor.py:208} INFO - Processing /home/airflow/.local/lib/python3.12/site-packages/airflow/example_dags/example_external_task_marker_dag.py took 0.182 seconds
[2024-11-30T03:18:07.683+0000] {processor.py:186} INFO - Started process (PID=12498) to work on /home/airflow/.local/lib/python3.12/site-packages/airflow/example_dags/example_external_task_marker_dag.py
[2024-11-30T03:18:07.687+0000] {processor.py:914} INFO - Processing file /home/airflow/.local/lib/python3.12/site-packages/airflow/example_dags/example_external_task_marker_dag.py for tasks to queue
[2024-11-30T03:18:07.696+0000] {logging_mixin.py:190} INFO - [2024-11-30T03:18:07.695+0000] {dagbag.py:588} INFO - Filling up the DagBag from /home/airflow/.local/lib/python3.12/site-packages/airflow/example_dags/example_external_task_marker_dag.py
[2024-11-30T03:18:07.728+0000] {processor.py:925} INFO - DAG(s) 'example_external_task_marker_child', 'example_external_task_marker_parent' retrieved from /home/airflow/.local/lib/python3.12/site-packages/airflow/example_dags/example_external_task_marker_dag.py
[2024-11-30T03:18:07.807+0000] {logging_mixin.py:190} INFO - [2024-11-30T03:18:07.806+0000] {dag.py:3239} INFO - Sync 2 DAGs
[2024-11-30T03:18:07.855+0000] {logging_mixin.py:190} INFO - [2024-11-30T03:18:07.854+0000] {dag.py:4180} INFO - Setting next_dagrun for example_external_task_marker_child to None, run_after=None
[2024-11-30T03:18:07.864+0000] {logging_mixin.py:190} INFO - [2024-11-30T03:18:07.864+0000] {dag.py:4180} INFO - Setting next_dagrun for example_external_task_marker_parent to None, run_after=None
[2024-11-30T03:18:07.908+0000] {processor.py:208} INFO - Processing /home/airflow/.local/lib/python3.12/site-packages/airflow/example_dags/example_external_task_marker_dag.py took 0.244 seconds
[2024-11-30T03:18:41.393+0000] {processor.py:186} INFO - Started process (PID=12561) to work on /home/airflow/.local/lib/python3.12/site-packages/airflow/example_dags/example_external_task_marker_dag.py
[2024-11-30T03:18:41.395+0000] {processor.py:914} INFO - Processing file /home/airflow/.local/lib/python3.12/site-packages/airflow/example_dags/example_external_task_marker_dag.py for tasks to queue
[2024-11-30T03:18:41.401+0000] {logging_mixin.py:190} INFO - [2024-11-30T03:18:41.400+0000] {dagbag.py:588} INFO - Filling up the DagBag from /home/airflow/.local/lib/python3.12/site-packages/airflow/example_dags/example_external_task_marker_dag.py
[2024-11-30T03:18:41.441+0000] {processor.py:925} INFO - DAG(s) 'example_external_task_marker_parent', 'example_external_task_marker_child' retrieved from /home/airflow/.local/lib/python3.12/site-packages/airflow/example_dags/example_external_task_marker_dag.py
[2024-11-30T03:18:41.528+0000] {logging_mixin.py:190} INFO - [2024-11-30T03:18:41.527+0000] {dag.py:3239} INFO - Sync 2 DAGs
[2024-11-30T03:18:41.595+0000] {logging_mixin.py:190} INFO - [2024-11-30T03:18:41.594+0000] {dag.py:4180} INFO - Setting next_dagrun for example_external_task_marker_child to None, run_after=None
[2024-11-30T03:18:41.624+0000] {logging_mixin.py:190} INFO - [2024-11-30T03:18:41.623+0000] {dag.py:4180} INFO - Setting next_dagrun for example_external_task_marker_parent to None, run_after=None
[2024-11-30T03:18:41.744+0000] {processor.py:208} INFO - Processing /home/airflow/.local/lib/python3.12/site-packages/airflow/example_dags/example_external_task_marker_dag.py took 0.366 seconds
[2024-11-30T03:19:12.273+0000] {processor.py:186} INFO - Started process (PID=12624) to work on /home/airflow/.local/lib/python3.12/site-packages/airflow/example_dags/example_external_task_marker_dag.py
[2024-11-30T03:19:12.276+0000] {processor.py:914} INFO - Processing file /home/airflow/.local/lib/python3.12/site-packages/airflow/example_dags/example_external_task_marker_dag.py for tasks to queue
[2024-11-30T03:19:12.282+0000] {logging_mixin.py:190} INFO - [2024-11-30T03:19:12.281+0000] {dagbag.py:588} INFO - Filling up the DagBag from /home/airflow/.local/lib/python3.12/site-packages/airflow/example_dags/example_external_task_marker_dag.py
[2024-11-30T03:19:12.300+0000] {processor.py:925} INFO - DAG(s) 'example_external_task_marker_child', 'example_external_task_marker_parent' retrieved from /home/airflow/.local/lib/python3.12/site-packages/airflow/example_dags/example_external_task_marker_dag.py
[2024-11-30T03:19:12.342+0000] {logging_mixin.py:190} INFO - [2024-11-30T03:19:12.342+0000] {dag.py:3239} INFO - Sync 2 DAGs
[2024-11-30T03:19:12.371+0000] {logging_mixin.py:190} INFO - [2024-11-30T03:19:12.370+0000] {dag.py:4180} INFO - Setting next_dagrun for example_external_task_marker_child to None, run_after=None
[2024-11-30T03:19:12.380+0000] {logging_mixin.py:190} INFO - [2024-11-30T03:19:12.379+0000] {dag.py:4180} INFO - Setting next_dagrun for example_external_task_marker_parent to None, run_after=None
[2024-11-30T03:19:12.429+0000] {processor.py:208} INFO - Processing /home/airflow/.local/lib/python3.12/site-packages/airflow/example_dags/example_external_task_marker_dag.py took 0.170 seconds
[2024-11-30T03:19:42.649+0000] {processor.py:186} INFO - Started process (PID=12687) to work on /home/airflow/.local/lib/python3.12/site-packages/airflow/example_dags/example_external_task_marker_dag.py
[2024-11-30T03:19:42.653+0000] {processor.py:914} INFO - Processing file /home/airflow/.local/lib/python3.12/site-packages/airflow/example_dags/example_external_task_marker_dag.py for tasks to queue
[2024-11-30T03:19:42.664+0000] {logging_mixin.py:190} INFO - [2024-11-30T03:19:42.662+0000] {dagbag.py:588} INFO - Filling up the DagBag from /home/airflow/.local/lib/python3.12/site-packages/airflow/example_dags/example_external_task_marker_dag.py
[2024-11-30T03:19:42.706+0000] {processor.py:925} INFO - DAG(s) 'example_external_task_marker_child', 'example_external_task_marker_parent' retrieved from /home/airflow/.local/lib/python3.12/site-packages/airflow/example_dags/example_external_task_marker_dag.py
[2024-11-30T03:19:42.806+0000] {logging_mixin.py:190} INFO - [2024-11-30T03:19:42.805+0000] {dag.py:3239} INFO - Sync 2 DAGs
[2024-11-30T03:19:42.862+0000] {logging_mixin.py:190} INFO - [2024-11-30T03:19:42.861+0000] {dag.py:4180} INFO - Setting next_dagrun for example_external_task_marker_child to None, run_after=None
[2024-11-30T03:19:42.875+0000] {logging_mixin.py:190} INFO - [2024-11-30T03:19:42.874+0000] {dag.py:4180} INFO - Setting next_dagrun for example_external_task_marker_parent to None, run_after=None
[2024-11-30T03:19:42.939+0000] {processor.py:208} INFO - Processing /home/airflow/.local/lib/python3.12/site-packages/airflow/example_dags/example_external_task_marker_dag.py took 0.314 seconds
[2024-11-30T03:20:13.269+0000] {processor.py:186} INFO - Started process (PID=12750) to work on /home/airflow/.local/lib/python3.12/site-packages/airflow/example_dags/example_external_task_marker_dag.py
[2024-11-30T03:20:13.271+0000] {processor.py:914} INFO - Processing file /home/airflow/.local/lib/python3.12/site-packages/airflow/example_dags/example_external_task_marker_dag.py for tasks to queue
[2024-11-30T03:20:13.277+0000] {logging_mixin.py:190} INFO - [2024-11-30T03:20:13.276+0000] {dagbag.py:588} INFO - Filling up the DagBag from /home/airflow/.local/lib/python3.12/site-packages/airflow/example_dags/example_external_task_marker_dag.py
[2024-11-30T03:20:13.296+0000] {processor.py:925} INFO - DAG(s) 'example_external_task_marker_child', 'example_external_task_marker_parent' retrieved from /home/airflow/.local/lib/python3.12/site-packages/airflow/example_dags/example_external_task_marker_dag.py
[2024-11-30T03:20:13.342+0000] {logging_mixin.py:190} INFO - [2024-11-30T03:20:13.342+0000] {dag.py:3239} INFO - Sync 2 DAGs
[2024-11-30T03:20:13.366+0000] {logging_mixin.py:190} INFO - [2024-11-30T03:20:13.366+0000] {dag.py:4180} INFO - Setting next_dagrun for example_external_task_marker_child to None, run_after=None
[2024-11-30T03:20:13.372+0000] {logging_mixin.py:190} INFO - [2024-11-30T03:20:13.372+0000] {dag.py:4180} INFO - Setting next_dagrun for example_external_task_marker_parent to None, run_after=None
[2024-11-30T03:20:13.404+0000] {processor.py:208} INFO - Processing /home/airflow/.local/lib/python3.12/site-packages/airflow/example_dags/example_external_task_marker_dag.py took 0.146 seconds
[2024-11-30T03:21:23.016+0000] {processor.py:186} INFO - Started process (PID=12789) to work on /home/airflow/.local/lib/python3.12/site-packages/airflow/example_dags/example_external_task_marker_dag.py
[2024-11-30T03:21:23.018+0000] {processor.py:914} INFO - Processing file /home/airflow/.local/lib/python3.12/site-packages/airflow/example_dags/example_external_task_marker_dag.py for tasks to queue
[2024-11-30T03:21:23.022+0000] {logging_mixin.py:190} INFO - [2024-11-30T03:21:23.022+0000] {dagbag.py:588} INFO - Filling up the DagBag from /home/airflow/.local/lib/python3.12/site-packages/airflow/example_dags/example_external_task_marker_dag.py
[2024-11-30T03:21:23.037+0000] {processor.py:925} INFO - DAG(s) 'example_external_task_marker_parent', 'example_external_task_marker_child' retrieved from /home/airflow/.local/lib/python3.12/site-packages/airflow/example_dags/example_external_task_marker_dag.py
[2024-11-30T03:21:23.078+0000] {logging_mixin.py:190} INFO - [2024-11-30T03:21:23.078+0000] {dag.py:3239} INFO - Sync 2 DAGs
[2024-11-30T03:21:23.110+0000] {logging_mixin.py:190} INFO - [2024-11-30T03:21:23.110+0000] {dag.py:4180} INFO - Setting next_dagrun for example_external_task_marker_child to None, run_after=None
[2024-11-30T03:21:23.120+0000] {logging_mixin.py:190} INFO - [2024-11-30T03:21:23.120+0000] {dag.py:4180} INFO - Setting next_dagrun for example_external_task_marker_parent to None, run_after=None
[2024-11-30T03:21:23.151+0000] {processor.py:208} INFO - Processing /home/airflow/.local/lib/python3.12/site-packages/airflow/example_dags/example_external_task_marker_dag.py took 0.145 seconds
