[2024-11-30T03:16:01.307+0000] {processor.py:186} INFO - Started process (PID=12232) to work on /home/airflow/.local/lib/python3.12/site-packages/airflow/example_dags/example_xcom.py
[2024-11-30T03:16:01.309+0000] {processor.py:914} INFO - Processing file /home/airflow/.local/lib/python3.12/site-packages/airflow/example_dags/example_xcom.py for tasks to queue
[2024-11-30T03:16:01.315+0000] {logging_mixin.py:190} INFO - [2024-11-30T03:16:01.314+0000] {dagbag.py:588} INFO - Filling up the DagBag from /home/airflow/.local/lib/python3.12/site-packages/airflow/example_dags/example_xcom.py
[2024-11-30T03:16:01.337+0000] {processor.py:925} INFO - DAG(s) 'example_xcom' retrieved from /home/airflow/.local/lib/python3.12/site-packages/airflow/example_dags/example_xcom.py
[2024-11-30T03:16:01.410+0000] {logging_mixin.py:190} INFO - [2024-11-30T03:16:01.410+0000] {dag.py:3239} INFO - Sync 1 DAGs
[2024-11-30T03:16:01.456+0000] {logging_mixin.py:190} INFO - [2024-11-30T03:16:01.456+0000] {dag.py:4180} INFO - Setting next_dagrun for example_xcom to 2021-01-01 00:00:00+00:00, run_after=2021-01-01 00:00:00+00:00
[2024-11-30T03:16:01.491+0000] {processor.py:208} INFO - Processing /home/airflow/.local/lib/python3.12/site-packages/airflow/example_dags/example_xcom.py took 0.199 seconds
[2024-11-30T03:16:32.313+0000] {processor.py:186} INFO - Started process (PID=12296) to work on /home/airflow/.local/lib/python3.12/site-packages/airflow/example_dags/example_xcom.py
[2024-11-30T03:16:32.315+0000] {processor.py:914} INFO - Processing file /home/airflow/.local/lib/python3.12/site-packages/airflow/example_dags/example_xcom.py for tasks to queue
[2024-11-30T03:16:32.321+0000] {logging_mixin.py:190} INFO - [2024-11-30T03:16:32.321+0000] {dagbag.py:588} INFO - Filling up the DagBag from /home/airflow/.local/lib/python3.12/site-packages/airflow/example_dags/example_xcom.py
[2024-11-30T03:16:32.343+0000] {processor.py:925} INFO - DAG(s) 'example_xcom' retrieved from /home/airflow/.local/lib/python3.12/site-packages/airflow/example_dags/example_xcom.py
[2024-11-30T03:16:32.382+0000] {logging_mixin.py:190} INFO - [2024-11-30T03:16:32.381+0000] {dag.py:3239} INFO - Sync 1 DAGs
[2024-11-30T03:16:32.424+0000] {logging_mixin.py:190} INFO - [2024-11-30T03:16:32.424+0000] {dag.py:4180} INFO - Setting next_dagrun for example_xcom to 2021-01-01 00:00:00+00:00, run_after=2021-01-01 00:00:00+00:00
[2024-11-30T03:16:32.459+0000] {processor.py:208} INFO - Processing /home/airflow/.local/lib/python3.12/site-packages/airflow/example_dags/example_xcom.py took 0.157 seconds
[2024-11-30T03:17:03.176+0000] {processor.py:186} INFO - Started process (PID=12358) to work on /home/airflow/.local/lib/python3.12/site-packages/airflow/example_dags/example_xcom.py
[2024-11-30T03:17:03.180+0000] {processor.py:914} INFO - Processing file /home/airflow/.local/lib/python3.12/site-packages/airflow/example_dags/example_xcom.py for tasks to queue
[2024-11-30T03:17:03.189+0000] {logging_mixin.py:190} INFO - [2024-11-30T03:17:03.188+0000] {dagbag.py:588} INFO - Filling up the DagBag from /home/airflow/.local/lib/python3.12/site-packages/airflow/example_dags/example_xcom.py
[2024-11-30T03:17:03.227+0000] {processor.py:925} INFO - DAG(s) 'example_xcom' retrieved from /home/airflow/.local/lib/python3.12/site-packages/airflow/example_dags/example_xcom.py
[2024-11-30T03:17:03.300+0000] {logging_mixin.py:190} INFO - [2024-11-30T03:17:03.299+0000] {dag.py:3239} INFO - Sync 1 DAGs
[2024-11-30T03:17:03.374+0000] {logging_mixin.py:190} INFO - [2024-11-30T03:17:03.373+0000] {dag.py:4180} INFO - Setting next_dagrun for example_xcom to 2021-01-01 00:00:00+00:00, run_after=2021-01-01 00:00:00+00:00
[2024-11-30T03:17:03.419+0000] {processor.py:208} INFO - Processing /home/airflow/.local/lib/python3.12/site-packages/airflow/example_dags/example_xcom.py took 0.269 seconds
[2024-11-30T03:17:33.823+0000] {processor.py:186} INFO - Started process (PID=12421) to work on /home/airflow/.local/lib/python3.12/site-packages/airflow/example_dags/example_xcom.py
[2024-11-30T03:17:33.826+0000] {processor.py:914} INFO - Processing file /home/airflow/.local/lib/python3.12/site-packages/airflow/example_dags/example_xcom.py for tasks to queue
[2024-11-30T03:17:33.831+0000] {logging_mixin.py:190} INFO - [2024-11-30T03:17:33.830+0000] {dagbag.py:588} INFO - Filling up the DagBag from /home/airflow/.local/lib/python3.12/site-packages/airflow/example_dags/example_xcom.py
[2024-11-30T03:17:33.850+0000] {processor.py:925} INFO - DAG(s) 'example_xcom' retrieved from /home/airflow/.local/lib/python3.12/site-packages/airflow/example_dags/example_xcom.py
[2024-11-30T03:17:33.891+0000] {logging_mixin.py:190} INFO - [2024-11-30T03:17:33.891+0000] {dag.py:3239} INFO - Sync 1 DAGs
[2024-11-30T03:17:33.931+0000] {logging_mixin.py:190} INFO - [2024-11-30T03:17:33.930+0000] {dag.py:4180} INFO - Setting next_dagrun for example_xcom to 2021-01-01 00:00:00+00:00, run_after=2021-01-01 00:00:00+00:00
[2024-11-30T03:17:34.001+0000] {processor.py:208} INFO - Processing /home/airflow/.local/lib/python3.12/site-packages/airflow/example_dags/example_xcom.py took 0.190 seconds
[2024-11-30T03:18:04.860+0000] {processor.py:186} INFO - Started process (PID=12484) to work on /home/airflow/.local/lib/python3.12/site-packages/airflow/example_dags/example_xcom.py
[2024-11-30T03:18:04.869+0000] {processor.py:914} INFO - Processing file /home/airflow/.local/lib/python3.12/site-packages/airflow/example_dags/example_xcom.py for tasks to queue
[2024-11-30T03:18:04.881+0000] {logging_mixin.py:190} INFO - [2024-11-30T03:18:04.880+0000] {dagbag.py:588} INFO - Filling up the DagBag from /home/airflow/.local/lib/python3.12/site-packages/airflow/example_dags/example_xcom.py
[2024-11-30T03:18:04.939+0000] {processor.py:925} INFO - DAG(s) 'example_xcom' retrieved from /home/airflow/.local/lib/python3.12/site-packages/airflow/example_dags/example_xcom.py
[2024-11-30T03:18:05.013+0000] {logging_mixin.py:190} INFO - [2024-11-30T03:18:05.013+0000] {dag.py:3239} INFO - Sync 1 DAGs
[2024-11-30T03:18:05.060+0000] {logging_mixin.py:190} INFO - [2024-11-30T03:18:05.059+0000] {dag.py:4180} INFO - Setting next_dagrun for example_xcom to 2021-01-01 00:00:00+00:00, run_after=2021-01-01 00:00:00+00:00
[2024-11-30T03:18:05.104+0000] {processor.py:208} INFO - Processing /home/airflow/.local/lib/python3.12/site-packages/airflow/example_dags/example_xcom.py took 0.278 seconds
[2024-11-30T03:18:36.055+0000] {processor.py:186} INFO - Started process (PID=12547) to work on /home/airflow/.local/lib/python3.12/site-packages/airflow/example_dags/example_xcom.py
[2024-11-30T03:18:36.058+0000] {processor.py:914} INFO - Processing file /home/airflow/.local/lib/python3.12/site-packages/airflow/example_dags/example_xcom.py for tasks to queue
[2024-11-30T03:18:36.064+0000] {logging_mixin.py:190} INFO - [2024-11-30T03:18:36.064+0000] {dagbag.py:588} INFO - Filling up the DagBag from /home/airflow/.local/lib/python3.12/site-packages/airflow/example_dags/example_xcom.py
[2024-11-30T03:18:36.094+0000] {processor.py:925} INFO - DAG(s) 'example_xcom' retrieved from /home/airflow/.local/lib/python3.12/site-packages/airflow/example_dags/example_xcom.py
[2024-11-30T03:18:36.159+0000] {logging_mixin.py:190} INFO - [2024-11-30T03:18:36.158+0000] {dag.py:3239} INFO - Sync 1 DAGs
[2024-11-30T03:18:36.220+0000] {logging_mixin.py:190} INFO - [2024-11-30T03:18:36.220+0000] {dag.py:4180} INFO - Setting next_dagrun for example_xcom to 2021-01-01 00:00:00+00:00, run_after=2021-01-01 00:00:00+00:00
[2024-11-30T03:18:36.262+0000] {processor.py:208} INFO - Processing /home/airflow/.local/lib/python3.12/site-packages/airflow/example_dags/example_xcom.py took 0.222 seconds
[2024-11-30T03:19:07.093+0000] {processor.py:186} INFO - Started process (PID=12610) to work on /home/airflow/.local/lib/python3.12/site-packages/airflow/example_dags/example_xcom.py
[2024-11-30T03:19:07.096+0000] {processor.py:914} INFO - Processing file /home/airflow/.local/lib/python3.12/site-packages/airflow/example_dags/example_xcom.py for tasks to queue
[2024-11-30T03:19:07.102+0000] {logging_mixin.py:190} INFO - [2024-11-30T03:19:07.101+0000] {dagbag.py:588} INFO - Filling up the DagBag from /home/airflow/.local/lib/python3.12/site-packages/airflow/example_dags/example_xcom.py
[2024-11-30T03:19:07.126+0000] {processor.py:925} INFO - DAG(s) 'example_xcom' retrieved from /home/airflow/.local/lib/python3.12/site-packages/airflow/example_dags/example_xcom.py
[2024-11-30T03:19:07.206+0000] {logging_mixin.py:190} INFO - [2024-11-30T03:19:07.205+0000] {dag.py:3239} INFO - Sync 1 DAGs
[2024-11-30T03:19:07.261+0000] {logging_mixin.py:190} INFO - [2024-11-30T03:19:07.261+0000] {dag.py:4180} INFO - Setting next_dagrun for example_xcom to 2021-01-01 00:00:00+00:00, run_after=2021-01-01 00:00:00+00:00
[2024-11-30T03:19:07.300+0000] {processor.py:208} INFO - Processing /home/airflow/.local/lib/python3.12/site-packages/airflow/example_dags/example_xcom.py took 0.222 seconds
[2024-11-30T03:19:37.399+0000] {processor.py:186} INFO - Started process (PID=12673) to work on /home/airflow/.local/lib/python3.12/site-packages/airflow/example_dags/example_xcom.py
[2024-11-30T03:19:37.402+0000] {processor.py:914} INFO - Processing file /home/airflow/.local/lib/python3.12/site-packages/airflow/example_dags/example_xcom.py for tasks to queue
[2024-11-30T03:19:37.408+0000] {logging_mixin.py:190} INFO - [2024-11-30T03:19:37.407+0000] {dagbag.py:588} INFO - Filling up the DagBag from /home/airflow/.local/lib/python3.12/site-packages/airflow/example_dags/example_xcom.py
[2024-11-30T03:19:37.424+0000] {processor.py:925} INFO - DAG(s) 'example_xcom' retrieved from /home/airflow/.local/lib/python3.12/site-packages/airflow/example_dags/example_xcom.py
[2024-11-30T03:19:37.457+0000] {logging_mixin.py:190} INFO - [2024-11-30T03:19:37.456+0000] {dag.py:3239} INFO - Sync 1 DAGs
[2024-11-30T03:19:37.491+0000] {logging_mixin.py:190} INFO - [2024-11-30T03:19:37.490+0000] {dag.py:4180} INFO - Setting next_dagrun for example_xcom to 2021-01-01 00:00:00+00:00, run_after=2021-01-01 00:00:00+00:00
[2024-11-30T03:19:37.531+0000] {processor.py:208} INFO - Processing /home/airflow/.local/lib/python3.12/site-packages/airflow/example_dags/example_xcom.py took 0.147 seconds
[2024-11-30T03:20:08.047+0000] {processor.py:186} INFO - Started process (PID=12736) to work on /home/airflow/.local/lib/python3.12/site-packages/airflow/example_dags/example_xcom.py
[2024-11-30T03:20:08.050+0000] {processor.py:914} INFO - Processing file /home/airflow/.local/lib/python3.12/site-packages/airflow/example_dags/example_xcom.py for tasks to queue
[2024-11-30T03:20:08.056+0000] {logging_mixin.py:190} INFO - [2024-11-30T03:20:08.055+0000] {dagbag.py:588} INFO - Filling up the DagBag from /home/airflow/.local/lib/python3.12/site-packages/airflow/example_dags/example_xcom.py
[2024-11-30T03:20:08.080+0000] {processor.py:925} INFO - DAG(s) 'example_xcom' retrieved from /home/airflow/.local/lib/python3.12/site-packages/airflow/example_dags/example_xcom.py
[2024-11-30T03:20:08.128+0000] {logging_mixin.py:190} INFO - [2024-11-30T03:20:08.127+0000] {dag.py:3239} INFO - Sync 1 DAGs
[2024-11-30T03:20:08.182+0000] {logging_mixin.py:190} INFO - [2024-11-30T03:20:08.181+0000] {dag.py:4180} INFO - Setting next_dagrun for example_xcom to 2021-01-01 00:00:00+00:00, run_after=2021-01-01 00:00:00+00:00
[2024-11-30T03:20:08.228+0000] {processor.py:208} INFO - Processing /home/airflow/.local/lib/python3.12/site-packages/airflow/example_dags/example_xcom.py took 0.198 seconds
[2024-11-30T03:21:18.903+0000] {processor.py:186} INFO - Started process (PID=12773) to work on /home/airflow/.local/lib/python3.12/site-packages/airflow/example_dags/example_xcom.py
[2024-11-30T03:21:18.908+0000] {processor.py:914} INFO - Processing file /home/airflow/.local/lib/python3.12/site-packages/airflow/example_dags/example_xcom.py for tasks to queue
[2024-11-30T03:21:18.914+0000] {logging_mixin.py:190} INFO - [2024-11-30T03:21:18.913+0000] {dagbag.py:588} INFO - Filling up the DagBag from /home/airflow/.local/lib/python3.12/site-packages/airflow/example_dags/example_xcom.py
[2024-11-30T03:21:18.938+0000] {processor.py:925} INFO - DAG(s) 'example_xcom' retrieved from /home/airflow/.local/lib/python3.12/site-packages/airflow/example_dags/example_xcom.py
[2024-11-30T03:21:18.997+0000] {logging_mixin.py:190} INFO - [2024-11-30T03:21:18.997+0000] {dag.py:3239} INFO - Sync 1 DAGs
[2024-11-30T03:21:19.069+0000] {logging_mixin.py:190} INFO - [2024-11-30T03:21:19.068+0000] {dag.py:4180} INFO - Setting next_dagrun for example_xcom to 2021-01-01 00:00:00+00:00, run_after=2021-01-01 00:00:00+00:00
[2024-11-30T03:21:19.132+0000] {processor.py:208} INFO - Processing /home/airflow/.local/lib/python3.12/site-packages/airflow/example_dags/example_xcom.py took 0.256 seconds
[2024-11-30T03:21:50.085+0000] {processor.py:186} INFO - Started process (PID=12836) to work on /home/airflow/.local/lib/python3.12/site-packages/airflow/example_dags/example_xcom.py
[2024-11-30T03:21:50.090+0000] {processor.py:914} INFO - Processing file /home/airflow/.local/lib/python3.12/site-packages/airflow/example_dags/example_xcom.py for tasks to queue
[2024-11-30T03:21:50.101+0000] {logging_mixin.py:190} INFO - [2024-11-30T03:21:50.099+0000] {dagbag.py:588} INFO - Filling up the DagBag from /home/airflow/.local/lib/python3.12/site-packages/airflow/example_dags/example_xcom.py
[2024-11-30T03:21:50.138+0000] {processor.py:925} INFO - DAG(s) 'example_xcom' retrieved from /home/airflow/.local/lib/python3.12/site-packages/airflow/example_dags/example_xcom.py
[2024-11-30T03:21:50.206+0000] {logging_mixin.py:190} INFO - [2024-11-30T03:21:50.205+0000] {dag.py:3239} INFO - Sync 1 DAGs
[2024-11-30T03:21:50.257+0000] {logging_mixin.py:190} INFO - [2024-11-30T03:21:50.257+0000] {dag.py:4180} INFO - Setting next_dagrun for example_xcom to 2021-01-01 00:00:00+00:00, run_after=2021-01-01 00:00:00+00:00
[2024-11-30T03:21:50.305+0000] {processor.py:208} INFO - Processing /home/airflow/.local/lib/python3.12/site-packages/airflow/example_dags/example_xcom.py took 0.245 seconds
