[2024-11-30T03:16:05.439+0000] {processor.py:186} INFO - Started process (PID=12252) to work on /home/airflow/.local/lib/python3.12/site-packages/airflow/example_dags/example_dataset_alias.py
[2024-11-30T03:16:05.441+0000] {processor.py:914} INFO - Processing file /home/airflow/.local/lib/python3.12/site-packages/airflow/example_dags/example_dataset_alias.py for tasks to queue
[2024-11-30T03:16:05.445+0000] {logging_mixin.py:190} INFO - [2024-11-30T03:16:05.445+0000] {dagbag.py:588} INFO - Filling up the DagBag from /home/airflow/.local/lib/python3.12/site-packages/airflow/example_dags/example_dataset_alias.py
[2024-11-30T03:16:06.890+0000] {processor.py:925} INFO - DAG(s) 'dataset_alias_example_alias_consumer', 'dataset_s3_bucket_producer', 'dataset_alias_example_alias_producer', 'dataset_s3_bucket_consumer' retrieved from /home/airflow/.local/lib/python3.12/site-packages/airflow/example_dags/example_dataset_alias.py
[2024-11-30T03:16:06.948+0000] {logging_mixin.py:190} INFO - [2024-11-30T03:16:06.947+0000] {dag.py:3239} INFO - Sync 4 DAGs
[2024-11-30T03:16:07.006+0000] {logging_mixin.py:190} INFO - [2024-11-30T03:16:07.006+0000] {dag.py:4180} INFO - Setting next_dagrun for dataset_alias_example_alias_consumer to None, run_after=None
[2024-11-30T03:16:07.017+0000] {logging_mixin.py:190} INFO - [2024-11-30T03:16:07.016+0000] {dag.py:4180} INFO - Setting next_dagrun for dataset_alias_example_alias_producer to None, run_after=None
[2024-11-30T03:16:07.022+0000] {logging_mixin.py:190} INFO - [2024-11-30T03:16:07.022+0000] {dag.py:4180} INFO - Setting next_dagrun for dataset_s3_bucket_consumer to None, run_after=None
[2024-11-30T03:16:07.027+0000] {logging_mixin.py:190} INFO - [2024-11-30T03:16:07.027+0000] {dag.py:4180} INFO - Setting next_dagrun for dataset_s3_bucket_producer to None, run_after=None
[2024-11-30T03:16:07.103+0000] {processor.py:208} INFO - Processing /home/airflow/.local/lib/python3.12/site-packages/airflow/example_dags/example_dataset_alias.py took 1.675 seconds
[2024-11-30T03:16:37.355+0000] {processor.py:186} INFO - Started process (PID=12321) to work on /home/airflow/.local/lib/python3.12/site-packages/airflow/example_dags/example_dataset_alias.py
[2024-11-30T03:16:37.357+0000] {processor.py:914} INFO - Processing file /home/airflow/.local/lib/python3.12/site-packages/airflow/example_dags/example_dataset_alias.py for tasks to queue
[2024-11-30T03:16:37.363+0000] {logging_mixin.py:190} INFO - [2024-11-30T03:16:37.362+0000] {dagbag.py:588} INFO - Filling up the DagBag from /home/airflow/.local/lib/python3.12/site-packages/airflow/example_dags/example_dataset_alias.py
[2024-11-30T03:16:38.616+0000] {processor.py:925} INFO - DAG(s) 'dataset_s3_bucket_consumer', 'dataset_alias_example_alias_consumer', 'dataset_alias_example_alias_producer', 'dataset_s3_bucket_producer' retrieved from /home/airflow/.local/lib/python3.12/site-packages/airflow/example_dags/example_dataset_alias.py
[2024-11-30T03:16:38.657+0000] {logging_mixin.py:190} INFO - [2024-11-30T03:16:38.656+0000] {dag.py:3239} INFO - Sync 4 DAGs
[2024-11-30T03:16:38.691+0000] {logging_mixin.py:190} INFO - [2024-11-30T03:16:38.691+0000] {dag.py:4180} INFO - Setting next_dagrun for dataset_alias_example_alias_consumer to None, run_after=None
[2024-11-30T03:16:38.696+0000] {logging_mixin.py:190} INFO - [2024-11-30T03:16:38.696+0000] {dag.py:4180} INFO - Setting next_dagrun for dataset_alias_example_alias_producer to None, run_after=None
[2024-11-30T03:16:38.699+0000] {logging_mixin.py:190} INFO - [2024-11-30T03:16:38.698+0000] {dag.py:4180} INFO - Setting next_dagrun for dataset_s3_bucket_consumer to None, run_after=None
[2024-11-30T03:16:38.702+0000] {logging_mixin.py:190} INFO - [2024-11-30T03:16:38.701+0000] {dag.py:4180} INFO - Setting next_dagrun for dataset_s3_bucket_producer to None, run_after=None
[2024-11-30T03:16:38.739+0000] {processor.py:208} INFO - Processing /home/airflow/.local/lib/python3.12/site-packages/airflow/example_dags/example_dataset_alias.py took 1.394 seconds
[2024-11-30T03:17:10.558+0000] {processor.py:186} INFO - Started process (PID=12390) to work on /home/airflow/.local/lib/python3.12/site-packages/airflow/example_dags/example_dataset_alias.py
[2024-11-30T03:17:10.560+0000] {processor.py:914} INFO - Processing file /home/airflow/.local/lib/python3.12/site-packages/airflow/example_dags/example_dataset_alias.py for tasks to queue
[2024-11-30T03:17:10.564+0000] {logging_mixin.py:190} INFO - [2024-11-30T03:17:10.563+0000] {dagbag.py:588} INFO - Filling up the DagBag from /home/airflow/.local/lib/python3.12/site-packages/airflow/example_dags/example_dataset_alias.py
[2024-11-30T03:17:11.945+0000] {processor.py:925} INFO - DAG(s) 'dataset_alias_example_alias_producer', 'dataset_s3_bucket_consumer', 'dataset_alias_example_alias_consumer', 'dataset_s3_bucket_producer' retrieved from /home/airflow/.local/lib/python3.12/site-packages/airflow/example_dags/example_dataset_alias.py
[2024-11-30T03:17:11.995+0000] {logging_mixin.py:190} INFO - [2024-11-30T03:17:11.994+0000] {dag.py:3239} INFO - Sync 4 DAGs
[2024-11-30T03:17:12.044+0000] {logging_mixin.py:190} INFO - [2024-11-30T03:17:12.043+0000] {dag.py:4180} INFO - Setting next_dagrun for dataset_alias_example_alias_consumer to None, run_after=None
[2024-11-30T03:17:12.052+0000] {logging_mixin.py:190} INFO - [2024-11-30T03:17:12.051+0000] {dag.py:4180} INFO - Setting next_dagrun for dataset_alias_example_alias_producer to None, run_after=None
[2024-11-30T03:17:12.056+0000] {logging_mixin.py:190} INFO - [2024-11-30T03:17:12.055+0000] {dag.py:4180} INFO - Setting next_dagrun for dataset_s3_bucket_consumer to None, run_after=None
[2024-11-30T03:17:12.060+0000] {logging_mixin.py:190} INFO - [2024-11-30T03:17:12.059+0000] {dag.py:4180} INFO - Setting next_dagrun for dataset_s3_bucket_producer to None, run_after=None
[2024-11-30T03:17:12.144+0000] {processor.py:208} INFO - Processing /home/airflow/.local/lib/python3.12/site-packages/airflow/example_dags/example_dataset_alias.py took 1.597 seconds
[2024-11-30T03:17:42.284+0000] {processor.py:186} INFO - Started process (PID=12459) to work on /home/airflow/.local/lib/python3.12/site-packages/airflow/example_dags/example_dataset_alias.py
[2024-11-30T03:17:42.286+0000] {processor.py:914} INFO - Processing file /home/airflow/.local/lib/python3.12/site-packages/airflow/example_dags/example_dataset_alias.py for tasks to queue
[2024-11-30T03:17:42.293+0000] {logging_mixin.py:190} INFO - [2024-11-30T03:17:42.292+0000] {dagbag.py:588} INFO - Filling up the DagBag from /home/airflow/.local/lib/python3.12/site-packages/airflow/example_dags/example_dataset_alias.py
[2024-11-30T03:17:43.673+0000] {processor.py:925} INFO - DAG(s) 'dataset_s3_bucket_producer', 'dataset_s3_bucket_consumer', 'dataset_alias_example_alias_producer', 'dataset_alias_example_alias_consumer' retrieved from /home/airflow/.local/lib/python3.12/site-packages/airflow/example_dags/example_dataset_alias.py
[2024-11-30T03:17:43.706+0000] {logging_mixin.py:190} INFO - [2024-11-30T03:17:43.705+0000] {dag.py:3239} INFO - Sync 4 DAGs
[2024-11-30T03:17:43.739+0000] {logging_mixin.py:190} INFO - [2024-11-30T03:17:43.739+0000] {dag.py:4180} INFO - Setting next_dagrun for dataset_alias_example_alias_consumer to None, run_after=None
[2024-11-30T03:17:43.744+0000] {logging_mixin.py:190} INFO - [2024-11-30T03:17:43.744+0000] {dag.py:4180} INFO - Setting next_dagrun for dataset_alias_example_alias_producer to None, run_after=None
[2024-11-30T03:17:43.747+0000] {logging_mixin.py:190} INFO - [2024-11-30T03:17:43.747+0000] {dag.py:4180} INFO - Setting next_dagrun for dataset_s3_bucket_consumer to None, run_after=None
[2024-11-30T03:17:43.750+0000] {logging_mixin.py:190} INFO - [2024-11-30T03:17:43.750+0000] {dag.py:4180} INFO - Setting next_dagrun for dataset_s3_bucket_producer to None, run_after=None
[2024-11-30T03:17:43.793+0000] {processor.py:208} INFO - Processing /home/airflow/.local/lib/python3.12/site-packages/airflow/example_dags/example_dataset_alias.py took 1.525 seconds
[2024-11-30T03:18:14.264+0000] {processor.py:186} INFO - Started process (PID=12525) to work on /home/airflow/.local/lib/python3.12/site-packages/airflow/example_dags/example_dataset_alias.py
[2024-11-30T03:18:14.267+0000] {processor.py:914} INFO - Processing file /home/airflow/.local/lib/python3.12/site-packages/airflow/example_dags/example_dataset_alias.py for tasks to queue
[2024-11-30T03:18:14.274+0000] {logging_mixin.py:190} INFO - [2024-11-30T03:18:14.273+0000] {dagbag.py:588} INFO - Filling up the DagBag from /home/airflow/.local/lib/python3.12/site-packages/airflow/example_dags/example_dataset_alias.py
[2024-11-30T03:18:15.493+0000] {processor.py:925} INFO - DAG(s) 'dataset_alias_example_alias_consumer', 'dataset_alias_example_alias_producer', 'dataset_s3_bucket_producer', 'dataset_s3_bucket_consumer' retrieved from /home/airflow/.local/lib/python3.12/site-packages/airflow/example_dags/example_dataset_alias.py
[2024-11-30T03:18:15.540+0000] {logging_mixin.py:190} INFO - [2024-11-30T03:18:15.539+0000] {dag.py:3239} INFO - Sync 4 DAGs
[2024-11-30T03:18:15.585+0000] {logging_mixin.py:190} INFO - [2024-11-30T03:18:15.585+0000] {dag.py:4180} INFO - Setting next_dagrun for dataset_alias_example_alias_consumer to None, run_after=None
[2024-11-30T03:18:15.592+0000] {logging_mixin.py:190} INFO - [2024-11-30T03:18:15.592+0000] {dag.py:4180} INFO - Setting next_dagrun for dataset_alias_example_alias_producer to None, run_after=None
[2024-11-30T03:18:15.596+0000] {logging_mixin.py:190} INFO - [2024-11-30T03:18:15.595+0000] {dag.py:4180} INFO - Setting next_dagrun for dataset_s3_bucket_consumer to None, run_after=None
[2024-11-30T03:18:15.599+0000] {logging_mixin.py:190} INFO - [2024-11-30T03:18:15.599+0000] {dag.py:4180} INFO - Setting next_dagrun for dataset_s3_bucket_producer to None, run_after=None
[2024-11-30T03:18:15.657+0000] {processor.py:208} INFO - Processing /home/airflow/.local/lib/python3.12/site-packages/airflow/example_dags/example_dataset_alias.py took 1.411 seconds
[2024-11-30T03:18:47.191+0000] {processor.py:186} INFO - Started process (PID=12579) to work on /home/airflow/.local/lib/python3.12/site-packages/airflow/example_dags/example_dataset_alias.py
[2024-11-30T03:18:47.193+0000] {processor.py:914} INFO - Processing file /home/airflow/.local/lib/python3.12/site-packages/airflow/example_dags/example_dataset_alias.py for tasks to queue
[2024-11-30T03:18:47.201+0000] {logging_mixin.py:190} INFO - [2024-11-30T03:18:47.201+0000] {dagbag.py:588} INFO - Filling up the DagBag from /home/airflow/.local/lib/python3.12/site-packages/airflow/example_dags/example_dataset_alias.py
[2024-11-30T03:18:48.478+0000] {processor.py:925} INFO - DAG(s) 'dataset_alias_example_alias_consumer', 'dataset_s3_bucket_consumer', 'dataset_alias_example_alias_producer', 'dataset_s3_bucket_producer' retrieved from /home/airflow/.local/lib/python3.12/site-packages/airflow/example_dags/example_dataset_alias.py
[2024-11-30T03:18:48.526+0000] {logging_mixin.py:190} INFO - [2024-11-30T03:18:48.525+0000] {dag.py:3239} INFO - Sync 4 DAGs
[2024-11-30T03:18:48.566+0000] {logging_mixin.py:190} INFO - [2024-11-30T03:18:48.566+0000] {dag.py:4180} INFO - Setting next_dagrun for dataset_alias_example_alias_consumer to None, run_after=None
[2024-11-30T03:18:48.573+0000] {logging_mixin.py:190} INFO - [2024-11-30T03:18:48.573+0000] {dag.py:4180} INFO - Setting next_dagrun for dataset_alias_example_alias_producer to None, run_after=None
[2024-11-30T03:18:48.576+0000] {logging_mixin.py:190} INFO - [2024-11-30T03:18:48.576+0000] {dag.py:4180} INFO - Setting next_dagrun for dataset_s3_bucket_consumer to None, run_after=None
[2024-11-30T03:18:48.580+0000] {logging_mixin.py:190} INFO - [2024-11-30T03:18:48.579+0000] {dag.py:4180} INFO - Setting next_dagrun for dataset_s3_bucket_producer to None, run_after=None
[2024-11-30T03:18:48.631+0000] {processor.py:208} INFO - Processing /home/airflow/.local/lib/python3.12/site-packages/airflow/example_dags/example_dataset_alias.py took 1.454 seconds
[2024-11-30T03:19:18.925+0000] {processor.py:186} INFO - Started process (PID=12642) to work on /home/airflow/.local/lib/python3.12/site-packages/airflow/example_dags/example_dataset_alias.py
[2024-11-30T03:19:18.928+0000] {processor.py:914} INFO - Processing file /home/airflow/.local/lib/python3.12/site-packages/airflow/example_dags/example_dataset_alias.py for tasks to queue
[2024-11-30T03:19:18.938+0000] {logging_mixin.py:190} INFO - [2024-11-30T03:19:18.937+0000] {dagbag.py:588} INFO - Filling up the DagBag from /home/airflow/.local/lib/python3.12/site-packages/airflow/example_dags/example_dataset_alias.py
[2024-11-30T03:19:20.315+0000] {processor.py:925} INFO - DAG(s) 'dataset_alias_example_alias_producer', 'dataset_alias_example_alias_consumer', 'dataset_s3_bucket_consumer', 'dataset_s3_bucket_producer' retrieved from /home/airflow/.local/lib/python3.12/site-packages/airflow/example_dags/example_dataset_alias.py
[2024-11-30T03:19:20.354+0000] {logging_mixin.py:190} INFO - [2024-11-30T03:19:20.353+0000] {dag.py:3239} INFO - Sync 4 DAGs
[2024-11-30T03:19:20.391+0000] {logging_mixin.py:190} INFO - [2024-11-30T03:19:20.391+0000] {dag.py:4180} INFO - Setting next_dagrun for dataset_alias_example_alias_consumer to None, run_after=None
[2024-11-30T03:19:20.396+0000] {logging_mixin.py:190} INFO - [2024-11-30T03:19:20.396+0000] {dag.py:4180} INFO - Setting next_dagrun for dataset_alias_example_alias_producer to None, run_after=None
[2024-11-30T03:19:20.399+0000] {logging_mixin.py:190} INFO - [2024-11-30T03:19:20.398+0000] {dag.py:4180} INFO - Setting next_dagrun for dataset_s3_bucket_consumer to None, run_after=None
[2024-11-30T03:19:20.402+0000] {logging_mixin.py:190} INFO - [2024-11-30T03:19:20.401+0000] {dag.py:4180} INFO - Setting next_dagrun for dataset_s3_bucket_producer to None, run_after=None
[2024-11-30T03:19:20.438+0000] {processor.py:208} INFO - Processing /home/airflow/.local/lib/python3.12/site-packages/airflow/example_dags/example_dataset_alias.py took 1.535 seconds
[2024-11-30T03:19:51.239+0000] {processor.py:186} INFO - Started process (PID=12705) to work on /home/airflow/.local/lib/python3.12/site-packages/airflow/example_dags/example_dataset_alias.py
[2024-11-30T03:19:51.242+0000] {processor.py:914} INFO - Processing file /home/airflow/.local/lib/python3.12/site-packages/airflow/example_dags/example_dataset_alias.py for tasks to queue
[2024-11-30T03:19:51.251+0000] {logging_mixin.py:190} INFO - [2024-11-30T03:19:51.250+0000] {dagbag.py:588} INFO - Filling up the DagBag from /home/airflow/.local/lib/python3.12/site-packages/airflow/example_dags/example_dataset_alias.py
[2024-11-30T03:19:52.541+0000] {processor.py:925} INFO - DAG(s) 'dataset_s3_bucket_consumer', 'dataset_alias_example_alias_consumer', 'dataset_alias_example_alias_producer', 'dataset_s3_bucket_producer' retrieved from /home/airflow/.local/lib/python3.12/site-packages/airflow/example_dags/example_dataset_alias.py
[2024-11-30T03:19:52.590+0000] {logging_mixin.py:190} INFO - [2024-11-30T03:19:52.589+0000] {dag.py:3239} INFO - Sync 4 DAGs
[2024-11-30T03:19:52.639+0000] {logging_mixin.py:190} INFO - [2024-11-30T03:19:52.639+0000] {dag.py:4180} INFO - Setting next_dagrun for dataset_alias_example_alias_consumer to None, run_after=None
[2024-11-30T03:19:52.647+0000] {logging_mixin.py:190} INFO - [2024-11-30T03:19:52.646+0000] {dag.py:4180} INFO - Setting next_dagrun for dataset_alias_example_alias_producer to None, run_after=None
[2024-11-30T03:19:52.651+0000] {logging_mixin.py:190} INFO - [2024-11-30T03:19:52.651+0000] {dag.py:4180} INFO - Setting next_dagrun for dataset_s3_bucket_consumer to None, run_after=None
[2024-11-30T03:19:52.655+0000] {logging_mixin.py:190} INFO - [2024-11-30T03:19:52.655+0000] {dag.py:4180} INFO - Setting next_dagrun for dataset_s3_bucket_producer to None, run_after=None
[2024-11-30T03:19:52.711+0000] {processor.py:208} INFO - Processing /home/airflow/.local/lib/python3.12/site-packages/airflow/example_dags/example_dataset_alias.py took 1.492 seconds
[2024-11-30T03:21:24.226+0000] {processor.py:186} INFO - Started process (PID=12793) to work on /home/airflow/.local/lib/python3.12/site-packages/airflow/example_dags/example_dataset_alias.py
[2024-11-30T03:21:24.227+0000] {processor.py:914} INFO - Processing file /home/airflow/.local/lib/python3.12/site-packages/airflow/example_dags/example_dataset_alias.py for tasks to queue
[2024-11-30T03:21:24.233+0000] {logging_mixin.py:190} INFO - [2024-11-30T03:21:24.232+0000] {dagbag.py:588} INFO - Filling up the DagBag from /home/airflow/.local/lib/python3.12/site-packages/airflow/example_dags/example_dataset_alias.py
[2024-11-30T03:21:25.820+0000] {processor.py:925} INFO - DAG(s) 'dataset_alias_example_alias_producer', 'dataset_s3_bucket_producer', 'dataset_alias_example_alias_consumer', 'dataset_s3_bucket_consumer' retrieved from /home/airflow/.local/lib/python3.12/site-packages/airflow/example_dags/example_dataset_alias.py
[2024-11-30T03:21:25.874+0000] {logging_mixin.py:190} INFO - [2024-11-30T03:21:25.873+0000] {dag.py:3239} INFO - Sync 4 DAGs
[2024-11-30T03:21:25.915+0000] {logging_mixin.py:190} INFO - [2024-11-30T03:21:25.915+0000] {dag.py:4180} INFO - Setting next_dagrun for dataset_alias_example_alias_consumer to None, run_after=None
[2024-11-30T03:21:25.921+0000] {logging_mixin.py:190} INFO - [2024-11-30T03:21:25.920+0000] {dag.py:4180} INFO - Setting next_dagrun for dataset_alias_example_alias_producer to None, run_after=None
[2024-11-30T03:21:25.924+0000] {logging_mixin.py:190} INFO - [2024-11-30T03:21:25.923+0000] {dag.py:4180} INFO - Setting next_dagrun for dataset_s3_bucket_consumer to None, run_after=None
[2024-11-30T03:21:25.927+0000] {logging_mixin.py:190} INFO - [2024-11-30T03:21:25.927+0000] {dag.py:4180} INFO - Setting next_dagrun for dataset_s3_bucket_producer to None, run_after=None
[2024-11-30T03:21:25.990+0000] {processor.py:208} INFO - Processing /home/airflow/.local/lib/python3.12/site-packages/airflow/example_dags/example_dataset_alias.py took 1.779 seconds
