[2024-11-30T03:16:08.230+0000] {processor.py:186} INFO - Started process (PID=12266) to work on /home/airflow/.local/lib/python3.12/site-packages/airflow/example_dags/example_params_trigger_ui.py
[2024-11-30T03:16:08.232+0000] {processor.py:914} INFO - Processing file /home/airflow/.local/lib/python3.12/site-packages/airflow/example_dags/example_params_trigger_ui.py for tasks to queue
[2024-11-30T03:16:08.240+0000] {logging_mixin.py:190} INFO - [2024-11-30T03:16:08.239+0000] {dagbag.py:588} INFO - Filling up the DagBag from /home/airflow/.local/lib/python3.12/site-packages/airflow/example_dags/example_params_trigger_ui.py
[2024-11-30T03:16:08.288+0000] {processor.py:925} INFO - DAG(s) 'example_params_trigger_ui' retrieved from /home/airflow/.local/lib/python3.12/site-packages/airflow/example_dags/example_params_trigger_ui.py
[2024-11-30T03:16:08.453+0000] {logging_mixin.py:190} INFO - [2024-11-30T03:16:08.452+0000] {dag.py:3239} INFO - Sync 1 DAGs
[2024-11-30T03:16:08.519+0000] {logging_mixin.py:190} INFO - [2024-11-30T03:16:08.518+0000] {dag.py:4180} INFO - Setting next_dagrun for example_params_trigger_ui to None, run_after=None
[2024-11-30T03:16:08.586+0000] {processor.py:208} INFO - Processing /home/airflow/.local/lib/python3.12/site-packages/airflow/example_dags/example_params_trigger_ui.py took 0.376 seconds
[2024-11-30T03:16:38.910+0000] {processor.py:186} INFO - Started process (PID=12330) to work on /home/airflow/.local/lib/python3.12/site-packages/airflow/example_dags/example_params_trigger_ui.py
[2024-11-30T03:16:38.912+0000] {processor.py:914} INFO - Processing file /home/airflow/.local/lib/python3.12/site-packages/airflow/example_dags/example_params_trigger_ui.py for tasks to queue
[2024-11-30T03:16:38.917+0000] {logging_mixin.py:190} INFO - [2024-11-30T03:16:38.917+0000] {dagbag.py:588} INFO - Filling up the DagBag from /home/airflow/.local/lib/python3.12/site-packages/airflow/example_dags/example_params_trigger_ui.py
[2024-11-30T03:16:38.942+0000] {processor.py:925} INFO - DAG(s) 'example_params_trigger_ui' retrieved from /home/airflow/.local/lib/python3.12/site-packages/airflow/example_dags/example_params_trigger_ui.py
[2024-11-30T03:16:39.036+0000] {logging_mixin.py:190} INFO - [2024-11-30T03:16:39.036+0000] {dag.py:3239} INFO - Sync 1 DAGs
[2024-11-30T03:16:39.065+0000] {logging_mixin.py:190} INFO - [2024-11-30T03:16:39.065+0000] {dag.py:4180} INFO - Setting next_dagrun for example_params_trigger_ui to None, run_after=None
[2024-11-30T03:16:39.102+0000] {processor.py:208} INFO - Processing /home/airflow/.local/lib/python3.12/site-packages/airflow/example_dags/example_params_trigger_ui.py took 0.203 seconds
[2024-11-30T03:17:11.299+0000] {processor.py:186} INFO - Started process (PID=12393) to work on /home/airflow/.local/lib/python3.12/site-packages/airflow/example_dags/example_params_trigger_ui.py
[2024-11-30T03:17:11.301+0000] {processor.py:914} INFO - Processing file /home/airflow/.local/lib/python3.12/site-packages/airflow/example_dags/example_params_trigger_ui.py for tasks to queue
[2024-11-30T03:17:11.307+0000] {logging_mixin.py:190} INFO - [2024-11-30T03:17:11.306+0000] {dagbag.py:588} INFO - Filling up the DagBag from /home/airflow/.local/lib/python3.12/site-packages/airflow/example_dags/example_params_trigger_ui.py
[2024-11-30T03:17:11.330+0000] {processor.py:925} INFO - DAG(s) 'example_params_trigger_ui' retrieved from /home/airflow/.local/lib/python3.12/site-packages/airflow/example_dags/example_params_trigger_ui.py
[2024-11-30T03:17:11.415+0000] {logging_mixin.py:190} INFO - [2024-11-30T03:17:11.415+0000] {dag.py:3239} INFO - Sync 1 DAGs
[2024-11-30T03:17:11.444+0000] {logging_mixin.py:190} INFO - [2024-11-30T03:17:11.444+0000] {dag.py:4180} INFO - Setting next_dagrun for example_params_trigger_ui to None, run_after=None
[2024-11-30T03:17:11.482+0000] {processor.py:208} INFO - Processing /home/airflow/.local/lib/python3.12/site-packages/airflow/example_dags/example_params_trigger_ui.py took 0.195 seconds
[2024-11-30T03:17:41.539+0000] {processor.py:186} INFO - Started process (PID=12455) to work on /home/airflow/.local/lib/python3.12/site-packages/airflow/example_dags/example_params_trigger_ui.py
[2024-11-30T03:17:41.541+0000] {processor.py:914} INFO - Processing file /home/airflow/.local/lib/python3.12/site-packages/airflow/example_dags/example_params_trigger_ui.py for tasks to queue
[2024-11-30T03:17:41.546+0000] {logging_mixin.py:190} INFO - [2024-11-30T03:17:41.545+0000] {dagbag.py:588} INFO - Filling up the DagBag from /home/airflow/.local/lib/python3.12/site-packages/airflow/example_dags/example_params_trigger_ui.py
[2024-11-30T03:17:41.564+0000] {processor.py:925} INFO - DAG(s) 'example_params_trigger_ui' retrieved from /home/airflow/.local/lib/python3.12/site-packages/airflow/example_dags/example_params_trigger_ui.py
[2024-11-30T03:17:41.639+0000] {logging_mixin.py:190} INFO - [2024-11-30T03:17:41.638+0000] {dag.py:3239} INFO - Sync 1 DAGs
[2024-11-30T03:17:41.661+0000] {logging_mixin.py:190} INFO - [2024-11-30T03:17:41.661+0000] {dag.py:4180} INFO - Setting next_dagrun for example_params_trigger_ui to None, run_after=None
[2024-11-30T03:17:41.696+0000] {processor.py:208} INFO - Processing /home/airflow/.local/lib/python3.12/site-packages/airflow/example_dags/example_params_trigger_ui.py took 0.167 seconds
[2024-11-30T03:18:11.970+0000] {processor.py:186} INFO - Started process (PID=12517) to work on /home/airflow/.local/lib/python3.12/site-packages/airflow/example_dags/example_params_trigger_ui.py
[2024-11-30T03:18:11.973+0000] {processor.py:914} INFO - Processing file /home/airflow/.local/lib/python3.12/site-packages/airflow/example_dags/example_params_trigger_ui.py for tasks to queue
[2024-11-30T03:18:11.980+0000] {logging_mixin.py:190} INFO - [2024-11-30T03:18:11.979+0000] {dagbag.py:588} INFO - Filling up the DagBag from /home/airflow/.local/lib/python3.12/site-packages/airflow/example_dags/example_params_trigger_ui.py
[2024-11-30T03:18:12.007+0000] {processor.py:925} INFO - DAG(s) 'example_params_trigger_ui' retrieved from /home/airflow/.local/lib/python3.12/site-packages/airflow/example_dags/example_params_trigger_ui.py
[2024-11-30T03:18:12.131+0000] {logging_mixin.py:190} INFO - [2024-11-30T03:18:12.130+0000] {dag.py:3239} INFO - Sync 1 DAGs
[2024-11-30T03:18:12.159+0000] {logging_mixin.py:190} INFO - [2024-11-30T03:18:12.158+0000] {dag.py:4180} INFO - Setting next_dagrun for example_params_trigger_ui to None, run_after=None
[2024-11-30T03:18:12.202+0000] {processor.py:208} INFO - Processing /home/airflow/.local/lib/python3.12/site-packages/airflow/example_dags/example_params_trigger_ui.py took 0.260 seconds
[2024-11-30T03:18:48.749+0000] {processor.py:186} INFO - Started process (PID=12582) to work on /home/airflow/.local/lib/python3.12/site-packages/airflow/example_dags/example_params_trigger_ui.py
[2024-11-30T03:18:48.752+0000] {processor.py:914} INFO - Processing file /home/airflow/.local/lib/python3.12/site-packages/airflow/example_dags/example_params_trigger_ui.py for tasks to queue
[2024-11-30T03:18:48.757+0000] {logging_mixin.py:190} INFO - [2024-11-30T03:18:48.756+0000] {dagbag.py:588} INFO - Filling up the DagBag from /home/airflow/.local/lib/python3.12/site-packages/airflow/example_dags/example_params_trigger_ui.py
[2024-11-30T03:18:48.781+0000] {processor.py:925} INFO - DAG(s) 'example_params_trigger_ui' retrieved from /home/airflow/.local/lib/python3.12/site-packages/airflow/example_dags/example_params_trigger_ui.py
[2024-11-30T03:18:48.875+0000] {logging_mixin.py:190} INFO - [2024-11-30T03:18:48.874+0000] {dag.py:3239} INFO - Sync 1 DAGs
[2024-11-30T03:18:48.904+0000] {logging_mixin.py:190} INFO - [2024-11-30T03:18:48.903+0000] {dag.py:4180} INFO - Setting next_dagrun for example_params_trigger_ui to None, run_after=None
[2024-11-30T03:18:48.948+0000] {processor.py:208} INFO - Processing /home/airflow/.local/lib/python3.12/site-packages/airflow/example_dags/example_params_trigger_ui.py took 0.212 seconds
[2024-11-30T03:19:20.607+0000] {processor.py:186} INFO - Started process (PID=12645) to work on /home/airflow/.local/lib/python3.12/site-packages/airflow/example_dags/example_params_trigger_ui.py
[2024-11-30T03:19:20.609+0000] {processor.py:914} INFO - Processing file /home/airflow/.local/lib/python3.12/site-packages/airflow/example_dags/example_params_trigger_ui.py for tasks to queue
[2024-11-30T03:19:20.615+0000] {logging_mixin.py:190} INFO - [2024-11-30T03:19:20.614+0000] {dagbag.py:588} INFO - Filling up the DagBag from /home/airflow/.local/lib/python3.12/site-packages/airflow/example_dags/example_params_trigger_ui.py
[2024-11-30T03:19:20.645+0000] {processor.py:925} INFO - DAG(s) 'example_params_trigger_ui' retrieved from /home/airflow/.local/lib/python3.12/site-packages/airflow/example_dags/example_params_trigger_ui.py
[2024-11-30T03:19:20.757+0000] {logging_mixin.py:190} INFO - [2024-11-30T03:19:20.757+0000] {dag.py:3239} INFO - Sync 1 DAGs
[2024-11-30T03:19:20.790+0000] {logging_mixin.py:190} INFO - [2024-11-30T03:19:20.790+0000] {dag.py:4180} INFO - Setting next_dagrun for example_params_trigger_ui to None, run_after=None
[2024-11-30T03:19:20.833+0000] {processor.py:208} INFO - Processing /home/airflow/.local/lib/python3.12/site-packages/airflow/example_dags/example_params_trigger_ui.py took 0.240 seconds
[2024-11-30T03:19:53.025+0000] {processor.py:186} INFO - Started process (PID=12708) to work on /home/airflow/.local/lib/python3.12/site-packages/airflow/example_dags/example_params_trigger_ui.py
[2024-11-30T03:19:53.027+0000] {processor.py:914} INFO - Processing file /home/airflow/.local/lib/python3.12/site-packages/airflow/example_dags/example_params_trigger_ui.py for tasks to queue
[2024-11-30T03:19:53.043+0000] {logging_mixin.py:190} INFO - [2024-11-30T03:19:53.042+0000] {dagbag.py:588} INFO - Filling up the DagBag from /home/airflow/.local/lib/python3.12/site-packages/airflow/example_dags/example_params_trigger_ui.py
[2024-11-30T03:19:53.103+0000] {processor.py:925} INFO - DAG(s) 'example_params_trigger_ui' retrieved from /home/airflow/.local/lib/python3.12/site-packages/airflow/example_dags/example_params_trigger_ui.py
[2024-11-30T03:19:53.205+0000] {logging_mixin.py:190} INFO - [2024-11-30T03:19:53.205+0000] {dag.py:3239} INFO - Sync 1 DAGs
[2024-11-30T03:19:53.230+0000] {logging_mixin.py:190} INFO - [2024-11-30T03:19:53.229+0000] {dag.py:4180} INFO - Setting next_dagrun for example_params_trigger_ui to None, run_after=None
[2024-11-30T03:19:53.262+0000] {processor.py:208} INFO - Processing /home/airflow/.local/lib/python3.12/site-packages/airflow/example_dags/example_params_trigger_ui.py took 0.270 seconds
[2024-11-30T03:21:27.032+0000] {processor.py:186} INFO - Started process (PID=12807) to work on /home/airflow/.local/lib/python3.12/site-packages/airflow/example_dags/example_params_trigger_ui.py
[2024-11-30T03:21:27.034+0000] {processor.py:914} INFO - Processing file /home/airflow/.local/lib/python3.12/site-packages/airflow/example_dags/example_params_trigger_ui.py for tasks to queue
[2024-11-30T03:21:27.038+0000] {logging_mixin.py:190} INFO - [2024-11-30T03:21:27.038+0000] {dagbag.py:588} INFO - Filling up the DagBag from /home/airflow/.local/lib/python3.12/site-packages/airflow/example_dags/example_params_trigger_ui.py
[2024-11-30T03:21:27.059+0000] {processor.py:925} INFO - DAG(s) 'example_params_trigger_ui' retrieved from /home/airflow/.local/lib/python3.12/site-packages/airflow/example_dags/example_params_trigger_ui.py
[2024-11-30T03:21:27.226+0000] {logging_mixin.py:190} INFO - [2024-11-30T03:21:27.226+0000] {dag.py:3239} INFO - Sync 1 DAGs
[2024-11-30T03:21:27.259+0000] {logging_mixin.py:190} INFO - [2024-11-30T03:21:27.258+0000] {dag.py:4180} INFO - Setting next_dagrun for example_params_trigger_ui to None, run_after=None
[2024-11-30T03:21:27.310+0000] {processor.py:208} INFO - Processing /home/airflow/.local/lib/python3.12/site-packages/airflow/example_dags/example_params_trigger_ui.py took 0.289 seconds
