[2024-11-30T03:15:58.724+0000] {processor.py:186} INFO - Started process (PID=12221) to work on /home/airflow/.local/lib/python3.12/site-packages/airflow/example_dags/example_short_circuit_operator.py
[2024-11-30T03:15:58.727+0000] {processor.py:914} INFO - Processing file /home/airflow/.local/lib/python3.12/site-packages/airflow/example_dags/example_short_circuit_operator.py for tasks to queue
[2024-11-30T03:15:58.733+0000] {logging_mixin.py:190} INFO - [2024-11-30T03:15:58.732+0000] {dagbag.py:588} INFO - Filling up the DagBag from /home/airflow/.local/lib/python3.12/site-packages/airflow/example_dags/example_short_circuit_operator.py
[2024-11-30T03:15:58.754+0000] {processor.py:925} INFO - DAG(s) 'example_short_circuit_operator' retrieved from /home/airflow/.local/lib/python3.12/site-packages/airflow/example_dags/example_short_circuit_operator.py
[2024-11-30T03:15:58.824+0000] {logging_mixin.py:190} INFO - [2024-11-30T03:15:58.823+0000] {dag.py:3239} INFO - Sync 1 DAGs
[2024-11-30T03:15:58.851+0000] {logging_mixin.py:190} INFO - [2024-11-30T03:15:58.851+0000] {dag.py:4180} INFO - Setting next_dagrun for example_short_circuit_operator to None, run_after=None
[2024-11-30T03:15:58.895+0000] {processor.py:208} INFO - Processing /home/airflow/.local/lib/python3.12/site-packages/airflow/example_dags/example_short_circuit_operator.py took 0.186 seconds
[2024-11-30T03:16:29.187+0000] {processor.py:186} INFO - Started process (PID=12285) to work on /home/airflow/.local/lib/python3.12/site-packages/airflow/example_dags/example_short_circuit_operator.py
[2024-11-30T03:16:29.190+0000] {processor.py:914} INFO - Processing file /home/airflow/.local/lib/python3.12/site-packages/airflow/example_dags/example_short_circuit_operator.py for tasks to queue
[2024-11-30T03:16:29.197+0000] {logging_mixin.py:190} INFO - [2024-11-30T03:16:29.196+0000] {dagbag.py:588} INFO - Filling up the DagBag from /home/airflow/.local/lib/python3.12/site-packages/airflow/example_dags/example_short_circuit_operator.py
[2024-11-30T03:16:29.225+0000] {processor.py:925} INFO - DAG(s) 'example_short_circuit_operator' retrieved from /home/airflow/.local/lib/python3.12/site-packages/airflow/example_dags/example_short_circuit_operator.py
[2024-11-30T03:16:29.290+0000] {logging_mixin.py:190} INFO - [2024-11-30T03:16:29.290+0000] {dag.py:3239} INFO - Sync 1 DAGs
[2024-11-30T03:16:29.329+0000] {logging_mixin.py:190} INFO - [2024-11-30T03:16:29.329+0000] {dag.py:4180} INFO - Setting next_dagrun for example_short_circuit_operator to None, run_after=None
[2024-11-30T03:16:29.378+0000] {processor.py:208} INFO - Processing /home/airflow/.local/lib/python3.12/site-packages/airflow/example_dags/example_short_circuit_operator.py took 0.211 seconds
[2024-11-30T03:17:00.440+0000] {processor.py:186} INFO - Started process (PID=12348) to work on /home/airflow/.local/lib/python3.12/site-packages/airflow/example_dags/example_short_circuit_operator.py
[2024-11-30T03:17:00.443+0000] {processor.py:914} INFO - Processing file /home/airflow/.local/lib/python3.12/site-packages/airflow/example_dags/example_short_circuit_operator.py for tasks to queue
[2024-11-30T03:17:00.451+0000] {logging_mixin.py:190} INFO - [2024-11-30T03:17:00.450+0000] {dagbag.py:588} INFO - Filling up the DagBag from /home/airflow/.local/lib/python3.12/site-packages/airflow/example_dags/example_short_circuit_operator.py
[2024-11-30T03:17:00.477+0000] {processor.py:925} INFO - DAG(s) 'example_short_circuit_operator' retrieved from /home/airflow/.local/lib/python3.12/site-packages/airflow/example_dags/example_short_circuit_operator.py
[2024-11-30T03:17:00.542+0000] {logging_mixin.py:190} INFO - [2024-11-30T03:17:00.542+0000] {dag.py:3239} INFO - Sync 1 DAGs
[2024-11-30T03:17:00.566+0000] {logging_mixin.py:190} INFO - [2024-11-30T03:17:00.566+0000] {dag.py:4180} INFO - Setting next_dagrun for example_short_circuit_operator to None, run_after=None
[2024-11-30T03:17:00.596+0000] {processor.py:208} INFO - Processing /home/airflow/.local/lib/python3.12/site-packages/airflow/example_dags/example_short_circuit_operator.py took 0.175 seconds
[2024-11-30T03:17:30.849+0000] {processor.py:186} INFO - Started process (PID=12411) to work on /home/airflow/.local/lib/python3.12/site-packages/airflow/example_dags/example_short_circuit_operator.py
[2024-11-30T03:17:30.851+0000] {processor.py:914} INFO - Processing file /home/airflow/.local/lib/python3.12/site-packages/airflow/example_dags/example_short_circuit_operator.py for tasks to queue
[2024-11-30T03:17:30.855+0000] {logging_mixin.py:190} INFO - [2024-11-30T03:17:30.855+0000] {dagbag.py:588} INFO - Filling up the DagBag from /home/airflow/.local/lib/python3.12/site-packages/airflow/example_dags/example_short_circuit_operator.py
[2024-11-30T03:17:30.870+0000] {processor.py:925} INFO - DAG(s) 'example_short_circuit_operator' retrieved from /home/airflow/.local/lib/python3.12/site-packages/airflow/example_dags/example_short_circuit_operator.py
[2024-11-30T03:17:30.907+0000] {logging_mixin.py:190} INFO - [2024-11-30T03:17:30.907+0000] {dag.py:3239} INFO - Sync 1 DAGs
[2024-11-30T03:17:30.930+0000] {logging_mixin.py:190} INFO - [2024-11-30T03:17:30.930+0000] {dag.py:4180} INFO - Setting next_dagrun for example_short_circuit_operator to None, run_after=None
[2024-11-30T03:17:30.961+0000] {processor.py:208} INFO - Processing /home/airflow/.local/lib/python3.12/site-packages/airflow/example_dags/example_short_circuit_operator.py took 0.124 seconds
[2024-11-30T03:18:01.251+0000] {processor.py:186} INFO - Started process (PID=12474) to work on /home/airflow/.local/lib/python3.12/site-packages/airflow/example_dags/example_short_circuit_operator.py
[2024-11-30T03:18:01.253+0000] {processor.py:914} INFO - Processing file /home/airflow/.local/lib/python3.12/site-packages/airflow/example_dags/example_short_circuit_operator.py for tasks to queue
[2024-11-30T03:18:01.260+0000] {logging_mixin.py:190} INFO - [2024-11-30T03:18:01.259+0000] {dagbag.py:588} INFO - Filling up the DagBag from /home/airflow/.local/lib/python3.12/site-packages/airflow/example_dags/example_short_circuit_operator.py
[2024-11-30T03:18:01.282+0000] {processor.py:925} INFO - DAG(s) 'example_short_circuit_operator' retrieved from /home/airflow/.local/lib/python3.12/site-packages/airflow/example_dags/example_short_circuit_operator.py
[2024-11-30T03:18:01.339+0000] {logging_mixin.py:190} INFO - [2024-11-30T03:18:01.339+0000] {dag.py:3239} INFO - Sync 1 DAGs
[2024-11-30T03:18:01.375+0000] {logging_mixin.py:190} INFO - [2024-11-30T03:18:01.374+0000] {dag.py:4180} INFO - Setting next_dagrun for example_short_circuit_operator to None, run_after=None
[2024-11-30T03:18:01.422+0000] {processor.py:208} INFO - Processing /home/airflow/.local/lib/python3.12/site-packages/airflow/example_dags/example_short_circuit_operator.py took 0.186 seconds
[2024-11-30T03:18:32.274+0000] {processor.py:186} INFO - Started process (PID=12537) to work on /home/airflow/.local/lib/python3.12/site-packages/airflow/example_dags/example_short_circuit_operator.py
[2024-11-30T03:18:32.276+0000] {processor.py:914} INFO - Processing file /home/airflow/.local/lib/python3.12/site-packages/airflow/example_dags/example_short_circuit_operator.py for tasks to queue
[2024-11-30T03:18:32.280+0000] {logging_mixin.py:190} INFO - [2024-11-30T03:18:32.280+0000] {dagbag.py:588} INFO - Filling up the DagBag from /home/airflow/.local/lib/python3.12/site-packages/airflow/example_dags/example_short_circuit_operator.py
[2024-11-30T03:18:32.297+0000] {processor.py:925} INFO - DAG(s) 'example_short_circuit_operator' retrieved from /home/airflow/.local/lib/python3.12/site-packages/airflow/example_dags/example_short_circuit_operator.py
[2024-11-30T03:18:32.468+0000] {logging_mixin.py:190} INFO - [2024-11-30T03:18:32.468+0000] {dag.py:3239} INFO - Sync 1 DAGs
[2024-11-30T03:18:32.563+0000] {logging_mixin.py:190} INFO - [2024-11-30T03:18:32.562+0000] {dag.py:4180} INFO - Setting next_dagrun for example_short_circuit_operator to None, run_after=None
[2024-11-30T03:18:32.714+0000] {processor.py:208} INFO - Processing /home/airflow/.local/lib/python3.12/site-packages/airflow/example_dags/example_short_circuit_operator.py took 0.450 seconds
[2024-11-30T03:19:03.591+0000] {processor.py:186} INFO - Started process (PID=12600) to work on /home/airflow/.local/lib/python3.12/site-packages/airflow/example_dags/example_short_circuit_operator.py
[2024-11-30T03:19:03.594+0000] {processor.py:914} INFO - Processing file /home/airflow/.local/lib/python3.12/site-packages/airflow/example_dags/example_short_circuit_operator.py for tasks to queue
[2024-11-30T03:19:03.602+0000] {logging_mixin.py:190} INFO - [2024-11-30T03:19:03.601+0000] {dagbag.py:588} INFO - Filling up the DagBag from /home/airflow/.local/lib/python3.12/site-packages/airflow/example_dags/example_short_circuit_operator.py
[2024-11-30T03:19:03.625+0000] {processor.py:925} INFO - DAG(s) 'example_short_circuit_operator' retrieved from /home/airflow/.local/lib/python3.12/site-packages/airflow/example_dags/example_short_circuit_operator.py
[2024-11-30T03:19:03.664+0000] {logging_mixin.py:190} INFO - [2024-11-30T03:19:03.664+0000] {dag.py:3239} INFO - Sync 1 DAGs
[2024-11-30T03:19:03.690+0000] {logging_mixin.py:190} INFO - [2024-11-30T03:19:03.689+0000] {dag.py:4180} INFO - Setting next_dagrun for example_short_circuit_operator to None, run_after=None
[2024-11-30T03:19:03.725+0000] {processor.py:208} INFO - Processing /home/airflow/.local/lib/python3.12/site-packages/airflow/example_dags/example_short_circuit_operator.py took 0.148 seconds
[2024-11-30T03:19:34.108+0000] {processor.py:186} INFO - Started process (PID=12663) to work on /home/airflow/.local/lib/python3.12/site-packages/airflow/example_dags/example_short_circuit_operator.py
[2024-11-30T03:19:34.110+0000] {processor.py:914} INFO - Processing file /home/airflow/.local/lib/python3.12/site-packages/airflow/example_dags/example_short_circuit_operator.py for tasks to queue
[2024-11-30T03:19:34.118+0000] {logging_mixin.py:190} INFO - [2024-11-30T03:19:34.117+0000] {dagbag.py:588} INFO - Filling up the DagBag from /home/airflow/.local/lib/python3.12/site-packages/airflow/example_dags/example_short_circuit_operator.py
[2024-11-30T03:19:34.146+0000] {processor.py:925} INFO - DAG(s) 'example_short_circuit_operator' retrieved from /home/airflow/.local/lib/python3.12/site-packages/airflow/example_dags/example_short_circuit_operator.py
[2024-11-30T03:19:34.204+0000] {logging_mixin.py:190} INFO - [2024-11-30T03:19:34.204+0000] {dag.py:3239} INFO - Sync 1 DAGs
[2024-11-30T03:19:34.235+0000] {logging_mixin.py:190} INFO - [2024-11-30T03:19:34.234+0000] {dag.py:4180} INFO - Setting next_dagrun for example_short_circuit_operator to None, run_after=None
[2024-11-30T03:19:34.265+0000] {processor.py:208} INFO - Processing /home/airflow/.local/lib/python3.12/site-packages/airflow/example_dags/example_short_circuit_operator.py took 0.174 seconds
[2024-11-30T03:20:04.554+0000] {processor.py:186} INFO - Started process (PID=12726) to work on /home/airflow/.local/lib/python3.12/site-packages/airflow/example_dags/example_short_circuit_operator.py
[2024-11-30T03:20:04.558+0000] {processor.py:914} INFO - Processing file /home/airflow/.local/lib/python3.12/site-packages/airflow/example_dags/example_short_circuit_operator.py for tasks to queue
[2024-11-30T03:20:04.566+0000] {logging_mixin.py:190} INFO - [2024-11-30T03:20:04.565+0000] {dagbag.py:588} INFO - Filling up the DagBag from /home/airflow/.local/lib/python3.12/site-packages/airflow/example_dags/example_short_circuit_operator.py
[2024-11-30T03:20:04.595+0000] {processor.py:925} INFO - DAG(s) 'example_short_circuit_operator' retrieved from /home/airflow/.local/lib/python3.12/site-packages/airflow/example_dags/example_short_circuit_operator.py
[2024-11-30T03:20:04.667+0000] {logging_mixin.py:190} INFO - [2024-11-30T03:20:04.666+0000] {dag.py:3239} INFO - Sync 1 DAGs
[2024-11-30T03:20:04.713+0000] {logging_mixin.py:190} INFO - [2024-11-30T03:20:04.712+0000] {dag.py:4180} INFO - Setting next_dagrun for example_short_circuit_operator to None, run_after=None
[2024-11-30T03:20:04.780+0000] {processor.py:208} INFO - Processing /home/airflow/.local/lib/python3.12/site-packages/airflow/example_dags/example_short_circuit_operator.py took 0.246 seconds
[2024-11-30T03:21:16.875+0000] {processor.py:186} INFO - Started process (PID=12763) to work on /home/airflow/.local/lib/python3.12/site-packages/airflow/example_dags/example_short_circuit_operator.py
[2024-11-30T03:21:16.888+0000] {processor.py:914} INFO - Processing file /home/airflow/.local/lib/python3.12/site-packages/airflow/example_dags/example_short_circuit_operator.py for tasks to queue
[2024-11-30T03:21:16.905+0000] {logging_mixin.py:190} INFO - [2024-11-30T03:21:16.905+0000] {dagbag.py:588} INFO - Filling up the DagBag from /home/airflow/.local/lib/python3.12/site-packages/airflow/example_dags/example_short_circuit_operator.py
[2024-11-30T03:21:16.968+0000] {processor.py:925} INFO - DAG(s) 'example_short_circuit_operator' retrieved from /home/airflow/.local/lib/python3.12/site-packages/airflow/example_dags/example_short_circuit_operator.py
[2024-11-30T03:21:17.074+0000] {logging_mixin.py:190} INFO - [2024-11-30T03:21:17.074+0000] {dag.py:3239} INFO - Sync 1 DAGs
[2024-11-30T03:21:17.156+0000] {logging_mixin.py:190} INFO - [2024-11-30T03:21:17.155+0000] {dag.py:4180} INFO - Setting next_dagrun for example_short_circuit_operator to None, run_after=None
[2024-11-30T03:21:17.262+0000] {processor.py:208} INFO - Processing /home/airflow/.local/lib/python3.12/site-packages/airflow/example_dags/example_short_circuit_operator.py took 0.429 seconds
[2024-11-30T03:21:47.498+0000] {processor.py:186} INFO - Started process (PID=12826) to work on /home/airflow/.local/lib/python3.12/site-packages/airflow/example_dags/example_short_circuit_operator.py
[2024-11-30T03:21:47.500+0000] {processor.py:914} INFO - Processing file /home/airflow/.local/lib/python3.12/site-packages/airflow/example_dags/example_short_circuit_operator.py for tasks to queue
[2024-11-30T03:21:47.505+0000] {logging_mixin.py:190} INFO - [2024-11-30T03:21:47.505+0000] {dagbag.py:588} INFO - Filling up the DagBag from /home/airflow/.local/lib/python3.12/site-packages/airflow/example_dags/example_short_circuit_operator.py
[2024-11-30T03:21:47.526+0000] {processor.py:925} INFO - DAG(s) 'example_short_circuit_operator' retrieved from /home/airflow/.local/lib/python3.12/site-packages/airflow/example_dags/example_short_circuit_operator.py
[2024-11-30T03:21:47.584+0000] {logging_mixin.py:190} INFO - [2024-11-30T03:21:47.583+0000] {dag.py:3239} INFO - Sync 1 DAGs
[2024-11-30T03:21:47.636+0000] {logging_mixin.py:190} INFO - [2024-11-30T03:21:47.636+0000] {dag.py:4180} INFO - Setting next_dagrun for example_short_circuit_operator to None, run_after=None
[2024-11-30T03:21:47.709+0000] {processor.py:208} INFO - Processing /home/airflow/.local/lib/python3.12/site-packages/airflow/example_dags/example_short_circuit_operator.py took 0.223 seconds
