[2024-12-02T22:49:26.112+0000] {local_task_job_runner.py:123} INFO - ::group::Pre task execution logs
[2024-12-02T22:49:26.132+0000] {taskinstance.py:2613} INFO - Dependencies all met for dep_context=non-requeueable deps ti=<TaskInstance: weather_data_pipeline.transform_weather_data manual__2024-12-02T22:49:17.667338+00:00 [queued]>
[2024-12-02T22:49:26.143+0000] {taskinstance.py:2613} INFO - Dependencies all met for dep_context=requeueable deps ti=<TaskInstance: weather_data_pipeline.transform_weather_data manual__2024-12-02T22:49:17.667338+00:00 [queued]>
[2024-12-02T22:49:26.144+0000] {taskinstance.py:2866} INFO - Starting attempt 1 of 2
[2024-12-02T22:49:26.163+0000] {taskinstance.py:2889} INFO - Executing <Task(PythonOperator): transform_weather_data> on 2024-12-02 22:49:17.667338+00:00
[2024-12-02T22:49:26.170+0000] {warnings.py:112} WARNING - /home/***/.local/lib/python3.12/site-packages/***/task/task_runner/standard_task_runner.py:70: DeprecationWarning: This process (pid=1006) is multi-threaded, use of fork() may lead to deadlocks in the child.
  pid = os.fork()

[2024-12-02T22:49:26.173+0000] {standard_task_runner.py:72} INFO - Started process 1016 to run task
[2024-12-02T22:49:26.173+0000] {standard_task_runner.py:104} INFO - Running: ['***', 'tasks', 'run', 'weather_data_pipeline', 'transform_weather_data', 'manual__2024-12-02T22:49:17.667338+00:00', '--job-id', '164', '--raw', '--subdir', 'DAGS_FOLDER/weather_pipeline.py', '--cfg-path', '/tmp/tmpwqy0mpbv']
[2024-12-02T22:49:26.175+0000] {standard_task_runner.py:105} INFO - Job 164: Subtask transform_weather_data
[2024-12-02T22:49:26.235+0000] {task_command.py:467} INFO - Running <TaskInstance: weather_data_pipeline.transform_weather_data manual__2024-12-02T22:49:17.667338+00:00 [running]> on host 1a5e4afa404c
[2024-12-02T22:49:26.610+0000] {taskinstance.py:3132} INFO - Exporting env vars: AIRFLOW_CTX_DAG_EMAIL='andrew.marfo@amalitech.com' AIRFLOW_CTX_DAG_OWNER='***' AIRFLOW_CTX_DAG_ID='weather_data_pipeline' AIRFLOW_CTX_TASK_ID='transform_weather_data' AIRFLOW_CTX_EXECUTION_DATE='2024-12-02T22:49:17.667338+00:00' AIRFLOW_CTX_TRY_NUMBER='1' AIRFLOW_CTX_DAG_RUN_ID='manual__2024-12-02T22:49:17.667338+00:00'
[2024-12-02T22:49:26.611+0000] {logging_mixin.py:190} INFO - Task instance is in running state
[2024-12-02T22:49:26.612+0000] {logging_mixin.py:190} INFO -  Previous state of the Task instance: queued
[2024-12-02T22:49:26.613+0000] {logging_mixin.py:190} INFO - Current task name:transform_weather_data state:running start_date:2024-12-02 22:49:26.133216+00:00
[2024-12-02T22:49:26.614+0000] {logging_mixin.py:190} INFO - Dag name:weather_data_pipeline and current dag run status:running
[2024-12-02T22:49:26.614+0000] {taskinstance.py:731} INFO - ::endgroup::
[2024-12-02T22:49:26.655+0000] {python.py:240} INFO - Done. Returned value was: {'city': 'Portland', 'temperature': 45.03200000000002, 'pressure': 1025, 'humidity': 64, 'timestamp': datetime.datetime(2024, 12, 2, 22, 47, 56, tzinfo=datetime.timezone.utc)}
[2024-12-02T22:49:26.689+0000] {taskinstance.py:340} INFO - ::group::Post task execution logs
[2024-12-02T22:49:26.690+0000] {taskinstance.py:352} INFO - Marking task as SUCCESS. dag_id=weather_data_pipeline, task_id=transform_weather_data, run_id=manual__2024-12-02T22:49:17.667338+00:00, execution_date=20241202T224917, start_date=20241202T224926, end_date=20241202T224926
[2024-12-02T22:49:26.711+0000] {logging_mixin.py:190} INFO - Task instance in success state
[2024-12-02T22:49:26.712+0000] {logging_mixin.py:190} INFO -  Previous state of the Task instance: running
[2024-12-02T22:49:26.713+0000] {logging_mixin.py:190} INFO - Dag name:weather_data_pipeline queued_at:2024-12-02 22:49:17.676080+00:00
[2024-12-02T22:49:26.714+0000] {logging_mixin.py:190} INFO - Task hostname:1a5e4afa404c operator:PythonOperator
[2024-12-02T22:49:26.791+0000] {local_task_job_runner.py:266} INFO - Task exited with return code 0
[2024-12-02T22:49:26.851+0000] {taskinstance.py:3895} INFO - 1 downstream tasks scheduled from follow-on schedule check
[2024-12-02T22:49:26.856+0000] {local_task_job_runner.py:245} INFO - ::endgroup::
