[2024-12-02T18:57:56.067+0000] {local_task_job_runner.py:123} INFO - ::group::Pre task execution logs
[2024-12-02T18:57:56.101+0000] {taskinstance.py:2613} INFO - Dependencies all met for dep_context=non-requeueable deps ti=<TaskInstance: weather_data_pipeline.load_weather_data manual__2024-12-02T18:55:06.997654+00:00 [queued]>
[2024-12-02T18:57:56.121+0000] {taskinstance.py:2613} INFO - Dependencies all met for dep_context=requeueable deps ti=<TaskInstance: weather_data_pipeline.load_weather_data manual__2024-12-02T18:55:06.997654+00:00 [queued]>
[2024-12-02T18:57:56.123+0000] {taskinstance.py:2866} INFO - Starting attempt 2 of 2
[2024-12-02T18:57:56.158+0000] {taskinstance.py:2889} INFO - Executing <Task(PythonOperator): load_weather_data> on 2024-12-02 18:55:06.997654+00:00
[2024-12-02T18:57:56.169+0000] {warnings.py:112} WARNING - /home/***/.local/lib/python3.12/site-packages/***/task/task_runner/standard_task_runner.py:70: DeprecationWarning: This process (pid=2245) is multi-threaded, use of fork() may lead to deadlocks in the child.
  pid = os.fork()

[2024-12-02T18:57:56.173+0000] {standard_task_runner.py:72} INFO - Started process 2250 to run task
[2024-12-02T18:57:56.176+0000] {standard_task_runner.py:104} INFO - Running: ['***', 'tasks', 'run', 'weather_data_pipeline', 'load_weather_data', 'manual__2024-12-02T18:55:06.997654+00:00', '--job-id', '106', '--raw', '--subdir', 'DAGS_FOLDER/weather_pipeline.py', '--cfg-path', '/tmp/tmpj0gamncg']
[2024-12-02T18:57:56.178+0000] {standard_task_runner.py:105} INFO - Job 106: Subtask load_weather_data
[2024-12-02T18:57:56.270+0000] {task_command.py:467} INFO - Running <TaskInstance: weather_data_pipeline.load_weather_data manual__2024-12-02T18:55:06.997654+00:00 [running]> on host 1a5e4afa404c
[2024-12-02T18:57:56.417+0000] {taskinstance.py:3132} INFO - Exporting env vars: AIRFLOW_CTX_DAG_EMAIL='andrew.marfo@amalitech.com' AIRFLOW_CTX_DAG_OWNER='***' AIRFLOW_CTX_DAG_ID='weather_data_pipeline' AIRFLOW_CTX_TASK_ID='load_weather_data' AIRFLOW_CTX_EXECUTION_DATE='2024-12-02T18:55:06.997654+00:00' AIRFLOW_CTX_TRY_NUMBER='2' AIRFLOW_CTX_DAG_RUN_ID='manual__2024-12-02T18:55:06.997654+00:00'
[2024-12-02T18:57:56.419+0000] {logging_mixin.py:190} INFO - Task instance is in running state
[2024-12-02T18:57:56.420+0000] {logging_mixin.py:190} INFO -  Previous state of the Task instance: queued
[2024-12-02T18:57:56.420+0000] {logging_mixin.py:190} INFO - Current task name:load_weather_data state:running start_date:2024-12-02 18:57:56.102842+00:00
[2024-12-02T18:57:56.421+0000] {logging_mixin.py:190} INFO - Dag name:weather_data_pipeline and current dag run status:running
[2024-12-02T18:57:56.422+0000] {taskinstance.py:731} INFO - ::endgroup::
[2024-12-02T18:57:56.449+0000] {base.py:84} INFO - Retrieving connection 'weather_data'
[2024-12-02T18:57:56.548+0000] {python.py:240} INFO - Done. Returned value was: None
[2024-12-02T18:57:56.566+0000] {taskinstance.py:340} INFO - ::group::Post task execution logs
[2024-12-02T18:57:56.567+0000] {taskinstance.py:352} INFO - Marking task as SUCCESS. dag_id=weather_data_pipeline, task_id=load_weather_data, run_id=manual__2024-12-02T18:55:06.997654+00:00, execution_date=20241202T185506, start_date=20241202T185756, end_date=20241202T185756
[2024-12-02T18:57:56.592+0000] {logging_mixin.py:190} INFO - Task instance in success state
[2024-12-02T18:57:56.593+0000] {logging_mixin.py:190} INFO -  Previous state of the Task instance: running
[2024-12-02T18:57:56.594+0000] {logging_mixin.py:190} INFO - Dag name:weather_data_pipeline queued_at:2024-12-02 18:55:07.007626+00:00
[2024-12-02T18:57:56.595+0000] {logging_mixin.py:190} INFO - Task hostname:1a5e4afa404c operator:PythonOperator
[2024-12-02T18:57:56.636+0000] {local_task_job_runner.py:266} INFO - Task exited with return code 0
[2024-12-02T18:57:56.659+0000] {taskinstance.py:3895} INFO - 0 downstream tasks scheduled from follow-on schedule check
[2024-12-02T18:57:56.664+0000] {local_task_job_runner.py:245} INFO - ::endgroup::
