[2024-12-02T22:45:09.537+0000] {local_task_job_runner.py:123} INFO - ::group::Pre task execution logs
[2024-12-02T22:45:09.563+0000] {taskinstance.py:2613} INFO - Dependencies all met for dep_context=non-requeueable deps ti=<TaskInstance: weather_data_pipeline.transform_weather_data scheduled__2024-12-02T22:40:00+00:00 [queued]>
[2024-12-02T22:45:09.579+0000] {taskinstance.py:2613} INFO - Dependencies all met for dep_context=requeueable deps ti=<TaskInstance: weather_data_pipeline.transform_weather_data scheduled__2024-12-02T22:40:00+00:00 [queued]>
[2024-12-02T22:45:09.581+0000] {taskinstance.py:2866} INFO - Starting attempt 1 of 2
[2024-12-02T22:45:09.610+0000] {taskinstance.py:2889} INFO - Executing <Task(PythonOperator): transform_weather_data> on 2024-12-02 22:40:00+00:00
[2024-12-02T22:45:09.619+0000] {warnings.py:112} WARNING - /home/***/.local/lib/python3.12/site-packages/***/task/task_runner/standard_task_runner.py:70: DeprecationWarning: This process (pid=937) is multi-threaded, use of fork() may lead to deadlocks in the child.
  pid = os.fork()

[2024-12-02T22:45:09.621+0000] {standard_task_runner.py:72} INFO - Started process 939 to run task
[2024-12-02T22:45:09.623+0000] {standard_task_runner.py:104} INFO - Running: ['***', 'tasks', 'run', 'weather_data_pipeline', 'transform_weather_data', 'scheduled__2024-12-02T22:40:00+00:00', '--job-id', '159', '--raw', '--subdir', 'DAGS_FOLDER/weather_pipeline.py', '--cfg-path', '/tmp/tmp41u4v2xp']
[2024-12-02T22:45:09.625+0000] {standard_task_runner.py:105} INFO - Job 159: Subtask transform_weather_data
[2024-12-02T22:45:09.689+0000] {task_command.py:467} INFO - Running <TaskInstance: weather_data_pipeline.transform_weather_data scheduled__2024-12-02T22:40:00+00:00 [running]> on host 1a5e4afa404c
[2024-12-02T22:45:10.036+0000] {taskinstance.py:3132} INFO - Exporting env vars: AIRFLOW_CTX_DAG_EMAIL='andrew.marfo@amalitech.com' AIRFLOW_CTX_DAG_OWNER='***' AIRFLOW_CTX_DAG_ID='weather_data_pipeline' AIRFLOW_CTX_TASK_ID='transform_weather_data' AIRFLOW_CTX_EXECUTION_DATE='2024-12-02T22:40:00+00:00' AIRFLOW_CTX_TRY_NUMBER='1' AIRFLOW_CTX_DAG_RUN_ID='scheduled__2024-12-02T22:40:00+00:00'
[2024-12-02T22:45:10.039+0000] {logging_mixin.py:190} INFO - Task instance is in running state
[2024-12-02T22:45:10.040+0000] {logging_mixin.py:190} INFO -  Previous state of the Task instance: queued
[2024-12-02T22:45:10.041+0000] {logging_mixin.py:190} INFO - Current task name:transform_weather_data state:running start_date:2024-12-02 22:45:09.564502+00:00
[2024-12-02T22:45:10.042+0000] {logging_mixin.py:190} INFO - Dag name:weather_data_pipeline and current dag run status:running
[2024-12-02T22:45:10.042+0000] {taskinstance.py:731} INFO - ::endgroup::
[2024-12-02T22:45:10.089+0000] {python.py:240} INFO - Done. Returned value was: {'city': 'Portland', 'temperature': 45.53600000000007, 'pressure': 1025, 'humidity': 65, 'timestamp': datetime.datetime(2024, 12, 2, 22, 36, 32, tzinfo=datetime.timezone.utc)}
[2024-12-02T22:45:10.131+0000] {taskinstance.py:340} INFO - ::group::Post task execution logs
[2024-12-02T22:45:10.132+0000] {taskinstance.py:352} INFO - Marking task as SUCCESS. dag_id=weather_data_pipeline, task_id=transform_weather_data, run_id=scheduled__2024-12-02T22:40:00+00:00, execution_date=20241202T224000, start_date=20241202T224509, end_date=20241202T224510
[2024-12-02T22:45:10.168+0000] {logging_mixin.py:190} INFO - Task instance in success state
[2024-12-02T22:45:10.170+0000] {logging_mixin.py:190} INFO -  Previous state of the Task instance: running
[2024-12-02T22:45:10.173+0000] {logging_mixin.py:190} INFO - Dag name:weather_data_pipeline queued_at:2024-12-02 22:45:00.452873+00:00
[2024-12-02T22:45:10.176+0000] {logging_mixin.py:190} INFO - Task hostname:1a5e4afa404c operator:PythonOperator
[2024-12-02T22:45:10.239+0000] {local_task_job_runner.py:266} INFO - Task exited with return code 0
[2024-12-02T22:45:10.282+0000] {taskinstance.py:3895} INFO - 1 downstream tasks scheduled from follow-on schedule check
[2024-12-02T22:45:10.287+0000] {local_task_job_runner.py:245} INFO - ::endgroup::
