[2024-12-02T22:25:07.405+0000] {local_task_job_runner.py:123} INFO - ::group::Pre task execution logs
[2024-12-02T22:25:07.422+0000] {taskinstance.py:2613} INFO - Dependencies all met for dep_context=non-requeueable deps ti=<TaskInstance: weather_data_pipeline.transform_weather_data scheduled__2024-12-02T22:20:00+00:00 [queued]>
[2024-12-02T22:25:07.431+0000] {taskinstance.py:2613} INFO - Dependencies all met for dep_context=requeueable deps ti=<TaskInstance: weather_data_pipeline.transform_weather_data scheduled__2024-12-02T22:20:00+00:00 [queued]>
[2024-12-02T22:25:07.432+0000] {taskinstance.py:2866} INFO - Starting attempt 1 of 2
[2024-12-02T22:25:07.447+0000] {taskinstance.py:2889} INFO - Executing <Task(PythonOperator): transform_weather_data> on 2024-12-02 22:20:00+00:00
[2024-12-02T22:25:07.454+0000] {warnings.py:112} WARNING - /home/***/.local/lib/python3.12/site-packages/***/task/task_runner/standard_task_runner.py:70: DeprecationWarning: This process (pid=558) is multi-threaded, use of fork() may lead to deadlocks in the child.
  pid = os.fork()

[2024-12-02T22:25:07.456+0000] {standard_task_runner.py:72} INFO - Started process 560 to run task
[2024-12-02T22:25:07.456+0000] {standard_task_runner.py:104} INFO - Running: ['***', 'tasks', 'run', 'weather_data_pipeline', 'transform_weather_data', 'scheduled__2024-12-02T22:20:00+00:00', '--job-id', '128', '--raw', '--subdir', 'DAGS_FOLDER/weather_pipeline.py', '--cfg-path', '/tmp/tmpd0ng4v0f']
[2024-12-02T22:25:07.458+0000] {standard_task_runner.py:105} INFO - Job 128: Subtask transform_weather_data
[2024-12-02T22:25:07.516+0000] {task_command.py:467} INFO - Running <TaskInstance: weather_data_pipeline.transform_weather_data scheduled__2024-12-02T22:20:00+00:00 [running]> on host 1a5e4afa404c
[2024-12-02T22:25:07.824+0000] {taskinstance.py:3132} INFO - Exporting env vars: AIRFLOW_CTX_DAG_EMAIL='andrew.marfo@amalitech.com' AIRFLOW_CTX_DAG_OWNER='***' AIRFLOW_CTX_DAG_ID='weather_data_pipeline' AIRFLOW_CTX_TASK_ID='transform_weather_data' AIRFLOW_CTX_EXECUTION_DATE='2024-12-02T22:20:00+00:00' AIRFLOW_CTX_TRY_NUMBER='1' AIRFLOW_CTX_DAG_RUN_ID='scheduled__2024-12-02T22:20:00+00:00'
[2024-12-02T22:25:07.826+0000] {logging_mixin.py:190} INFO - Task instance is in running state
[2024-12-02T22:25:07.826+0000] {logging_mixin.py:190} INFO -  Previous state of the Task instance: queued
[2024-12-02T22:25:07.827+0000] {logging_mixin.py:190} INFO - Current task name:transform_weather_data state:running start_date:2024-12-02 22:25:07.423043+00:00
[2024-12-02T22:25:07.828+0000] {logging_mixin.py:190} INFO - Dag name:weather_data_pipeline and current dag run status:running
[2024-12-02T22:25:07.828+0000] {taskinstance.py:731} INFO - ::endgroup::
[2024-12-02T22:25:07.865+0000] {python.py:240} INFO - Done. Returned value was: {'city': 'Portland', 'temperature': 45.5, 'pressure': 1025, 'humidity': 65, 'timestamp': datetime.datetime(2024, 12, 2, 22, 20, 31, tzinfo=datetime.timezone.utc)}
[2024-12-02T22:25:07.897+0000] {taskinstance.py:340} INFO - ::group::Post task execution logs
[2024-12-02T22:25:07.898+0000] {taskinstance.py:352} INFO - Marking task as SUCCESS. dag_id=weather_data_pipeline, task_id=transform_weather_data, run_id=scheduled__2024-12-02T22:20:00+00:00, execution_date=20241202T222000, start_date=20241202T222507, end_date=20241202T222507
[2024-12-02T22:25:07.911+0000] {logging_mixin.py:190} INFO - Task instance in success state
[2024-12-02T22:25:07.912+0000] {logging_mixin.py:190} INFO -  Previous state of the Task instance: running
[2024-12-02T22:25:07.913+0000] {logging_mixin.py:190} INFO - Dag name:weather_data_pipeline queued_at:2024-12-02 22:25:00.023862+00:00
[2024-12-02T22:25:07.913+0000] {logging_mixin.py:190} INFO - Task hostname:1a5e4afa404c operator:PythonOperator
[2024-12-02T22:25:07.952+0000] {local_task_job_runner.py:266} INFO - Task exited with return code 0
[2024-12-02T22:25:07.981+0000] {taskinstance.py:3895} INFO - 0 downstream tasks scheduled from follow-on schedule check
[2024-12-02T22:25:07.986+0000] {local_task_job_runner.py:245} INFO - ::endgroup::
