[2024-11-29T14:05:09.665+0000] {processor.py:186} INFO - Started process (PID=86) to work on /home/airflow/.local/lib/python3.12/site-packages/airflow/example_dags/example_sensors.py
[2024-11-29T14:05:09.667+0000] {processor.py:914} INFO - Processing file /home/airflow/.local/lib/python3.12/site-packages/airflow/example_dags/example_sensors.py for tasks to queue
[2024-11-29T14:05:09.670+0000] {logging_mixin.py:190} INFO - [2024-11-29T14:05:09.670+0000] {dagbag.py:588} INFO - Filling up the DagBag from /home/airflow/.local/lib/python3.12/site-packages/airflow/example_dags/example_sensors.py
[2024-11-29T14:05:09.695+0000] {processor.py:925} INFO - DAG(s) 'example_sensors' retrieved from /home/airflow/.local/lib/python3.12/site-packages/airflow/example_dags/example_sensors.py
[2024-11-29T14:05:09.774+0000] {logging_mixin.py:190} INFO - [2024-11-29T14:05:09.773+0000] {dag.py:3239} INFO - Sync 1 DAGs
[2024-11-29T14:05:09.804+0000] {logging_mixin.py:190} INFO - [2024-11-29T14:05:09.804+0000] {dag.py:4180} INFO - Setting next_dagrun for example_sensors to None, run_after=None
[2024-11-29T14:05:09.842+0000] {processor.py:208} INFO - Processing /home/airflow/.local/lib/python3.12/site-packages/airflow/example_dags/example_sensors.py took 0.187 seconds
[2024-11-29T14:05:40.367+0000] {processor.py:186} INFO - Started process (PID=149) to work on /home/airflow/.local/lib/python3.12/site-packages/airflow/example_dags/example_sensors.py
[2024-11-29T14:05:40.368+0000] {processor.py:914} INFO - Processing file /home/airflow/.local/lib/python3.12/site-packages/airflow/example_dags/example_sensors.py for tasks to queue
[2024-11-29T14:05:40.371+0000] {logging_mixin.py:190} INFO - [2024-11-29T14:05:40.370+0000] {dagbag.py:588} INFO - Filling up the DagBag from /home/airflow/.local/lib/python3.12/site-packages/airflow/example_dags/example_sensors.py
[2024-11-29T14:05:40.388+0000] {processor.py:925} INFO - DAG(s) 'example_sensors' retrieved from /home/airflow/.local/lib/python3.12/site-packages/airflow/example_dags/example_sensors.py
[2024-11-29T14:05:40.428+0000] {logging_mixin.py:190} INFO - [2024-11-29T14:05:40.428+0000] {dag.py:3239} INFO - Sync 1 DAGs
[2024-11-29T14:05:40.449+0000] {logging_mixin.py:190} INFO - [2024-11-29T14:05:40.448+0000] {dag.py:4180} INFO - Setting next_dagrun for example_sensors to None, run_after=None
[2024-11-29T14:05:40.478+0000] {processor.py:208} INFO - Processing /home/airflow/.local/lib/python3.12/site-packages/airflow/example_dags/example_sensors.py took 0.120 seconds
[2024-11-29T14:06:10.602+0000] {processor.py:186} INFO - Started process (PID=211) to work on /home/airflow/.local/lib/python3.12/site-packages/airflow/example_dags/example_sensors.py
[2024-11-29T14:06:10.604+0000] {processor.py:914} INFO - Processing file /home/airflow/.local/lib/python3.12/site-packages/airflow/example_dags/example_sensors.py for tasks to queue
[2024-11-29T14:06:10.608+0000] {logging_mixin.py:190} INFO - [2024-11-29T14:06:10.608+0000] {dagbag.py:588} INFO - Filling up the DagBag from /home/airflow/.local/lib/python3.12/site-packages/airflow/example_dags/example_sensors.py
[2024-11-29T14:06:10.627+0000] {processor.py:925} INFO - DAG(s) 'example_sensors' retrieved from /home/airflow/.local/lib/python3.12/site-packages/airflow/example_dags/example_sensors.py
[2024-11-29T14:06:10.684+0000] {logging_mixin.py:190} INFO - [2024-11-29T14:06:10.683+0000] {dag.py:3239} INFO - Sync 1 DAGs
[2024-11-29T14:06:10.714+0000] {logging_mixin.py:190} INFO - [2024-11-29T14:06:10.714+0000] {dag.py:4180} INFO - Setting next_dagrun for example_sensors to None, run_after=None
[2024-11-29T14:06:10.746+0000] {processor.py:208} INFO - Processing /home/airflow/.local/lib/python3.12/site-packages/airflow/example_dags/example_sensors.py took 0.155 seconds
[2024-11-29T14:06:41.246+0000] {processor.py:186} INFO - Started process (PID=274) to work on /home/airflow/.local/lib/python3.12/site-packages/airflow/example_dags/example_sensors.py
[2024-11-29T14:06:41.248+0000] {processor.py:914} INFO - Processing file /home/airflow/.local/lib/python3.12/site-packages/airflow/example_dags/example_sensors.py for tasks to queue
[2024-11-29T14:06:41.250+0000] {logging_mixin.py:190} INFO - [2024-11-29T14:06:41.250+0000] {dagbag.py:588} INFO - Filling up the DagBag from /home/airflow/.local/lib/python3.12/site-packages/airflow/example_dags/example_sensors.py
[2024-11-29T14:06:41.264+0000] {processor.py:925} INFO - DAG(s) 'example_sensors' retrieved from /home/airflow/.local/lib/python3.12/site-packages/airflow/example_dags/example_sensors.py
[2024-11-29T14:06:41.297+0000] {logging_mixin.py:190} INFO - [2024-11-29T14:06:41.297+0000] {dag.py:3239} INFO - Sync 1 DAGs
[2024-11-29T14:06:41.316+0000] {logging_mixin.py:190} INFO - [2024-11-29T14:06:41.316+0000] {dag.py:4180} INFO - Setting next_dagrun for example_sensors to None, run_after=None
[2024-11-29T14:06:41.352+0000] {processor.py:208} INFO - Processing /home/airflow/.local/lib/python3.12/site-packages/airflow/example_dags/example_sensors.py took 0.113 seconds
[2024-11-29T14:07:11.872+0000] {processor.py:186} INFO - Started process (PID=337) to work on /home/airflow/.local/lib/python3.12/site-packages/airflow/example_dags/example_sensors.py
[2024-11-29T14:07:11.874+0000] {processor.py:914} INFO - Processing file /home/airflow/.local/lib/python3.12/site-packages/airflow/example_dags/example_sensors.py for tasks to queue
[2024-11-29T14:07:11.876+0000] {logging_mixin.py:190} INFO - [2024-11-29T14:07:11.876+0000] {dagbag.py:588} INFO - Filling up the DagBag from /home/airflow/.local/lib/python3.12/site-packages/airflow/example_dags/example_sensors.py
[2024-11-29T14:07:11.892+0000] {processor.py:925} INFO - DAG(s) 'example_sensors' retrieved from /home/airflow/.local/lib/python3.12/site-packages/airflow/example_dags/example_sensors.py
[2024-11-29T14:07:11.922+0000] {logging_mixin.py:190} INFO - [2024-11-29T14:07:11.921+0000] {dag.py:3239} INFO - Sync 1 DAGs
[2024-11-29T14:07:11.938+0000] {logging_mixin.py:190} INFO - [2024-11-29T14:07:11.938+0000] {dag.py:4180} INFO - Setting next_dagrun for example_sensors to None, run_after=None
[2024-11-29T14:07:11.963+0000] {processor.py:208} INFO - Processing /home/airflow/.local/lib/python3.12/site-packages/airflow/example_dags/example_sensors.py took 0.098 seconds
[2024-11-29T14:07:42.311+0000] {processor.py:186} INFO - Started process (PID=399) to work on /home/airflow/.local/lib/python3.12/site-packages/airflow/example_dags/example_sensors.py
[2024-11-29T14:07:42.312+0000] {processor.py:914} INFO - Processing file /home/airflow/.local/lib/python3.12/site-packages/airflow/example_dags/example_sensors.py for tasks to queue
[2024-11-29T14:07:42.317+0000] {logging_mixin.py:190} INFO - [2024-11-29T14:07:42.316+0000] {dagbag.py:588} INFO - Filling up the DagBag from /home/airflow/.local/lib/python3.12/site-packages/airflow/example_dags/example_sensors.py
[2024-11-29T14:07:42.341+0000] {processor.py:925} INFO - DAG(s) 'example_sensors' retrieved from /home/airflow/.local/lib/python3.12/site-packages/airflow/example_dags/example_sensors.py
[2024-11-29T14:07:42.378+0000] {logging_mixin.py:190} INFO - [2024-11-29T14:07:42.378+0000] {dag.py:3239} INFO - Sync 1 DAGs
[2024-11-29T14:07:42.401+0000] {logging_mixin.py:190} INFO - [2024-11-29T14:07:42.401+0000] {dag.py:4180} INFO - Setting next_dagrun for example_sensors to None, run_after=None
[2024-11-29T14:07:42.432+0000] {processor.py:208} INFO - Processing /home/airflow/.local/lib/python3.12/site-packages/airflow/example_dags/example_sensors.py took 0.131 seconds
[2024-11-29T14:08:13.206+0000] {processor.py:186} INFO - Started process (PID=462) to work on /home/airflow/.local/lib/python3.12/site-packages/airflow/example_dags/example_sensors.py
[2024-11-29T14:08:13.207+0000] {processor.py:914} INFO - Processing file /home/airflow/.local/lib/python3.12/site-packages/airflow/example_dags/example_sensors.py for tasks to queue
[2024-11-29T14:08:13.210+0000] {logging_mixin.py:190} INFO - [2024-11-29T14:08:13.210+0000] {dagbag.py:588} INFO - Filling up the DagBag from /home/airflow/.local/lib/python3.12/site-packages/airflow/example_dags/example_sensors.py
[2024-11-29T14:08:13.223+0000] {processor.py:925} INFO - DAG(s) 'example_sensors' retrieved from /home/airflow/.local/lib/python3.12/site-packages/airflow/example_dags/example_sensors.py
[2024-11-29T14:08:13.253+0000] {logging_mixin.py:190} INFO - [2024-11-29T14:08:13.253+0000] {dag.py:3239} INFO - Sync 1 DAGs
[2024-11-29T14:08:13.270+0000] {logging_mixin.py:190} INFO - [2024-11-29T14:08:13.269+0000] {dag.py:4180} INFO - Setting next_dagrun for example_sensors to None, run_after=None
[2024-11-29T14:08:13.294+0000] {processor.py:208} INFO - Processing /home/airflow/.local/lib/python3.12/site-packages/airflow/example_dags/example_sensors.py took 0.095 seconds
[2024-11-29T14:08:43.693+0000] {processor.py:186} INFO - Started process (PID=525) to work on /home/airflow/.local/lib/python3.12/site-packages/airflow/example_dags/example_sensors.py
[2024-11-29T14:08:43.694+0000] {processor.py:914} INFO - Processing file /home/airflow/.local/lib/python3.12/site-packages/airflow/example_dags/example_sensors.py for tasks to queue
[2024-11-29T14:08:43.698+0000] {logging_mixin.py:190} INFO - [2024-11-29T14:08:43.698+0000] {dagbag.py:588} INFO - Filling up the DagBag from /home/airflow/.local/lib/python3.12/site-packages/airflow/example_dags/example_sensors.py
[2024-11-29T14:08:43.725+0000] {processor.py:925} INFO - DAG(s) 'example_sensors' retrieved from /home/airflow/.local/lib/python3.12/site-packages/airflow/example_dags/example_sensors.py
[2024-11-29T14:08:43.773+0000] {logging_mixin.py:190} INFO - [2024-11-29T14:08:43.772+0000] {dag.py:3239} INFO - Sync 1 DAGs
[2024-11-29T14:08:43.803+0000] {logging_mixin.py:190} INFO - [2024-11-29T14:08:43.803+0000] {dag.py:4180} INFO - Setting next_dagrun for example_sensors to None, run_after=None
[2024-11-29T14:08:43.843+0000] {processor.py:208} INFO - Processing /home/airflow/.local/lib/python3.12/site-packages/airflow/example_dags/example_sensors.py took 0.162 seconds
[2024-11-29T14:09:14.707+0000] {processor.py:186} INFO - Started process (PID=588) to work on /home/airflow/.local/lib/python3.12/site-packages/airflow/example_dags/example_sensors.py
[2024-11-29T14:09:14.709+0000] {processor.py:914} INFO - Processing file /home/airflow/.local/lib/python3.12/site-packages/airflow/example_dags/example_sensors.py for tasks to queue
[2024-11-29T14:09:14.713+0000] {logging_mixin.py:190} INFO - [2024-11-29T14:09:14.712+0000] {dagbag.py:588} INFO - Filling up the DagBag from /home/airflow/.local/lib/python3.12/site-packages/airflow/example_dags/example_sensors.py
[2024-11-29T14:09:14.725+0000] {processor.py:925} INFO - DAG(s) 'example_sensors' retrieved from /home/airflow/.local/lib/python3.12/site-packages/airflow/example_dags/example_sensors.py
[2024-11-29T14:09:14.764+0000] {logging_mixin.py:190} INFO - [2024-11-29T14:09:14.763+0000] {dag.py:3239} INFO - Sync 1 DAGs
[2024-11-29T14:09:14.783+0000] {logging_mixin.py:190} INFO - [2024-11-29T14:09:14.783+0000] {dag.py:4180} INFO - Setting next_dagrun for example_sensors to None, run_after=None
[2024-11-29T14:09:14.807+0000] {processor.py:208} INFO - Processing /home/airflow/.local/lib/python3.12/site-packages/airflow/example_dags/example_sensors.py took 0.108 seconds
[2024-11-29T14:09:45.594+0000] {processor.py:186} INFO - Started process (PID=651) to work on /home/airflow/.local/lib/python3.12/site-packages/airflow/example_dags/example_sensors.py
[2024-11-29T14:09:45.595+0000] {processor.py:914} INFO - Processing file /home/airflow/.local/lib/python3.12/site-packages/airflow/example_dags/example_sensors.py for tasks to queue
[2024-11-29T14:09:45.598+0000] {logging_mixin.py:190} INFO - [2024-11-29T14:09:45.597+0000] {dagbag.py:588} INFO - Filling up the DagBag from /home/airflow/.local/lib/python3.12/site-packages/airflow/example_dags/example_sensors.py
[2024-11-29T14:09:45.611+0000] {processor.py:925} INFO - DAG(s) 'example_sensors' retrieved from /home/airflow/.local/lib/python3.12/site-packages/airflow/example_dags/example_sensors.py
[2024-11-29T14:09:45.642+0000] {logging_mixin.py:190} INFO - [2024-11-29T14:09:45.641+0000] {dag.py:3239} INFO - Sync 1 DAGs
[2024-11-29T14:09:45.659+0000] {logging_mixin.py:190} INFO - [2024-11-29T14:09:45.659+0000] {dag.py:4180} INFO - Setting next_dagrun for example_sensors to None, run_after=None
[2024-11-29T14:09:45.690+0000] {processor.py:208} INFO - Processing /home/airflow/.local/lib/python3.12/site-packages/airflow/example_dags/example_sensors.py took 0.103 seconds
[2024-11-29T14:10:16.031+0000] {processor.py:186} INFO - Started process (PID=714) to work on /home/airflow/.local/lib/python3.12/site-packages/airflow/example_dags/example_sensors.py
[2024-11-29T14:10:16.032+0000] {processor.py:914} INFO - Processing file /home/airflow/.local/lib/python3.12/site-packages/airflow/example_dags/example_sensors.py for tasks to queue
[2024-11-29T14:10:16.035+0000] {logging_mixin.py:190} INFO - [2024-11-29T14:10:16.034+0000] {dagbag.py:588} INFO - Filling up the DagBag from /home/airflow/.local/lib/python3.12/site-packages/airflow/example_dags/example_sensors.py
[2024-11-29T14:10:16.047+0000] {processor.py:925} INFO - DAG(s) 'example_sensors' retrieved from /home/airflow/.local/lib/python3.12/site-packages/airflow/example_dags/example_sensors.py
[2024-11-29T14:10:16.074+0000] {logging_mixin.py:190} INFO - [2024-11-29T14:10:16.074+0000] {dag.py:3239} INFO - Sync 1 DAGs
[2024-11-29T14:10:16.090+0000] {logging_mixin.py:190} INFO - [2024-11-29T14:10:16.090+0000] {dag.py:4180} INFO - Setting next_dagrun for example_sensors to None, run_after=None
[2024-11-29T14:10:16.114+0000] {processor.py:208} INFO - Processing /home/airflow/.local/lib/python3.12/site-packages/airflow/example_dags/example_sensors.py took 0.091 seconds
[2024-11-29T14:10:46.678+0000] {processor.py:186} INFO - Started process (PID=777) to work on /home/airflow/.local/lib/python3.12/site-packages/airflow/example_dags/example_sensors.py
[2024-11-29T14:10:46.679+0000] {processor.py:914} INFO - Processing file /home/airflow/.local/lib/python3.12/site-packages/airflow/example_dags/example_sensors.py for tasks to queue
[2024-11-29T14:10:46.682+0000] {logging_mixin.py:190} INFO - [2024-11-29T14:10:46.681+0000] {dagbag.py:588} INFO - Filling up the DagBag from /home/airflow/.local/lib/python3.12/site-packages/airflow/example_dags/example_sensors.py
[2024-11-29T14:10:46.694+0000] {processor.py:925} INFO - DAG(s) 'example_sensors' retrieved from /home/airflow/.local/lib/python3.12/site-packages/airflow/example_dags/example_sensors.py
[2024-11-29T14:10:46.725+0000] {logging_mixin.py:190} INFO - [2024-11-29T14:10:46.725+0000] {dag.py:3239} INFO - Sync 1 DAGs
[2024-11-29T14:10:46.743+0000] {logging_mixin.py:190} INFO - [2024-11-29T14:10:46.742+0000] {dag.py:4180} INFO - Setting next_dagrun for example_sensors to None, run_after=None
[2024-11-29T14:10:46.767+0000] {processor.py:208} INFO - Processing /home/airflow/.local/lib/python3.12/site-packages/airflow/example_dags/example_sensors.py took 0.096 seconds
[2024-11-29T14:11:17.829+0000] {processor.py:186} INFO - Started process (PID=840) to work on /home/airflow/.local/lib/python3.12/site-packages/airflow/example_dags/example_sensors.py
[2024-11-29T14:11:17.831+0000] {processor.py:914} INFO - Processing file /home/airflow/.local/lib/python3.12/site-packages/airflow/example_dags/example_sensors.py for tasks to queue
[2024-11-29T14:11:17.835+0000] {logging_mixin.py:190} INFO - [2024-11-29T14:11:17.835+0000] {dagbag.py:588} INFO - Filling up the DagBag from /home/airflow/.local/lib/python3.12/site-packages/airflow/example_dags/example_sensors.py
[2024-11-29T14:11:17.853+0000] {processor.py:925} INFO - DAG(s) 'example_sensors' retrieved from /home/airflow/.local/lib/python3.12/site-packages/airflow/example_dags/example_sensors.py
[2024-11-29T14:11:17.897+0000] {logging_mixin.py:190} INFO - [2024-11-29T14:11:17.896+0000] {dag.py:3239} INFO - Sync 1 DAGs
[2024-11-29T14:11:17.920+0000] {logging_mixin.py:190} INFO - [2024-11-29T14:11:17.919+0000] {dag.py:4180} INFO - Setting next_dagrun for example_sensors to None, run_after=None
[2024-11-29T14:11:17.951+0000] {processor.py:208} INFO - Processing /home/airflow/.local/lib/python3.12/site-packages/airflow/example_dags/example_sensors.py took 0.133 seconds
[2024-11-29T14:11:48.296+0000] {processor.py:186} INFO - Started process (PID=903) to work on /home/airflow/.local/lib/python3.12/site-packages/airflow/example_dags/example_sensors.py
[2024-11-29T14:11:48.298+0000] {processor.py:914} INFO - Processing file /home/airflow/.local/lib/python3.12/site-packages/airflow/example_dags/example_sensors.py for tasks to queue
[2024-11-29T14:11:48.301+0000] {logging_mixin.py:190} INFO - [2024-11-29T14:11:48.300+0000] {dagbag.py:588} INFO - Filling up the DagBag from /home/airflow/.local/lib/python3.12/site-packages/airflow/example_dags/example_sensors.py
[2024-11-29T14:11:48.313+0000] {processor.py:925} INFO - DAG(s) 'example_sensors' retrieved from /home/airflow/.local/lib/python3.12/site-packages/airflow/example_dags/example_sensors.py
[2024-11-29T14:11:48.343+0000] {logging_mixin.py:190} INFO - [2024-11-29T14:11:48.343+0000] {dag.py:3239} INFO - Sync 1 DAGs
[2024-11-29T14:11:48.359+0000] {logging_mixin.py:190} INFO - [2024-11-29T14:11:48.359+0000] {dag.py:4180} INFO - Setting next_dagrun for example_sensors to None, run_after=None
[2024-11-29T14:11:48.384+0000] {processor.py:208} INFO - Processing /home/airflow/.local/lib/python3.12/site-packages/airflow/example_dags/example_sensors.py took 0.094 seconds
[2024-11-29T14:12:19.088+0000] {processor.py:186} INFO - Started process (PID=966) to work on /home/airflow/.local/lib/python3.12/site-packages/airflow/example_dags/example_sensors.py
[2024-11-29T14:12:19.091+0000] {processor.py:914} INFO - Processing file /home/airflow/.local/lib/python3.12/site-packages/airflow/example_dags/example_sensors.py for tasks to queue
[2024-11-29T14:12:19.098+0000] {logging_mixin.py:190} INFO - [2024-11-29T14:12:19.097+0000] {dagbag.py:588} INFO - Filling up the DagBag from /home/airflow/.local/lib/python3.12/site-packages/airflow/example_dags/example_sensors.py
[2024-11-29T14:12:19.134+0000] {processor.py:925} INFO - DAG(s) 'example_sensors' retrieved from /home/airflow/.local/lib/python3.12/site-packages/airflow/example_dags/example_sensors.py
[2024-11-29T14:12:19.210+0000] {logging_mixin.py:190} INFO - [2024-11-29T14:12:19.209+0000] {dag.py:3239} INFO - Sync 1 DAGs
[2024-11-29T14:12:19.236+0000] {logging_mixin.py:190} INFO - [2024-11-29T14:12:19.236+0000] {dag.py:4180} INFO - Setting next_dagrun for example_sensors to None, run_after=None
[2024-11-29T14:12:19.266+0000] {processor.py:208} INFO - Processing /home/airflow/.local/lib/python3.12/site-packages/airflow/example_dags/example_sensors.py took 0.195 seconds
[2024-11-29T14:12:49.766+0000] {processor.py:186} INFO - Started process (PID=1029) to work on /home/airflow/.local/lib/python3.12/site-packages/airflow/example_dags/example_sensors.py
[2024-11-29T14:12:49.767+0000] {processor.py:914} INFO - Processing file /home/airflow/.local/lib/python3.12/site-packages/airflow/example_dags/example_sensors.py for tasks to queue
[2024-11-29T14:12:49.770+0000] {logging_mixin.py:190} INFO - [2024-11-29T14:12:49.770+0000] {dagbag.py:588} INFO - Filling up the DagBag from /home/airflow/.local/lib/python3.12/site-packages/airflow/example_dags/example_sensors.py
[2024-11-29T14:12:49.784+0000] {processor.py:925} INFO - DAG(s) 'example_sensors' retrieved from /home/airflow/.local/lib/python3.12/site-packages/airflow/example_dags/example_sensors.py
[2024-11-29T14:12:49.818+0000] {logging_mixin.py:190} INFO - [2024-11-29T14:12:49.818+0000] {dag.py:3239} INFO - Sync 1 DAGs
[2024-11-29T14:12:49.836+0000] {logging_mixin.py:190} INFO - [2024-11-29T14:12:49.835+0000] {dag.py:4180} INFO - Setting next_dagrun for example_sensors to None, run_after=None
[2024-11-29T14:12:49.859+0000] {processor.py:208} INFO - Processing /home/airflow/.local/lib/python3.12/site-packages/airflow/example_dags/example_sensors.py took 0.101 seconds
[2024-11-29T14:13:20.309+0000] {processor.py:186} INFO - Started process (PID=1092) to work on /home/airflow/.local/lib/python3.12/site-packages/airflow/example_dags/example_sensors.py
[2024-11-29T14:13:20.311+0000] {processor.py:914} INFO - Processing file /home/airflow/.local/lib/python3.12/site-packages/airflow/example_dags/example_sensors.py for tasks to queue
[2024-11-29T14:13:20.313+0000] {logging_mixin.py:190} INFO - [2024-11-29T14:13:20.313+0000] {dagbag.py:588} INFO - Filling up the DagBag from /home/airflow/.local/lib/python3.12/site-packages/airflow/example_dags/example_sensors.py
[2024-11-29T14:13:20.328+0000] {processor.py:925} INFO - DAG(s) 'example_sensors' retrieved from /home/airflow/.local/lib/python3.12/site-packages/airflow/example_dags/example_sensors.py
[2024-11-29T14:13:20.368+0000] {logging_mixin.py:190} INFO - [2024-11-29T14:13:20.368+0000] {dag.py:3239} INFO - Sync 1 DAGs
[2024-11-29T14:13:20.388+0000] {logging_mixin.py:190} INFO - [2024-11-29T14:13:20.387+0000] {dag.py:4180} INFO - Setting next_dagrun for example_sensors to None, run_after=None
[2024-11-29T14:13:20.419+0000] {processor.py:208} INFO - Processing /home/airflow/.local/lib/python3.12/site-packages/airflow/example_dags/example_sensors.py took 0.118 seconds
[2024-11-29T14:19:49.782+0000] {processor.py:186} INFO - Started process (PID=87) to work on /home/airflow/.local/lib/python3.12/site-packages/airflow/example_dags/example_sensors.py
[2024-11-29T14:19:49.784+0000] {processor.py:914} INFO - Processing file /home/airflow/.local/lib/python3.12/site-packages/airflow/example_dags/example_sensors.py for tasks to queue
[2024-11-29T14:19:49.791+0000] {logging_mixin.py:190} INFO - [2024-11-29T14:19:49.790+0000] {dagbag.py:588} INFO - Filling up the DagBag from /home/airflow/.local/lib/python3.12/site-packages/airflow/example_dags/example_sensors.py
[2024-11-29T14:19:49.840+0000] {processor.py:925} INFO - DAG(s) 'example_sensors' retrieved from /home/airflow/.local/lib/python3.12/site-packages/airflow/example_dags/example_sensors.py
[2024-11-29T14:19:49.951+0000] {logging_mixin.py:190} INFO - [2024-11-29T14:19:49.950+0000] {dag.py:3239} INFO - Sync 1 DAGs
[2024-11-29T14:19:50.003+0000] {logging_mixin.py:190} INFO - [2024-11-29T14:19:50.002+0000] {dag.py:4180} INFO - Setting next_dagrun for example_sensors to None, run_after=None
[2024-11-29T14:19:50.085+0000] {processor.py:208} INFO - Processing /home/airflow/.local/lib/python3.12/site-packages/airflow/example_dags/example_sensors.py took 0.317 seconds
[2024-11-29T14:20:20.287+0000] {processor.py:186} INFO - Started process (PID=150) to work on /home/airflow/.local/lib/python3.12/site-packages/airflow/example_dags/example_sensors.py
[2024-11-29T14:20:20.288+0000] {processor.py:914} INFO - Processing file /home/airflow/.local/lib/python3.12/site-packages/airflow/example_dags/example_sensors.py for tasks to queue
[2024-11-29T14:20:20.292+0000] {logging_mixin.py:190} INFO - [2024-11-29T14:20:20.291+0000] {dagbag.py:588} INFO - Filling up the DagBag from /home/airflow/.local/lib/python3.12/site-packages/airflow/example_dags/example_sensors.py
[2024-11-29T14:20:20.309+0000] {processor.py:925} INFO - DAG(s) 'example_sensors' retrieved from /home/airflow/.local/lib/python3.12/site-packages/airflow/example_dags/example_sensors.py
[2024-11-29T14:20:20.356+0000] {logging_mixin.py:190} INFO - [2024-11-29T14:20:20.356+0000] {dag.py:3239} INFO - Sync 1 DAGs
[2024-11-29T14:20:20.376+0000] {logging_mixin.py:190} INFO - [2024-11-29T14:20:20.375+0000] {dag.py:4180} INFO - Setting next_dagrun for example_sensors to None, run_after=None
[2024-11-29T14:20:20.407+0000] {processor.py:208} INFO - Processing /home/airflow/.local/lib/python3.12/site-packages/airflow/example_dags/example_sensors.py took 0.130 seconds
[2024-11-29T14:20:51.217+0000] {processor.py:186} INFO - Started process (PID=213) to work on /home/airflow/.local/lib/python3.12/site-packages/airflow/example_dags/example_sensors.py
[2024-11-29T14:20:51.220+0000] {processor.py:914} INFO - Processing file /home/airflow/.local/lib/python3.12/site-packages/airflow/example_dags/example_sensors.py for tasks to queue
[2024-11-29T14:20:51.223+0000] {logging_mixin.py:190} INFO - [2024-11-29T14:20:51.223+0000] {dagbag.py:588} INFO - Filling up the DagBag from /home/airflow/.local/lib/python3.12/site-packages/airflow/example_dags/example_sensors.py
[2024-11-29T14:20:51.244+0000] {processor.py:925} INFO - DAG(s) 'example_sensors' retrieved from /home/airflow/.local/lib/python3.12/site-packages/airflow/example_dags/example_sensors.py
[2024-11-29T14:20:51.280+0000] {logging_mixin.py:190} INFO - [2024-11-29T14:20:51.280+0000] {dag.py:3239} INFO - Sync 1 DAGs
[2024-11-29T14:20:51.303+0000] {logging_mixin.py:190} INFO - [2024-11-29T14:20:51.303+0000] {dag.py:4180} INFO - Setting next_dagrun for example_sensors to None, run_after=None
[2024-11-29T14:20:51.330+0000] {processor.py:208} INFO - Processing /home/airflow/.local/lib/python3.12/site-packages/airflow/example_dags/example_sensors.py took 0.123 seconds
[2024-11-29T14:21:21.461+0000] {processor.py:186} INFO - Started process (PID=276) to work on /home/airflow/.local/lib/python3.12/site-packages/airflow/example_dags/example_sensors.py
[2024-11-29T14:21:21.462+0000] {processor.py:914} INFO - Processing file /home/airflow/.local/lib/python3.12/site-packages/airflow/example_dags/example_sensors.py for tasks to queue
[2024-11-29T14:21:21.465+0000] {logging_mixin.py:190} INFO - [2024-11-29T14:21:21.464+0000] {dagbag.py:588} INFO - Filling up the DagBag from /home/airflow/.local/lib/python3.12/site-packages/airflow/example_dags/example_sensors.py
[2024-11-29T14:21:21.477+0000] {processor.py:925} INFO - DAG(s) 'example_sensors' retrieved from /home/airflow/.local/lib/python3.12/site-packages/airflow/example_dags/example_sensors.py
[2024-11-29T14:21:21.507+0000] {logging_mixin.py:190} INFO - [2024-11-29T14:21:21.507+0000] {dag.py:3239} INFO - Sync 1 DAGs
[2024-11-29T14:21:21.524+0000] {logging_mixin.py:190} INFO - [2024-11-29T14:21:21.523+0000] {dag.py:4180} INFO - Setting next_dagrun for example_sensors to None, run_after=None
[2024-11-29T14:21:21.550+0000] {processor.py:208} INFO - Processing /home/airflow/.local/lib/python3.12/site-packages/airflow/example_dags/example_sensors.py took 0.095 seconds
[2024-11-29T14:21:52.074+0000] {processor.py:186} INFO - Started process (PID=338) to work on /home/airflow/.local/lib/python3.12/site-packages/airflow/example_dags/example_sensors.py
[2024-11-29T14:21:52.076+0000] {processor.py:914} INFO - Processing file /home/airflow/.local/lib/python3.12/site-packages/airflow/example_dags/example_sensors.py for tasks to queue
[2024-11-29T14:21:52.079+0000] {logging_mixin.py:190} INFO - [2024-11-29T14:21:52.079+0000] {dagbag.py:588} INFO - Filling up the DagBag from /home/airflow/.local/lib/python3.12/site-packages/airflow/example_dags/example_sensors.py
[2024-11-29T14:21:52.093+0000] {processor.py:925} INFO - DAG(s) 'example_sensors' retrieved from /home/airflow/.local/lib/python3.12/site-packages/airflow/example_dags/example_sensors.py
[2024-11-29T14:21:52.122+0000] {logging_mixin.py:190} INFO - [2024-11-29T14:21:52.122+0000] {dag.py:3239} INFO - Sync 1 DAGs
[2024-11-29T14:21:52.138+0000] {logging_mixin.py:190} INFO - [2024-11-29T14:21:52.138+0000] {dag.py:4180} INFO - Setting next_dagrun for example_sensors to None, run_after=None
[2024-11-29T14:21:52.161+0000] {processor.py:208} INFO - Processing /home/airflow/.local/lib/python3.12/site-packages/airflow/example_dags/example_sensors.py took 0.095 seconds
[2024-11-29T14:22:22.710+0000] {processor.py:186} INFO - Started process (PID=401) to work on /home/airflow/.local/lib/python3.12/site-packages/airflow/example_dags/example_sensors.py
[2024-11-29T14:22:22.711+0000] {processor.py:914} INFO - Processing file /home/airflow/.local/lib/python3.12/site-packages/airflow/example_dags/example_sensors.py for tasks to queue
[2024-11-29T14:22:22.714+0000] {logging_mixin.py:190} INFO - [2024-11-29T14:22:22.713+0000] {dagbag.py:588} INFO - Filling up the DagBag from /home/airflow/.local/lib/python3.12/site-packages/airflow/example_dags/example_sensors.py
[2024-11-29T14:22:22.726+0000] {processor.py:925} INFO - DAG(s) 'example_sensors' retrieved from /home/airflow/.local/lib/python3.12/site-packages/airflow/example_dags/example_sensors.py
[2024-11-29T14:22:22.757+0000] {logging_mixin.py:190} INFO - [2024-11-29T14:22:22.757+0000] {dag.py:3239} INFO - Sync 1 DAGs
[2024-11-29T14:22:22.775+0000] {logging_mixin.py:190} INFO - [2024-11-29T14:22:22.775+0000] {dag.py:4180} INFO - Setting next_dagrun for example_sensors to None, run_after=None
[2024-11-29T14:22:22.805+0000] {processor.py:208} INFO - Processing /home/airflow/.local/lib/python3.12/site-packages/airflow/example_dags/example_sensors.py took 0.102 seconds
[2024-11-29T14:22:53.375+0000] {processor.py:186} INFO - Started process (PID=464) to work on /home/airflow/.local/lib/python3.12/site-packages/airflow/example_dags/example_sensors.py
[2024-11-29T14:22:53.377+0000] {processor.py:914} INFO - Processing file /home/airflow/.local/lib/python3.12/site-packages/airflow/example_dags/example_sensors.py for tasks to queue
[2024-11-29T14:22:53.380+0000] {logging_mixin.py:190} INFO - [2024-11-29T14:22:53.380+0000] {dagbag.py:588} INFO - Filling up the DagBag from /home/airflow/.local/lib/python3.12/site-packages/airflow/example_dags/example_sensors.py
[2024-11-29T14:22:53.399+0000] {processor.py:925} INFO - DAG(s) 'example_sensors' retrieved from /home/airflow/.local/lib/python3.12/site-packages/airflow/example_dags/example_sensors.py
[2024-11-29T14:22:53.432+0000] {logging_mixin.py:190} INFO - [2024-11-29T14:22:53.431+0000] {dag.py:3239} INFO - Sync 1 DAGs
[2024-11-29T14:22:53.449+0000] {logging_mixin.py:190} INFO - [2024-11-29T14:22:53.448+0000] {dag.py:4180} INFO - Setting next_dagrun for example_sensors to None, run_after=None
[2024-11-29T14:22:53.481+0000] {processor.py:208} INFO - Processing /home/airflow/.local/lib/python3.12/site-packages/airflow/example_dags/example_sensors.py took 0.112 seconds
[2024-11-29T14:23:24.478+0000] {processor.py:186} INFO - Started process (PID=527) to work on /home/airflow/.local/lib/python3.12/site-packages/airflow/example_dags/example_sensors.py
[2024-11-29T14:23:24.480+0000] {processor.py:914} INFO - Processing file /home/airflow/.local/lib/python3.12/site-packages/airflow/example_dags/example_sensors.py for tasks to queue
[2024-11-29T14:23:24.483+0000] {logging_mixin.py:190} INFO - [2024-11-29T14:23:24.482+0000] {dagbag.py:588} INFO - Filling up the DagBag from /home/airflow/.local/lib/python3.12/site-packages/airflow/example_dags/example_sensors.py
[2024-11-29T14:23:24.498+0000] {processor.py:925} INFO - DAG(s) 'example_sensors' retrieved from /home/airflow/.local/lib/python3.12/site-packages/airflow/example_dags/example_sensors.py
[2024-11-29T14:23:24.528+0000] {logging_mixin.py:190} INFO - [2024-11-29T14:23:24.528+0000] {dag.py:3239} INFO - Sync 1 DAGs
[2024-11-29T14:23:24.548+0000] {logging_mixin.py:190} INFO - [2024-11-29T14:23:24.548+0000] {dag.py:4180} INFO - Setting next_dagrun for example_sensors to None, run_after=None
[2024-11-29T14:23:24.575+0000] {processor.py:208} INFO - Processing /home/airflow/.local/lib/python3.12/site-packages/airflow/example_dags/example_sensors.py took 0.104 seconds
[2024-11-29T14:23:55.248+0000] {processor.py:186} INFO - Started process (PID=590) to work on /home/airflow/.local/lib/python3.12/site-packages/airflow/example_dags/example_sensors.py
[2024-11-29T14:23:55.249+0000] {processor.py:914} INFO - Processing file /home/airflow/.local/lib/python3.12/site-packages/airflow/example_dags/example_sensors.py for tasks to queue
[2024-11-29T14:23:55.253+0000] {logging_mixin.py:190} INFO - [2024-11-29T14:23:55.252+0000] {dagbag.py:588} INFO - Filling up the DagBag from /home/airflow/.local/lib/python3.12/site-packages/airflow/example_dags/example_sensors.py
[2024-11-29T14:23:55.269+0000] {processor.py:925} INFO - DAG(s) 'example_sensors' retrieved from /home/airflow/.local/lib/python3.12/site-packages/airflow/example_dags/example_sensors.py
[2024-11-29T14:23:55.306+0000] {logging_mixin.py:190} INFO - [2024-11-29T14:23:55.306+0000] {dag.py:3239} INFO - Sync 1 DAGs
[2024-11-29T14:23:55.326+0000] {logging_mixin.py:190} INFO - [2024-11-29T14:23:55.326+0000] {dag.py:4180} INFO - Setting next_dagrun for example_sensors to None, run_after=None
[2024-11-29T14:23:55.356+0000] {processor.py:208} INFO - Processing /home/airflow/.local/lib/python3.12/site-packages/airflow/example_dags/example_sensors.py took 0.116 seconds
[2024-11-29T14:24:26.384+0000] {processor.py:186} INFO - Started process (PID=653) to work on /home/airflow/.local/lib/python3.12/site-packages/airflow/example_dags/example_sensors.py
[2024-11-29T14:24:26.388+0000] {processor.py:914} INFO - Processing file /home/airflow/.local/lib/python3.12/site-packages/airflow/example_dags/example_sensors.py for tasks to queue
[2024-11-29T14:24:26.394+0000] {logging_mixin.py:190} INFO - [2024-11-29T14:24:26.393+0000] {dagbag.py:588} INFO - Filling up the DagBag from /home/airflow/.local/lib/python3.12/site-packages/airflow/example_dags/example_sensors.py
[2024-11-29T14:24:26.435+0000] {processor.py:925} INFO - DAG(s) 'example_sensors' retrieved from /home/airflow/.local/lib/python3.12/site-packages/airflow/example_dags/example_sensors.py
[2024-11-29T14:24:26.509+0000] {logging_mixin.py:190} INFO - [2024-11-29T14:24:26.509+0000] {dag.py:3239} INFO - Sync 1 DAGs
[2024-11-29T14:24:26.531+0000] {logging_mixin.py:190} INFO - [2024-11-29T14:24:26.531+0000] {dag.py:4180} INFO - Setting next_dagrun for example_sensors to None, run_after=None
[2024-11-29T14:24:26.558+0000] {processor.py:208} INFO - Processing /home/airflow/.local/lib/python3.12/site-packages/airflow/example_dags/example_sensors.py took 0.193 seconds
[2024-11-29T14:24:57.346+0000] {processor.py:186} INFO - Started process (PID=716) to work on /home/airflow/.local/lib/python3.12/site-packages/airflow/example_dags/example_sensors.py
[2024-11-29T14:24:57.349+0000] {processor.py:914} INFO - Processing file /home/airflow/.local/lib/python3.12/site-packages/airflow/example_dags/example_sensors.py for tasks to queue
[2024-11-29T14:24:57.357+0000] {logging_mixin.py:190} INFO - [2024-11-29T14:24:57.356+0000] {dagbag.py:588} INFO - Filling up the DagBag from /home/airflow/.local/lib/python3.12/site-packages/airflow/example_dags/example_sensors.py
[2024-11-29T14:24:57.390+0000] {processor.py:925} INFO - DAG(s) 'example_sensors' retrieved from /home/airflow/.local/lib/python3.12/site-packages/airflow/example_dags/example_sensors.py
[2024-11-29T14:24:57.471+0000] {logging_mixin.py:190} INFO - [2024-11-29T14:24:57.471+0000] {dag.py:3239} INFO - Sync 1 DAGs
[2024-11-29T14:24:57.516+0000] {logging_mixin.py:190} INFO - [2024-11-29T14:24:57.515+0000] {dag.py:4180} INFO - Setting next_dagrun for example_sensors to None, run_after=None
[2024-11-29T14:24:57.579+0000] {processor.py:208} INFO - Processing /home/airflow/.local/lib/python3.12/site-packages/airflow/example_dags/example_sensors.py took 0.248 seconds
[2024-11-29T14:25:27.914+0000] {processor.py:186} INFO - Started process (PID=779) to work on /home/airflow/.local/lib/python3.12/site-packages/airflow/example_dags/example_sensors.py
[2024-11-29T14:25:27.917+0000] {processor.py:914} INFO - Processing file /home/airflow/.local/lib/python3.12/site-packages/airflow/example_dags/example_sensors.py for tasks to queue
[2024-11-29T14:25:27.924+0000] {logging_mixin.py:190} INFO - [2024-11-29T14:25:27.923+0000] {dagbag.py:588} INFO - Filling up the DagBag from /home/airflow/.local/lib/python3.12/site-packages/airflow/example_dags/example_sensors.py
[2024-11-29T14:25:27.964+0000] {processor.py:925} INFO - DAG(s) 'example_sensors' retrieved from /home/airflow/.local/lib/python3.12/site-packages/airflow/example_dags/example_sensors.py
[2024-11-29T14:25:28.001+0000] {logging_mixin.py:190} INFO - [2024-11-29T14:25:28.001+0000] {dag.py:3239} INFO - Sync 1 DAGs
[2024-11-29T14:25:28.018+0000] {logging_mixin.py:190} INFO - [2024-11-29T14:25:28.017+0000] {dag.py:4180} INFO - Setting next_dagrun for example_sensors to None, run_after=None
[2024-11-29T14:25:28.047+0000] {processor.py:208} INFO - Processing /home/airflow/.local/lib/python3.12/site-packages/airflow/example_dags/example_sensors.py took 0.148 seconds
[2024-11-29T14:25:58.410+0000] {processor.py:186} INFO - Started process (PID=842) to work on /home/airflow/.local/lib/python3.12/site-packages/airflow/example_dags/example_sensors.py
[2024-11-29T14:25:58.411+0000] {processor.py:914} INFO - Processing file /home/airflow/.local/lib/python3.12/site-packages/airflow/example_dags/example_sensors.py for tasks to queue
[2024-11-29T14:25:58.415+0000] {logging_mixin.py:190} INFO - [2024-11-29T14:25:58.415+0000] {dagbag.py:588} INFO - Filling up the DagBag from /home/airflow/.local/lib/python3.12/site-packages/airflow/example_dags/example_sensors.py
[2024-11-29T14:25:58.434+0000] {processor.py:925} INFO - DAG(s) 'example_sensors' retrieved from /home/airflow/.local/lib/python3.12/site-packages/airflow/example_dags/example_sensors.py
[2024-11-29T14:25:58.475+0000] {logging_mixin.py:190} INFO - [2024-11-29T14:25:58.474+0000] {dag.py:3239} INFO - Sync 1 DAGs
[2024-11-29T14:25:58.498+0000] {logging_mixin.py:190} INFO - [2024-11-29T14:25:58.497+0000] {dag.py:4180} INFO - Setting next_dagrun for example_sensors to None, run_after=None
[2024-11-29T14:25:58.537+0000] {processor.py:208} INFO - Processing /home/airflow/.local/lib/python3.12/site-packages/airflow/example_dags/example_sensors.py took 0.139 seconds
[2024-11-29T14:26:29.432+0000] {processor.py:186} INFO - Started process (PID=905) to work on /home/airflow/.local/lib/python3.12/site-packages/airflow/example_dags/example_sensors.py
[2024-11-29T14:26:29.433+0000] {processor.py:914} INFO - Processing file /home/airflow/.local/lib/python3.12/site-packages/airflow/example_dags/example_sensors.py for tasks to queue
[2024-11-29T14:26:29.437+0000] {logging_mixin.py:190} INFO - [2024-11-29T14:26:29.436+0000] {dagbag.py:588} INFO - Filling up the DagBag from /home/airflow/.local/lib/python3.12/site-packages/airflow/example_dags/example_sensors.py
[2024-11-29T14:26:29.454+0000] {processor.py:925} INFO - DAG(s) 'example_sensors' retrieved from /home/airflow/.local/lib/python3.12/site-packages/airflow/example_dags/example_sensors.py
[2024-11-29T14:26:29.497+0000] {logging_mixin.py:190} INFO - [2024-11-29T14:26:29.496+0000] {dag.py:3239} INFO - Sync 1 DAGs
[2024-11-29T14:26:29.516+0000] {logging_mixin.py:190} INFO - [2024-11-29T14:26:29.515+0000] {dag.py:4180} INFO - Setting next_dagrun for example_sensors to None, run_after=None
[2024-11-29T14:26:29.550+0000] {processor.py:208} INFO - Processing /home/airflow/.local/lib/python3.12/site-packages/airflow/example_dags/example_sensors.py took 0.128 seconds
[2024-11-29T14:26:59.672+0000] {processor.py:186} INFO - Started process (PID=968) to work on /home/airflow/.local/lib/python3.12/site-packages/airflow/example_dags/example_sensors.py
[2024-11-29T14:26:59.673+0000] {processor.py:914} INFO - Processing file /home/airflow/.local/lib/python3.12/site-packages/airflow/example_dags/example_sensors.py for tasks to queue
[2024-11-29T14:26:59.676+0000] {logging_mixin.py:190} INFO - [2024-11-29T14:26:59.675+0000] {dagbag.py:588} INFO - Filling up the DagBag from /home/airflow/.local/lib/python3.12/site-packages/airflow/example_dags/example_sensors.py
[2024-11-29T14:26:59.689+0000] {processor.py:925} INFO - DAG(s) 'example_sensors' retrieved from /home/airflow/.local/lib/python3.12/site-packages/airflow/example_dags/example_sensors.py
[2024-11-29T14:26:59.721+0000] {logging_mixin.py:190} INFO - [2024-11-29T14:26:59.721+0000] {dag.py:3239} INFO - Sync 1 DAGs
[2024-11-29T14:26:59.738+0000] {logging_mixin.py:190} INFO - [2024-11-29T14:26:59.738+0000] {dag.py:4180} INFO - Setting next_dagrun for example_sensors to None, run_after=None
[2024-11-29T14:26:59.764+0000] {processor.py:208} INFO - Processing /home/airflow/.local/lib/python3.12/site-packages/airflow/example_dags/example_sensors.py took 0.099 seconds
[2024-11-29T14:27:29.951+0000] {processor.py:186} INFO - Started process (PID=1031) to work on /home/airflow/.local/lib/python3.12/site-packages/airflow/example_dags/example_sensors.py
[2024-11-29T14:27:29.953+0000] {processor.py:914} INFO - Processing file /home/airflow/.local/lib/python3.12/site-packages/airflow/example_dags/example_sensors.py for tasks to queue
[2024-11-29T14:27:29.957+0000] {logging_mixin.py:190} INFO - [2024-11-29T14:27:29.956+0000] {dagbag.py:588} INFO - Filling up the DagBag from /home/airflow/.local/lib/python3.12/site-packages/airflow/example_dags/example_sensors.py
[2024-11-29T14:27:29.977+0000] {processor.py:925} INFO - DAG(s) 'example_sensors' retrieved from /home/airflow/.local/lib/python3.12/site-packages/airflow/example_dags/example_sensors.py
[2024-11-29T14:27:30.019+0000] {logging_mixin.py:190} INFO - [2024-11-29T14:27:30.018+0000] {dag.py:3239} INFO - Sync 1 DAGs
[2024-11-29T14:27:30.040+0000] {logging_mixin.py:190} INFO - [2024-11-29T14:27:30.040+0000] {dag.py:4180} INFO - Setting next_dagrun for example_sensors to None, run_after=None
[2024-11-29T14:27:30.069+0000] {processor.py:208} INFO - Processing /home/airflow/.local/lib/python3.12/site-packages/airflow/example_dags/example_sensors.py took 0.125 seconds
[2024-11-29T14:28:00.628+0000] {processor.py:186} INFO - Started process (PID=1094) to work on /home/airflow/.local/lib/python3.12/site-packages/airflow/example_dags/example_sensors.py
[2024-11-29T14:28:00.630+0000] {processor.py:914} INFO - Processing file /home/airflow/.local/lib/python3.12/site-packages/airflow/example_dags/example_sensors.py for tasks to queue
[2024-11-29T14:28:00.634+0000] {logging_mixin.py:190} INFO - [2024-11-29T14:28:00.633+0000] {dagbag.py:588} INFO - Filling up the DagBag from /home/airflow/.local/lib/python3.12/site-packages/airflow/example_dags/example_sensors.py
[2024-11-29T14:28:00.651+0000] {processor.py:925} INFO - DAG(s) 'example_sensors' retrieved from /home/airflow/.local/lib/python3.12/site-packages/airflow/example_dags/example_sensors.py
[2024-11-29T14:28:00.680+0000] {logging_mixin.py:190} INFO - [2024-11-29T14:28:00.679+0000] {dag.py:3239} INFO - Sync 1 DAGs
[2024-11-29T14:28:00.699+0000] {logging_mixin.py:190} INFO - [2024-11-29T14:28:00.698+0000] {dag.py:4180} INFO - Setting next_dagrun for example_sensors to None, run_after=None
[2024-11-29T14:28:00.726+0000] {processor.py:208} INFO - Processing /home/airflow/.local/lib/python3.12/site-packages/airflow/example_dags/example_sensors.py took 0.104 seconds
[2024-11-29T14:28:31.013+0000] {processor.py:186} INFO - Started process (PID=1157) to work on /home/airflow/.local/lib/python3.12/site-packages/airflow/example_dags/example_sensors.py
[2024-11-29T14:28:31.014+0000] {processor.py:914} INFO - Processing file /home/airflow/.local/lib/python3.12/site-packages/airflow/example_dags/example_sensors.py for tasks to queue
[2024-11-29T14:28:31.017+0000] {logging_mixin.py:190} INFO - [2024-11-29T14:28:31.016+0000] {dagbag.py:588} INFO - Filling up the DagBag from /home/airflow/.local/lib/python3.12/site-packages/airflow/example_dags/example_sensors.py
[2024-11-29T14:28:31.029+0000] {processor.py:925} INFO - DAG(s) 'example_sensors' retrieved from /home/airflow/.local/lib/python3.12/site-packages/airflow/example_dags/example_sensors.py
[2024-11-29T14:28:31.058+0000] {logging_mixin.py:190} INFO - [2024-11-29T14:28:31.058+0000] {dag.py:3239} INFO - Sync 1 DAGs
[2024-11-29T14:28:31.075+0000] {logging_mixin.py:190} INFO - [2024-11-29T14:28:31.075+0000] {dag.py:4180} INFO - Setting next_dagrun for example_sensors to None, run_after=None
[2024-11-29T14:28:31.097+0000] {processor.py:208} INFO - Processing /home/airflow/.local/lib/python3.12/site-packages/airflow/example_dags/example_sensors.py took 0.091 seconds
[2024-11-29T14:29:01.957+0000] {processor.py:186} INFO - Started process (PID=1220) to work on /home/airflow/.local/lib/python3.12/site-packages/airflow/example_dags/example_sensors.py
[2024-11-29T14:29:01.960+0000] {processor.py:914} INFO - Processing file /home/airflow/.local/lib/python3.12/site-packages/airflow/example_dags/example_sensors.py for tasks to queue
[2024-11-29T14:29:01.967+0000] {logging_mixin.py:190} INFO - [2024-11-29T14:29:01.966+0000] {dagbag.py:588} INFO - Filling up the DagBag from /home/airflow/.local/lib/python3.12/site-packages/airflow/example_dags/example_sensors.py
[2024-11-29T14:29:01.997+0000] {processor.py:925} INFO - DAG(s) 'example_sensors' retrieved from /home/airflow/.local/lib/python3.12/site-packages/airflow/example_dags/example_sensors.py
[2024-11-29T14:29:02.068+0000] {logging_mixin.py:190} INFO - [2024-11-29T14:29:02.067+0000] {dag.py:3239} INFO - Sync 1 DAGs
[2024-11-29T14:29:02.114+0000] {logging_mixin.py:190} INFO - [2024-11-29T14:29:02.114+0000] {dag.py:4180} INFO - Setting next_dagrun for example_sensors to None, run_after=None
[2024-11-29T14:29:02.167+0000] {processor.py:208} INFO - Processing /home/airflow/.local/lib/python3.12/site-packages/airflow/example_dags/example_sensors.py took 0.226 seconds
[2024-11-29T14:29:33.053+0000] {processor.py:186} INFO - Started process (PID=1284) to work on /home/airflow/.local/lib/python3.12/site-packages/airflow/example_dags/example_sensors.py
[2024-11-29T14:29:33.055+0000] {processor.py:914} INFO - Processing file /home/airflow/.local/lib/python3.12/site-packages/airflow/example_dags/example_sensors.py for tasks to queue
[2024-11-29T14:29:33.058+0000] {logging_mixin.py:190} INFO - [2024-11-29T14:29:33.058+0000] {dagbag.py:588} INFO - Filling up the DagBag from /home/airflow/.local/lib/python3.12/site-packages/airflow/example_dags/example_sensors.py
[2024-11-29T14:29:33.072+0000] {processor.py:925} INFO - DAG(s) 'example_sensors' retrieved from /home/airflow/.local/lib/python3.12/site-packages/airflow/example_dags/example_sensors.py
[2024-11-29T14:29:33.103+0000] {logging_mixin.py:190} INFO - [2024-11-29T14:29:33.103+0000] {dag.py:3239} INFO - Sync 1 DAGs
[2024-11-29T14:29:33.121+0000] {logging_mixin.py:190} INFO - [2024-11-29T14:29:33.121+0000] {dag.py:4180} INFO - Setting next_dagrun for example_sensors to None, run_after=None
[2024-11-29T14:29:33.145+0000] {processor.py:208} INFO - Processing /home/airflow/.local/lib/python3.12/site-packages/airflow/example_dags/example_sensors.py took 0.101 seconds
[2024-11-29T14:30:03.861+0000] {processor.py:186} INFO - Started process (PID=1347) to work on /home/airflow/.local/lib/python3.12/site-packages/airflow/example_dags/example_sensors.py
[2024-11-29T14:30:03.862+0000] {processor.py:914} INFO - Processing file /home/airflow/.local/lib/python3.12/site-packages/airflow/example_dags/example_sensors.py for tasks to queue
[2024-11-29T14:30:03.865+0000] {logging_mixin.py:190} INFO - [2024-11-29T14:30:03.864+0000] {dagbag.py:588} INFO - Filling up the DagBag from /home/airflow/.local/lib/python3.12/site-packages/airflow/example_dags/example_sensors.py
[2024-11-29T14:30:03.879+0000] {processor.py:925} INFO - DAG(s) 'example_sensors' retrieved from /home/airflow/.local/lib/python3.12/site-packages/airflow/example_dags/example_sensors.py
[2024-11-29T14:30:03.908+0000] {logging_mixin.py:190} INFO - [2024-11-29T14:30:03.908+0000] {dag.py:3239} INFO - Sync 1 DAGs
[2024-11-29T14:30:03.928+0000] {logging_mixin.py:190} INFO - [2024-11-29T14:30:03.927+0000] {dag.py:4180} INFO - Setting next_dagrun for example_sensors to None, run_after=None
[2024-11-29T14:30:03.952+0000] {processor.py:208} INFO - Processing /home/airflow/.local/lib/python3.12/site-packages/airflow/example_dags/example_sensors.py took 0.099 seconds
[2024-11-29T14:30:34.443+0000] {processor.py:186} INFO - Started process (PID=1410) to work on /home/airflow/.local/lib/python3.12/site-packages/airflow/example_dags/example_sensors.py
[2024-11-29T14:30:34.445+0000] {processor.py:914} INFO - Processing file /home/airflow/.local/lib/python3.12/site-packages/airflow/example_dags/example_sensors.py for tasks to queue
[2024-11-29T14:30:34.447+0000] {logging_mixin.py:190} INFO - [2024-11-29T14:30:34.447+0000] {dagbag.py:588} INFO - Filling up the DagBag from /home/airflow/.local/lib/python3.12/site-packages/airflow/example_dags/example_sensors.py
[2024-11-29T14:30:34.463+0000] {processor.py:925} INFO - DAG(s) 'example_sensors' retrieved from /home/airflow/.local/lib/python3.12/site-packages/airflow/example_dags/example_sensors.py
[2024-11-29T14:30:34.504+0000] {logging_mixin.py:190} INFO - [2024-11-29T14:30:34.504+0000] {dag.py:3239} INFO - Sync 1 DAGs
[2024-11-29T14:30:34.527+0000] {logging_mixin.py:190} INFO - [2024-11-29T14:30:34.526+0000] {dag.py:4180} INFO - Setting next_dagrun for example_sensors to None, run_after=None
[2024-11-29T14:30:34.563+0000] {processor.py:208} INFO - Processing /home/airflow/.local/lib/python3.12/site-packages/airflow/example_dags/example_sensors.py took 0.127 seconds
[2024-11-29T14:31:04.813+0000] {processor.py:186} INFO - Started process (PID=1473) to work on /home/airflow/.local/lib/python3.12/site-packages/airflow/example_dags/example_sensors.py
[2024-11-29T14:31:04.815+0000] {processor.py:914} INFO - Processing file /home/airflow/.local/lib/python3.12/site-packages/airflow/example_dags/example_sensors.py for tasks to queue
[2024-11-29T14:31:04.818+0000] {logging_mixin.py:190} INFO - [2024-11-29T14:31:04.817+0000] {dagbag.py:588} INFO - Filling up the DagBag from /home/airflow/.local/lib/python3.12/site-packages/airflow/example_dags/example_sensors.py
[2024-11-29T14:31:04.834+0000] {processor.py:925} INFO - DAG(s) 'example_sensors' retrieved from /home/airflow/.local/lib/python3.12/site-packages/airflow/example_dags/example_sensors.py
[2024-11-29T14:31:04.869+0000] {logging_mixin.py:190} INFO - [2024-11-29T14:31:04.869+0000] {dag.py:3239} INFO - Sync 1 DAGs
[2024-11-29T14:31:04.889+0000] {logging_mixin.py:190} INFO - [2024-11-29T14:31:04.889+0000] {dag.py:4180} INFO - Setting next_dagrun for example_sensors to None, run_after=None
[2024-11-29T14:31:04.916+0000] {processor.py:208} INFO - Processing /home/airflow/.local/lib/python3.12/site-packages/airflow/example_dags/example_sensors.py took 0.112 seconds
[2024-11-29T14:31:35.717+0000] {processor.py:186} INFO - Started process (PID=1536) to work on /home/airflow/.local/lib/python3.12/site-packages/airflow/example_dags/example_sensors.py
[2024-11-29T14:31:35.718+0000] {processor.py:914} INFO - Processing file /home/airflow/.local/lib/python3.12/site-packages/airflow/example_dags/example_sensors.py for tasks to queue
[2024-11-29T14:31:35.722+0000] {logging_mixin.py:190} INFO - [2024-11-29T14:31:35.722+0000] {dagbag.py:588} INFO - Filling up the DagBag from /home/airflow/.local/lib/python3.12/site-packages/airflow/example_dags/example_sensors.py
[2024-11-29T14:31:35.742+0000] {processor.py:925} INFO - DAG(s) 'example_sensors' retrieved from /home/airflow/.local/lib/python3.12/site-packages/airflow/example_dags/example_sensors.py
[2024-11-29T14:31:35.786+0000] {logging_mixin.py:190} INFO - [2024-11-29T14:31:35.786+0000] {dag.py:3239} INFO - Sync 1 DAGs
[2024-11-29T14:31:35.814+0000] {logging_mixin.py:190} INFO - [2024-11-29T14:31:35.814+0000] {dag.py:4180} INFO - Setting next_dagrun for example_sensors to None, run_after=None
[2024-11-29T14:31:35.854+0000] {processor.py:208} INFO - Processing /home/airflow/.local/lib/python3.12/site-packages/airflow/example_dags/example_sensors.py took 0.149 seconds
[2024-11-29T14:32:06.713+0000] {processor.py:186} INFO - Started process (PID=1599) to work on /home/airflow/.local/lib/python3.12/site-packages/airflow/example_dags/example_sensors.py
[2024-11-29T14:32:06.714+0000] {processor.py:914} INFO - Processing file /home/airflow/.local/lib/python3.12/site-packages/airflow/example_dags/example_sensors.py for tasks to queue
[2024-11-29T14:32:06.717+0000] {logging_mixin.py:190} INFO - [2024-11-29T14:32:06.716+0000] {dagbag.py:588} INFO - Filling up the DagBag from /home/airflow/.local/lib/python3.12/site-packages/airflow/example_dags/example_sensors.py
[2024-11-29T14:32:06.730+0000] {processor.py:925} INFO - DAG(s) 'example_sensors' retrieved from /home/airflow/.local/lib/python3.12/site-packages/airflow/example_dags/example_sensors.py
[2024-11-29T14:32:06.760+0000] {logging_mixin.py:190} INFO - [2024-11-29T14:32:06.759+0000] {dag.py:3239} INFO - Sync 1 DAGs
[2024-11-29T14:32:06.777+0000] {logging_mixin.py:190} INFO - [2024-11-29T14:32:06.776+0000] {dag.py:4180} INFO - Setting next_dagrun for example_sensors to None, run_after=None
[2024-11-29T14:32:06.801+0000] {processor.py:208} INFO - Processing /home/airflow/.local/lib/python3.12/site-packages/airflow/example_dags/example_sensors.py took 0.094 seconds
[2024-11-29T14:32:37.581+0000] {processor.py:186} INFO - Started process (PID=1662) to work on /home/airflow/.local/lib/python3.12/site-packages/airflow/example_dags/example_sensors.py
[2024-11-29T14:32:37.582+0000] {processor.py:914} INFO - Processing file /home/airflow/.local/lib/python3.12/site-packages/airflow/example_dags/example_sensors.py for tasks to queue
[2024-11-29T14:32:37.586+0000] {logging_mixin.py:190} INFO - [2024-11-29T14:32:37.585+0000] {dagbag.py:588} INFO - Filling up the DagBag from /home/airflow/.local/lib/python3.12/site-packages/airflow/example_dags/example_sensors.py
[2024-11-29T14:32:37.600+0000] {processor.py:925} INFO - DAG(s) 'example_sensors' retrieved from /home/airflow/.local/lib/python3.12/site-packages/airflow/example_dags/example_sensors.py
[2024-11-29T14:32:37.630+0000] {logging_mixin.py:190} INFO - [2024-11-29T14:32:37.630+0000] {dag.py:3239} INFO - Sync 1 DAGs
[2024-11-29T14:32:37.649+0000] {logging_mixin.py:190} INFO - [2024-11-29T14:32:37.649+0000] {dag.py:4180} INFO - Setting next_dagrun for example_sensors to None, run_after=None
[2024-11-29T14:32:37.678+0000] {processor.py:208} INFO - Processing /home/airflow/.local/lib/python3.12/site-packages/airflow/example_dags/example_sensors.py took 0.103 seconds
[2024-11-29T14:33:08.537+0000] {processor.py:186} INFO - Started process (PID=1725) to work on /home/airflow/.local/lib/python3.12/site-packages/airflow/example_dags/example_sensors.py
[2024-11-29T14:33:08.538+0000] {processor.py:914} INFO - Processing file /home/airflow/.local/lib/python3.12/site-packages/airflow/example_dags/example_sensors.py for tasks to queue
[2024-11-29T14:33:08.541+0000] {logging_mixin.py:190} INFO - [2024-11-29T14:33:08.541+0000] {dagbag.py:588} INFO - Filling up the DagBag from /home/airflow/.local/lib/python3.12/site-packages/airflow/example_dags/example_sensors.py
[2024-11-29T14:33:08.561+0000] {processor.py:925} INFO - DAG(s) 'example_sensors' retrieved from /home/airflow/.local/lib/python3.12/site-packages/airflow/example_dags/example_sensors.py
[2024-11-29T14:33:08.600+0000] {logging_mixin.py:190} INFO - [2024-11-29T14:33:08.600+0000] {dag.py:3239} INFO - Sync 1 DAGs
[2024-11-29T14:33:08.623+0000] {logging_mixin.py:190} INFO - [2024-11-29T14:33:08.623+0000] {dag.py:4180} INFO - Setting next_dagrun for example_sensors to None, run_after=None
[2024-11-29T14:33:08.679+0000] {processor.py:208} INFO - Processing /home/airflow/.local/lib/python3.12/site-packages/airflow/example_dags/example_sensors.py took 0.149 seconds
[2024-11-29T14:33:39.661+0000] {processor.py:186} INFO - Started process (PID=1795) to work on /home/airflow/.local/lib/python3.12/site-packages/airflow/example_dags/example_sensors.py
[2024-11-29T14:33:39.662+0000] {processor.py:914} INFO - Processing file /home/airflow/.local/lib/python3.12/site-packages/airflow/example_dags/example_sensors.py for tasks to queue
[2024-11-29T14:33:39.665+0000] {logging_mixin.py:190} INFO - [2024-11-29T14:33:39.664+0000] {dagbag.py:588} INFO - Filling up the DagBag from /home/airflow/.local/lib/python3.12/site-packages/airflow/example_dags/example_sensors.py
[2024-11-29T14:33:39.681+0000] {processor.py:925} INFO - DAG(s) 'example_sensors' retrieved from /home/airflow/.local/lib/python3.12/site-packages/airflow/example_dags/example_sensors.py
[2024-11-29T14:33:39.713+0000] {logging_mixin.py:190} INFO - [2024-11-29T14:33:39.713+0000] {dag.py:3239} INFO - Sync 1 DAGs
[2024-11-29T14:33:39.734+0000] {logging_mixin.py:190} INFO - [2024-11-29T14:33:39.734+0000] {dag.py:4180} INFO - Setting next_dagrun for example_sensors to None, run_after=None
[2024-11-29T14:33:39.766+0000] {processor.py:208} INFO - Processing /home/airflow/.local/lib/python3.12/site-packages/airflow/example_dags/example_sensors.py took 0.112 seconds
[2024-11-29T14:34:09.992+0000] {processor.py:186} INFO - Started process (PID=1857) to work on /home/airflow/.local/lib/python3.12/site-packages/airflow/example_dags/example_sensors.py
[2024-11-29T14:34:09.993+0000] {processor.py:914} INFO - Processing file /home/airflow/.local/lib/python3.12/site-packages/airflow/example_dags/example_sensors.py for tasks to queue
[2024-11-29T14:34:09.996+0000] {logging_mixin.py:190} INFO - [2024-11-29T14:34:09.996+0000] {dagbag.py:588} INFO - Filling up the DagBag from /home/airflow/.local/lib/python3.12/site-packages/airflow/example_dags/example_sensors.py
[2024-11-29T14:34:10.008+0000] {processor.py:925} INFO - DAG(s) 'example_sensors' retrieved from /home/airflow/.local/lib/python3.12/site-packages/airflow/example_dags/example_sensors.py
[2024-11-29T14:34:10.035+0000] {logging_mixin.py:190} INFO - [2024-11-29T14:34:10.035+0000] {dag.py:3239} INFO - Sync 1 DAGs
[2024-11-29T14:34:10.052+0000] {logging_mixin.py:190} INFO - [2024-11-29T14:34:10.052+0000] {dag.py:4180} INFO - Setting next_dagrun for example_sensors to None, run_after=None
[2024-11-29T14:34:10.087+0000] {processor.py:208} INFO - Processing /home/airflow/.local/lib/python3.12/site-packages/airflow/example_dags/example_sensors.py took 0.102 seconds
[2024-11-29T14:34:40.712+0000] {processor.py:186} INFO - Started process (PID=1920) to work on /home/airflow/.local/lib/python3.12/site-packages/airflow/example_dags/example_sensors.py
[2024-11-29T14:34:40.715+0000] {processor.py:914} INFO - Processing file /home/airflow/.local/lib/python3.12/site-packages/airflow/example_dags/example_sensors.py for tasks to queue
[2024-11-29T14:34:40.721+0000] {logging_mixin.py:190} INFO - [2024-11-29T14:34:40.720+0000] {dagbag.py:588} INFO - Filling up the DagBag from /home/airflow/.local/lib/python3.12/site-packages/airflow/example_dags/example_sensors.py
[2024-11-29T14:34:40.747+0000] {processor.py:925} INFO - DAG(s) 'example_sensors' retrieved from /home/airflow/.local/lib/python3.12/site-packages/airflow/example_dags/example_sensors.py
[2024-11-29T14:34:40.792+0000] {logging_mixin.py:190} INFO - [2024-11-29T14:34:40.792+0000] {dag.py:3239} INFO - Sync 1 DAGs
[2024-11-29T14:34:40.815+0000] {logging_mixin.py:190} INFO - [2024-11-29T14:34:40.815+0000] {dag.py:4180} INFO - Setting next_dagrun for example_sensors to None, run_after=None
[2024-11-29T14:34:40.846+0000] {processor.py:208} INFO - Processing /home/airflow/.local/lib/python3.12/site-packages/airflow/example_dags/example_sensors.py took 0.160 seconds
[2024-11-29T14:35:11.731+0000] {processor.py:186} INFO - Started process (PID=1983) to work on /home/airflow/.local/lib/python3.12/site-packages/airflow/example_dags/example_sensors.py
[2024-11-29T14:35:11.733+0000] {processor.py:914} INFO - Processing file /home/airflow/.local/lib/python3.12/site-packages/airflow/example_dags/example_sensors.py for tasks to queue
[2024-11-29T14:35:11.737+0000] {logging_mixin.py:190} INFO - [2024-11-29T14:35:11.736+0000] {dagbag.py:588} INFO - Filling up the DagBag from /home/airflow/.local/lib/python3.12/site-packages/airflow/example_dags/example_sensors.py
[2024-11-29T14:35:11.757+0000] {processor.py:925} INFO - DAG(s) 'example_sensors' retrieved from /home/airflow/.local/lib/python3.12/site-packages/airflow/example_dags/example_sensors.py
[2024-11-29T14:35:11.793+0000] {logging_mixin.py:190} INFO - [2024-11-29T14:35:11.793+0000] {dag.py:3239} INFO - Sync 1 DAGs
[2024-11-29T14:35:11.814+0000] {logging_mixin.py:190} INFO - [2024-11-29T14:35:11.814+0000] {dag.py:4180} INFO - Setting next_dagrun for example_sensors to None, run_after=None
[2024-11-29T14:35:11.841+0000] {processor.py:208} INFO - Processing /home/airflow/.local/lib/python3.12/site-packages/airflow/example_dags/example_sensors.py took 0.122 seconds
[2024-11-29T14:35:42.363+0000] {processor.py:186} INFO - Started process (PID=2045) to work on /home/airflow/.local/lib/python3.12/site-packages/airflow/example_dags/example_sensors.py
[2024-11-29T14:35:42.365+0000] {processor.py:914} INFO - Processing file /home/airflow/.local/lib/python3.12/site-packages/airflow/example_dags/example_sensors.py for tasks to queue
[2024-11-29T14:35:42.368+0000] {logging_mixin.py:190} INFO - [2024-11-29T14:35:42.368+0000] {dagbag.py:588} INFO - Filling up the DagBag from /home/airflow/.local/lib/python3.12/site-packages/airflow/example_dags/example_sensors.py
[2024-11-29T14:35:42.381+0000] {processor.py:925} INFO - DAG(s) 'example_sensors' retrieved from /home/airflow/.local/lib/python3.12/site-packages/airflow/example_dags/example_sensors.py
[2024-11-29T14:35:42.413+0000] {logging_mixin.py:190} INFO - [2024-11-29T14:35:42.413+0000] {dag.py:3239} INFO - Sync 1 DAGs
[2024-11-29T14:35:42.430+0000] {logging_mixin.py:190} INFO - [2024-11-29T14:35:42.430+0000] {dag.py:4180} INFO - Setting next_dagrun for example_sensors to None, run_after=None
[2024-11-29T14:35:42.463+0000] {processor.py:208} INFO - Processing /home/airflow/.local/lib/python3.12/site-packages/airflow/example_dags/example_sensors.py took 0.106 seconds
[2024-11-29T14:36:12.649+0000] {processor.py:186} INFO - Started process (PID=2107) to work on /home/airflow/.local/lib/python3.12/site-packages/airflow/example_dags/example_sensors.py
[2024-11-29T14:36:12.650+0000] {processor.py:914} INFO - Processing file /home/airflow/.local/lib/python3.12/site-packages/airflow/example_dags/example_sensors.py for tasks to queue
[2024-11-29T14:36:12.653+0000] {logging_mixin.py:190} INFO - [2024-11-29T14:36:12.653+0000] {dagbag.py:588} INFO - Filling up the DagBag from /home/airflow/.local/lib/python3.12/site-packages/airflow/example_dags/example_sensors.py
[2024-11-29T14:36:12.666+0000] {processor.py:925} INFO - DAG(s) 'example_sensors' retrieved from /home/airflow/.local/lib/python3.12/site-packages/airflow/example_dags/example_sensors.py
[2024-11-29T14:36:12.695+0000] {logging_mixin.py:190} INFO - [2024-11-29T14:36:12.695+0000] {dag.py:3239} INFO - Sync 1 DAGs
[2024-11-29T14:36:12.713+0000] {logging_mixin.py:190} INFO - [2024-11-29T14:36:12.713+0000] {dag.py:4180} INFO - Setting next_dagrun for example_sensors to None, run_after=None
[2024-11-29T14:36:12.746+0000] {processor.py:208} INFO - Processing /home/airflow/.local/lib/python3.12/site-packages/airflow/example_dags/example_sensors.py took 0.107 seconds
[2024-11-29T14:36:43.419+0000] {processor.py:186} INFO - Started process (PID=2170) to work on /home/airflow/.local/lib/python3.12/site-packages/airflow/example_dags/example_sensors.py
[2024-11-29T14:36:43.420+0000] {processor.py:914} INFO - Processing file /home/airflow/.local/lib/python3.12/site-packages/airflow/example_dags/example_sensors.py for tasks to queue
[2024-11-29T14:36:43.424+0000] {logging_mixin.py:190} INFO - [2024-11-29T14:36:43.424+0000] {dagbag.py:588} INFO - Filling up the DagBag from /home/airflow/.local/lib/python3.12/site-packages/airflow/example_dags/example_sensors.py
[2024-11-29T14:36:43.442+0000] {processor.py:925} INFO - DAG(s) 'example_sensors' retrieved from /home/airflow/.local/lib/python3.12/site-packages/airflow/example_dags/example_sensors.py
[2024-11-29T14:36:43.475+0000] {logging_mixin.py:190} INFO - [2024-11-29T14:36:43.475+0000] {dag.py:3239} INFO - Sync 1 DAGs
[2024-11-29T14:36:43.493+0000] {logging_mixin.py:190} INFO - [2024-11-29T14:36:43.493+0000] {dag.py:4180} INFO - Setting next_dagrun for example_sensors to None, run_after=None
[2024-11-29T14:36:43.522+0000] {processor.py:208} INFO - Processing /home/airflow/.local/lib/python3.12/site-packages/airflow/example_dags/example_sensors.py took 0.114 seconds
[2024-11-29T14:37:14.377+0000] {processor.py:186} INFO - Started process (PID=2233) to work on /home/airflow/.local/lib/python3.12/site-packages/airflow/example_dags/example_sensors.py
[2024-11-29T14:37:14.383+0000] {processor.py:914} INFO - Processing file /home/airflow/.local/lib/python3.12/site-packages/airflow/example_dags/example_sensors.py for tasks to queue
[2024-11-29T14:37:14.401+0000] {logging_mixin.py:190} INFO - [2024-11-29T14:37:14.399+0000] {dagbag.py:588} INFO - Filling up the DagBag from /home/airflow/.local/lib/python3.12/site-packages/airflow/example_dags/example_sensors.py
[2024-11-29T14:37:14.462+0000] {processor.py:925} INFO - DAG(s) 'example_sensors' retrieved from /home/airflow/.local/lib/python3.12/site-packages/airflow/example_dags/example_sensors.py
[2024-11-29T14:37:14.501+0000] {logging_mixin.py:190} INFO - [2024-11-29T14:37:14.501+0000] {dag.py:3239} INFO - Sync 1 DAGs
[2024-11-29T14:37:14.521+0000] {logging_mixin.py:190} INFO - [2024-11-29T14:37:14.521+0000] {dag.py:4180} INFO - Setting next_dagrun for example_sensors to None, run_after=None
[2024-11-29T14:37:14.547+0000] {processor.py:208} INFO - Processing /home/airflow/.local/lib/python3.12/site-packages/airflow/example_dags/example_sensors.py took 0.199 seconds
[2024-11-29T14:37:44.595+0000] {processor.py:186} INFO - Started process (PID=2295) to work on /home/airflow/.local/lib/python3.12/site-packages/airflow/example_dags/example_sensors.py
[2024-11-29T14:37:44.596+0000] {processor.py:914} INFO - Processing file /home/airflow/.local/lib/python3.12/site-packages/airflow/example_dags/example_sensors.py for tasks to queue
[2024-11-29T14:37:44.600+0000] {logging_mixin.py:190} INFO - [2024-11-29T14:37:44.599+0000] {dagbag.py:588} INFO - Filling up the DagBag from /home/airflow/.local/lib/python3.12/site-packages/airflow/example_dags/example_sensors.py
[2024-11-29T14:37:44.613+0000] {processor.py:925} INFO - DAG(s) 'example_sensors' retrieved from /home/airflow/.local/lib/python3.12/site-packages/airflow/example_dags/example_sensors.py
[2024-11-29T14:37:44.644+0000] {logging_mixin.py:190} INFO - [2024-11-29T14:37:44.644+0000] {dag.py:3239} INFO - Sync 1 DAGs
[2024-11-29T14:37:44.662+0000] {logging_mixin.py:190} INFO - [2024-11-29T14:37:44.662+0000] {dag.py:4180} INFO - Setting next_dagrun for example_sensors to None, run_after=None
[2024-11-29T14:37:44.687+0000] {processor.py:208} INFO - Processing /home/airflow/.local/lib/python3.12/site-packages/airflow/example_dags/example_sensors.py took 0.099 seconds
[2024-11-29T14:38:15.042+0000] {processor.py:186} INFO - Started process (PID=2358) to work on /home/airflow/.local/lib/python3.12/site-packages/airflow/example_dags/example_sensors.py
[2024-11-29T14:38:15.043+0000] {processor.py:914} INFO - Processing file /home/airflow/.local/lib/python3.12/site-packages/airflow/example_dags/example_sensors.py for tasks to queue
[2024-11-29T14:38:15.046+0000] {logging_mixin.py:190} INFO - [2024-11-29T14:38:15.046+0000] {dagbag.py:588} INFO - Filling up the DagBag from /home/airflow/.local/lib/python3.12/site-packages/airflow/example_dags/example_sensors.py
[2024-11-29T14:38:15.060+0000] {processor.py:925} INFO - DAG(s) 'example_sensors' retrieved from /home/airflow/.local/lib/python3.12/site-packages/airflow/example_dags/example_sensors.py
[2024-11-29T14:38:15.091+0000] {logging_mixin.py:190} INFO - [2024-11-29T14:38:15.091+0000] {dag.py:3239} INFO - Sync 1 DAGs
[2024-11-29T14:38:15.120+0000] {logging_mixin.py:190} INFO - [2024-11-29T14:38:15.120+0000] {dag.py:4180} INFO - Setting next_dagrun for example_sensors to None, run_after=None
[2024-11-29T14:38:15.151+0000] {processor.py:208} INFO - Processing /home/airflow/.local/lib/python3.12/site-packages/airflow/example_dags/example_sensors.py took 0.115 seconds
[2024-11-29T14:38:45.274+0000] {processor.py:186} INFO - Started process (PID=2420) to work on /home/airflow/.local/lib/python3.12/site-packages/airflow/example_dags/example_sensors.py
[2024-11-29T14:38:45.275+0000] {processor.py:914} INFO - Processing file /home/airflow/.local/lib/python3.12/site-packages/airflow/example_dags/example_sensors.py for tasks to queue
[2024-11-29T14:38:45.278+0000] {logging_mixin.py:190} INFO - [2024-11-29T14:38:45.278+0000] {dagbag.py:588} INFO - Filling up the DagBag from /home/airflow/.local/lib/python3.12/site-packages/airflow/example_dags/example_sensors.py
[2024-11-29T14:38:45.291+0000] {processor.py:925} INFO - DAG(s) 'example_sensors' retrieved from /home/airflow/.local/lib/python3.12/site-packages/airflow/example_dags/example_sensors.py
[2024-11-29T14:38:45.319+0000] {logging_mixin.py:190} INFO - [2024-11-29T14:38:45.319+0000] {dag.py:3239} INFO - Sync 1 DAGs
[2024-11-29T14:38:45.337+0000] {logging_mixin.py:190} INFO - [2024-11-29T14:38:45.337+0000] {dag.py:4180} INFO - Setting next_dagrun for example_sensors to None, run_after=None
[2024-11-29T14:38:45.369+0000] {processor.py:208} INFO - Processing /home/airflow/.local/lib/python3.12/site-packages/airflow/example_dags/example_sensors.py took 0.102 seconds
[2024-11-29T14:39:15.808+0000] {processor.py:186} INFO - Started process (PID=2482) to work on /home/airflow/.local/lib/python3.12/site-packages/airflow/example_dags/example_sensors.py
[2024-11-29T14:39:15.809+0000] {processor.py:914} INFO - Processing file /home/airflow/.local/lib/python3.12/site-packages/airflow/example_dags/example_sensors.py for tasks to queue
[2024-11-29T14:39:15.812+0000] {logging_mixin.py:190} INFO - [2024-11-29T14:39:15.812+0000] {dagbag.py:588} INFO - Filling up the DagBag from /home/airflow/.local/lib/python3.12/site-packages/airflow/example_dags/example_sensors.py
[2024-11-29T14:39:15.828+0000] {processor.py:925} INFO - DAG(s) 'example_sensors' retrieved from /home/airflow/.local/lib/python3.12/site-packages/airflow/example_dags/example_sensors.py
[2024-11-29T14:39:15.862+0000] {logging_mixin.py:190} INFO - [2024-11-29T14:39:15.862+0000] {dag.py:3239} INFO - Sync 1 DAGs
[2024-11-29T14:39:15.880+0000] {logging_mixin.py:190} INFO - [2024-11-29T14:39:15.879+0000] {dag.py:4180} INFO - Setting next_dagrun for example_sensors to None, run_after=None
[2024-11-29T14:39:15.928+0000] {processor.py:208} INFO - Processing /home/airflow/.local/lib/python3.12/site-packages/airflow/example_dags/example_sensors.py took 0.128 seconds
[2024-11-29T14:39:46.791+0000] {processor.py:186} INFO - Started process (PID=2545) to work on /home/airflow/.local/lib/python3.12/site-packages/airflow/example_dags/example_sensors.py
[2024-11-29T14:39:46.792+0000] {processor.py:914} INFO - Processing file /home/airflow/.local/lib/python3.12/site-packages/airflow/example_dags/example_sensors.py for tasks to queue
[2024-11-29T14:39:46.795+0000] {logging_mixin.py:190} INFO - [2024-11-29T14:39:46.794+0000] {dagbag.py:588} INFO - Filling up the DagBag from /home/airflow/.local/lib/python3.12/site-packages/airflow/example_dags/example_sensors.py
[2024-11-29T14:39:46.808+0000] {processor.py:925} INFO - DAG(s) 'example_sensors' retrieved from /home/airflow/.local/lib/python3.12/site-packages/airflow/example_dags/example_sensors.py
[2024-11-29T14:39:46.837+0000] {logging_mixin.py:190} INFO - [2024-11-29T14:39:46.837+0000] {dag.py:3239} INFO - Sync 1 DAGs
[2024-11-29T14:39:46.857+0000] {logging_mixin.py:190} INFO - [2024-11-29T14:39:46.857+0000] {dag.py:4180} INFO - Setting next_dagrun for example_sensors to None, run_after=None
[2024-11-29T14:39:46.892+0000] {processor.py:208} INFO - Processing /home/airflow/.local/lib/python3.12/site-packages/airflow/example_dags/example_sensors.py took 0.108 seconds
[2024-11-29T14:40:17.444+0000] {processor.py:186} INFO - Started process (PID=2609) to work on /home/airflow/.local/lib/python3.12/site-packages/airflow/example_dags/example_sensors.py
[2024-11-29T14:40:17.445+0000] {processor.py:914} INFO - Processing file /home/airflow/.local/lib/python3.12/site-packages/airflow/example_dags/example_sensors.py for tasks to queue
[2024-11-29T14:40:17.448+0000] {logging_mixin.py:190} INFO - [2024-11-29T14:40:17.448+0000] {dagbag.py:588} INFO - Filling up the DagBag from /home/airflow/.local/lib/python3.12/site-packages/airflow/example_dags/example_sensors.py
[2024-11-29T14:40:17.461+0000] {processor.py:925} INFO - DAG(s) 'example_sensors' retrieved from /home/airflow/.local/lib/python3.12/site-packages/airflow/example_dags/example_sensors.py
[2024-11-29T14:40:17.489+0000] {logging_mixin.py:190} INFO - [2024-11-29T14:40:17.488+0000] {dag.py:3239} INFO - Sync 1 DAGs
[2024-11-29T14:40:17.506+0000] {logging_mixin.py:190} INFO - [2024-11-29T14:40:17.506+0000] {dag.py:4180} INFO - Setting next_dagrun for example_sensors to None, run_after=None
[2024-11-29T14:40:17.537+0000] {processor.py:208} INFO - Processing /home/airflow/.local/lib/python3.12/site-packages/airflow/example_dags/example_sensors.py took 0.100 seconds
[2024-11-29T14:40:48.202+0000] {processor.py:186} INFO - Started process (PID=2673) to work on /home/airflow/.local/lib/python3.12/site-packages/airflow/example_dags/example_sensors.py
[2024-11-29T14:40:48.204+0000] {processor.py:914} INFO - Processing file /home/airflow/.local/lib/python3.12/site-packages/airflow/example_dags/example_sensors.py for tasks to queue
[2024-11-29T14:40:48.207+0000] {logging_mixin.py:190} INFO - [2024-11-29T14:40:48.207+0000] {dagbag.py:588} INFO - Filling up the DagBag from /home/airflow/.local/lib/python3.12/site-packages/airflow/example_dags/example_sensors.py
[2024-11-29T14:40:48.223+0000] {processor.py:925} INFO - DAG(s) 'example_sensors' retrieved from /home/airflow/.local/lib/python3.12/site-packages/airflow/example_dags/example_sensors.py
[2024-11-29T14:40:48.254+0000] {logging_mixin.py:190} INFO - [2024-11-29T14:40:48.254+0000] {dag.py:3239} INFO - Sync 1 DAGs
[2024-11-29T14:40:48.275+0000] {logging_mixin.py:190} INFO - [2024-11-29T14:40:48.274+0000] {dag.py:4180} INFO - Setting next_dagrun for example_sensors to None, run_after=None
[2024-11-29T14:40:48.296+0000] {processor.py:208} INFO - Processing /home/airflow/.local/lib/python3.12/site-packages/airflow/example_dags/example_sensors.py took 0.103 seconds
[2024-11-29T14:41:18.472+0000] {processor.py:186} INFO - Started process (PID=2735) to work on /home/airflow/.local/lib/python3.12/site-packages/airflow/example_dags/example_sensors.py
[2024-11-29T14:41:18.474+0000] {processor.py:914} INFO - Processing file /home/airflow/.local/lib/python3.12/site-packages/airflow/example_dags/example_sensors.py for tasks to queue
[2024-11-29T14:41:18.481+0000] {logging_mixin.py:190} INFO - [2024-11-29T14:41:18.480+0000] {dagbag.py:588} INFO - Filling up the DagBag from /home/airflow/.local/lib/python3.12/site-packages/airflow/example_dags/example_sensors.py
[2024-11-29T14:41:18.512+0000] {processor.py:925} INFO - DAG(s) 'example_sensors' retrieved from /home/airflow/.local/lib/python3.12/site-packages/airflow/example_dags/example_sensors.py
[2024-11-29T14:41:18.583+0000] {logging_mixin.py:190} INFO - [2024-11-29T14:41:18.582+0000] {dag.py:3239} INFO - Sync 1 DAGs
[2024-11-29T14:41:18.622+0000] {logging_mixin.py:190} INFO - [2024-11-29T14:41:18.621+0000] {dag.py:4180} INFO - Setting next_dagrun for example_sensors to None, run_after=None
[2024-11-29T14:41:18.659+0000] {processor.py:208} INFO - Processing /home/airflow/.local/lib/python3.12/site-packages/airflow/example_dags/example_sensors.py took 0.193 seconds
[2024-11-29T14:41:48.771+0000] {processor.py:186} INFO - Started process (PID=2798) to work on /home/airflow/.local/lib/python3.12/site-packages/airflow/example_dags/example_sensors.py
[2024-11-29T14:41:48.772+0000] {processor.py:914} INFO - Processing file /home/airflow/.local/lib/python3.12/site-packages/airflow/example_dags/example_sensors.py for tasks to queue
[2024-11-29T14:41:48.775+0000] {logging_mixin.py:190} INFO - [2024-11-29T14:41:48.775+0000] {dagbag.py:588} INFO - Filling up the DagBag from /home/airflow/.local/lib/python3.12/site-packages/airflow/example_dags/example_sensors.py
[2024-11-29T14:41:48.788+0000] {processor.py:925} INFO - DAG(s) 'example_sensors' retrieved from /home/airflow/.local/lib/python3.12/site-packages/airflow/example_dags/example_sensors.py
[2024-11-29T14:41:48.819+0000] {logging_mixin.py:190} INFO - [2024-11-29T14:41:48.818+0000] {dag.py:3239} INFO - Sync 1 DAGs
[2024-11-29T14:41:48.835+0000] {logging_mixin.py:190} INFO - [2024-11-29T14:41:48.835+0000] {dag.py:4180} INFO - Setting next_dagrun for example_sensors to None, run_after=None
[2024-11-29T14:41:48.859+0000] {processor.py:208} INFO - Processing /home/airflow/.local/lib/python3.12/site-packages/airflow/example_dags/example_sensors.py took 0.096 seconds
[2024-11-29T14:42:19.068+0000] {processor.py:186} INFO - Started process (PID=2861) to work on /home/airflow/.local/lib/python3.12/site-packages/airflow/example_dags/example_sensors.py
[2024-11-29T14:42:19.070+0000] {processor.py:914} INFO - Processing file /home/airflow/.local/lib/python3.12/site-packages/airflow/example_dags/example_sensors.py for tasks to queue
[2024-11-29T14:42:19.074+0000] {logging_mixin.py:190} INFO - [2024-11-29T14:42:19.073+0000] {dagbag.py:588} INFO - Filling up the DagBag from /home/airflow/.local/lib/python3.12/site-packages/airflow/example_dags/example_sensors.py
[2024-11-29T14:42:19.091+0000] {processor.py:925} INFO - DAG(s) 'example_sensors' retrieved from /home/airflow/.local/lib/python3.12/site-packages/airflow/example_dags/example_sensors.py
[2024-11-29T14:42:19.125+0000] {logging_mixin.py:190} INFO - [2024-11-29T14:42:19.124+0000] {dag.py:3239} INFO - Sync 1 DAGs
[2024-11-29T14:42:19.151+0000] {logging_mixin.py:190} INFO - [2024-11-29T14:42:19.151+0000] {dag.py:4180} INFO - Setting next_dagrun for example_sensors to None, run_after=None
[2024-11-29T14:42:19.261+0000] {processor.py:208} INFO - Processing /home/airflow/.local/lib/python3.12/site-packages/airflow/example_dags/example_sensors.py took 0.200 seconds
[2024-11-29T14:42:50.333+0000] {processor.py:186} INFO - Started process (PID=2925) to work on /home/airflow/.local/lib/python3.12/site-packages/airflow/example_dags/example_sensors.py
[2024-11-29T14:42:50.334+0000] {processor.py:914} INFO - Processing file /home/airflow/.local/lib/python3.12/site-packages/airflow/example_dags/example_sensors.py for tasks to queue
[2024-11-29T14:42:50.337+0000] {logging_mixin.py:190} INFO - [2024-11-29T14:42:50.337+0000] {dagbag.py:588} INFO - Filling up the DagBag from /home/airflow/.local/lib/python3.12/site-packages/airflow/example_dags/example_sensors.py
[2024-11-29T14:42:50.350+0000] {processor.py:925} INFO - DAG(s) 'example_sensors' retrieved from /home/airflow/.local/lib/python3.12/site-packages/airflow/example_dags/example_sensors.py
[2024-11-29T14:42:50.377+0000] {logging_mixin.py:190} INFO - [2024-11-29T14:42:50.377+0000] {dag.py:3239} INFO - Sync 1 DAGs
[2024-11-29T14:42:50.393+0000] {logging_mixin.py:190} INFO - [2024-11-29T14:42:50.393+0000] {dag.py:4180} INFO - Setting next_dagrun for example_sensors to None, run_after=None
[2024-11-29T14:42:50.420+0000] {processor.py:208} INFO - Processing /home/airflow/.local/lib/python3.12/site-packages/airflow/example_dags/example_sensors.py took 0.095 seconds
[2024-11-29T14:43:21.311+0000] {processor.py:186} INFO - Started process (PID=2988) to work on /home/airflow/.local/lib/python3.12/site-packages/airflow/example_dags/example_sensors.py
[2024-11-29T14:43:21.312+0000] {processor.py:914} INFO - Processing file /home/airflow/.local/lib/python3.12/site-packages/airflow/example_dags/example_sensors.py for tasks to queue
[2024-11-29T14:43:21.315+0000] {logging_mixin.py:190} INFO - [2024-11-29T14:43:21.314+0000] {dagbag.py:588} INFO - Filling up the DagBag from /home/airflow/.local/lib/python3.12/site-packages/airflow/example_dags/example_sensors.py
[2024-11-29T14:43:21.328+0000] {processor.py:925} INFO - DAG(s) 'example_sensors' retrieved from /home/airflow/.local/lib/python3.12/site-packages/airflow/example_dags/example_sensors.py
[2024-11-29T14:43:21.365+0000] {logging_mixin.py:190} INFO - [2024-11-29T14:43:21.364+0000] {dag.py:3239} INFO - Sync 1 DAGs
[2024-11-29T14:43:21.386+0000] {logging_mixin.py:190} INFO - [2024-11-29T14:43:21.386+0000] {dag.py:4180} INFO - Setting next_dagrun for example_sensors to None, run_after=None
[2024-11-29T14:43:21.427+0000] {processor.py:208} INFO - Processing /home/airflow/.local/lib/python3.12/site-packages/airflow/example_dags/example_sensors.py took 0.123 seconds
[2024-11-29T14:43:52.127+0000] {processor.py:186} INFO - Started process (PID=3051) to work on /home/airflow/.local/lib/python3.12/site-packages/airflow/example_dags/example_sensors.py
[2024-11-29T14:43:52.128+0000] {processor.py:914} INFO - Processing file /home/airflow/.local/lib/python3.12/site-packages/airflow/example_dags/example_sensors.py for tasks to queue
[2024-11-29T14:43:52.131+0000] {logging_mixin.py:190} INFO - [2024-11-29T14:43:52.131+0000] {dagbag.py:588} INFO - Filling up the DagBag from /home/airflow/.local/lib/python3.12/site-packages/airflow/example_dags/example_sensors.py
[2024-11-29T14:43:52.144+0000] {processor.py:925} INFO - DAG(s) 'example_sensors' retrieved from /home/airflow/.local/lib/python3.12/site-packages/airflow/example_dags/example_sensors.py
[2024-11-29T14:43:52.176+0000] {logging_mixin.py:190} INFO - [2024-11-29T14:43:52.175+0000] {dag.py:3239} INFO - Sync 1 DAGs
[2024-11-29T14:43:52.193+0000] {logging_mixin.py:190} INFO - [2024-11-29T14:43:52.193+0000] {dag.py:4180} INFO - Setting next_dagrun for example_sensors to None, run_after=None
[2024-11-29T14:43:52.217+0000] {processor.py:208} INFO - Processing /home/airflow/.local/lib/python3.12/site-packages/airflow/example_dags/example_sensors.py took 0.097 seconds
[2024-11-29T14:44:22.329+0000] {processor.py:186} INFO - Started process (PID=3114) to work on /home/airflow/.local/lib/python3.12/site-packages/airflow/example_dags/example_sensors.py
[2024-11-29T14:44:22.330+0000] {processor.py:914} INFO - Processing file /home/airflow/.local/lib/python3.12/site-packages/airflow/example_dags/example_sensors.py for tasks to queue
[2024-11-29T14:44:22.333+0000] {logging_mixin.py:190} INFO - [2024-11-29T14:44:22.333+0000] {dagbag.py:588} INFO - Filling up the DagBag from /home/airflow/.local/lib/python3.12/site-packages/airflow/example_dags/example_sensors.py
[2024-11-29T14:44:22.347+0000] {processor.py:925} INFO - DAG(s) 'example_sensors' retrieved from /home/airflow/.local/lib/python3.12/site-packages/airflow/example_dags/example_sensors.py
[2024-11-29T14:44:22.378+0000] {logging_mixin.py:190} INFO - [2024-11-29T14:44:22.378+0000] {dag.py:3239} INFO - Sync 1 DAGs
[2024-11-29T14:44:22.400+0000] {logging_mixin.py:190} INFO - [2024-11-29T14:44:22.400+0000] {dag.py:4180} INFO - Setting next_dagrun for example_sensors to None, run_after=None
[2024-11-29T14:44:22.429+0000] {processor.py:208} INFO - Processing /home/airflow/.local/lib/python3.12/site-packages/airflow/example_dags/example_sensors.py took 0.108 seconds
[2024-11-29T14:44:53.091+0000] {processor.py:186} INFO - Started process (PID=3176) to work on /home/airflow/.local/lib/python3.12/site-packages/airflow/example_dags/example_sensors.py
[2024-11-29T14:44:53.093+0000] {processor.py:914} INFO - Processing file /home/airflow/.local/lib/python3.12/site-packages/airflow/example_dags/example_sensors.py for tasks to queue
[2024-11-29T14:44:53.098+0000] {logging_mixin.py:190} INFO - [2024-11-29T14:44:53.097+0000] {dagbag.py:588} INFO - Filling up the DagBag from /home/airflow/.local/lib/python3.12/site-packages/airflow/example_dags/example_sensors.py
[2024-11-29T14:44:53.119+0000] {processor.py:925} INFO - DAG(s) 'example_sensors' retrieved from /home/airflow/.local/lib/python3.12/site-packages/airflow/example_dags/example_sensors.py
[2024-11-29T14:44:53.162+0000] {logging_mixin.py:190} INFO - [2024-11-29T14:44:53.162+0000] {dag.py:3239} INFO - Sync 1 DAGs
[2024-11-29T14:44:53.191+0000] {logging_mixin.py:190} INFO - [2024-11-29T14:44:53.191+0000] {dag.py:4180} INFO - Setting next_dagrun for example_sensors to None, run_after=None
[2024-11-29T14:44:53.235+0000] {processor.py:208} INFO - Processing /home/airflow/.local/lib/python3.12/site-packages/airflow/example_dags/example_sensors.py took 0.153 seconds
[2024-11-29T14:45:23.711+0000] {processor.py:186} INFO - Started process (PID=3239) to work on /home/airflow/.local/lib/python3.12/site-packages/airflow/example_dags/example_sensors.py
[2024-11-29T14:45:23.712+0000] {processor.py:914} INFO - Processing file /home/airflow/.local/lib/python3.12/site-packages/airflow/example_dags/example_sensors.py for tasks to queue
[2024-11-29T14:45:23.715+0000] {logging_mixin.py:190} INFO - [2024-11-29T14:45:23.715+0000] {dagbag.py:588} INFO - Filling up the DagBag from /home/airflow/.local/lib/python3.12/site-packages/airflow/example_dags/example_sensors.py
[2024-11-29T14:45:23.730+0000] {processor.py:925} INFO - DAG(s) 'example_sensors' retrieved from /home/airflow/.local/lib/python3.12/site-packages/airflow/example_dags/example_sensors.py
[2024-11-29T14:45:23.769+0000] {logging_mixin.py:190} INFO - [2024-11-29T14:45:23.769+0000] {dag.py:3239} INFO - Sync 1 DAGs
[2024-11-29T14:45:23.790+0000] {logging_mixin.py:190} INFO - [2024-11-29T14:45:23.790+0000] {dag.py:4180} INFO - Setting next_dagrun for example_sensors to None, run_after=None
[2024-11-29T14:45:24.034+0000] {processor.py:208} INFO - Processing /home/airflow/.local/lib/python3.12/site-packages/airflow/example_dags/example_sensors.py took 0.331 seconds
[2024-11-29T14:45:54.526+0000] {processor.py:186} INFO - Started process (PID=3302) to work on /home/airflow/.local/lib/python3.12/site-packages/airflow/example_dags/example_sensors.py
[2024-11-29T14:45:54.531+0000] {processor.py:914} INFO - Processing file /home/airflow/.local/lib/python3.12/site-packages/airflow/example_dags/example_sensors.py for tasks to queue
[2024-11-29T14:45:54.538+0000] {logging_mixin.py:190} INFO - [2024-11-29T14:45:54.537+0000] {dagbag.py:588} INFO - Filling up the DagBag from /home/airflow/.local/lib/python3.12/site-packages/airflow/example_dags/example_sensors.py
[2024-11-29T14:45:54.570+0000] {processor.py:925} INFO - DAG(s) 'example_sensors' retrieved from /home/airflow/.local/lib/python3.12/site-packages/airflow/example_dags/example_sensors.py
[2024-11-29T14:45:54.608+0000] {logging_mixin.py:190} INFO - [2024-11-29T14:45:54.607+0000] {dag.py:3239} INFO - Sync 1 DAGs
[2024-11-29T14:45:54.625+0000] {logging_mixin.py:190} INFO - [2024-11-29T14:45:54.625+0000] {dag.py:4180} INFO - Setting next_dagrun for example_sensors to None, run_after=None
[2024-11-29T14:45:54.647+0000] {processor.py:208} INFO - Processing /home/airflow/.local/lib/python3.12/site-packages/airflow/example_dags/example_sensors.py took 0.138 seconds
[2024-11-29T14:46:25.138+0000] {processor.py:186} INFO - Started process (PID=3365) to work on /home/airflow/.local/lib/python3.12/site-packages/airflow/example_dags/example_sensors.py
[2024-11-29T14:46:25.139+0000] {processor.py:914} INFO - Processing file /home/airflow/.local/lib/python3.12/site-packages/airflow/example_dags/example_sensors.py for tasks to queue
[2024-11-29T14:46:25.142+0000] {logging_mixin.py:190} INFO - [2024-11-29T14:46:25.142+0000] {dagbag.py:588} INFO - Filling up the DagBag from /home/airflow/.local/lib/python3.12/site-packages/airflow/example_dags/example_sensors.py
[2024-11-29T14:46:25.154+0000] {processor.py:925} INFO - DAG(s) 'example_sensors' retrieved from /home/airflow/.local/lib/python3.12/site-packages/airflow/example_dags/example_sensors.py
[2024-11-29T14:46:25.183+0000] {logging_mixin.py:190} INFO - [2024-11-29T14:46:25.183+0000] {dag.py:3239} INFO - Sync 1 DAGs
[2024-11-29T14:46:25.202+0000] {logging_mixin.py:190} INFO - [2024-11-29T14:46:25.202+0000] {dag.py:4180} INFO - Setting next_dagrun for example_sensors to None, run_after=None
[2024-11-29T14:46:25.229+0000] {processor.py:208} INFO - Processing /home/airflow/.local/lib/python3.12/site-packages/airflow/example_dags/example_sensors.py took 0.097 seconds
[2024-11-29T14:46:56.212+0000] {processor.py:186} INFO - Started process (PID=3429) to work on /home/airflow/.local/lib/python3.12/site-packages/airflow/example_dags/example_sensors.py
[2024-11-29T14:46:56.215+0000] {processor.py:914} INFO - Processing file /home/airflow/.local/lib/python3.12/site-packages/airflow/example_dags/example_sensors.py for tasks to queue
[2024-11-29T14:46:56.221+0000] {logging_mixin.py:190} INFO - [2024-11-29T14:46:56.220+0000] {dagbag.py:588} INFO - Filling up the DagBag from /home/airflow/.local/lib/python3.12/site-packages/airflow/example_dags/example_sensors.py
[2024-11-29T14:46:56.243+0000] {processor.py:925} INFO - DAG(s) 'example_sensors' retrieved from /home/airflow/.local/lib/python3.12/site-packages/airflow/example_dags/example_sensors.py
[2024-11-29T14:46:56.284+0000] {logging_mixin.py:190} INFO - [2024-11-29T14:46:56.284+0000] {dag.py:3239} INFO - Sync 1 DAGs
[2024-11-29T14:46:56.306+0000] {logging_mixin.py:190} INFO - [2024-11-29T14:46:56.305+0000] {dag.py:4180} INFO - Setting next_dagrun for example_sensors to None, run_after=None
[2024-11-29T14:46:56.337+0000] {processor.py:208} INFO - Processing /home/airflow/.local/lib/python3.12/site-packages/airflow/example_dags/example_sensors.py took 0.143 seconds
[2024-11-29T14:47:26.688+0000] {processor.py:186} INFO - Started process (PID=3492) to work on /home/airflow/.local/lib/python3.12/site-packages/airflow/example_dags/example_sensors.py
[2024-11-29T14:47:26.689+0000] {processor.py:914} INFO - Processing file /home/airflow/.local/lib/python3.12/site-packages/airflow/example_dags/example_sensors.py for tasks to queue
[2024-11-29T14:47:26.692+0000] {logging_mixin.py:190} INFO - [2024-11-29T14:47:26.692+0000] {dagbag.py:588} INFO - Filling up the DagBag from /home/airflow/.local/lib/python3.12/site-packages/airflow/example_dags/example_sensors.py
[2024-11-29T14:47:26.706+0000] {processor.py:925} INFO - DAG(s) 'example_sensors' retrieved from /home/airflow/.local/lib/python3.12/site-packages/airflow/example_dags/example_sensors.py
[2024-11-29T14:47:26.737+0000] {logging_mixin.py:190} INFO - [2024-11-29T14:47:26.737+0000] {dag.py:3239} INFO - Sync 1 DAGs
[2024-11-29T14:47:26.937+0000] {logging_mixin.py:190} INFO - [2024-11-29T14:47:26.937+0000] {dag.py:4180} INFO - Setting next_dagrun for example_sensors to None, run_after=None
[2024-11-29T14:47:26.965+0000] {processor.py:208} INFO - Processing /home/airflow/.local/lib/python3.12/site-packages/airflow/example_dags/example_sensors.py took 0.283 seconds
[2024-11-29T14:47:57.115+0000] {processor.py:186} INFO - Started process (PID=3555) to work on /home/airflow/.local/lib/python3.12/site-packages/airflow/example_dags/example_sensors.py
[2024-11-29T14:47:57.116+0000] {processor.py:914} INFO - Processing file /home/airflow/.local/lib/python3.12/site-packages/airflow/example_dags/example_sensors.py for tasks to queue
[2024-11-29T14:47:57.120+0000] {logging_mixin.py:190} INFO - [2024-11-29T14:47:57.120+0000] {dagbag.py:588} INFO - Filling up the DagBag from /home/airflow/.local/lib/python3.12/site-packages/airflow/example_dags/example_sensors.py
[2024-11-29T14:47:57.136+0000] {processor.py:925} INFO - DAG(s) 'example_sensors' retrieved from /home/airflow/.local/lib/python3.12/site-packages/airflow/example_dags/example_sensors.py
[2024-11-29T14:47:57.170+0000] {logging_mixin.py:190} INFO - [2024-11-29T14:47:57.169+0000] {dag.py:3239} INFO - Sync 1 DAGs
[2024-11-29T14:47:57.190+0000] {logging_mixin.py:190} INFO - [2024-11-29T14:47:57.190+0000] {dag.py:4180} INFO - Setting next_dagrun for example_sensors to None, run_after=None
[2024-11-29T14:47:57.219+0000] {processor.py:208} INFO - Processing /home/airflow/.local/lib/python3.12/site-packages/airflow/example_dags/example_sensors.py took 0.113 seconds
[2024-11-29T14:48:27.605+0000] {processor.py:186} INFO - Started process (PID=3618) to work on /home/airflow/.local/lib/python3.12/site-packages/airflow/example_dags/example_sensors.py
[2024-11-29T14:48:27.607+0000] {processor.py:914} INFO - Processing file /home/airflow/.local/lib/python3.12/site-packages/airflow/example_dags/example_sensors.py for tasks to queue
[2024-11-29T14:48:27.612+0000] {logging_mixin.py:190} INFO - [2024-11-29T14:48:27.611+0000] {dagbag.py:588} INFO - Filling up the DagBag from /home/airflow/.local/lib/python3.12/site-packages/airflow/example_dags/example_sensors.py
[2024-11-29T14:48:27.628+0000] {processor.py:925} INFO - DAG(s) 'example_sensors' retrieved from /home/airflow/.local/lib/python3.12/site-packages/airflow/example_dags/example_sensors.py
[2024-11-29T14:48:27.666+0000] {logging_mixin.py:190} INFO - [2024-11-29T14:48:27.665+0000] {dag.py:3239} INFO - Sync 1 DAGs
[2024-11-29T14:48:27.688+0000] {logging_mixin.py:190} INFO - [2024-11-29T14:48:27.687+0000] {dag.py:4180} INFO - Setting next_dagrun for example_sensors to None, run_after=None
[2024-11-29T14:48:27.713+0000] {processor.py:208} INFO - Processing /home/airflow/.local/lib/python3.12/site-packages/airflow/example_dags/example_sensors.py took 0.124 seconds
[2024-11-29T14:48:58.216+0000] {processor.py:186} INFO - Started process (PID=3682) to work on /home/airflow/.local/lib/python3.12/site-packages/airflow/example_dags/example_sensors.py
[2024-11-29T14:48:58.217+0000] {processor.py:914} INFO - Processing file /home/airflow/.local/lib/python3.12/site-packages/airflow/example_dags/example_sensors.py for tasks to queue
[2024-11-29T14:48:58.220+0000] {logging_mixin.py:190} INFO - [2024-11-29T14:48:58.220+0000] {dagbag.py:588} INFO - Filling up the DagBag from /home/airflow/.local/lib/python3.12/site-packages/airflow/example_dags/example_sensors.py
[2024-11-29T14:48:58.234+0000] {processor.py:925} INFO - DAG(s) 'example_sensors' retrieved from /home/airflow/.local/lib/python3.12/site-packages/airflow/example_dags/example_sensors.py
[2024-11-29T14:48:58.262+0000] {logging_mixin.py:190} INFO - [2024-11-29T14:48:58.261+0000] {dag.py:3239} INFO - Sync 1 DAGs
[2024-11-29T14:48:58.279+0000] {logging_mixin.py:190} INFO - [2024-11-29T14:48:58.278+0000] {dag.py:4180} INFO - Setting next_dagrun for example_sensors to None, run_after=None
[2024-11-29T14:48:58.302+0000] {processor.py:208} INFO - Processing /home/airflow/.local/lib/python3.12/site-packages/airflow/example_dags/example_sensors.py took 0.095 seconds
[2024-11-29T14:49:28.581+0000] {processor.py:186} INFO - Started process (PID=3745) to work on /home/airflow/.local/lib/python3.12/site-packages/airflow/example_dags/example_sensors.py
[2024-11-29T14:49:28.582+0000] {processor.py:914} INFO - Processing file /home/airflow/.local/lib/python3.12/site-packages/airflow/example_dags/example_sensors.py for tasks to queue
[2024-11-29T14:49:28.585+0000] {logging_mixin.py:190} INFO - [2024-11-29T14:49:28.584+0000] {dagbag.py:588} INFO - Filling up the DagBag from /home/airflow/.local/lib/python3.12/site-packages/airflow/example_dags/example_sensors.py
[2024-11-29T14:49:28.598+0000] {processor.py:925} INFO - DAG(s) 'example_sensors' retrieved from /home/airflow/.local/lib/python3.12/site-packages/airflow/example_dags/example_sensors.py
[2024-11-29T14:49:28.630+0000] {logging_mixin.py:190} INFO - [2024-11-29T14:49:28.630+0000] {dag.py:3239} INFO - Sync 1 DAGs
[2024-11-29T14:49:28.652+0000] {logging_mixin.py:190} INFO - [2024-11-29T14:49:28.652+0000] {dag.py:4180} INFO - Setting next_dagrun for example_sensors to None, run_after=None
[2024-11-29T14:49:28.679+0000] {processor.py:208} INFO - Processing /home/airflow/.local/lib/python3.12/site-packages/airflow/example_dags/example_sensors.py took 0.106 seconds
