[2024-11-29T14:05:05.295+0000] {processor.py:186} INFO - Started process (PID=73) to work on /home/airflow/.local/lib/python3.12/site-packages/airflow/example_dags/example_task_group.py
[2024-11-29T14:05:05.316+0000] {processor.py:914} INFO - Processing file /home/airflow/.local/lib/python3.12/site-packages/airflow/example_dags/example_task_group.py for tasks to queue
[2024-11-29T14:05:05.323+0000] {logging_mixin.py:190} INFO - [2024-11-29T14:05:05.322+0000] {dagbag.py:588} INFO - Filling up the DagBag from /home/airflow/.local/lib/python3.12/site-packages/airflow/example_dags/example_task_group.py
[2024-11-29T14:05:05.363+0000] {processor.py:925} INFO - DAG(s) 'example_task_group' retrieved from /home/airflow/.local/lib/python3.12/site-packages/airflow/example_dags/example_task_group.py
[2024-11-29T14:05:05.452+0000] {logging_mixin.py:190} INFO - [2024-11-29T14:05:05.452+0000] {dag.py:3239} INFO - Sync 1 DAGs
[2024-11-29T14:05:05.529+0000] {logging_mixin.py:190} INFO - [2024-11-29T14:05:05.528+0000] {dag.py:4180} INFO - Setting next_dagrun for example_task_group to None, run_after=None
[2024-11-29T14:05:05.652+0000] {processor.py:208} INFO - Processing /home/airflow/.local/lib/python3.12/site-packages/airflow/example_dags/example_task_group.py took 0.408 seconds
[2024-11-29T14:05:36.115+0000] {processor.py:186} INFO - Started process (PID=136) to work on /home/airflow/.local/lib/python3.12/site-packages/airflow/example_dags/example_task_group.py
[2024-11-29T14:05:36.116+0000] {processor.py:914} INFO - Processing file /home/airflow/.local/lib/python3.12/site-packages/airflow/example_dags/example_task_group.py for tasks to queue
[2024-11-29T14:05:36.120+0000] {logging_mixin.py:190} INFO - [2024-11-29T14:05:36.119+0000] {dagbag.py:588} INFO - Filling up the DagBag from /home/airflow/.local/lib/python3.12/site-packages/airflow/example_dags/example_task_group.py
[2024-11-29T14:05:36.133+0000] {processor.py:925} INFO - DAG(s) 'example_task_group' retrieved from /home/airflow/.local/lib/python3.12/site-packages/airflow/example_dags/example_task_group.py
[2024-11-29T14:05:36.160+0000] {logging_mixin.py:190} INFO - [2024-11-29T14:05:36.159+0000] {dag.py:3239} INFO - Sync 1 DAGs
[2024-11-29T14:05:36.177+0000] {logging_mixin.py:190} INFO - [2024-11-29T14:05:36.176+0000] {dag.py:4180} INFO - Setting next_dagrun for example_task_group to None, run_after=None
[2024-11-29T14:05:36.198+0000] {processor.py:208} INFO - Processing /home/airflow/.local/lib/python3.12/site-packages/airflow/example_dags/example_task_group.py took 0.092 seconds
[2024-11-29T14:06:06.297+0000] {processor.py:186} INFO - Started process (PID=199) to work on /home/airflow/.local/lib/python3.12/site-packages/airflow/example_dags/example_task_group.py
[2024-11-29T14:06:06.298+0000] {processor.py:914} INFO - Processing file /home/airflow/.local/lib/python3.12/site-packages/airflow/example_dags/example_task_group.py for tasks to queue
[2024-11-29T14:06:06.302+0000] {logging_mixin.py:190} INFO - [2024-11-29T14:06:06.301+0000] {dagbag.py:588} INFO - Filling up the DagBag from /home/airflow/.local/lib/python3.12/site-packages/airflow/example_dags/example_task_group.py
[2024-11-29T14:06:06.316+0000] {processor.py:925} INFO - DAG(s) 'example_task_group' retrieved from /home/airflow/.local/lib/python3.12/site-packages/airflow/example_dags/example_task_group.py
[2024-11-29T14:06:06.347+0000] {logging_mixin.py:190} INFO - [2024-11-29T14:06:06.347+0000] {dag.py:3239} INFO - Sync 1 DAGs
[2024-11-29T14:06:06.365+0000] {logging_mixin.py:190} INFO - [2024-11-29T14:06:06.365+0000] {dag.py:4180} INFO - Setting next_dagrun for example_task_group to None, run_after=None
[2024-11-29T14:06:06.387+0000] {processor.py:208} INFO - Processing /home/airflow/.local/lib/python3.12/site-packages/airflow/example_dags/example_task_group.py took 0.098 seconds
[2024-11-29T14:06:37.078+0000] {processor.py:186} INFO - Started process (PID=262) to work on /home/airflow/.local/lib/python3.12/site-packages/airflow/example_dags/example_task_group.py
[2024-11-29T14:06:37.079+0000] {processor.py:914} INFO - Processing file /home/airflow/.local/lib/python3.12/site-packages/airflow/example_dags/example_task_group.py for tasks to queue
[2024-11-29T14:06:37.083+0000] {logging_mixin.py:190} INFO - [2024-11-29T14:06:37.083+0000] {dagbag.py:588} INFO - Filling up the DagBag from /home/airflow/.local/lib/python3.12/site-packages/airflow/example_dags/example_task_group.py
[2024-11-29T14:06:37.097+0000] {processor.py:925} INFO - DAG(s) 'example_task_group' retrieved from /home/airflow/.local/lib/python3.12/site-packages/airflow/example_dags/example_task_group.py
[2024-11-29T14:06:37.122+0000] {logging_mixin.py:190} INFO - [2024-11-29T14:06:37.122+0000] {dag.py:3239} INFO - Sync 1 DAGs
[2024-11-29T14:06:37.139+0000] {logging_mixin.py:190} INFO - [2024-11-29T14:06:37.139+0000] {dag.py:4180} INFO - Setting next_dagrun for example_task_group to None, run_after=None
[2024-11-29T14:06:37.162+0000] {processor.py:208} INFO - Processing /home/airflow/.local/lib/python3.12/site-packages/airflow/example_dags/example_task_group.py took 0.096 seconds
[2024-11-29T14:07:07.730+0000] {processor.py:186} INFO - Started process (PID=325) to work on /home/airflow/.local/lib/python3.12/site-packages/airflow/example_dags/example_task_group.py
[2024-11-29T14:07:07.732+0000] {processor.py:914} INFO - Processing file /home/airflow/.local/lib/python3.12/site-packages/airflow/example_dags/example_task_group.py for tasks to queue
[2024-11-29T14:07:07.736+0000] {logging_mixin.py:190} INFO - [2024-11-29T14:07:07.735+0000] {dagbag.py:588} INFO - Filling up the DagBag from /home/airflow/.local/lib/python3.12/site-packages/airflow/example_dags/example_task_group.py
[2024-11-29T14:07:07.746+0000] {processor.py:925} INFO - DAG(s) 'example_task_group' retrieved from /home/airflow/.local/lib/python3.12/site-packages/airflow/example_dags/example_task_group.py
[2024-11-29T14:07:07.773+0000] {logging_mixin.py:190} INFO - [2024-11-29T14:07:07.773+0000] {dag.py:3239} INFO - Sync 1 DAGs
[2024-11-29T14:07:07.793+0000] {logging_mixin.py:190} INFO - [2024-11-29T14:07:07.793+0000] {dag.py:4180} INFO - Setting next_dagrun for example_task_group to None, run_after=None
[2024-11-29T14:07:07.820+0000] {processor.py:208} INFO - Processing /home/airflow/.local/lib/python3.12/site-packages/airflow/example_dags/example_task_group.py took 0.096 seconds
[2024-11-29T14:07:38.361+0000] {processor.py:186} INFO - Started process (PID=387) to work on /home/airflow/.local/lib/python3.12/site-packages/airflow/example_dags/example_task_group.py
[2024-11-29T14:07:38.362+0000] {processor.py:914} INFO - Processing file /home/airflow/.local/lib/python3.12/site-packages/airflow/example_dags/example_task_group.py for tasks to queue
[2024-11-29T14:07:38.365+0000] {logging_mixin.py:190} INFO - [2024-11-29T14:07:38.365+0000] {dagbag.py:588} INFO - Filling up the DagBag from /home/airflow/.local/lib/python3.12/site-packages/airflow/example_dags/example_task_group.py
[2024-11-29T14:07:38.378+0000] {processor.py:925} INFO - DAG(s) 'example_task_group' retrieved from /home/airflow/.local/lib/python3.12/site-packages/airflow/example_dags/example_task_group.py
[2024-11-29T14:07:38.404+0000] {logging_mixin.py:190} INFO - [2024-11-29T14:07:38.404+0000] {dag.py:3239} INFO - Sync 1 DAGs
[2024-11-29T14:07:38.422+0000] {logging_mixin.py:190} INFO - [2024-11-29T14:07:38.422+0000] {dag.py:4180} INFO - Setting next_dagrun for example_task_group to None, run_after=None
[2024-11-29T14:07:38.456+0000] {processor.py:208} INFO - Processing /home/airflow/.local/lib/python3.12/site-packages/airflow/example_dags/example_task_group.py took 0.104 seconds
[2024-11-29T14:08:09.333+0000] {processor.py:186} INFO - Started process (PID=450) to work on /home/airflow/.local/lib/python3.12/site-packages/airflow/example_dags/example_task_group.py
[2024-11-29T14:08:09.335+0000] {processor.py:914} INFO - Processing file /home/airflow/.local/lib/python3.12/site-packages/airflow/example_dags/example_task_group.py for tasks to queue
[2024-11-29T14:08:09.338+0000] {logging_mixin.py:190} INFO - [2024-11-29T14:08:09.338+0000] {dagbag.py:588} INFO - Filling up the DagBag from /home/airflow/.local/lib/python3.12/site-packages/airflow/example_dags/example_task_group.py
[2024-11-29T14:08:09.352+0000] {processor.py:925} INFO - DAG(s) 'example_task_group' retrieved from /home/airflow/.local/lib/python3.12/site-packages/airflow/example_dags/example_task_group.py
[2024-11-29T14:08:09.388+0000] {logging_mixin.py:190} INFO - [2024-11-29T14:08:09.388+0000] {dag.py:3239} INFO - Sync 1 DAGs
[2024-11-29T14:08:09.413+0000] {logging_mixin.py:190} INFO - [2024-11-29T14:08:09.413+0000] {dag.py:4180} INFO - Setting next_dagrun for example_task_group to None, run_after=None
[2024-11-29T14:08:09.446+0000] {processor.py:208} INFO - Processing /home/airflow/.local/lib/python3.12/site-packages/airflow/example_dags/example_task_group.py took 0.122 seconds
[2024-11-29T14:08:39.650+0000] {processor.py:186} INFO - Started process (PID=513) to work on /home/airflow/.local/lib/python3.12/site-packages/airflow/example_dags/example_task_group.py
[2024-11-29T14:08:39.652+0000] {processor.py:914} INFO - Processing file /home/airflow/.local/lib/python3.12/site-packages/airflow/example_dags/example_task_group.py for tasks to queue
[2024-11-29T14:08:39.656+0000] {logging_mixin.py:190} INFO - [2024-11-29T14:08:39.655+0000] {dagbag.py:588} INFO - Filling up the DagBag from /home/airflow/.local/lib/python3.12/site-packages/airflow/example_dags/example_task_group.py
[2024-11-29T14:08:39.669+0000] {processor.py:925} INFO - DAG(s) 'example_task_group' retrieved from /home/airflow/.local/lib/python3.12/site-packages/airflow/example_dags/example_task_group.py
[2024-11-29T14:08:39.709+0000] {logging_mixin.py:190} INFO - [2024-11-29T14:08:39.709+0000] {dag.py:3239} INFO - Sync 1 DAGs
[2024-11-29T14:08:39.741+0000] {logging_mixin.py:190} INFO - [2024-11-29T14:08:39.741+0000] {dag.py:4180} INFO - Setting next_dagrun for example_task_group to None, run_after=None
[2024-11-29T14:08:39.780+0000] {processor.py:208} INFO - Processing /home/airflow/.local/lib/python3.12/site-packages/airflow/example_dags/example_task_group.py took 0.138 seconds
[2024-11-29T14:09:10.473+0000] {processor.py:186} INFO - Started process (PID=576) to work on /home/airflow/.local/lib/python3.12/site-packages/airflow/example_dags/example_task_group.py
[2024-11-29T14:09:10.474+0000] {processor.py:914} INFO - Processing file /home/airflow/.local/lib/python3.12/site-packages/airflow/example_dags/example_task_group.py for tasks to queue
[2024-11-29T14:09:10.476+0000] {logging_mixin.py:190} INFO - [2024-11-29T14:09:10.476+0000] {dagbag.py:588} INFO - Filling up the DagBag from /home/airflow/.local/lib/python3.12/site-packages/airflow/example_dags/example_task_group.py
[2024-11-29T14:09:10.486+0000] {processor.py:925} INFO - DAG(s) 'example_task_group' retrieved from /home/airflow/.local/lib/python3.12/site-packages/airflow/example_dags/example_task_group.py
[2024-11-29T14:09:10.526+0000] {logging_mixin.py:190} INFO - [2024-11-29T14:09:10.526+0000] {dag.py:3239} INFO - Sync 1 DAGs
[2024-11-29T14:09:10.549+0000] {logging_mixin.py:190} INFO - [2024-11-29T14:09:10.549+0000] {dag.py:4180} INFO - Setting next_dagrun for example_task_group to None, run_after=None
[2024-11-29T14:09:10.583+0000] {processor.py:208} INFO - Processing /home/airflow/.local/lib/python3.12/site-packages/airflow/example_dags/example_task_group.py took 0.117 seconds
[2024-11-29T14:09:41.040+0000] {processor.py:186} INFO - Started process (PID=639) to work on /home/airflow/.local/lib/python3.12/site-packages/airflow/example_dags/example_task_group.py
[2024-11-29T14:09:41.042+0000] {processor.py:914} INFO - Processing file /home/airflow/.local/lib/python3.12/site-packages/airflow/example_dags/example_task_group.py for tasks to queue
[2024-11-29T14:09:41.049+0000] {logging_mixin.py:190} INFO - [2024-11-29T14:09:41.048+0000] {dagbag.py:588} INFO - Filling up the DagBag from /home/airflow/.local/lib/python3.12/site-packages/airflow/example_dags/example_task_group.py
[2024-11-29T14:09:41.074+0000] {processor.py:925} INFO - DAG(s) 'example_task_group' retrieved from /home/airflow/.local/lib/python3.12/site-packages/airflow/example_dags/example_task_group.py
[2024-11-29T14:09:41.132+0000] {logging_mixin.py:190} INFO - [2024-11-29T14:09:41.132+0000] {dag.py:3239} INFO - Sync 1 DAGs
[2024-11-29T14:09:41.152+0000] {logging_mixin.py:190} INFO - [2024-11-29T14:09:41.152+0000] {dag.py:4180} INFO - Setting next_dagrun for example_task_group to None, run_after=None
[2024-11-29T14:09:41.183+0000] {processor.py:208} INFO - Processing /home/airflow/.local/lib/python3.12/site-packages/airflow/example_dags/example_task_group.py took 0.161 seconds
[2024-11-29T14:10:11.632+0000] {processor.py:186} INFO - Started process (PID=702) to work on /home/airflow/.local/lib/python3.12/site-packages/airflow/example_dags/example_task_group.py
[2024-11-29T14:10:11.634+0000] {processor.py:914} INFO - Processing file /home/airflow/.local/lib/python3.12/site-packages/airflow/example_dags/example_task_group.py for tasks to queue
[2024-11-29T14:10:11.637+0000] {logging_mixin.py:190} INFO - [2024-11-29T14:10:11.637+0000] {dagbag.py:588} INFO - Filling up the DagBag from /home/airflow/.local/lib/python3.12/site-packages/airflow/example_dags/example_task_group.py
[2024-11-29T14:10:11.648+0000] {processor.py:925} INFO - DAG(s) 'example_task_group' retrieved from /home/airflow/.local/lib/python3.12/site-packages/airflow/example_dags/example_task_group.py
[2024-11-29T14:10:11.672+0000] {logging_mixin.py:190} INFO - [2024-11-29T14:10:11.672+0000] {dag.py:3239} INFO - Sync 1 DAGs
[2024-11-29T14:10:11.690+0000] {logging_mixin.py:190} INFO - [2024-11-29T14:10:11.690+0000] {dag.py:4180} INFO - Setting next_dagrun for example_task_group to None, run_after=None
[2024-11-29T14:10:11.755+0000] {processor.py:208} INFO - Processing /home/airflow/.local/lib/python3.12/site-packages/airflow/example_dags/example_task_group.py took 0.130 seconds
[2024-11-29T14:10:42.641+0000] {processor.py:186} INFO - Started process (PID=765) to work on /home/airflow/.local/lib/python3.12/site-packages/airflow/example_dags/example_task_group.py
[2024-11-29T14:10:42.642+0000] {processor.py:914} INFO - Processing file /home/airflow/.local/lib/python3.12/site-packages/airflow/example_dags/example_task_group.py for tasks to queue
[2024-11-29T14:10:42.645+0000] {logging_mixin.py:190} INFO - [2024-11-29T14:10:42.644+0000] {dagbag.py:588} INFO - Filling up the DagBag from /home/airflow/.local/lib/python3.12/site-packages/airflow/example_dags/example_task_group.py
[2024-11-29T14:10:42.656+0000] {processor.py:925} INFO - DAG(s) 'example_task_group' retrieved from /home/airflow/.local/lib/python3.12/site-packages/airflow/example_dags/example_task_group.py
[2024-11-29T14:10:42.681+0000] {logging_mixin.py:190} INFO - [2024-11-29T14:10:42.681+0000] {dag.py:3239} INFO - Sync 1 DAGs
[2024-11-29T14:10:42.702+0000] {logging_mixin.py:190} INFO - [2024-11-29T14:10:42.702+0000] {dag.py:4180} INFO - Setting next_dagrun for example_task_group to None, run_after=None
[2024-11-29T14:10:42.734+0000] {processor.py:208} INFO - Processing /home/airflow/.local/lib/python3.12/site-packages/airflow/example_dags/example_task_group.py took 0.100 seconds
[2024-11-29T14:11:13.512+0000] {processor.py:186} INFO - Started process (PID=828) to work on /home/airflow/.local/lib/python3.12/site-packages/airflow/example_dags/example_task_group.py
[2024-11-29T14:11:13.514+0000] {processor.py:914} INFO - Processing file /home/airflow/.local/lib/python3.12/site-packages/airflow/example_dags/example_task_group.py for tasks to queue
[2024-11-29T14:11:13.517+0000] {logging_mixin.py:190} INFO - [2024-11-29T14:11:13.517+0000] {dagbag.py:588} INFO - Filling up the DagBag from /home/airflow/.local/lib/python3.12/site-packages/airflow/example_dags/example_task_group.py
[2024-11-29T14:11:13.530+0000] {processor.py:925} INFO - DAG(s) 'example_task_group' retrieved from /home/airflow/.local/lib/python3.12/site-packages/airflow/example_dags/example_task_group.py
[2024-11-29T14:11:13.554+0000] {logging_mixin.py:190} INFO - [2024-11-29T14:11:13.554+0000] {dag.py:3239} INFO - Sync 1 DAGs
[2024-11-29T14:11:13.573+0000] {logging_mixin.py:190} INFO - [2024-11-29T14:11:13.573+0000] {dag.py:4180} INFO - Setting next_dagrun for example_task_group to None, run_after=None
[2024-11-29T14:11:13.607+0000] {processor.py:208} INFO - Processing /home/airflow/.local/lib/python3.12/site-packages/airflow/example_dags/example_task_group.py took 0.102 seconds
[2024-11-29T14:11:44.018+0000] {processor.py:186} INFO - Started process (PID=891) to work on /home/airflow/.local/lib/python3.12/site-packages/airflow/example_dags/example_task_group.py
[2024-11-29T14:11:44.019+0000] {processor.py:914} INFO - Processing file /home/airflow/.local/lib/python3.12/site-packages/airflow/example_dags/example_task_group.py for tasks to queue
[2024-11-29T14:11:44.022+0000] {logging_mixin.py:190} INFO - [2024-11-29T14:11:44.022+0000] {dagbag.py:588} INFO - Filling up the DagBag from /home/airflow/.local/lib/python3.12/site-packages/airflow/example_dags/example_task_group.py
[2024-11-29T14:11:44.033+0000] {processor.py:925} INFO - DAG(s) 'example_task_group' retrieved from /home/airflow/.local/lib/python3.12/site-packages/airflow/example_dags/example_task_group.py
[2024-11-29T14:11:44.060+0000] {logging_mixin.py:190} INFO - [2024-11-29T14:11:44.060+0000] {dag.py:3239} INFO - Sync 1 DAGs
[2024-11-29T14:11:44.081+0000] {logging_mixin.py:190} INFO - [2024-11-29T14:11:44.081+0000] {dag.py:4180} INFO - Setting next_dagrun for example_task_group to None, run_after=None
[2024-11-29T14:11:44.116+0000] {processor.py:208} INFO - Processing /home/airflow/.local/lib/python3.12/site-packages/airflow/example_dags/example_task_group.py took 0.105 seconds
[2024-11-29T14:12:14.541+0000] {processor.py:186} INFO - Started process (PID=954) to work on /home/airflow/.local/lib/python3.12/site-packages/airflow/example_dags/example_task_group.py
[2024-11-29T14:12:14.542+0000] {processor.py:914} INFO - Processing file /home/airflow/.local/lib/python3.12/site-packages/airflow/example_dags/example_task_group.py for tasks to queue
[2024-11-29T14:12:14.545+0000] {logging_mixin.py:190} INFO - [2024-11-29T14:12:14.545+0000] {dagbag.py:588} INFO - Filling up the DagBag from /home/airflow/.local/lib/python3.12/site-packages/airflow/example_dags/example_task_group.py
[2024-11-29T14:12:14.555+0000] {processor.py:925} INFO - DAG(s) 'example_task_group' retrieved from /home/airflow/.local/lib/python3.12/site-packages/airflow/example_dags/example_task_group.py
[2024-11-29T14:12:14.579+0000] {logging_mixin.py:190} INFO - [2024-11-29T14:12:14.579+0000] {dag.py:3239} INFO - Sync 1 DAGs
[2024-11-29T14:12:14.598+0000] {logging_mixin.py:190} INFO - [2024-11-29T14:12:14.598+0000] {dag.py:4180} INFO - Setting next_dagrun for example_task_group to None, run_after=None
[2024-11-29T14:12:14.639+0000] {processor.py:208} INFO - Processing /home/airflow/.local/lib/python3.12/site-packages/airflow/example_dags/example_task_group.py took 0.105 seconds
[2024-11-29T14:12:45.462+0000] {processor.py:186} INFO - Started process (PID=1017) to work on /home/airflow/.local/lib/python3.12/site-packages/airflow/example_dags/example_task_group.py
[2024-11-29T14:12:45.463+0000] {processor.py:914} INFO - Processing file /home/airflow/.local/lib/python3.12/site-packages/airflow/example_dags/example_task_group.py for tasks to queue
[2024-11-29T14:12:45.466+0000] {logging_mixin.py:190} INFO - [2024-11-29T14:12:45.465+0000] {dagbag.py:588} INFO - Filling up the DagBag from /home/airflow/.local/lib/python3.12/site-packages/airflow/example_dags/example_task_group.py
[2024-11-29T14:12:45.476+0000] {processor.py:925} INFO - DAG(s) 'example_task_group' retrieved from /home/airflow/.local/lib/python3.12/site-packages/airflow/example_dags/example_task_group.py
[2024-11-29T14:12:45.499+0000] {logging_mixin.py:190} INFO - [2024-11-29T14:12:45.499+0000] {dag.py:3239} INFO - Sync 1 DAGs
[2024-11-29T14:12:45.516+0000] {logging_mixin.py:190} INFO - [2024-11-29T14:12:45.515+0000] {dag.py:4180} INFO - Setting next_dagrun for example_task_group to None, run_after=None
[2024-11-29T14:12:45.549+0000] {processor.py:208} INFO - Processing /home/airflow/.local/lib/python3.12/site-packages/airflow/example_dags/example_task_group.py took 0.094 seconds
[2024-11-29T14:13:16.424+0000] {processor.py:186} INFO - Started process (PID=1080) to work on /home/airflow/.local/lib/python3.12/site-packages/airflow/example_dags/example_task_group.py
[2024-11-29T14:13:16.426+0000] {processor.py:914} INFO - Processing file /home/airflow/.local/lib/python3.12/site-packages/airflow/example_dags/example_task_group.py for tasks to queue
[2024-11-29T14:13:16.438+0000] {logging_mixin.py:190} INFO - [2024-11-29T14:13:16.437+0000] {dagbag.py:588} INFO - Filling up the DagBag from /home/airflow/.local/lib/python3.12/site-packages/airflow/example_dags/example_task_group.py
[2024-11-29T14:13:16.464+0000] {processor.py:925} INFO - DAG(s) 'example_task_group' retrieved from /home/airflow/.local/lib/python3.12/site-packages/airflow/example_dags/example_task_group.py
[2024-11-29T14:13:16.539+0000] {logging_mixin.py:190} INFO - [2024-11-29T14:13:16.539+0000] {dag.py:3239} INFO - Sync 1 DAGs
[2024-11-29T14:13:16.567+0000] {logging_mixin.py:190} INFO - [2024-11-29T14:13:16.567+0000] {dag.py:4180} INFO - Setting next_dagrun for example_task_group to None, run_after=None
[2024-11-29T14:13:16.595+0000] {processor.py:208} INFO - Processing /home/airflow/.local/lib/python3.12/site-packages/airflow/example_dags/example_task_group.py took 0.189 seconds
[2024-11-29T14:19:43.212+0000] {processor.py:186} INFO - Started process (PID=74) to work on /home/airflow/.local/lib/python3.12/site-packages/airflow/example_dags/example_task_group.py
[2024-11-29T14:19:43.223+0000] {processor.py:914} INFO - Processing file /home/airflow/.local/lib/python3.12/site-packages/airflow/example_dags/example_task_group.py for tasks to queue
[2024-11-29T14:19:43.256+0000] {logging_mixin.py:190} INFO - [2024-11-29T14:19:43.242+0000] {dagbag.py:588} INFO - Filling up the DagBag from /home/airflow/.local/lib/python3.12/site-packages/airflow/example_dags/example_task_group.py
[2024-11-29T14:19:43.309+0000] {processor.py:925} INFO - DAG(s) 'example_task_group' retrieved from /home/airflow/.local/lib/python3.12/site-packages/airflow/example_dags/example_task_group.py
[2024-11-29T14:19:43.417+0000] {logging_mixin.py:190} INFO - [2024-11-29T14:19:43.413+0000] {dag.py:3239} INFO - Sync 1 DAGs
[2024-11-29T14:19:43.597+0000] {logging_mixin.py:190} INFO - [2024-11-29T14:19:43.596+0000] {dag.py:4180} INFO - Setting next_dagrun for example_task_group to None, run_after=None
[2024-11-29T14:19:44.066+0000] {processor.py:208} INFO - Processing /home/airflow/.local/lib/python3.12/site-packages/airflow/example_dags/example_task_group.py took 0.888 seconds
[2024-11-29T14:20:14.525+0000] {processor.py:186} INFO - Started process (PID=137) to work on /home/airflow/.local/lib/python3.12/site-packages/airflow/example_dags/example_task_group.py
[2024-11-29T14:20:14.554+0000] {processor.py:914} INFO - Processing file /home/airflow/.local/lib/python3.12/site-packages/airflow/example_dags/example_task_group.py for tasks to queue
[2024-11-29T14:20:14.559+0000] {logging_mixin.py:190} INFO - [2024-11-29T14:20:14.558+0000] {dagbag.py:588} INFO - Filling up the DagBag from /home/airflow/.local/lib/python3.12/site-packages/airflow/example_dags/example_task_group.py
[2024-11-29T14:20:14.574+0000] {processor.py:925} INFO - DAG(s) 'example_task_group' retrieved from /home/airflow/.local/lib/python3.12/site-packages/airflow/example_dags/example_task_group.py
[2024-11-29T14:20:14.596+0000] {logging_mixin.py:190} INFO - [2024-11-29T14:20:14.596+0000] {dag.py:3239} INFO - Sync 1 DAGs
[2024-11-29T14:20:14.613+0000] {logging_mixin.py:190} INFO - [2024-11-29T14:20:14.613+0000] {dag.py:4180} INFO - Setting next_dagrun for example_task_group to None, run_after=None
[2024-11-29T14:20:14.638+0000] {processor.py:208} INFO - Processing /home/airflow/.local/lib/python3.12/site-packages/airflow/example_dags/example_task_group.py took 0.148 seconds
[2024-11-29T14:20:44.859+0000] {processor.py:186} INFO - Started process (PID=200) to work on /home/airflow/.local/lib/python3.12/site-packages/airflow/example_dags/example_task_group.py
[2024-11-29T14:20:44.865+0000] {processor.py:914} INFO - Processing file /home/airflow/.local/lib/python3.12/site-packages/airflow/example_dags/example_task_group.py for tasks to queue
[2024-11-29T14:20:44.877+0000] {logging_mixin.py:190} INFO - [2024-11-29T14:20:44.875+0000] {dagbag.py:588} INFO - Filling up the DagBag from /home/airflow/.local/lib/python3.12/site-packages/airflow/example_dags/example_task_group.py
[2024-11-29T14:20:44.923+0000] {processor.py:925} INFO - DAG(s) 'example_task_group' retrieved from /home/airflow/.local/lib/python3.12/site-packages/airflow/example_dags/example_task_group.py
[2024-11-29T14:20:44.977+0000] {logging_mixin.py:190} INFO - [2024-11-29T14:20:44.977+0000] {dag.py:3239} INFO - Sync 1 DAGs
[2024-11-29T14:20:45.005+0000] {logging_mixin.py:190} INFO - [2024-11-29T14:20:45.004+0000] {dag.py:4180} INFO - Setting next_dagrun for example_task_group to None, run_after=None
[2024-11-29T14:20:45.042+0000] {processor.py:208} INFO - Processing /home/airflow/.local/lib/python3.12/site-packages/airflow/example_dags/example_task_group.py took 0.213 seconds
[2024-11-29T14:21:15.891+0000] {processor.py:186} INFO - Started process (PID=263) to work on /home/airflow/.local/lib/python3.12/site-packages/airflow/example_dags/example_task_group.py
[2024-11-29T14:21:15.892+0000] {processor.py:914} INFO - Processing file /home/airflow/.local/lib/python3.12/site-packages/airflow/example_dags/example_task_group.py for tasks to queue
[2024-11-29T14:21:15.895+0000] {logging_mixin.py:190} INFO - [2024-11-29T14:21:15.894+0000] {dagbag.py:588} INFO - Filling up the DagBag from /home/airflow/.local/lib/python3.12/site-packages/airflow/example_dags/example_task_group.py
[2024-11-29T14:21:15.906+0000] {processor.py:925} INFO - DAG(s) 'example_task_group' retrieved from /home/airflow/.local/lib/python3.12/site-packages/airflow/example_dags/example_task_group.py
[2024-11-29T14:21:15.931+0000] {logging_mixin.py:190} INFO - [2024-11-29T14:21:15.931+0000] {dag.py:3239} INFO - Sync 1 DAGs
[2024-11-29T14:21:15.951+0000] {logging_mixin.py:190} INFO - [2024-11-29T14:21:15.951+0000] {dag.py:4180} INFO - Setting next_dagrun for example_task_group to None, run_after=None
[2024-11-29T14:21:15.979+0000] {processor.py:208} INFO - Processing /home/airflow/.local/lib/python3.12/site-packages/airflow/example_dags/example_task_group.py took 0.094 seconds
[2024-11-29T14:21:46.125+0000] {processor.py:186} INFO - Started process (PID=326) to work on /home/airflow/.local/lib/python3.12/site-packages/airflow/example_dags/example_task_group.py
[2024-11-29T14:21:46.126+0000] {processor.py:914} INFO - Processing file /home/airflow/.local/lib/python3.12/site-packages/airflow/example_dags/example_task_group.py for tasks to queue
[2024-11-29T14:21:46.129+0000] {logging_mixin.py:190} INFO - [2024-11-29T14:21:46.129+0000] {dagbag.py:588} INFO - Filling up the DagBag from /home/airflow/.local/lib/python3.12/site-packages/airflow/example_dags/example_task_group.py
[2024-11-29T14:21:46.140+0000] {processor.py:925} INFO - DAG(s) 'example_task_group' retrieved from /home/airflow/.local/lib/python3.12/site-packages/airflow/example_dags/example_task_group.py
[2024-11-29T14:21:46.166+0000] {logging_mixin.py:190} INFO - [2024-11-29T14:21:46.166+0000] {dag.py:3239} INFO - Sync 1 DAGs
[2024-11-29T14:21:46.183+0000] {logging_mixin.py:190} INFO - [2024-11-29T14:21:46.183+0000] {dag.py:4180} INFO - Setting next_dagrun for example_task_group to None, run_after=None
[2024-11-29T14:21:46.211+0000] {processor.py:208} INFO - Processing /home/airflow/.local/lib/python3.12/site-packages/airflow/example_dags/example_task_group.py took 0.092 seconds
[2024-11-29T14:22:16.725+0000] {processor.py:186} INFO - Started process (PID=389) to work on /home/airflow/.local/lib/python3.12/site-packages/airflow/example_dags/example_task_group.py
[2024-11-29T14:22:16.726+0000] {processor.py:914} INFO - Processing file /home/airflow/.local/lib/python3.12/site-packages/airflow/example_dags/example_task_group.py for tasks to queue
[2024-11-29T14:22:16.731+0000] {logging_mixin.py:190} INFO - [2024-11-29T14:22:16.730+0000] {dagbag.py:588} INFO - Filling up the DagBag from /home/airflow/.local/lib/python3.12/site-packages/airflow/example_dags/example_task_group.py
[2024-11-29T14:22:16.749+0000] {processor.py:925} INFO - DAG(s) 'example_task_group' retrieved from /home/airflow/.local/lib/python3.12/site-packages/airflow/example_dags/example_task_group.py
[2024-11-29T14:22:16.779+0000] {logging_mixin.py:190} INFO - [2024-11-29T14:22:16.779+0000] {dag.py:3239} INFO - Sync 1 DAGs
[2024-11-29T14:22:16.800+0000] {logging_mixin.py:190} INFO - [2024-11-29T14:22:16.800+0000] {dag.py:4180} INFO - Setting next_dagrun for example_task_group to None, run_after=None
[2024-11-29T14:22:16.825+0000] {processor.py:208} INFO - Processing /home/airflow/.local/lib/python3.12/site-packages/airflow/example_dags/example_task_group.py took 0.112 seconds
[2024-11-29T14:22:47.561+0000] {processor.py:186} INFO - Started process (PID=452) to work on /home/airflow/.local/lib/python3.12/site-packages/airflow/example_dags/example_task_group.py
[2024-11-29T14:22:47.562+0000] {processor.py:914} INFO - Processing file /home/airflow/.local/lib/python3.12/site-packages/airflow/example_dags/example_task_group.py for tasks to queue
[2024-11-29T14:22:47.566+0000] {logging_mixin.py:190} INFO - [2024-11-29T14:22:47.566+0000] {dagbag.py:588} INFO - Filling up the DagBag from /home/airflow/.local/lib/python3.12/site-packages/airflow/example_dags/example_task_group.py
[2024-11-29T14:22:47.583+0000] {processor.py:925} INFO - DAG(s) 'example_task_group' retrieved from /home/airflow/.local/lib/python3.12/site-packages/airflow/example_dags/example_task_group.py
[2024-11-29T14:22:47.611+0000] {logging_mixin.py:190} INFO - [2024-11-29T14:22:47.610+0000] {dag.py:3239} INFO - Sync 1 DAGs
[2024-11-29T14:22:47.632+0000] {logging_mixin.py:190} INFO - [2024-11-29T14:22:47.632+0000] {dag.py:4180} INFO - Setting next_dagrun for example_task_group to None, run_after=None
[2024-11-29T14:22:47.669+0000] {processor.py:208} INFO - Processing /home/airflow/.local/lib/python3.12/site-packages/airflow/example_dags/example_task_group.py took 0.121 seconds
[2024-11-29T14:23:18.449+0000] {processor.py:186} INFO - Started process (PID=515) to work on /home/airflow/.local/lib/python3.12/site-packages/airflow/example_dags/example_task_group.py
[2024-11-29T14:23:18.451+0000] {processor.py:914} INFO - Processing file /home/airflow/.local/lib/python3.12/site-packages/airflow/example_dags/example_task_group.py for tasks to queue
[2024-11-29T14:23:18.454+0000] {logging_mixin.py:190} INFO - [2024-11-29T14:23:18.454+0000] {dagbag.py:588} INFO - Filling up the DagBag from /home/airflow/.local/lib/python3.12/site-packages/airflow/example_dags/example_task_group.py
[2024-11-29T14:23:18.471+0000] {processor.py:925} INFO - DAG(s) 'example_task_group' retrieved from /home/airflow/.local/lib/python3.12/site-packages/airflow/example_dags/example_task_group.py
[2024-11-29T14:23:18.504+0000] {logging_mixin.py:190} INFO - [2024-11-29T14:23:18.504+0000] {dag.py:3239} INFO - Sync 1 DAGs
[2024-11-29T14:23:18.529+0000] {logging_mixin.py:190} INFO - [2024-11-29T14:23:18.529+0000] {dag.py:4180} INFO - Setting next_dagrun for example_task_group to None, run_after=None
[2024-11-29T14:23:18.555+0000] {processor.py:208} INFO - Processing /home/airflow/.local/lib/python3.12/site-packages/airflow/example_dags/example_task_group.py took 0.115 seconds
[2024-11-29T14:23:48.867+0000] {processor.py:186} INFO - Started process (PID=578) to work on /home/airflow/.local/lib/python3.12/site-packages/airflow/example_dags/example_task_group.py
[2024-11-29T14:23:48.869+0000] {processor.py:914} INFO - Processing file /home/airflow/.local/lib/python3.12/site-packages/airflow/example_dags/example_task_group.py for tasks to queue
[2024-11-29T14:23:48.874+0000] {logging_mixin.py:190} INFO - [2024-11-29T14:23:48.873+0000] {dagbag.py:588} INFO - Filling up the DagBag from /home/airflow/.local/lib/python3.12/site-packages/airflow/example_dags/example_task_group.py
[2024-11-29T14:23:48.887+0000] {processor.py:925} INFO - DAG(s) 'example_task_group' retrieved from /home/airflow/.local/lib/python3.12/site-packages/airflow/example_dags/example_task_group.py
[2024-11-29T14:23:48.914+0000] {logging_mixin.py:190} INFO - [2024-11-29T14:23:48.914+0000] {dag.py:3239} INFO - Sync 1 DAGs
[2024-11-29T14:23:48.938+0000] {logging_mixin.py:190} INFO - [2024-11-29T14:23:48.938+0000] {dag.py:4180} INFO - Setting next_dagrun for example_task_group to None, run_after=None
[2024-11-29T14:23:48.965+0000] {processor.py:208} INFO - Processing /home/airflow/.local/lib/python3.12/site-packages/airflow/example_dags/example_task_group.py took 0.117 seconds
[2024-11-29T14:24:19.227+0000] {processor.py:186} INFO - Started process (PID=641) to work on /home/airflow/.local/lib/python3.12/site-packages/airflow/example_dags/example_task_group.py
[2024-11-29T14:24:19.229+0000] {processor.py:914} INFO - Processing file /home/airflow/.local/lib/python3.12/site-packages/airflow/example_dags/example_task_group.py for tasks to queue
[2024-11-29T14:24:19.233+0000] {logging_mixin.py:190} INFO - [2024-11-29T14:24:19.233+0000] {dagbag.py:588} INFO - Filling up the DagBag from /home/airflow/.local/lib/python3.12/site-packages/airflow/example_dags/example_task_group.py
[2024-11-29T14:24:19.245+0000] {processor.py:925} INFO - DAG(s) 'example_task_group' retrieved from /home/airflow/.local/lib/python3.12/site-packages/airflow/example_dags/example_task_group.py
[2024-11-29T14:24:19.292+0000] {logging_mixin.py:190} INFO - [2024-11-29T14:24:19.292+0000] {dag.py:3239} INFO - Sync 1 DAGs
[2024-11-29T14:24:19.354+0000] {logging_mixin.py:190} INFO - [2024-11-29T14:24:19.354+0000] {dag.py:4180} INFO - Setting next_dagrun for example_task_group to None, run_after=None
[2024-11-29T14:24:19.398+0000] {processor.py:208} INFO - Processing /home/airflow/.local/lib/python3.12/site-packages/airflow/example_dags/example_task_group.py took 0.178 seconds
[2024-11-29T14:24:50.153+0000] {processor.py:186} INFO - Started process (PID=704) to work on /home/airflow/.local/lib/python3.12/site-packages/airflow/example_dags/example_task_group.py
[2024-11-29T14:24:50.155+0000] {processor.py:914} INFO - Processing file /home/airflow/.local/lib/python3.12/site-packages/airflow/example_dags/example_task_group.py for tasks to queue
[2024-11-29T14:24:50.161+0000] {logging_mixin.py:190} INFO - [2024-11-29T14:24:50.160+0000] {dagbag.py:588} INFO - Filling up the DagBag from /home/airflow/.local/lib/python3.12/site-packages/airflow/example_dags/example_task_group.py
[2024-11-29T14:24:50.180+0000] {processor.py:925} INFO - DAG(s) 'example_task_group' retrieved from /home/airflow/.local/lib/python3.12/site-packages/airflow/example_dags/example_task_group.py
[2024-11-29T14:24:50.210+0000] {logging_mixin.py:190} INFO - [2024-11-29T14:24:50.210+0000] {dag.py:3239} INFO - Sync 1 DAGs
[2024-11-29T14:24:50.228+0000] {logging_mixin.py:190} INFO - [2024-11-29T14:24:50.228+0000] {dag.py:4180} INFO - Setting next_dagrun for example_task_group to None, run_after=None
[2024-11-29T14:24:50.263+0000] {processor.py:208} INFO - Processing /home/airflow/.local/lib/python3.12/site-packages/airflow/example_dags/example_task_group.py took 0.126 seconds
[2024-11-29T14:25:20.679+0000] {processor.py:186} INFO - Started process (PID=767) to work on /home/airflow/.local/lib/python3.12/site-packages/airflow/example_dags/example_task_group.py
[2024-11-29T14:25:20.681+0000] {processor.py:914} INFO - Processing file /home/airflow/.local/lib/python3.12/site-packages/airflow/example_dags/example_task_group.py for tasks to queue
[2024-11-29T14:25:20.684+0000] {logging_mixin.py:190} INFO - [2024-11-29T14:25:20.683+0000] {dagbag.py:588} INFO - Filling up the DagBag from /home/airflow/.local/lib/python3.12/site-packages/airflow/example_dags/example_task_group.py
[2024-11-29T14:25:20.695+0000] {processor.py:925} INFO - DAG(s) 'example_task_group' retrieved from /home/airflow/.local/lib/python3.12/site-packages/airflow/example_dags/example_task_group.py
[2024-11-29T14:25:20.721+0000] {logging_mixin.py:190} INFO - [2024-11-29T14:25:20.721+0000] {dag.py:3239} INFO - Sync 1 DAGs
[2024-11-29T14:25:20.739+0000] {logging_mixin.py:190} INFO - [2024-11-29T14:25:20.739+0000] {dag.py:4180} INFO - Setting next_dagrun for example_task_group to None, run_after=None
[2024-11-29T14:25:20.775+0000] {processor.py:208} INFO - Processing /home/airflow/.local/lib/python3.12/site-packages/airflow/example_dags/example_task_group.py took 0.103 seconds
[2024-11-29T14:25:51.389+0000] {processor.py:186} INFO - Started process (PID=830) to work on /home/airflow/.local/lib/python3.12/site-packages/airflow/example_dags/example_task_group.py
[2024-11-29T14:25:51.391+0000] {processor.py:914} INFO - Processing file /home/airflow/.local/lib/python3.12/site-packages/airflow/example_dags/example_task_group.py for tasks to queue
[2024-11-29T14:25:51.397+0000] {logging_mixin.py:190} INFO - [2024-11-29T14:25:51.396+0000] {dagbag.py:588} INFO - Filling up the DagBag from /home/airflow/.local/lib/python3.12/site-packages/airflow/example_dags/example_task_group.py
[2024-11-29T14:25:51.416+0000] {processor.py:925} INFO - DAG(s) 'example_task_group' retrieved from /home/airflow/.local/lib/python3.12/site-packages/airflow/example_dags/example_task_group.py
[2024-11-29T14:25:51.456+0000] {logging_mixin.py:190} INFO - [2024-11-29T14:25:51.455+0000] {dag.py:3239} INFO - Sync 1 DAGs
[2024-11-29T14:25:51.493+0000] {logging_mixin.py:190} INFO - [2024-11-29T14:25:51.492+0000] {dag.py:4180} INFO - Setting next_dagrun for example_task_group to None, run_after=None
[2024-11-29T14:25:51.533+0000] {processor.py:208} INFO - Processing /home/airflow/.local/lib/python3.12/site-packages/airflow/example_dags/example_task_group.py took 0.156 seconds
[2024-11-29T14:26:22.254+0000] {processor.py:186} INFO - Started process (PID=893) to work on /home/airflow/.local/lib/python3.12/site-packages/airflow/example_dags/example_task_group.py
[2024-11-29T14:26:22.256+0000] {processor.py:914} INFO - Processing file /home/airflow/.local/lib/python3.12/site-packages/airflow/example_dags/example_task_group.py for tasks to queue
[2024-11-29T14:26:22.259+0000] {logging_mixin.py:190} INFO - [2024-11-29T14:26:22.259+0000] {dagbag.py:588} INFO - Filling up the DagBag from /home/airflow/.local/lib/python3.12/site-packages/airflow/example_dags/example_task_group.py
[2024-11-29T14:26:22.272+0000] {processor.py:925} INFO - DAG(s) 'example_task_group' retrieved from /home/airflow/.local/lib/python3.12/site-packages/airflow/example_dags/example_task_group.py
[2024-11-29T14:26:22.305+0000] {logging_mixin.py:190} INFO - [2024-11-29T14:26:22.305+0000] {dag.py:3239} INFO - Sync 1 DAGs
[2024-11-29T14:26:22.324+0000] {logging_mixin.py:190} INFO - [2024-11-29T14:26:22.324+0000] {dag.py:4180} INFO - Setting next_dagrun for example_task_group to None, run_after=None
[2024-11-29T14:26:22.356+0000] {processor.py:208} INFO - Processing /home/airflow/.local/lib/python3.12/site-packages/airflow/example_dags/example_task_group.py took 0.108 seconds
[2024-11-29T14:26:52.483+0000] {processor.py:186} INFO - Started process (PID=956) to work on /home/airflow/.local/lib/python3.12/site-packages/airflow/example_dags/example_task_group.py
[2024-11-29T14:26:52.485+0000] {processor.py:914} INFO - Processing file /home/airflow/.local/lib/python3.12/site-packages/airflow/example_dags/example_task_group.py for tasks to queue
[2024-11-29T14:26:52.490+0000] {logging_mixin.py:190} INFO - [2024-11-29T14:26:52.489+0000] {dagbag.py:588} INFO - Filling up the DagBag from /home/airflow/.local/lib/python3.12/site-packages/airflow/example_dags/example_task_group.py
[2024-11-29T14:26:52.506+0000] {processor.py:925} INFO - DAG(s) 'example_task_group' retrieved from /home/airflow/.local/lib/python3.12/site-packages/airflow/example_dags/example_task_group.py
[2024-11-29T14:26:52.530+0000] {logging_mixin.py:190} INFO - [2024-11-29T14:26:52.529+0000] {dag.py:3239} INFO - Sync 1 DAGs
[2024-11-29T14:26:52.547+0000] {logging_mixin.py:190} INFO - [2024-11-29T14:26:52.547+0000] {dag.py:4180} INFO - Setting next_dagrun for example_task_group to None, run_after=None
[2024-11-29T14:26:52.601+0000] {processor.py:208} INFO - Processing /home/airflow/.local/lib/python3.12/site-packages/airflow/example_dags/example_task_group.py took 0.126 seconds
[2024-11-29T14:27:22.658+0000] {processor.py:186} INFO - Started process (PID=1019) to work on /home/airflow/.local/lib/python3.12/site-packages/airflow/example_dags/example_task_group.py
[2024-11-29T14:27:22.659+0000] {processor.py:914} INFO - Processing file /home/airflow/.local/lib/python3.12/site-packages/airflow/example_dags/example_task_group.py for tasks to queue
[2024-11-29T14:27:22.663+0000] {logging_mixin.py:190} INFO - [2024-11-29T14:27:22.663+0000] {dagbag.py:588} INFO - Filling up the DagBag from /home/airflow/.local/lib/python3.12/site-packages/airflow/example_dags/example_task_group.py
[2024-11-29T14:27:22.675+0000] {processor.py:925} INFO - DAG(s) 'example_task_group' retrieved from /home/airflow/.local/lib/python3.12/site-packages/airflow/example_dags/example_task_group.py
[2024-11-29T14:27:22.700+0000] {logging_mixin.py:190} INFO - [2024-11-29T14:27:22.699+0000] {dag.py:3239} INFO - Sync 1 DAGs
[2024-11-29T14:27:22.716+0000] {logging_mixin.py:190} INFO - [2024-11-29T14:27:22.716+0000] {dag.py:4180} INFO - Setting next_dagrun for example_task_group to None, run_after=None
[2024-11-29T14:27:22.777+0000] {processor.py:208} INFO - Processing /home/airflow/.local/lib/python3.12/site-packages/airflow/example_dags/example_task_group.py took 0.126 seconds
[2024-11-29T14:27:53.439+0000] {processor.py:186} INFO - Started process (PID=1082) to work on /home/airflow/.local/lib/python3.12/site-packages/airflow/example_dags/example_task_group.py
[2024-11-29T14:27:53.442+0000] {processor.py:914} INFO - Processing file /home/airflow/.local/lib/python3.12/site-packages/airflow/example_dags/example_task_group.py for tasks to queue
[2024-11-29T14:27:53.446+0000] {logging_mixin.py:190} INFO - [2024-11-29T14:27:53.446+0000] {dagbag.py:588} INFO - Filling up the DagBag from /home/airflow/.local/lib/python3.12/site-packages/airflow/example_dags/example_task_group.py
[2024-11-29T14:27:53.460+0000] {processor.py:925} INFO - DAG(s) 'example_task_group' retrieved from /home/airflow/.local/lib/python3.12/site-packages/airflow/example_dags/example_task_group.py
[2024-11-29T14:27:53.486+0000] {logging_mixin.py:190} INFO - [2024-11-29T14:27:53.485+0000] {dag.py:3239} INFO - Sync 1 DAGs
[2024-11-29T14:27:53.502+0000] {logging_mixin.py:190} INFO - [2024-11-29T14:27:53.502+0000] {dag.py:4180} INFO - Setting next_dagrun for example_task_group to None, run_after=None
[2024-11-29T14:27:53.525+0000] {processor.py:208} INFO - Processing /home/airflow/.local/lib/python3.12/site-packages/airflow/example_dags/example_task_group.py took 0.111 seconds
[2024-11-29T14:28:23.957+0000] {processor.py:186} INFO - Started process (PID=1145) to work on /home/airflow/.local/lib/python3.12/site-packages/airflow/example_dags/example_task_group.py
[2024-11-29T14:28:23.960+0000] {processor.py:914} INFO - Processing file /home/airflow/.local/lib/python3.12/site-packages/airflow/example_dags/example_task_group.py for tasks to queue
[2024-11-29T14:28:23.967+0000] {logging_mixin.py:190} INFO - [2024-11-29T14:28:23.966+0000] {dagbag.py:588} INFO - Filling up the DagBag from /home/airflow/.local/lib/python3.12/site-packages/airflow/example_dags/example_task_group.py
[2024-11-29T14:28:23.983+0000] {processor.py:925} INFO - DAG(s) 'example_task_group' retrieved from /home/airflow/.local/lib/python3.12/site-packages/airflow/example_dags/example_task_group.py
[2024-11-29T14:28:24.021+0000] {logging_mixin.py:190} INFO - [2024-11-29T14:28:24.020+0000] {dag.py:3239} INFO - Sync 1 DAGs
[2024-11-29T14:28:24.045+0000] {logging_mixin.py:190} INFO - [2024-11-29T14:28:24.045+0000] {dag.py:4180} INFO - Setting next_dagrun for example_task_group to None, run_after=None
[2024-11-29T14:28:24.075+0000] {processor.py:208} INFO - Processing /home/airflow/.local/lib/python3.12/site-packages/airflow/example_dags/example_task_group.py took 0.129 seconds
[2024-11-29T14:28:54.637+0000] {processor.py:186} INFO - Started process (PID=1208) to work on /home/airflow/.local/lib/python3.12/site-packages/airflow/example_dags/example_task_group.py
[2024-11-29T14:28:54.639+0000] {processor.py:914} INFO - Processing file /home/airflow/.local/lib/python3.12/site-packages/airflow/example_dags/example_task_group.py for tasks to queue
[2024-11-29T14:28:54.643+0000] {logging_mixin.py:190} INFO - [2024-11-29T14:28:54.643+0000] {dagbag.py:588} INFO - Filling up the DagBag from /home/airflow/.local/lib/python3.12/site-packages/airflow/example_dags/example_task_group.py
[2024-11-29T14:28:54.654+0000] {processor.py:925} INFO - DAG(s) 'example_task_group' retrieved from /home/airflow/.local/lib/python3.12/site-packages/airflow/example_dags/example_task_group.py
[2024-11-29T14:28:54.678+0000] {logging_mixin.py:190} INFO - [2024-11-29T14:28:54.678+0000] {dag.py:3239} INFO - Sync 1 DAGs
[2024-11-29T14:28:54.695+0000] {logging_mixin.py:190} INFO - [2024-11-29T14:28:54.695+0000] {dag.py:4180} INFO - Setting next_dagrun for example_task_group to None, run_after=None
[2024-11-29T14:28:54.720+0000] {processor.py:208} INFO - Processing /home/airflow/.local/lib/python3.12/site-packages/airflow/example_dags/example_task_group.py took 0.093 seconds
[2024-11-29T14:29:24.779+0000] {processor.py:186} INFO - Started process (PID=1272) to work on /home/airflow/.local/lib/python3.12/site-packages/airflow/example_dags/example_task_group.py
[2024-11-29T14:29:24.781+0000] {processor.py:914} INFO - Processing file /home/airflow/.local/lib/python3.12/site-packages/airflow/example_dags/example_task_group.py for tasks to queue
[2024-11-29T14:29:24.785+0000] {logging_mixin.py:190} INFO - [2024-11-29T14:29:24.784+0000] {dagbag.py:588} INFO - Filling up the DagBag from /home/airflow/.local/lib/python3.12/site-packages/airflow/example_dags/example_task_group.py
[2024-11-29T14:29:24.795+0000] {processor.py:925} INFO - DAG(s) 'example_task_group' retrieved from /home/airflow/.local/lib/python3.12/site-packages/airflow/example_dags/example_task_group.py
[2024-11-29T14:29:24.824+0000] {logging_mixin.py:190} INFO - [2024-11-29T14:29:24.824+0000] {dag.py:3239} INFO - Sync 1 DAGs
[2024-11-29T14:29:24.848+0000] {logging_mixin.py:190} INFO - [2024-11-29T14:29:24.848+0000] {dag.py:4180} INFO - Setting next_dagrun for example_task_group to None, run_after=None
[2024-11-29T14:29:24.881+0000] {processor.py:208} INFO - Processing /home/airflow/.local/lib/python3.12/site-packages/airflow/example_dags/example_task_group.py took 0.109 seconds
[2024-11-29T14:29:55.851+0000] {processor.py:186} INFO - Started process (PID=1335) to work on /home/airflow/.local/lib/python3.12/site-packages/airflow/example_dags/example_task_group.py
[2024-11-29T14:29:55.853+0000] {processor.py:914} INFO - Processing file /home/airflow/.local/lib/python3.12/site-packages/airflow/example_dags/example_task_group.py for tasks to queue
[2024-11-29T14:29:55.856+0000] {logging_mixin.py:190} INFO - [2024-11-29T14:29:55.856+0000] {dagbag.py:588} INFO - Filling up the DagBag from /home/airflow/.local/lib/python3.12/site-packages/airflow/example_dags/example_task_group.py
[2024-11-29T14:29:55.868+0000] {processor.py:925} INFO - DAG(s) 'example_task_group' retrieved from /home/airflow/.local/lib/python3.12/site-packages/airflow/example_dags/example_task_group.py
[2024-11-29T14:29:55.901+0000] {logging_mixin.py:190} INFO - [2024-11-29T14:29:55.901+0000] {dag.py:3239} INFO - Sync 1 DAGs
[2024-11-29T14:29:55.920+0000] {logging_mixin.py:190} INFO - [2024-11-29T14:29:55.920+0000] {dag.py:4180} INFO - Setting next_dagrun for example_task_group to None, run_after=None
[2024-11-29T14:29:55.953+0000] {processor.py:208} INFO - Processing /home/airflow/.local/lib/python3.12/site-packages/airflow/example_dags/example_task_group.py took 0.110 seconds
[2024-11-29T14:30:26.356+0000] {processor.py:186} INFO - Started process (PID=1398) to work on /home/airflow/.local/lib/python3.12/site-packages/airflow/example_dags/example_task_group.py
[2024-11-29T14:30:26.358+0000] {processor.py:914} INFO - Processing file /home/airflow/.local/lib/python3.12/site-packages/airflow/example_dags/example_task_group.py for tasks to queue
[2024-11-29T14:30:26.361+0000] {logging_mixin.py:190} INFO - [2024-11-29T14:30:26.361+0000] {dagbag.py:588} INFO - Filling up the DagBag from /home/airflow/.local/lib/python3.12/site-packages/airflow/example_dags/example_task_group.py
[2024-11-29T14:30:26.372+0000] {processor.py:925} INFO - DAG(s) 'example_task_group' retrieved from /home/airflow/.local/lib/python3.12/site-packages/airflow/example_dags/example_task_group.py
[2024-11-29T14:30:26.395+0000] {logging_mixin.py:190} INFO - [2024-11-29T14:30:26.395+0000] {dag.py:3239} INFO - Sync 1 DAGs
[2024-11-29T14:30:26.411+0000] {logging_mixin.py:190} INFO - [2024-11-29T14:30:26.411+0000] {dag.py:4180} INFO - Setting next_dagrun for example_task_group to None, run_after=None
[2024-11-29T14:30:26.433+0000] {processor.py:208} INFO - Processing /home/airflow/.local/lib/python3.12/site-packages/airflow/example_dags/example_task_group.py took 0.083 seconds
[2024-11-29T14:30:56.878+0000] {processor.py:186} INFO - Started process (PID=1459) to work on /home/airflow/.local/lib/python3.12/site-packages/airflow/example_dags/example_task_group.py
[2024-11-29T14:30:56.879+0000] {processor.py:914} INFO - Processing file /home/airflow/.local/lib/python3.12/site-packages/airflow/example_dags/example_task_group.py for tasks to queue
[2024-11-29T14:30:56.883+0000] {logging_mixin.py:190} INFO - [2024-11-29T14:30:56.882+0000] {dagbag.py:588} INFO - Filling up the DagBag from /home/airflow/.local/lib/python3.12/site-packages/airflow/example_dags/example_task_group.py
[2024-11-29T14:30:56.894+0000] {processor.py:925} INFO - DAG(s) 'example_task_group' retrieved from /home/airflow/.local/lib/python3.12/site-packages/airflow/example_dags/example_task_group.py
[2024-11-29T14:30:56.919+0000] {logging_mixin.py:190} INFO - [2024-11-29T14:30:56.918+0000] {dag.py:3239} INFO - Sync 1 DAGs
[2024-11-29T14:30:56.937+0000] {logging_mixin.py:190} INFO - [2024-11-29T14:30:56.937+0000] {dag.py:4180} INFO - Setting next_dagrun for example_task_group to None, run_after=None
[2024-11-29T14:30:56.966+0000] {processor.py:208} INFO - Processing /home/airflow/.local/lib/python3.12/site-packages/airflow/example_dags/example_task_group.py took 0.096 seconds
[2024-11-29T14:31:27.501+0000] {processor.py:186} INFO - Started process (PID=1522) to work on /home/airflow/.local/lib/python3.12/site-packages/airflow/example_dags/example_task_group.py
[2024-11-29T14:31:27.502+0000] {processor.py:914} INFO - Processing file /home/airflow/.local/lib/python3.12/site-packages/airflow/example_dags/example_task_group.py for tasks to queue
[2024-11-29T14:31:27.505+0000] {logging_mixin.py:190} INFO - [2024-11-29T14:31:27.505+0000] {dagbag.py:588} INFO - Filling up the DagBag from /home/airflow/.local/lib/python3.12/site-packages/airflow/example_dags/example_task_group.py
[2024-11-29T14:31:27.517+0000] {processor.py:925} INFO - DAG(s) 'example_task_group' retrieved from /home/airflow/.local/lib/python3.12/site-packages/airflow/example_dags/example_task_group.py
[2024-11-29T14:31:27.546+0000] {logging_mixin.py:190} INFO - [2024-11-29T14:31:27.546+0000] {dag.py:3239} INFO - Sync 1 DAGs
[2024-11-29T14:31:27.568+0000] {logging_mixin.py:190} INFO - [2024-11-29T14:31:27.567+0000] {dag.py:4180} INFO - Setting next_dagrun for example_task_group to None, run_after=None
[2024-11-29T14:31:27.596+0000] {processor.py:208} INFO - Processing /home/airflow/.local/lib/python3.12/site-packages/airflow/example_dags/example_task_group.py took 0.104 seconds
[2024-11-29T14:31:58.017+0000] {processor.py:186} INFO - Started process (PID=1580) to work on /home/airflow/.local/lib/python3.12/site-packages/airflow/example_dags/example_task_group.py
[2024-11-29T14:31:58.018+0000] {processor.py:914} INFO - Processing file /home/airflow/.local/lib/python3.12/site-packages/airflow/example_dags/example_task_group.py for tasks to queue
[2024-11-29T14:31:58.022+0000] {logging_mixin.py:190} INFO - [2024-11-29T14:31:58.022+0000] {dagbag.py:588} INFO - Filling up the DagBag from /home/airflow/.local/lib/python3.12/site-packages/airflow/example_dags/example_task_group.py
[2024-11-29T14:31:58.034+0000] {processor.py:925} INFO - DAG(s) 'example_task_group' retrieved from /home/airflow/.local/lib/python3.12/site-packages/airflow/example_dags/example_task_group.py
[2024-11-29T14:31:58.060+0000] {logging_mixin.py:190} INFO - [2024-11-29T14:31:58.059+0000] {dag.py:3239} INFO - Sync 1 DAGs
[2024-11-29T14:31:58.079+0000] {logging_mixin.py:190} INFO - [2024-11-29T14:31:58.079+0000] {dag.py:4180} INFO - Setting next_dagrun for example_task_group to None, run_after=None
[2024-11-29T14:31:58.109+0000] {processor.py:208} INFO - Processing /home/airflow/.local/lib/python3.12/site-packages/airflow/example_dags/example_task_group.py took 0.100 seconds
[2024-11-29T14:32:29.387+0000] {processor.py:186} INFO - Started process (PID=1640) to work on /home/airflow/.local/lib/python3.12/site-packages/airflow/example_dags/example_task_group.py
[2024-11-29T14:32:29.390+0000] {processor.py:914} INFO - Processing file /home/airflow/.local/lib/python3.12/site-packages/airflow/example_dags/example_task_group.py for tasks to queue
[2024-11-29T14:32:29.399+0000] {logging_mixin.py:190} INFO - [2024-11-29T14:32:29.398+0000] {dagbag.py:588} INFO - Filling up the DagBag from /home/airflow/.local/lib/python3.12/site-packages/airflow/example_dags/example_task_group.py
[2024-11-29T14:32:29.429+0000] {processor.py:925} INFO - DAG(s) 'example_task_group' retrieved from /home/airflow/.local/lib/python3.12/site-packages/airflow/example_dags/example_task_group.py
[2024-11-29T14:32:29.465+0000] {logging_mixin.py:190} INFO - [2024-11-29T14:32:29.464+0000] {dag.py:3239} INFO - Sync 1 DAGs
[2024-11-29T14:32:29.488+0000] {logging_mixin.py:190} INFO - [2024-11-29T14:32:29.488+0000] {dag.py:4180} INFO - Setting next_dagrun for example_task_group to None, run_after=None
[2024-11-29T14:32:29.527+0000] {processor.py:208} INFO - Processing /home/airflow/.local/lib/python3.12/site-packages/airflow/example_dags/example_task_group.py took 0.156 seconds
[2024-11-29T14:33:00.144+0000] {processor.py:186} INFO - Started process (PID=1694) to work on /home/airflow/.local/lib/python3.12/site-packages/airflow/example_dags/example_task_group.py
[2024-11-29T14:33:00.146+0000] {processor.py:914} INFO - Processing file /home/airflow/.local/lib/python3.12/site-packages/airflow/example_dags/example_task_group.py for tasks to queue
[2024-11-29T14:33:00.149+0000] {logging_mixin.py:190} INFO - [2024-11-29T14:33:00.149+0000] {dagbag.py:588} INFO - Filling up the DagBag from /home/airflow/.local/lib/python3.12/site-packages/airflow/example_dags/example_task_group.py
[2024-11-29T14:33:00.160+0000] {processor.py:925} INFO - DAG(s) 'example_task_group' retrieved from /home/airflow/.local/lib/python3.12/site-packages/airflow/example_dags/example_task_group.py
[2024-11-29T14:33:00.186+0000] {logging_mixin.py:190} INFO - [2024-11-29T14:33:00.185+0000] {dag.py:3239} INFO - Sync 1 DAGs
[2024-11-29T14:33:00.205+0000] {logging_mixin.py:190} INFO - [2024-11-29T14:33:00.205+0000] {dag.py:4180} INFO - Setting next_dagrun for example_task_group to None, run_after=None
[2024-11-29T14:33:00.232+0000] {processor.py:208} INFO - Processing /home/airflow/.local/lib/python3.12/site-packages/airflow/example_dags/example_task_group.py took 0.096 seconds
[2024-11-29T14:33:30.885+0000] {processor.py:186} INFO - Started process (PID=1755) to work on /home/airflow/.local/lib/python3.12/site-packages/airflow/example_dags/example_task_group.py
[2024-11-29T14:33:30.886+0000] {processor.py:914} INFO - Processing file /home/airflow/.local/lib/python3.12/site-packages/airflow/example_dags/example_task_group.py for tasks to queue
[2024-11-29T14:33:30.889+0000] {logging_mixin.py:190} INFO - [2024-11-29T14:33:30.889+0000] {dagbag.py:588} INFO - Filling up the DagBag from /home/airflow/.local/lib/python3.12/site-packages/airflow/example_dags/example_task_group.py
[2024-11-29T14:33:30.900+0000] {processor.py:925} INFO - DAG(s) 'example_task_group' retrieved from /home/airflow/.local/lib/python3.12/site-packages/airflow/example_dags/example_task_group.py
[2024-11-29T14:33:30.925+0000] {logging_mixin.py:190} INFO - [2024-11-29T14:33:30.925+0000] {dag.py:3239} INFO - Sync 1 DAGs
[2024-11-29T14:33:30.944+0000] {logging_mixin.py:190} INFO - [2024-11-29T14:33:30.944+0000] {dag.py:4180} INFO - Setting next_dagrun for example_task_group to None, run_after=None
[2024-11-29T14:33:30.976+0000] {processor.py:208} INFO - Processing /home/airflow/.local/lib/python3.12/site-packages/airflow/example_dags/example_task_group.py took 0.098 seconds
[2024-11-29T14:34:01.724+0000] {processor.py:186} INFO - Started process (PID=1818) to work on /home/airflow/.local/lib/python3.12/site-packages/airflow/example_dags/example_task_group.py
[2024-11-29T14:34:01.726+0000] {processor.py:914} INFO - Processing file /home/airflow/.local/lib/python3.12/site-packages/airflow/example_dags/example_task_group.py for tasks to queue
[2024-11-29T14:34:01.731+0000] {logging_mixin.py:190} INFO - [2024-11-29T14:34:01.730+0000] {dagbag.py:588} INFO - Filling up the DagBag from /home/airflow/.local/lib/python3.12/site-packages/airflow/example_dags/example_task_group.py
[2024-11-29T14:34:01.751+0000] {processor.py:925} INFO - DAG(s) 'example_task_group' retrieved from /home/airflow/.local/lib/python3.12/site-packages/airflow/example_dags/example_task_group.py
[2024-11-29T14:34:01.777+0000] {logging_mixin.py:190} INFO - [2024-11-29T14:34:01.776+0000] {dag.py:3239} INFO - Sync 1 DAGs
[2024-11-29T14:34:01.798+0000] {logging_mixin.py:190} INFO - [2024-11-29T14:34:01.798+0000] {dag.py:4180} INFO - Setting next_dagrun for example_task_group to None, run_after=None
[2024-11-29T14:34:01.823+0000] {processor.py:208} INFO - Processing /home/airflow/.local/lib/python3.12/site-packages/airflow/example_dags/example_task_group.py took 0.112 seconds
[2024-11-29T14:34:32.265+0000] {processor.py:186} INFO - Started process (PID=1880) to work on /home/airflow/.local/lib/python3.12/site-packages/airflow/example_dags/example_task_group.py
[2024-11-29T14:34:32.268+0000] {processor.py:914} INFO - Processing file /home/airflow/.local/lib/python3.12/site-packages/airflow/example_dags/example_task_group.py for tasks to queue
[2024-11-29T14:34:32.274+0000] {logging_mixin.py:190} INFO - [2024-11-29T14:34:32.273+0000] {dagbag.py:588} INFO - Filling up the DagBag from /home/airflow/.local/lib/python3.12/site-packages/airflow/example_dags/example_task_group.py
[2024-11-29T14:34:32.299+0000] {processor.py:925} INFO - DAG(s) 'example_task_group' retrieved from /home/airflow/.local/lib/python3.12/site-packages/airflow/example_dags/example_task_group.py
[2024-11-29T14:34:32.351+0000] {logging_mixin.py:190} INFO - [2024-11-29T14:34:32.351+0000] {dag.py:3239} INFO - Sync 1 DAGs
[2024-11-29T14:34:32.380+0000] {logging_mixin.py:190} INFO - [2024-11-29T14:34:32.380+0000] {dag.py:4180} INFO - Setting next_dagrun for example_task_group to None, run_after=None
[2024-11-29T14:34:32.409+0000] {processor.py:208} INFO - Processing /home/airflow/.local/lib/python3.12/site-packages/airflow/example_dags/example_task_group.py took 0.160 seconds
[2024-11-29T14:35:02.861+0000] {processor.py:186} INFO - Started process (PID=1943) to work on /home/airflow/.local/lib/python3.12/site-packages/airflow/example_dags/example_task_group.py
[2024-11-29T14:35:02.862+0000] {processor.py:914} INFO - Processing file /home/airflow/.local/lib/python3.12/site-packages/airflow/example_dags/example_task_group.py for tasks to queue
[2024-11-29T14:35:02.865+0000] {logging_mixin.py:190} INFO - [2024-11-29T14:35:02.865+0000] {dagbag.py:588} INFO - Filling up the DagBag from /home/airflow/.local/lib/python3.12/site-packages/airflow/example_dags/example_task_group.py
[2024-11-29T14:35:02.876+0000] {processor.py:925} INFO - DAG(s) 'example_task_group' retrieved from /home/airflow/.local/lib/python3.12/site-packages/airflow/example_dags/example_task_group.py
[2024-11-29T14:35:02.898+0000] {logging_mixin.py:190} INFO - [2024-11-29T14:35:02.898+0000] {dag.py:3239} INFO - Sync 1 DAGs
[2024-11-29T14:35:02.915+0000] {logging_mixin.py:190} INFO - [2024-11-29T14:35:02.915+0000] {dag.py:4180} INFO - Setting next_dagrun for example_task_group to None, run_after=None
[2024-11-29T14:35:02.939+0000] {processor.py:208} INFO - Processing /home/airflow/.local/lib/python3.12/site-packages/airflow/example_dags/example_task_group.py took 0.085 seconds
[2024-11-29T14:35:33.386+0000] {processor.py:186} INFO - Started process (PID=2006) to work on /home/airflow/.local/lib/python3.12/site-packages/airflow/example_dags/example_task_group.py
[2024-11-29T14:35:33.392+0000] {processor.py:914} INFO - Processing file /home/airflow/.local/lib/python3.12/site-packages/airflow/example_dags/example_task_group.py for tasks to queue
[2024-11-29T14:35:33.408+0000] {logging_mixin.py:190} INFO - [2024-11-29T14:35:33.407+0000] {dagbag.py:588} INFO - Filling up the DagBag from /home/airflow/.local/lib/python3.12/site-packages/airflow/example_dags/example_task_group.py
[2024-11-29T14:35:33.438+0000] {processor.py:925} INFO - DAG(s) 'example_task_group' retrieved from /home/airflow/.local/lib/python3.12/site-packages/airflow/example_dags/example_task_group.py
[2024-11-29T14:35:33.478+0000] {logging_mixin.py:190} INFO - [2024-11-29T14:35:33.477+0000] {dag.py:3239} INFO - Sync 1 DAGs
[2024-11-29T14:35:33.505+0000] {logging_mixin.py:190} INFO - [2024-11-29T14:35:33.505+0000] {dag.py:4180} INFO - Setting next_dagrun for example_task_group to None, run_after=None
[2024-11-29T14:35:33.539+0000] {processor.py:208} INFO - Processing /home/airflow/.local/lib/python3.12/site-packages/airflow/example_dags/example_task_group.py took 0.182 seconds
[2024-11-29T14:36:04.059+0000] {processor.py:186} INFO - Started process (PID=2069) to work on /home/airflow/.local/lib/python3.12/site-packages/airflow/example_dags/example_task_group.py
[2024-11-29T14:36:04.061+0000] {processor.py:914} INFO - Processing file /home/airflow/.local/lib/python3.12/site-packages/airflow/example_dags/example_task_group.py for tasks to queue
[2024-11-29T14:36:04.064+0000] {logging_mixin.py:190} INFO - [2024-11-29T14:36:04.064+0000] {dagbag.py:588} INFO - Filling up the DagBag from /home/airflow/.local/lib/python3.12/site-packages/airflow/example_dags/example_task_group.py
[2024-11-29T14:36:04.078+0000] {processor.py:925} INFO - DAG(s) 'example_task_group' retrieved from /home/airflow/.local/lib/python3.12/site-packages/airflow/example_dags/example_task_group.py
[2024-11-29T14:36:04.110+0000] {logging_mixin.py:190} INFO - [2024-11-29T14:36:04.109+0000] {dag.py:3239} INFO - Sync 1 DAGs
[2024-11-29T14:36:04.132+0000] {logging_mixin.py:190} INFO - [2024-11-29T14:36:04.132+0000] {dag.py:4180} INFO - Setting next_dagrun for example_task_group to None, run_after=None
[2024-11-29T14:36:04.163+0000] {processor.py:208} INFO - Processing /home/airflow/.local/lib/python3.12/site-packages/airflow/example_dags/example_task_group.py took 0.113 seconds
[2024-11-29T14:36:34.944+0000] {processor.py:186} INFO - Started process (PID=2132) to work on /home/airflow/.local/lib/python3.12/site-packages/airflow/example_dags/example_task_group.py
[2024-11-29T14:36:34.945+0000] {processor.py:914} INFO - Processing file /home/airflow/.local/lib/python3.12/site-packages/airflow/example_dags/example_task_group.py for tasks to queue
[2024-11-29T14:36:34.948+0000] {logging_mixin.py:190} INFO - [2024-11-29T14:36:34.948+0000] {dagbag.py:588} INFO - Filling up the DagBag from /home/airflow/.local/lib/python3.12/site-packages/airflow/example_dags/example_task_group.py
[2024-11-29T14:36:34.960+0000] {processor.py:925} INFO - DAG(s) 'example_task_group' retrieved from /home/airflow/.local/lib/python3.12/site-packages/airflow/example_dags/example_task_group.py
[2024-11-29T14:36:34.986+0000] {logging_mixin.py:190} INFO - [2024-11-29T14:36:34.986+0000] {dag.py:3239} INFO - Sync 1 DAGs
[2024-11-29T14:36:35.007+0000] {logging_mixin.py:190} INFO - [2024-11-29T14:36:35.007+0000] {dag.py:4180} INFO - Setting next_dagrun for example_task_group to None, run_after=None
[2024-11-29T14:36:35.035+0000] {processor.py:208} INFO - Processing /home/airflow/.local/lib/python3.12/site-packages/airflow/example_dags/example_task_group.py took 0.101 seconds
[2024-11-29T14:37:06.086+0000] {processor.py:186} INFO - Started process (PID=2195) to work on /home/airflow/.local/lib/python3.12/site-packages/airflow/example_dags/example_task_group.py
[2024-11-29T14:37:06.088+0000] {processor.py:914} INFO - Processing file /home/airflow/.local/lib/python3.12/site-packages/airflow/example_dags/example_task_group.py for tasks to queue
[2024-11-29T14:37:06.092+0000] {logging_mixin.py:190} INFO - [2024-11-29T14:37:06.092+0000] {dagbag.py:588} INFO - Filling up the DagBag from /home/airflow/.local/lib/python3.12/site-packages/airflow/example_dags/example_task_group.py
[2024-11-29T14:37:06.106+0000] {processor.py:925} INFO - DAG(s) 'example_task_group' retrieved from /home/airflow/.local/lib/python3.12/site-packages/airflow/example_dags/example_task_group.py
[2024-11-29T14:37:06.138+0000] {logging_mixin.py:190} INFO - [2024-11-29T14:37:06.138+0000] {dag.py:3239} INFO - Sync 1 DAGs
[2024-11-29T14:37:06.159+0000] {logging_mixin.py:190} INFO - [2024-11-29T14:37:06.159+0000] {dag.py:4180} INFO - Setting next_dagrun for example_task_group to None, run_after=None
[2024-11-29T14:37:06.192+0000] {processor.py:208} INFO - Processing /home/airflow/.local/lib/python3.12/site-packages/airflow/example_dags/example_task_group.py took 0.115 seconds
[2024-11-29T14:37:36.374+0000] {processor.py:186} INFO - Started process (PID=2258) to work on /home/airflow/.local/lib/python3.12/site-packages/airflow/example_dags/example_task_group.py
[2024-11-29T14:37:36.376+0000] {processor.py:914} INFO - Processing file /home/airflow/.local/lib/python3.12/site-packages/airflow/example_dags/example_task_group.py for tasks to queue
[2024-11-29T14:37:36.379+0000] {logging_mixin.py:190} INFO - [2024-11-29T14:37:36.379+0000] {dagbag.py:588} INFO - Filling up the DagBag from /home/airflow/.local/lib/python3.12/site-packages/airflow/example_dags/example_task_group.py
[2024-11-29T14:37:36.390+0000] {processor.py:925} INFO - DAG(s) 'example_task_group' retrieved from /home/airflow/.local/lib/python3.12/site-packages/airflow/example_dags/example_task_group.py
[2024-11-29T14:37:36.419+0000] {logging_mixin.py:190} INFO - [2024-11-29T14:37:36.418+0000] {dag.py:3239} INFO - Sync 1 DAGs
[2024-11-29T14:37:36.437+0000] {logging_mixin.py:190} INFO - [2024-11-29T14:37:36.436+0000] {dag.py:4180} INFO - Setting next_dagrun for example_task_group to None, run_after=None
[2024-11-29T14:37:36.464+0000] {processor.py:208} INFO - Processing /home/airflow/.local/lib/python3.12/site-packages/airflow/example_dags/example_task_group.py took 0.097 seconds
[2024-11-29T14:38:07.552+0000] {processor.py:186} INFO - Started process (PID=2321) to work on /home/airflow/.local/lib/python3.12/site-packages/airflow/example_dags/example_task_group.py
[2024-11-29T14:38:07.553+0000] {processor.py:914} INFO - Processing file /home/airflow/.local/lib/python3.12/site-packages/airflow/example_dags/example_task_group.py for tasks to queue
[2024-11-29T14:38:07.556+0000] {logging_mixin.py:190} INFO - [2024-11-29T14:38:07.555+0000] {dagbag.py:588} INFO - Filling up the DagBag from /home/airflow/.local/lib/python3.12/site-packages/airflow/example_dags/example_task_group.py
[2024-11-29T14:38:07.567+0000] {processor.py:925} INFO - DAG(s) 'example_task_group' retrieved from /home/airflow/.local/lib/python3.12/site-packages/airflow/example_dags/example_task_group.py
[2024-11-29T14:38:07.592+0000] {logging_mixin.py:190} INFO - [2024-11-29T14:38:07.592+0000] {dag.py:3239} INFO - Sync 1 DAGs
[2024-11-29T14:38:07.614+0000] {logging_mixin.py:190} INFO - [2024-11-29T14:38:07.613+0000] {dag.py:4180} INFO - Setting next_dagrun for example_task_group to None, run_after=None
[2024-11-29T14:38:07.639+0000] {processor.py:208} INFO - Processing /home/airflow/.local/lib/python3.12/site-packages/airflow/example_dags/example_task_group.py took 0.096 seconds
[2024-11-29T14:38:37.956+0000] {processor.py:186} INFO - Started process (PID=2383) to work on /home/airflow/.local/lib/python3.12/site-packages/airflow/example_dags/example_task_group.py
[2024-11-29T14:38:37.957+0000] {processor.py:914} INFO - Processing file /home/airflow/.local/lib/python3.12/site-packages/airflow/example_dags/example_task_group.py for tasks to queue
[2024-11-29T14:38:37.961+0000] {logging_mixin.py:190} INFO - [2024-11-29T14:38:37.960+0000] {dagbag.py:588} INFO - Filling up the DagBag from /home/airflow/.local/lib/python3.12/site-packages/airflow/example_dags/example_task_group.py
[2024-11-29T14:38:37.973+0000] {processor.py:925} INFO - DAG(s) 'example_task_group' retrieved from /home/airflow/.local/lib/python3.12/site-packages/airflow/example_dags/example_task_group.py
[2024-11-29T14:38:38.000+0000] {logging_mixin.py:190} INFO - [2024-11-29T14:38:38.000+0000] {dag.py:3239} INFO - Sync 1 DAGs
[2024-11-29T14:38:38.023+0000] {logging_mixin.py:190} INFO - [2024-11-29T14:38:38.022+0000] {dag.py:4180} INFO - Setting next_dagrun for example_task_group to None, run_after=None
[2024-11-29T14:38:38.051+0000] {processor.py:208} INFO - Processing /home/airflow/.local/lib/python3.12/site-packages/airflow/example_dags/example_task_group.py took 0.103 seconds
[2024-11-29T14:39:08.701+0000] {processor.py:186} INFO - Started process (PID=2446) to work on /home/airflow/.local/lib/python3.12/site-packages/airflow/example_dags/example_task_group.py
[2024-11-29T14:39:08.703+0000] {processor.py:914} INFO - Processing file /home/airflow/.local/lib/python3.12/site-packages/airflow/example_dags/example_task_group.py for tasks to queue
[2024-11-29T14:39:08.708+0000] {logging_mixin.py:190} INFO - [2024-11-29T14:39:08.707+0000] {dagbag.py:588} INFO - Filling up the DagBag from /home/airflow/.local/lib/python3.12/site-packages/airflow/example_dags/example_task_group.py
[2024-11-29T14:39:08.725+0000] {processor.py:925} INFO - DAG(s) 'example_task_group' retrieved from /home/airflow/.local/lib/python3.12/site-packages/airflow/example_dags/example_task_group.py
[2024-11-29T14:39:08.764+0000] {logging_mixin.py:190} INFO - [2024-11-29T14:39:08.764+0000] {dag.py:3239} INFO - Sync 1 DAGs
[2024-11-29T14:39:08.794+0000] {logging_mixin.py:190} INFO - [2024-11-29T14:39:08.793+0000] {dag.py:4180} INFO - Setting next_dagrun for example_task_group to None, run_after=None
[2024-11-29T14:39:08.834+0000] {processor.py:208} INFO - Processing /home/airflow/.local/lib/python3.12/site-packages/airflow/example_dags/example_task_group.py took 0.143 seconds
[2024-11-29T14:39:39.888+0000] {processor.py:186} INFO - Started process (PID=2515) to work on /home/airflow/.local/lib/python3.12/site-packages/airflow/example_dags/example_task_group.py
[2024-11-29T14:39:39.890+0000] {processor.py:914} INFO - Processing file /home/airflow/.local/lib/python3.12/site-packages/airflow/example_dags/example_task_group.py for tasks to queue
[2024-11-29T14:39:39.894+0000] {logging_mixin.py:190} INFO - [2024-11-29T14:39:39.894+0000] {dagbag.py:588} INFO - Filling up the DagBag from /home/airflow/.local/lib/python3.12/site-packages/airflow/example_dags/example_task_group.py
[2024-11-29T14:39:39.907+0000] {processor.py:925} INFO - DAG(s) 'example_task_group' retrieved from /home/airflow/.local/lib/python3.12/site-packages/airflow/example_dags/example_task_group.py
[2024-11-29T14:39:39.931+0000] {logging_mixin.py:190} INFO - [2024-11-29T14:39:39.931+0000] {dag.py:3239} INFO - Sync 1 DAGs
[2024-11-29T14:39:39.947+0000] {logging_mixin.py:190} INFO - [2024-11-29T14:39:39.946+0000] {dag.py:4180} INFO - Setting next_dagrun for example_task_group to None, run_after=None
[2024-11-29T14:39:39.970+0000] {processor.py:208} INFO - Processing /home/airflow/.local/lib/python3.12/site-packages/airflow/example_dags/example_task_group.py took 0.089 seconds
[2024-11-29T14:40:10.629+0000] {processor.py:186} INFO - Started process (PID=2579) to work on /home/airflow/.local/lib/python3.12/site-packages/airflow/example_dags/example_task_group.py
[2024-11-29T14:40:10.631+0000] {processor.py:914} INFO - Processing file /home/airflow/.local/lib/python3.12/site-packages/airflow/example_dags/example_task_group.py for tasks to queue
[2024-11-29T14:40:10.635+0000] {logging_mixin.py:190} INFO - [2024-11-29T14:40:10.635+0000] {dagbag.py:588} INFO - Filling up the DagBag from /home/airflow/.local/lib/python3.12/site-packages/airflow/example_dags/example_task_group.py
[2024-11-29T14:40:10.646+0000] {processor.py:925} INFO - DAG(s) 'example_task_group' retrieved from /home/airflow/.local/lib/python3.12/site-packages/airflow/example_dags/example_task_group.py
[2024-11-29T14:40:10.675+0000] {logging_mixin.py:190} INFO - [2024-11-29T14:40:10.675+0000] {dag.py:3239} INFO - Sync 1 DAGs
[2024-11-29T14:40:10.694+0000] {logging_mixin.py:190} INFO - [2024-11-29T14:40:10.693+0000] {dag.py:4180} INFO - Setting next_dagrun for example_task_group to None, run_after=None
[2024-11-29T14:40:10.719+0000] {processor.py:208} INFO - Processing /home/airflow/.local/lib/python3.12/site-packages/airflow/example_dags/example_task_group.py took 0.099 seconds
[2024-11-29T14:40:40.978+0000] {processor.py:186} INFO - Started process (PID=2642) to work on /home/airflow/.local/lib/python3.12/site-packages/airflow/example_dags/example_task_group.py
[2024-11-29T14:40:40.979+0000] {processor.py:914} INFO - Processing file /home/airflow/.local/lib/python3.12/site-packages/airflow/example_dags/example_task_group.py for tasks to queue
[2024-11-29T14:40:40.982+0000] {logging_mixin.py:190} INFO - [2024-11-29T14:40:40.982+0000] {dagbag.py:588} INFO - Filling up the DagBag from /home/airflow/.local/lib/python3.12/site-packages/airflow/example_dags/example_task_group.py
[2024-11-29T14:40:40.993+0000] {processor.py:925} INFO - DAG(s) 'example_task_group' retrieved from /home/airflow/.local/lib/python3.12/site-packages/airflow/example_dags/example_task_group.py
[2024-11-29T14:40:41.017+0000] {logging_mixin.py:190} INFO - [2024-11-29T14:40:41.016+0000] {dag.py:3239} INFO - Sync 1 DAGs
[2024-11-29T14:40:41.036+0000] {logging_mixin.py:190} INFO - [2024-11-29T14:40:41.035+0000] {dag.py:4180} INFO - Setting next_dagrun for example_task_group to None, run_after=None
[2024-11-29T14:40:41.059+0000] {processor.py:208} INFO - Processing /home/airflow/.local/lib/python3.12/site-packages/airflow/example_dags/example_task_group.py took 0.089 seconds
[2024-11-29T14:41:11.893+0000] {processor.py:186} INFO - Started process (PID=2705) to work on /home/airflow/.local/lib/python3.12/site-packages/airflow/example_dags/example_task_group.py
[2024-11-29T14:41:11.894+0000] {processor.py:914} INFO - Processing file /home/airflow/.local/lib/python3.12/site-packages/airflow/example_dags/example_task_group.py for tasks to queue
[2024-11-29T14:41:11.899+0000] {logging_mixin.py:190} INFO - [2024-11-29T14:41:11.898+0000] {dagbag.py:588} INFO - Filling up the DagBag from /home/airflow/.local/lib/python3.12/site-packages/airflow/example_dags/example_task_group.py
[2024-11-29T14:41:11.910+0000] {processor.py:925} INFO - DAG(s) 'example_task_group' retrieved from /home/airflow/.local/lib/python3.12/site-packages/airflow/example_dags/example_task_group.py
[2024-11-29T14:41:11.942+0000] {logging_mixin.py:190} INFO - [2024-11-29T14:41:11.942+0000] {dag.py:3239} INFO - Sync 1 DAGs
[2024-11-29T14:41:11.963+0000] {logging_mixin.py:190} INFO - [2024-11-29T14:41:11.963+0000] {dag.py:4180} INFO - Setting next_dagrun for example_task_group to None, run_after=None
[2024-11-29T14:41:11.990+0000] {processor.py:208} INFO - Processing /home/airflow/.local/lib/python3.12/site-packages/airflow/example_dags/example_task_group.py took 0.106 seconds
[2024-11-29T14:41:42.083+0000] {processor.py:186} INFO - Started process (PID=2768) to work on /home/airflow/.local/lib/python3.12/site-packages/airflow/example_dags/example_task_group.py
[2024-11-29T14:41:42.085+0000] {processor.py:914} INFO - Processing file /home/airflow/.local/lib/python3.12/site-packages/airflow/example_dags/example_task_group.py for tasks to queue
[2024-11-29T14:41:42.089+0000] {logging_mixin.py:190} INFO - [2024-11-29T14:41:42.088+0000] {dagbag.py:588} INFO - Filling up the DagBag from /home/airflow/.local/lib/python3.12/site-packages/airflow/example_dags/example_task_group.py
[2024-11-29T14:41:42.110+0000] {processor.py:925} INFO - DAG(s) 'example_task_group' retrieved from /home/airflow/.local/lib/python3.12/site-packages/airflow/example_dags/example_task_group.py
[2024-11-29T14:41:42.142+0000] {logging_mixin.py:190} INFO - [2024-11-29T14:41:42.142+0000] {dag.py:3239} INFO - Sync 1 DAGs
[2024-11-29T14:41:42.164+0000] {logging_mixin.py:190} INFO - [2024-11-29T14:41:42.164+0000] {dag.py:4180} INFO - Setting next_dagrun for example_task_group to None, run_after=None
[2024-11-29T14:41:42.191+0000] {processor.py:208} INFO - Processing /home/airflow/.local/lib/python3.12/site-packages/airflow/example_dags/example_task_group.py took 0.124 seconds
[2024-11-29T14:42:12.362+0000] {processor.py:186} INFO - Started process (PID=2831) to work on /home/airflow/.local/lib/python3.12/site-packages/airflow/example_dags/example_task_group.py
[2024-11-29T14:42:12.363+0000] {processor.py:914} INFO - Processing file /home/airflow/.local/lib/python3.12/site-packages/airflow/example_dags/example_task_group.py for tasks to queue
[2024-11-29T14:42:12.366+0000] {logging_mixin.py:190} INFO - [2024-11-29T14:42:12.366+0000] {dagbag.py:588} INFO - Filling up the DagBag from /home/airflow/.local/lib/python3.12/site-packages/airflow/example_dags/example_task_group.py
[2024-11-29T14:42:12.376+0000] {processor.py:925} INFO - DAG(s) 'example_task_group' retrieved from /home/airflow/.local/lib/python3.12/site-packages/airflow/example_dags/example_task_group.py
[2024-11-29T14:42:12.400+0000] {logging_mixin.py:190} INFO - [2024-11-29T14:42:12.400+0000] {dag.py:3239} INFO - Sync 1 DAGs
[2024-11-29T14:42:12.417+0000] {logging_mixin.py:190} INFO - [2024-11-29T14:42:12.417+0000] {dag.py:4180} INFO - Setting next_dagrun for example_task_group to None, run_after=None
[2024-11-29T14:42:12.441+0000] {processor.py:208} INFO - Processing /home/airflow/.local/lib/python3.12/site-packages/airflow/example_dags/example_task_group.py took 0.088 seconds
[2024-11-29T14:42:43.154+0000] {processor.py:186} INFO - Started process (PID=2894) to work on /home/airflow/.local/lib/python3.12/site-packages/airflow/example_dags/example_task_group.py
[2024-11-29T14:42:43.155+0000] {processor.py:914} INFO - Processing file /home/airflow/.local/lib/python3.12/site-packages/airflow/example_dags/example_task_group.py for tasks to queue
[2024-11-29T14:42:43.159+0000] {logging_mixin.py:190} INFO - [2024-11-29T14:42:43.158+0000] {dagbag.py:588} INFO - Filling up the DagBag from /home/airflow/.local/lib/python3.12/site-packages/airflow/example_dags/example_task_group.py
[2024-11-29T14:42:43.170+0000] {processor.py:925} INFO - DAG(s) 'example_task_group' retrieved from /home/airflow/.local/lib/python3.12/site-packages/airflow/example_dags/example_task_group.py
[2024-11-29T14:42:43.198+0000] {logging_mixin.py:190} INFO - [2024-11-29T14:42:43.198+0000] {dag.py:3239} INFO - Sync 1 DAGs
[2024-11-29T14:42:43.219+0000] {logging_mixin.py:190} INFO - [2024-11-29T14:42:43.218+0000] {dag.py:4180} INFO - Setting next_dagrun for example_task_group to None, run_after=None
[2024-11-29T14:42:43.249+0000] {processor.py:208} INFO - Processing /home/airflow/.local/lib/python3.12/site-packages/airflow/example_dags/example_task_group.py took 0.103 seconds
[2024-11-29T14:43:13.550+0000] {processor.py:186} INFO - Started process (PID=2957) to work on /home/airflow/.local/lib/python3.12/site-packages/airflow/example_dags/example_task_group.py
[2024-11-29T14:43:13.551+0000] {processor.py:914} INFO - Processing file /home/airflow/.local/lib/python3.12/site-packages/airflow/example_dags/example_task_group.py for tasks to queue
[2024-11-29T14:43:13.554+0000] {logging_mixin.py:190} INFO - [2024-11-29T14:43:13.554+0000] {dagbag.py:588} INFO - Filling up the DagBag from /home/airflow/.local/lib/python3.12/site-packages/airflow/example_dags/example_task_group.py
[2024-11-29T14:43:13.565+0000] {processor.py:925} INFO - DAG(s) 'example_task_group' retrieved from /home/airflow/.local/lib/python3.12/site-packages/airflow/example_dags/example_task_group.py
[2024-11-29T14:43:13.592+0000] {logging_mixin.py:190} INFO - [2024-11-29T14:43:13.591+0000] {dag.py:3239} INFO - Sync 1 DAGs
[2024-11-29T14:43:13.615+0000] {logging_mixin.py:190} INFO - [2024-11-29T14:43:13.615+0000] {dag.py:4180} INFO - Setting next_dagrun for example_task_group to None, run_after=None
[2024-11-29T14:43:13.642+0000] {processor.py:208} INFO - Processing /home/airflow/.local/lib/python3.12/site-packages/airflow/example_dags/example_task_group.py took 0.101 seconds
[2024-11-29T14:43:44.267+0000] {processor.py:186} INFO - Started process (PID=3020) to work on /home/airflow/.local/lib/python3.12/site-packages/airflow/example_dags/example_task_group.py
[2024-11-29T14:43:44.268+0000] {processor.py:914} INFO - Processing file /home/airflow/.local/lib/python3.12/site-packages/airflow/example_dags/example_task_group.py for tasks to queue
[2024-11-29T14:43:44.271+0000] {logging_mixin.py:190} INFO - [2024-11-29T14:43:44.270+0000] {dagbag.py:588} INFO - Filling up the DagBag from /home/airflow/.local/lib/python3.12/site-packages/airflow/example_dags/example_task_group.py
[2024-11-29T14:43:44.281+0000] {processor.py:925} INFO - DAG(s) 'example_task_group' retrieved from /home/airflow/.local/lib/python3.12/site-packages/airflow/example_dags/example_task_group.py
[2024-11-29T14:43:44.307+0000] {logging_mixin.py:190} INFO - [2024-11-29T14:43:44.307+0000] {dag.py:3239} INFO - Sync 1 DAGs
[2024-11-29T14:43:44.326+0000] {logging_mixin.py:190} INFO - [2024-11-29T14:43:44.326+0000] {dag.py:4180} INFO - Setting next_dagrun for example_task_group to None, run_after=None
[2024-11-29T14:43:44.350+0000] {processor.py:208} INFO - Processing /home/airflow/.local/lib/python3.12/site-packages/airflow/example_dags/example_task_group.py took 0.090 seconds
[2024-11-29T14:44:14.506+0000] {processor.py:186} INFO - Started process (PID=3083) to work on /home/airflow/.local/lib/python3.12/site-packages/airflow/example_dags/example_task_group.py
[2024-11-29T14:44:14.507+0000] {processor.py:914} INFO - Processing file /home/airflow/.local/lib/python3.12/site-packages/airflow/example_dags/example_task_group.py for tasks to queue
[2024-11-29T14:44:14.510+0000] {logging_mixin.py:190} INFO - [2024-11-29T14:44:14.510+0000] {dagbag.py:588} INFO - Filling up the DagBag from /home/airflow/.local/lib/python3.12/site-packages/airflow/example_dags/example_task_group.py
[2024-11-29T14:44:14.524+0000] {processor.py:925} INFO - DAG(s) 'example_task_group' retrieved from /home/airflow/.local/lib/python3.12/site-packages/airflow/example_dags/example_task_group.py
[2024-11-29T14:44:14.564+0000] {logging_mixin.py:190} INFO - [2024-11-29T14:44:14.564+0000] {dag.py:3239} INFO - Sync 1 DAGs
[2024-11-29T14:44:14.585+0000] {logging_mixin.py:190} INFO - [2024-11-29T14:44:14.584+0000] {dag.py:4180} INFO - Setting next_dagrun for example_task_group to None, run_after=None
[2024-11-29T14:44:14.616+0000] {processor.py:208} INFO - Processing /home/airflow/.local/lib/python3.12/site-packages/airflow/example_dags/example_task_group.py took 0.117 seconds
[2024-11-29T14:44:44.942+0000] {processor.py:186} INFO - Started process (PID=3146) to work on /home/airflow/.local/lib/python3.12/site-packages/airflow/example_dags/example_task_group.py
[2024-11-29T14:44:44.944+0000] {processor.py:914} INFO - Processing file /home/airflow/.local/lib/python3.12/site-packages/airflow/example_dags/example_task_group.py for tasks to queue
[2024-11-29T14:44:44.946+0000] {logging_mixin.py:190} INFO - [2024-11-29T14:44:44.946+0000] {dagbag.py:588} INFO - Filling up the DagBag from /home/airflow/.local/lib/python3.12/site-packages/airflow/example_dags/example_task_group.py
[2024-11-29T14:44:44.958+0000] {processor.py:925} INFO - DAG(s) 'example_task_group' retrieved from /home/airflow/.local/lib/python3.12/site-packages/airflow/example_dags/example_task_group.py
[2024-11-29T14:44:44.981+0000] {logging_mixin.py:190} INFO - [2024-11-29T14:44:44.981+0000] {dag.py:3239} INFO - Sync 1 DAGs
[2024-11-29T14:44:45.000+0000] {logging_mixin.py:190} INFO - [2024-11-29T14:44:45.000+0000] {dag.py:4180} INFO - Setting next_dagrun for example_task_group to None, run_after=None
[2024-11-29T14:44:45.026+0000] {processor.py:208} INFO - Processing /home/airflow/.local/lib/python3.12/site-packages/airflow/example_dags/example_task_group.py took 0.091 seconds
[2024-11-29T14:45:15.392+0000] {processor.py:186} INFO - Started process (PID=3209) to work on /home/airflow/.local/lib/python3.12/site-packages/airflow/example_dags/example_task_group.py
[2024-11-29T14:45:15.394+0000] {processor.py:914} INFO - Processing file /home/airflow/.local/lib/python3.12/site-packages/airflow/example_dags/example_task_group.py for tasks to queue
[2024-11-29T14:45:15.397+0000] {logging_mixin.py:190} INFO - [2024-11-29T14:45:15.396+0000] {dagbag.py:588} INFO - Filling up the DagBag from /home/airflow/.local/lib/python3.12/site-packages/airflow/example_dags/example_task_group.py
[2024-11-29T14:45:15.407+0000] {processor.py:925} INFO - DAG(s) 'example_task_group' retrieved from /home/airflow/.local/lib/python3.12/site-packages/airflow/example_dags/example_task_group.py
[2024-11-29T14:45:15.431+0000] {logging_mixin.py:190} INFO - [2024-11-29T14:45:15.431+0000] {dag.py:3239} INFO - Sync 1 DAGs
[2024-11-29T14:45:15.449+0000] {logging_mixin.py:190} INFO - [2024-11-29T14:45:15.448+0000] {dag.py:4180} INFO - Setting next_dagrun for example_task_group to None, run_after=None
[2024-11-29T14:45:15.472+0000] {processor.py:208} INFO - Processing /home/airflow/.local/lib/python3.12/site-packages/airflow/example_dags/example_task_group.py took 0.087 seconds
[2024-11-29T14:45:46.367+0000] {processor.py:186} INFO - Started process (PID=3272) to work on /home/airflow/.local/lib/python3.12/site-packages/airflow/example_dags/example_task_group.py
[2024-11-29T14:45:46.369+0000] {processor.py:914} INFO - Processing file /home/airflow/.local/lib/python3.12/site-packages/airflow/example_dags/example_task_group.py for tasks to queue
[2024-11-29T14:45:46.372+0000] {logging_mixin.py:190} INFO - [2024-11-29T14:45:46.372+0000] {dagbag.py:588} INFO - Filling up the DagBag from /home/airflow/.local/lib/python3.12/site-packages/airflow/example_dags/example_task_group.py
[2024-11-29T14:45:46.386+0000] {processor.py:925} INFO - DAG(s) 'example_task_group' retrieved from /home/airflow/.local/lib/python3.12/site-packages/airflow/example_dags/example_task_group.py
[2024-11-29T14:45:46.414+0000] {logging_mixin.py:190} INFO - [2024-11-29T14:45:46.413+0000] {dag.py:3239} INFO - Sync 1 DAGs
[2024-11-29T14:45:46.432+0000] {logging_mixin.py:190} INFO - [2024-11-29T14:45:46.432+0000] {dag.py:4180} INFO - Setting next_dagrun for example_task_group to None, run_after=None
[2024-11-29T14:45:46.460+0000] {processor.py:208} INFO - Processing /home/airflow/.local/lib/python3.12/site-packages/airflow/example_dags/example_task_group.py took 0.101 seconds
[2024-11-29T14:46:17.605+0000] {processor.py:186} INFO - Started process (PID=3335) to work on /home/airflow/.local/lib/python3.12/site-packages/airflow/example_dags/example_task_group.py
[2024-11-29T14:46:17.606+0000] {processor.py:914} INFO - Processing file /home/airflow/.local/lib/python3.12/site-packages/airflow/example_dags/example_task_group.py for tasks to queue
[2024-11-29T14:46:17.610+0000] {logging_mixin.py:190} INFO - [2024-11-29T14:46:17.609+0000] {dagbag.py:588} INFO - Filling up the DagBag from /home/airflow/.local/lib/python3.12/site-packages/airflow/example_dags/example_task_group.py
[2024-11-29T14:46:17.621+0000] {processor.py:925} INFO - DAG(s) 'example_task_group' retrieved from /home/airflow/.local/lib/python3.12/site-packages/airflow/example_dags/example_task_group.py
[2024-11-29T14:46:17.647+0000] {logging_mixin.py:190} INFO - [2024-11-29T14:46:17.647+0000] {dag.py:3239} INFO - Sync 1 DAGs
[2024-11-29T14:46:17.665+0000] {logging_mixin.py:190} INFO - [2024-11-29T14:46:17.664+0000] {dag.py:4180} INFO - Setting next_dagrun for example_task_group to None, run_after=None
[2024-11-29T14:46:17.952+0000] {processor.py:208} INFO - Processing /home/airflow/.local/lib/python3.12/site-packages/airflow/example_dags/example_task_group.py took 0.354 seconds
[2024-11-29T14:46:48.123+0000] {processor.py:186} INFO - Started process (PID=3399) to work on /home/airflow/.local/lib/python3.12/site-packages/airflow/example_dags/example_task_group.py
[2024-11-29T14:46:48.124+0000] {processor.py:914} INFO - Processing file /home/airflow/.local/lib/python3.12/site-packages/airflow/example_dags/example_task_group.py for tasks to queue
[2024-11-29T14:46:48.127+0000] {logging_mixin.py:190} INFO - [2024-11-29T14:46:48.127+0000] {dagbag.py:588} INFO - Filling up the DagBag from /home/airflow/.local/lib/python3.12/site-packages/airflow/example_dags/example_task_group.py
[2024-11-29T14:46:48.140+0000] {processor.py:925} INFO - DAG(s) 'example_task_group' retrieved from /home/airflow/.local/lib/python3.12/site-packages/airflow/example_dags/example_task_group.py
[2024-11-29T14:46:48.164+0000] {logging_mixin.py:190} INFO - [2024-11-29T14:46:48.164+0000] {dag.py:3239} INFO - Sync 1 DAGs
[2024-11-29T14:46:48.182+0000] {logging_mixin.py:190} INFO - [2024-11-29T14:46:48.182+0000] {dag.py:4180} INFO - Setting next_dagrun for example_task_group to None, run_after=None
[2024-11-29T14:46:48.210+0000] {processor.py:208} INFO - Processing /home/airflow/.local/lib/python3.12/site-packages/airflow/example_dags/example_task_group.py took 0.093 seconds
[2024-11-29T14:47:18.331+0000] {processor.py:186} INFO - Started process (PID=3462) to work on /home/airflow/.local/lib/python3.12/site-packages/airflow/example_dags/example_task_group.py
[2024-11-29T14:47:18.334+0000] {processor.py:914} INFO - Processing file /home/airflow/.local/lib/python3.12/site-packages/airflow/example_dags/example_task_group.py for tasks to queue
[2024-11-29T14:47:18.340+0000] {logging_mixin.py:190} INFO - [2024-11-29T14:47:18.339+0000] {dagbag.py:588} INFO - Filling up the DagBag from /home/airflow/.local/lib/python3.12/site-packages/airflow/example_dags/example_task_group.py
[2024-11-29T14:47:18.370+0000] {processor.py:925} INFO - DAG(s) 'example_task_group' retrieved from /home/airflow/.local/lib/python3.12/site-packages/airflow/example_dags/example_task_group.py
[2024-11-29T14:47:18.435+0000] {logging_mixin.py:190} INFO - [2024-11-29T14:47:18.435+0000] {dag.py:3239} INFO - Sync 1 DAGs
[2024-11-29T14:47:18.457+0000] {logging_mixin.py:190} INFO - [2024-11-29T14:47:18.457+0000] {dag.py:4180} INFO - Setting next_dagrun for example_task_group to None, run_after=None
[2024-11-29T14:47:18.478+0000] {processor.py:208} INFO - Processing /home/airflow/.local/lib/python3.12/site-packages/airflow/example_dags/example_task_group.py took 0.164 seconds
[2024-11-29T14:47:49.265+0000] {processor.py:186} INFO - Started process (PID=3525) to work on /home/airflow/.local/lib/python3.12/site-packages/airflow/example_dags/example_task_group.py
[2024-11-29T14:47:49.267+0000] {processor.py:914} INFO - Processing file /home/airflow/.local/lib/python3.12/site-packages/airflow/example_dags/example_task_group.py for tasks to queue
[2024-11-29T14:47:49.270+0000] {logging_mixin.py:190} INFO - [2024-11-29T14:47:49.269+0000] {dagbag.py:588} INFO - Filling up the DagBag from /home/airflow/.local/lib/python3.12/site-packages/airflow/example_dags/example_task_group.py
[2024-11-29T14:47:49.467+0000] {processor.py:925} INFO - DAG(s) 'example_task_group' retrieved from /home/airflow/.local/lib/python3.12/site-packages/airflow/example_dags/example_task_group.py
[2024-11-29T14:47:49.488+0000] {logging_mixin.py:190} INFO - [2024-11-29T14:47:49.488+0000] {dag.py:3239} INFO - Sync 1 DAGs
[2024-11-29T14:47:49.504+0000] {logging_mixin.py:190} INFO - [2024-11-29T14:47:49.503+0000] {dag.py:4180} INFO - Setting next_dagrun for example_task_group to None, run_after=None
[2024-11-29T14:47:49.527+0000] {processor.py:208} INFO - Processing /home/airflow/.local/lib/python3.12/site-packages/airflow/example_dags/example_task_group.py took 0.267 seconds
[2024-11-29T14:48:19.835+0000] {processor.py:186} INFO - Started process (PID=3588) to work on /home/airflow/.local/lib/python3.12/site-packages/airflow/example_dags/example_task_group.py
[2024-11-29T14:48:19.836+0000] {processor.py:914} INFO - Processing file /home/airflow/.local/lib/python3.12/site-packages/airflow/example_dags/example_task_group.py for tasks to queue
[2024-11-29T14:48:19.839+0000] {logging_mixin.py:190} INFO - [2024-11-29T14:48:19.839+0000] {dagbag.py:588} INFO - Filling up the DagBag from /home/airflow/.local/lib/python3.12/site-packages/airflow/example_dags/example_task_group.py
[2024-11-29T14:48:19.850+0000] {processor.py:925} INFO - DAG(s) 'example_task_group' retrieved from /home/airflow/.local/lib/python3.12/site-packages/airflow/example_dags/example_task_group.py
[2024-11-29T14:48:19.877+0000] {logging_mixin.py:190} INFO - [2024-11-29T14:48:19.877+0000] {dag.py:3239} INFO - Sync 1 DAGs
[2024-11-29T14:48:19.897+0000] {logging_mixin.py:190} INFO - [2024-11-29T14:48:19.897+0000] {dag.py:4180} INFO - Setting next_dagrun for example_task_group to None, run_after=None
[2024-11-29T14:48:19.920+0000] {processor.py:208} INFO - Processing /home/airflow/.local/lib/python3.12/site-packages/airflow/example_dags/example_task_group.py took 0.094 seconds
[2024-11-29T14:48:50.640+0000] {processor.py:186} INFO - Started process (PID=3652) to work on /home/airflow/.local/lib/python3.12/site-packages/airflow/example_dags/example_task_group.py
[2024-11-29T14:48:50.642+0000] {processor.py:914} INFO - Processing file /home/airflow/.local/lib/python3.12/site-packages/airflow/example_dags/example_task_group.py for tasks to queue
[2024-11-29T14:48:50.649+0000] {logging_mixin.py:190} INFO - [2024-11-29T14:48:50.648+0000] {dagbag.py:588} INFO - Filling up the DagBag from /home/airflow/.local/lib/python3.12/site-packages/airflow/example_dags/example_task_group.py
[2024-11-29T14:48:50.668+0000] {processor.py:925} INFO - DAG(s) 'example_task_group' retrieved from /home/airflow/.local/lib/python3.12/site-packages/airflow/example_dags/example_task_group.py
[2024-11-29T14:48:50.706+0000] {logging_mixin.py:190} INFO - [2024-11-29T14:48:50.705+0000] {dag.py:3239} INFO - Sync 1 DAGs
[2024-11-29T14:48:50.733+0000] {logging_mixin.py:190} INFO - [2024-11-29T14:48:50.733+0000] {dag.py:4180} INFO - Setting next_dagrun for example_task_group to None, run_after=None
[2024-11-29T14:48:50.777+0000] {processor.py:208} INFO - Processing /home/airflow/.local/lib/python3.12/site-packages/airflow/example_dags/example_task_group.py took 0.193 seconds
[2024-11-29T14:49:20.836+0000] {processor.py:186} INFO - Started process (PID=3715) to work on /home/airflow/.local/lib/python3.12/site-packages/airflow/example_dags/example_task_group.py
[2024-11-29T14:49:20.837+0000] {processor.py:914} INFO - Processing file /home/airflow/.local/lib/python3.12/site-packages/airflow/example_dags/example_task_group.py for tasks to queue
[2024-11-29T14:49:20.840+0000] {logging_mixin.py:190} INFO - [2024-11-29T14:49:20.840+0000] {dagbag.py:588} INFO - Filling up the DagBag from /home/airflow/.local/lib/python3.12/site-packages/airflow/example_dags/example_task_group.py
[2024-11-29T14:49:20.851+0000] {processor.py:925} INFO - DAG(s) 'example_task_group' retrieved from /home/airflow/.local/lib/python3.12/site-packages/airflow/example_dags/example_task_group.py
[2024-11-29T14:49:20.877+0000] {logging_mixin.py:190} INFO - [2024-11-29T14:49:20.876+0000] {dag.py:3239} INFO - Sync 1 DAGs
[2024-11-29T14:49:20.895+0000] {logging_mixin.py:190} INFO - [2024-11-29T14:49:20.894+0000] {dag.py:4180} INFO - Setting next_dagrun for example_task_group to None, run_after=None
[2024-11-29T14:49:20.922+0000] {processor.py:208} INFO - Processing /home/airflow/.local/lib/python3.12/site-packages/airflow/example_dags/example_task_group.py took 0.093 seconds
