[2024-11-29T14:05:13.780+0000] {processor.py:186} INFO - Started process (PID=107) to work on /home/airflow/.local/lib/python3.12/site-packages/airflow/example_dags/example_sla_dag.py
[2024-11-29T14:05:13.781+0000] {processor.py:914} INFO - Processing file /home/airflow/.local/lib/python3.12/site-packages/airflow/example_dags/example_sla_dag.py for tasks to queue
[2024-11-29T14:05:13.784+0000] {logging_mixin.py:190} INFO - [2024-11-29T14:05:13.784+0000] {dagbag.py:588} INFO - Filling up the DagBag from /home/airflow/.local/lib/python3.12/site-packages/airflow/example_dags/example_sla_dag.py
[2024-11-29T14:05:13.798+0000] {processor.py:925} INFO - DAG(s) 'example_sla_dag' retrieved from /home/airflow/.local/lib/python3.12/site-packages/airflow/example_dags/example_sla_dag.py
[2024-11-29T14:05:13.834+0000] {logging_mixin.py:190} INFO - [2024-11-29T14:05:13.834+0000] {dag.py:3239} INFO - Sync 1 DAGs
[2024-11-29T14:05:13.867+0000] {logging_mixin.py:190} INFO - [2024-11-29T14:05:13.867+0000] {dag.py:4180} INFO - Setting next_dagrun for example_sla_dag to 2024-11-29 14:02:00+00:00, run_after=2024-11-29 14:04:00+00:00
[2024-11-29T14:05:13.903+0000] {processor.py:208} INFO - Processing /home/airflow/.local/lib/python3.12/site-packages/airflow/example_dags/example_sla_dag.py took 0.130 seconds
[2024-11-29T14:05:44.897+0000] {processor.py:186} INFO - Started process (PID=169) to work on /home/airflow/.local/lib/python3.12/site-packages/airflow/example_dags/example_sla_dag.py
[2024-11-29T14:05:44.898+0000] {processor.py:914} INFO - Processing file /home/airflow/.local/lib/python3.12/site-packages/airflow/example_dags/example_sla_dag.py for tasks to queue
[2024-11-29T14:05:44.902+0000] {logging_mixin.py:190} INFO - [2024-11-29T14:05:44.901+0000] {dagbag.py:588} INFO - Filling up the DagBag from /home/airflow/.local/lib/python3.12/site-packages/airflow/example_dags/example_sla_dag.py
[2024-11-29T14:05:44.915+0000] {processor.py:925} INFO - DAG(s) 'example_sla_dag' retrieved from /home/airflow/.local/lib/python3.12/site-packages/airflow/example_dags/example_sla_dag.py
[2024-11-29T14:05:44.938+0000] {logging_mixin.py:190} INFO - [2024-11-29T14:05:44.938+0000] {dag.py:3239} INFO - Sync 1 DAGs
[2024-11-29T14:05:44.975+0000] {logging_mixin.py:190} INFO - [2024-11-29T14:05:44.975+0000] {dag.py:4180} INFO - Setting next_dagrun for example_sla_dag to 2024-11-29 14:02:00+00:00, run_after=2024-11-29 14:04:00+00:00
[2024-11-29T14:05:44.999+0000] {processor.py:208} INFO - Processing /home/airflow/.local/lib/python3.12/site-packages/airflow/example_dags/example_sla_dag.py took 0.108 seconds
[2024-11-29T14:06:16.101+0000] {processor.py:186} INFO - Started process (PID=232) to work on /home/airflow/.local/lib/python3.12/site-packages/airflow/example_dags/example_sla_dag.py
[2024-11-29T14:06:16.103+0000] {processor.py:914} INFO - Processing file /home/airflow/.local/lib/python3.12/site-packages/airflow/example_dags/example_sla_dag.py for tasks to queue
[2024-11-29T14:06:16.108+0000] {logging_mixin.py:190} INFO - [2024-11-29T14:06:16.107+0000] {dagbag.py:588} INFO - Filling up the DagBag from /home/airflow/.local/lib/python3.12/site-packages/airflow/example_dags/example_sla_dag.py
[2024-11-29T14:06:16.124+0000] {processor.py:925} INFO - DAG(s) 'example_sla_dag' retrieved from /home/airflow/.local/lib/python3.12/site-packages/airflow/example_dags/example_sla_dag.py
[2024-11-29T14:06:16.151+0000] {logging_mixin.py:190} INFO - [2024-11-29T14:06:16.151+0000] {dag.py:3239} INFO - Sync 1 DAGs
[2024-11-29T14:06:16.204+0000] {logging_mixin.py:190} INFO - [2024-11-29T14:06:16.204+0000] {dag.py:4180} INFO - Setting next_dagrun for example_sla_dag to 2024-11-29 14:04:00+00:00, run_after=2024-11-29 14:06:00+00:00
[2024-11-29T14:06:16.238+0000] {processor.py:208} INFO - Processing /home/airflow/.local/lib/python3.12/site-packages/airflow/example_dags/example_sla_dag.py took 0.145 seconds
[2024-11-29T14:06:46.392+0000] {processor.py:186} INFO - Started process (PID=295) to work on /home/airflow/.local/lib/python3.12/site-packages/airflow/example_dags/example_sla_dag.py
[2024-11-29T14:06:46.393+0000] {processor.py:914} INFO - Processing file /home/airflow/.local/lib/python3.12/site-packages/airflow/example_dags/example_sla_dag.py for tasks to queue
[2024-11-29T14:06:46.396+0000] {logging_mixin.py:190} INFO - [2024-11-29T14:06:46.396+0000] {dagbag.py:588} INFO - Filling up the DagBag from /home/airflow/.local/lib/python3.12/site-packages/airflow/example_dags/example_sla_dag.py
[2024-11-29T14:06:46.408+0000] {processor.py:925} INFO - DAG(s) 'example_sla_dag' retrieved from /home/airflow/.local/lib/python3.12/site-packages/airflow/example_dags/example_sla_dag.py
[2024-11-29T14:06:46.428+0000] {logging_mixin.py:190} INFO - [2024-11-29T14:06:46.428+0000] {dag.py:3239} INFO - Sync 1 DAGs
[2024-11-29T14:06:46.462+0000] {logging_mixin.py:190} INFO - [2024-11-29T14:06:46.462+0000] {dag.py:4180} INFO - Setting next_dagrun for example_sla_dag to 2024-11-29 14:04:00+00:00, run_after=2024-11-29 14:06:00+00:00
[2024-11-29T14:06:46.495+0000] {processor.py:208} INFO - Processing /home/airflow/.local/lib/python3.12/site-packages/airflow/example_dags/example_sla_dag.py took 0.110 seconds
[2024-11-29T14:07:17.277+0000] {processor.py:186} INFO - Started process (PID=357) to work on /home/airflow/.local/lib/python3.12/site-packages/airflow/example_dags/example_sla_dag.py
[2024-11-29T14:07:17.278+0000] {processor.py:914} INFO - Processing file /home/airflow/.local/lib/python3.12/site-packages/airflow/example_dags/example_sla_dag.py for tasks to queue
[2024-11-29T14:07:17.281+0000] {logging_mixin.py:190} INFO - [2024-11-29T14:07:17.280+0000] {dagbag.py:588} INFO - Filling up the DagBag from /home/airflow/.local/lib/python3.12/site-packages/airflow/example_dags/example_sla_dag.py
[2024-11-29T14:07:17.294+0000] {processor.py:925} INFO - DAG(s) 'example_sla_dag' retrieved from /home/airflow/.local/lib/python3.12/site-packages/airflow/example_dags/example_sla_dag.py
[2024-11-29T14:07:17.316+0000] {logging_mixin.py:190} INFO - [2024-11-29T14:07:17.316+0000] {dag.py:3239} INFO - Sync 1 DAGs
[2024-11-29T14:07:17.349+0000] {logging_mixin.py:190} INFO - [2024-11-29T14:07:17.348+0000] {dag.py:4180} INFO - Setting next_dagrun for example_sla_dag to 2024-11-29 14:04:00+00:00, run_after=2024-11-29 14:06:00+00:00
[2024-11-29T14:07:17.372+0000] {processor.py:208} INFO - Processing /home/airflow/.local/lib/python3.12/site-packages/airflow/example_dags/example_sla_dag.py took 0.103 seconds
[2024-11-29T14:07:47.592+0000] {processor.py:186} INFO - Started process (PID=419) to work on /home/airflow/.local/lib/python3.12/site-packages/airflow/example_dags/example_sla_dag.py
[2024-11-29T14:07:47.593+0000] {processor.py:914} INFO - Processing file /home/airflow/.local/lib/python3.12/site-packages/airflow/example_dags/example_sla_dag.py for tasks to queue
[2024-11-29T14:07:47.595+0000] {logging_mixin.py:190} INFO - [2024-11-29T14:07:47.595+0000] {dagbag.py:588} INFO - Filling up the DagBag from /home/airflow/.local/lib/python3.12/site-packages/airflow/example_dags/example_sla_dag.py
[2024-11-29T14:07:47.608+0000] {processor.py:925} INFO - DAG(s) 'example_sla_dag' retrieved from /home/airflow/.local/lib/python3.12/site-packages/airflow/example_dags/example_sla_dag.py
[2024-11-29T14:07:47.635+0000] {logging_mixin.py:190} INFO - [2024-11-29T14:07:47.635+0000] {dag.py:3239} INFO - Sync 1 DAGs
[2024-11-29T14:07:47.670+0000] {logging_mixin.py:190} INFO - [2024-11-29T14:07:47.670+0000] {dag.py:4180} INFO - Setting next_dagrun for example_sla_dag to 2024-11-29 14:04:00+00:00, run_after=2024-11-29 14:06:00+00:00
[2024-11-29T14:07:47.700+0000] {processor.py:208} INFO - Processing /home/airflow/.local/lib/python3.12/site-packages/airflow/example_dags/example_sla_dag.py took 0.116 seconds
[2024-11-29T14:08:18.425+0000] {processor.py:186} INFO - Started process (PID=481) to work on /home/airflow/.local/lib/python3.12/site-packages/airflow/example_dags/example_sla_dag.py
[2024-11-29T14:08:18.427+0000] {processor.py:914} INFO - Processing file /home/airflow/.local/lib/python3.12/site-packages/airflow/example_dags/example_sla_dag.py for tasks to queue
[2024-11-29T14:08:18.430+0000] {logging_mixin.py:190} INFO - [2024-11-29T14:08:18.430+0000] {dagbag.py:588} INFO - Filling up the DagBag from /home/airflow/.local/lib/python3.12/site-packages/airflow/example_dags/example_sla_dag.py
[2024-11-29T14:08:18.443+0000] {processor.py:925} INFO - DAG(s) 'example_sla_dag' retrieved from /home/airflow/.local/lib/python3.12/site-packages/airflow/example_dags/example_sla_dag.py
[2024-11-29T14:08:18.467+0000] {logging_mixin.py:190} INFO - [2024-11-29T14:08:18.467+0000] {dag.py:3239} INFO - Sync 1 DAGs
[2024-11-29T14:08:18.506+0000] {logging_mixin.py:190} INFO - [2024-11-29T14:08:18.505+0000] {dag.py:4180} INFO - Setting next_dagrun for example_sla_dag to 2024-11-29 14:06:00+00:00, run_after=2024-11-29 14:08:00+00:00
[2024-11-29T14:08:18.530+0000] {processor.py:208} INFO - Processing /home/airflow/.local/lib/python3.12/site-packages/airflow/example_dags/example_sla_dag.py took 0.111 seconds
[2024-11-29T14:08:48.576+0000] {processor.py:186} INFO - Started process (PID=544) to work on /home/airflow/.local/lib/python3.12/site-packages/airflow/example_dags/example_sla_dag.py
[2024-11-29T14:08:48.578+0000] {processor.py:914} INFO - Processing file /home/airflow/.local/lib/python3.12/site-packages/airflow/example_dags/example_sla_dag.py for tasks to queue
[2024-11-29T14:08:48.581+0000] {logging_mixin.py:190} INFO - [2024-11-29T14:08:48.581+0000] {dagbag.py:588} INFO - Filling up the DagBag from /home/airflow/.local/lib/python3.12/site-packages/airflow/example_dags/example_sla_dag.py
[2024-11-29T14:08:48.594+0000] {processor.py:925} INFO - DAG(s) 'example_sla_dag' retrieved from /home/airflow/.local/lib/python3.12/site-packages/airflow/example_dags/example_sla_dag.py
[2024-11-29T14:08:48.618+0000] {logging_mixin.py:190} INFO - [2024-11-29T14:08:48.618+0000] {dag.py:3239} INFO - Sync 1 DAGs
[2024-11-29T14:08:48.649+0000] {logging_mixin.py:190} INFO - [2024-11-29T14:08:48.649+0000] {dag.py:4180} INFO - Setting next_dagrun for example_sla_dag to 2024-11-29 14:06:00+00:00, run_after=2024-11-29 14:08:00+00:00
[2024-11-29T14:08:48.674+0000] {processor.py:208} INFO - Processing /home/airflow/.local/lib/python3.12/site-packages/airflow/example_dags/example_sla_dag.py took 0.104 seconds
[2024-11-29T14:09:19.621+0000] {processor.py:186} INFO - Started process (PID=607) to work on /home/airflow/.local/lib/python3.12/site-packages/airflow/example_dags/example_sla_dag.py
[2024-11-29T14:09:19.623+0000] {processor.py:914} INFO - Processing file /home/airflow/.local/lib/python3.12/site-packages/airflow/example_dags/example_sla_dag.py for tasks to queue
[2024-11-29T14:09:19.626+0000] {logging_mixin.py:190} INFO - [2024-11-29T14:09:19.626+0000] {dagbag.py:588} INFO - Filling up the DagBag from /home/airflow/.local/lib/python3.12/site-packages/airflow/example_dags/example_sla_dag.py
[2024-11-29T14:09:19.639+0000] {processor.py:925} INFO - DAG(s) 'example_sla_dag' retrieved from /home/airflow/.local/lib/python3.12/site-packages/airflow/example_dags/example_sla_dag.py
[2024-11-29T14:09:19.662+0000] {logging_mixin.py:190} INFO - [2024-11-29T14:09:19.662+0000] {dag.py:3239} INFO - Sync 1 DAGs
[2024-11-29T14:09:19.702+0000] {logging_mixin.py:190} INFO - [2024-11-29T14:09:19.702+0000] {dag.py:4180} INFO - Setting next_dagrun for example_sla_dag to 2024-11-29 14:06:00+00:00, run_after=2024-11-29 14:08:00+00:00
[2024-11-29T14:09:19.727+0000] {processor.py:208} INFO - Processing /home/airflow/.local/lib/python3.12/site-packages/airflow/example_dags/example_sla_dag.py took 0.114 seconds
[2024-11-29T14:09:49.870+0000] {processor.py:186} INFO - Started process (PID=670) to work on /home/airflow/.local/lib/python3.12/site-packages/airflow/example_dags/example_sla_dag.py
[2024-11-29T14:09:49.872+0000] {processor.py:914} INFO - Processing file /home/airflow/.local/lib/python3.12/site-packages/airflow/example_dags/example_sla_dag.py for tasks to queue
[2024-11-29T14:09:49.876+0000] {logging_mixin.py:190} INFO - [2024-11-29T14:09:49.876+0000] {dagbag.py:588} INFO - Filling up the DagBag from /home/airflow/.local/lib/python3.12/site-packages/airflow/example_dags/example_sla_dag.py
[2024-11-29T14:09:49.893+0000] {processor.py:925} INFO - DAG(s) 'example_sla_dag' retrieved from /home/airflow/.local/lib/python3.12/site-packages/airflow/example_dags/example_sla_dag.py
[2024-11-29T14:09:49.924+0000] {logging_mixin.py:190} INFO - [2024-11-29T14:09:49.923+0000] {dag.py:3239} INFO - Sync 1 DAGs
[2024-11-29T14:09:49.960+0000] {logging_mixin.py:190} INFO - [2024-11-29T14:09:49.960+0000] {dag.py:4180} INFO - Setting next_dagrun for example_sla_dag to 2024-11-29 14:06:00+00:00, run_after=2024-11-29 14:08:00+00:00
[2024-11-29T14:09:49.990+0000] {processor.py:208} INFO - Processing /home/airflow/.local/lib/python3.12/site-packages/airflow/example_dags/example_sla_dag.py took 0.131 seconds
[2024-11-29T14:10:20.135+0000] {processor.py:186} INFO - Started process (PID=732) to work on /home/airflow/.local/lib/python3.12/site-packages/airflow/example_dags/example_sla_dag.py
[2024-11-29T14:10:20.137+0000] {processor.py:914} INFO - Processing file /home/airflow/.local/lib/python3.12/site-packages/airflow/example_dags/example_sla_dag.py for tasks to queue
[2024-11-29T14:10:20.141+0000] {logging_mixin.py:190} INFO - [2024-11-29T14:10:20.140+0000] {dagbag.py:588} INFO - Filling up the DagBag from /home/airflow/.local/lib/python3.12/site-packages/airflow/example_dags/example_sla_dag.py
[2024-11-29T14:10:20.152+0000] {processor.py:925} INFO - DAG(s) 'example_sla_dag' retrieved from /home/airflow/.local/lib/python3.12/site-packages/airflow/example_dags/example_sla_dag.py
[2024-11-29T14:10:20.173+0000] {logging_mixin.py:190} INFO - [2024-11-29T14:10:20.173+0000] {dag.py:3239} INFO - Sync 1 DAGs
[2024-11-29T14:10:20.204+0000] {logging_mixin.py:190} INFO - [2024-11-29T14:10:20.204+0000] {dag.py:4180} INFO - Setting next_dagrun for example_sla_dag to 2024-11-29 14:08:00+00:00, run_after=2024-11-29 14:10:00+00:00
[2024-11-29T14:10:20.227+0000] {processor.py:208} INFO - Processing /home/airflow/.local/lib/python3.12/site-packages/airflow/example_dags/example_sla_dag.py took 0.099 seconds
[2024-11-29T14:10:51.091+0000] {processor.py:186} INFO - Started process (PID=801) to work on /home/airflow/.local/lib/python3.12/site-packages/airflow/example_dags/example_sla_dag.py
[2024-11-29T14:10:51.092+0000] {processor.py:914} INFO - Processing file /home/airflow/.local/lib/python3.12/site-packages/airflow/example_dags/example_sla_dag.py for tasks to queue
[2024-11-29T14:10:51.095+0000] {logging_mixin.py:190} INFO - [2024-11-29T14:10:51.094+0000] {dagbag.py:588} INFO - Filling up the DagBag from /home/airflow/.local/lib/python3.12/site-packages/airflow/example_dags/example_sla_dag.py
[2024-11-29T14:10:51.108+0000] {processor.py:925} INFO - DAG(s) 'example_sla_dag' retrieved from /home/airflow/.local/lib/python3.12/site-packages/airflow/example_dags/example_sla_dag.py
[2024-11-29T14:10:51.132+0000] {logging_mixin.py:190} INFO - [2024-11-29T14:10:51.131+0000] {dag.py:3239} INFO - Sync 1 DAGs
[2024-11-29T14:10:51.162+0000] {logging_mixin.py:190} INFO - [2024-11-29T14:10:51.161+0000] {dag.py:4180} INFO - Setting next_dagrun for example_sla_dag to 2024-11-29 14:08:00+00:00, run_after=2024-11-29 14:10:00+00:00
[2024-11-29T14:10:51.186+0000] {processor.py:208} INFO - Processing /home/airflow/.local/lib/python3.12/site-packages/airflow/example_dags/example_sla_dag.py took 0.102 seconds
[2024-11-29T14:11:21.337+0000] {processor.py:186} INFO - Started process (PID=864) to work on /home/airflow/.local/lib/python3.12/site-packages/airflow/example_dags/example_sla_dag.py
[2024-11-29T14:11:21.339+0000] {processor.py:914} INFO - Processing file /home/airflow/.local/lib/python3.12/site-packages/airflow/example_dags/example_sla_dag.py for tasks to queue
[2024-11-29T14:11:21.342+0000] {logging_mixin.py:190} INFO - [2024-11-29T14:11:21.341+0000] {dagbag.py:588} INFO - Filling up the DagBag from /home/airflow/.local/lib/python3.12/site-packages/airflow/example_dags/example_sla_dag.py
[2024-11-29T14:11:21.353+0000] {processor.py:925} INFO - DAG(s) 'example_sla_dag' retrieved from /home/airflow/.local/lib/python3.12/site-packages/airflow/example_dags/example_sla_dag.py
[2024-11-29T14:11:21.376+0000] {logging_mixin.py:190} INFO - [2024-11-29T14:11:21.376+0000] {dag.py:3239} INFO - Sync 1 DAGs
[2024-11-29T14:11:21.405+0000] {logging_mixin.py:190} INFO - [2024-11-29T14:11:21.405+0000] {dag.py:4180} INFO - Setting next_dagrun for example_sla_dag to 2024-11-29 14:08:00+00:00, run_after=2024-11-29 14:10:00+00:00
[2024-11-29T14:11:21.427+0000] {processor.py:208} INFO - Processing /home/airflow/.local/lib/python3.12/site-packages/airflow/example_dags/example_sla_dag.py took 0.096 seconds
[2024-11-29T14:11:52.243+0000] {processor.py:186} INFO - Started process (PID=927) to work on /home/airflow/.local/lib/python3.12/site-packages/airflow/example_dags/example_sla_dag.py
[2024-11-29T14:11:52.245+0000] {processor.py:914} INFO - Processing file /home/airflow/.local/lib/python3.12/site-packages/airflow/example_dags/example_sla_dag.py for tasks to queue
[2024-11-29T14:11:52.248+0000] {logging_mixin.py:190} INFO - [2024-11-29T14:11:52.247+0000] {dagbag.py:588} INFO - Filling up the DagBag from /home/airflow/.local/lib/python3.12/site-packages/airflow/example_dags/example_sla_dag.py
[2024-11-29T14:11:52.262+0000] {processor.py:925} INFO - DAG(s) 'example_sla_dag' retrieved from /home/airflow/.local/lib/python3.12/site-packages/airflow/example_dags/example_sla_dag.py
[2024-11-29T14:11:52.283+0000] {logging_mixin.py:190} INFO - [2024-11-29T14:11:52.282+0000] {dag.py:3239} INFO - Sync 1 DAGs
[2024-11-29T14:11:52.315+0000] {logging_mixin.py:190} INFO - [2024-11-29T14:11:52.315+0000] {dag.py:4180} INFO - Setting next_dagrun for example_sla_dag to 2024-11-29 14:08:00+00:00, run_after=2024-11-29 14:10:00+00:00
[2024-11-29T14:11:52.336+0000] {processor.py:208} INFO - Processing /home/airflow/.local/lib/python3.12/site-packages/airflow/example_dags/example_sla_dag.py took 0.102 seconds
[2024-11-29T14:12:22.923+0000] {processor.py:186} INFO - Started process (PID=990) to work on /home/airflow/.local/lib/python3.12/site-packages/airflow/example_dags/example_sla_dag.py
[2024-11-29T14:12:22.924+0000] {processor.py:914} INFO - Processing file /home/airflow/.local/lib/python3.12/site-packages/airflow/example_dags/example_sla_dag.py for tasks to queue
[2024-11-29T14:12:22.928+0000] {logging_mixin.py:190} INFO - [2024-11-29T14:12:22.928+0000] {dagbag.py:588} INFO - Filling up the DagBag from /home/airflow/.local/lib/python3.12/site-packages/airflow/example_dags/example_sla_dag.py
[2024-11-29T14:12:22.943+0000] {processor.py:925} INFO - DAG(s) 'example_sla_dag' retrieved from /home/airflow/.local/lib/python3.12/site-packages/airflow/example_dags/example_sla_dag.py
[2024-11-29T14:12:22.971+0000] {logging_mixin.py:190} INFO - [2024-11-29T14:12:22.970+0000] {dag.py:3239} INFO - Sync 1 DAGs
[2024-11-29T14:12:23.008+0000] {logging_mixin.py:190} INFO - [2024-11-29T14:12:23.008+0000] {dag.py:4180} INFO - Setting next_dagrun for example_sla_dag to 2024-11-29 14:10:00+00:00, run_after=2024-11-29 14:12:00+00:00
[2024-11-29T14:12:23.042+0000] {processor.py:208} INFO - Processing /home/airflow/.local/lib/python3.12/site-packages/airflow/example_dags/example_sla_dag.py took 0.127 seconds
[2024-11-29T14:12:53.612+0000] {processor.py:186} INFO - Started process (PID=1053) to work on /home/airflow/.local/lib/python3.12/site-packages/airflow/example_dags/example_sla_dag.py
[2024-11-29T14:12:53.613+0000] {processor.py:914} INFO - Processing file /home/airflow/.local/lib/python3.12/site-packages/airflow/example_dags/example_sla_dag.py for tasks to queue
[2024-11-29T14:12:53.616+0000] {logging_mixin.py:190} INFO - [2024-11-29T14:12:53.616+0000] {dagbag.py:588} INFO - Filling up the DagBag from /home/airflow/.local/lib/python3.12/site-packages/airflow/example_dags/example_sla_dag.py
[2024-11-29T14:12:53.630+0000] {processor.py:925} INFO - DAG(s) 'example_sla_dag' retrieved from /home/airflow/.local/lib/python3.12/site-packages/airflow/example_dags/example_sla_dag.py
[2024-11-29T14:12:53.653+0000] {logging_mixin.py:190} INFO - [2024-11-29T14:12:53.653+0000] {dag.py:3239} INFO - Sync 1 DAGs
[2024-11-29T14:12:53.686+0000] {logging_mixin.py:190} INFO - [2024-11-29T14:12:53.686+0000] {dag.py:4180} INFO - Setting next_dagrun for example_sla_dag to 2024-11-29 14:10:00+00:00, run_after=2024-11-29 14:12:00+00:00
[2024-11-29T14:12:53.713+0000] {processor.py:208} INFO - Processing /home/airflow/.local/lib/python3.12/site-packages/airflow/example_dags/example_sla_dag.py took 0.108 seconds
[2024-11-29T14:13:24.219+0000] {processor.py:186} INFO - Started process (PID=1116) to work on /home/airflow/.local/lib/python3.12/site-packages/airflow/example_dags/example_sla_dag.py
[2024-11-29T14:13:24.220+0000] {processor.py:914} INFO - Processing file /home/airflow/.local/lib/python3.12/site-packages/airflow/example_dags/example_sla_dag.py for tasks to queue
[2024-11-29T14:13:24.224+0000] {logging_mixin.py:190} INFO - [2024-11-29T14:13:24.224+0000] {dagbag.py:588} INFO - Filling up the DagBag from /home/airflow/.local/lib/python3.12/site-packages/airflow/example_dags/example_sla_dag.py
[2024-11-29T14:13:24.237+0000] {processor.py:925} INFO - DAG(s) 'example_sla_dag' retrieved from /home/airflow/.local/lib/python3.12/site-packages/airflow/example_dags/example_sla_dag.py
[2024-11-29T14:13:24.259+0000] {logging_mixin.py:190} INFO - [2024-11-29T14:13:24.259+0000] {dag.py:3239} INFO - Sync 1 DAGs
[2024-11-29T14:13:24.293+0000] {logging_mixin.py:190} INFO - [2024-11-29T14:13:24.292+0000] {dag.py:4180} INFO - Setting next_dagrun for example_sla_dag to 2024-11-29 14:10:00+00:00, run_after=2024-11-29 14:12:00+00:00
[2024-11-29T14:13:24.320+0000] {processor.py:208} INFO - Processing /home/airflow/.local/lib/python3.12/site-packages/airflow/example_dags/example_sla_dag.py took 0.108 seconds
[2024-11-29T14:19:54.381+0000] {processor.py:186} INFO - Started process (PID=108) to work on /home/airflow/.local/lib/python3.12/site-packages/airflow/example_dags/example_sla_dag.py
[2024-11-29T14:19:54.382+0000] {processor.py:914} INFO - Processing file /home/airflow/.local/lib/python3.12/site-packages/airflow/example_dags/example_sla_dag.py for tasks to queue
[2024-11-29T14:19:54.385+0000] {logging_mixin.py:190} INFO - [2024-11-29T14:19:54.385+0000] {dagbag.py:588} INFO - Filling up the DagBag from /home/airflow/.local/lib/python3.12/site-packages/airflow/example_dags/example_sla_dag.py
[2024-11-29T14:19:54.399+0000] {processor.py:925} INFO - DAG(s) 'example_sla_dag' retrieved from /home/airflow/.local/lib/python3.12/site-packages/airflow/example_dags/example_sla_dag.py
[2024-11-29T14:19:54.426+0000] {logging_mixin.py:190} INFO - [2024-11-29T14:19:54.426+0000] {dag.py:3239} INFO - Sync 1 DAGs
[2024-11-29T14:19:54.463+0000] {logging_mixin.py:190} INFO - [2024-11-29T14:19:54.463+0000] {dag.py:4180} INFO - Setting next_dagrun for example_sla_dag to 2024-11-29 14:16:00+00:00, run_after=2024-11-29 14:18:00+00:00
[2024-11-29T14:19:54.493+0000] {processor.py:208} INFO - Processing /home/airflow/.local/lib/python3.12/site-packages/airflow/example_dags/example_sla_dag.py took 0.121 seconds
[2024-11-29T14:20:24.723+0000] {processor.py:186} INFO - Started process (PID=170) to work on /home/airflow/.local/lib/python3.12/site-packages/airflow/example_dags/example_sla_dag.py
[2024-11-29T14:20:24.724+0000] {processor.py:914} INFO - Processing file /home/airflow/.local/lib/python3.12/site-packages/airflow/example_dags/example_sla_dag.py for tasks to queue
[2024-11-29T14:20:24.728+0000] {logging_mixin.py:190} INFO - [2024-11-29T14:20:24.727+0000] {dagbag.py:588} INFO - Filling up the DagBag from /home/airflow/.local/lib/python3.12/site-packages/airflow/example_dags/example_sla_dag.py
[2024-11-29T14:20:24.740+0000] {processor.py:925} INFO - DAG(s) 'example_sla_dag' retrieved from /home/airflow/.local/lib/python3.12/site-packages/airflow/example_dags/example_sla_dag.py
[2024-11-29T14:20:24.763+0000] {logging_mixin.py:190} INFO - [2024-11-29T14:20:24.762+0000] {dag.py:3239} INFO - Sync 1 DAGs
[2024-11-29T14:20:24.794+0000] {logging_mixin.py:190} INFO - [2024-11-29T14:20:24.793+0000] {dag.py:4180} INFO - Setting next_dagrun for example_sla_dag to 2024-11-29 14:18:00+00:00, run_after=2024-11-29 14:20:00+00:00
[2024-11-29T14:20:24.817+0000] {processor.py:208} INFO - Processing /home/airflow/.local/lib/python3.12/site-packages/airflow/example_dags/example_sla_dag.py took 0.101 seconds
[2024-11-29T14:20:55.775+0000] {processor.py:186} INFO - Started process (PID=233) to work on /home/airflow/.local/lib/python3.12/site-packages/airflow/example_dags/example_sla_dag.py
[2024-11-29T14:20:55.776+0000] {processor.py:914} INFO - Processing file /home/airflow/.local/lib/python3.12/site-packages/airflow/example_dags/example_sla_dag.py for tasks to queue
[2024-11-29T14:20:55.780+0000] {logging_mixin.py:190} INFO - [2024-11-29T14:20:55.779+0000] {dagbag.py:588} INFO - Filling up the DagBag from /home/airflow/.local/lib/python3.12/site-packages/airflow/example_dags/example_sla_dag.py
[2024-11-29T14:20:55.794+0000] {processor.py:925} INFO - DAG(s) 'example_sla_dag' retrieved from /home/airflow/.local/lib/python3.12/site-packages/airflow/example_dags/example_sla_dag.py
[2024-11-29T14:20:55.819+0000] {logging_mixin.py:190} INFO - [2024-11-29T14:20:55.818+0000] {dag.py:3239} INFO - Sync 1 DAGs
[2024-11-29T14:20:55.855+0000] {logging_mixin.py:190} INFO - [2024-11-29T14:20:55.855+0000] {dag.py:4180} INFO - Setting next_dagrun for example_sla_dag to 2024-11-29 14:18:00+00:00, run_after=2024-11-29 14:20:00+00:00
[2024-11-29T14:20:55.888+0000] {processor.py:208} INFO - Processing /home/airflow/.local/lib/python3.12/site-packages/airflow/example_dags/example_sla_dag.py took 0.121 seconds
[2024-11-29T14:21:27.077+0000] {processor.py:186} INFO - Started process (PID=296) to work on /home/airflow/.local/lib/python3.12/site-packages/airflow/example_dags/example_sla_dag.py
[2024-11-29T14:21:27.078+0000] {processor.py:914} INFO - Processing file /home/airflow/.local/lib/python3.12/site-packages/airflow/example_dags/example_sla_dag.py for tasks to queue
[2024-11-29T14:21:27.081+0000] {logging_mixin.py:190} INFO - [2024-11-29T14:21:27.080+0000] {dagbag.py:588} INFO - Filling up the DagBag from /home/airflow/.local/lib/python3.12/site-packages/airflow/example_dags/example_sla_dag.py
[2024-11-29T14:21:27.092+0000] {processor.py:925} INFO - DAG(s) 'example_sla_dag' retrieved from /home/airflow/.local/lib/python3.12/site-packages/airflow/example_dags/example_sla_dag.py
[2024-11-29T14:21:27.115+0000] {logging_mixin.py:190} INFO - [2024-11-29T14:21:27.115+0000] {dag.py:3239} INFO - Sync 1 DAGs
[2024-11-29T14:21:27.145+0000] {logging_mixin.py:190} INFO - [2024-11-29T14:21:27.145+0000] {dag.py:4180} INFO - Setting next_dagrun for example_sla_dag to 2024-11-29 14:18:00+00:00, run_after=2024-11-29 14:20:00+00:00
[2024-11-29T14:21:27.169+0000] {processor.py:208} INFO - Processing /home/airflow/.local/lib/python3.12/site-packages/airflow/example_dags/example_sla_dag.py took 0.099 seconds
[2024-11-29T14:21:58.506+0000] {processor.py:186} INFO - Started process (PID=359) to work on /home/airflow/.local/lib/python3.12/site-packages/airflow/example_dags/example_sla_dag.py
[2024-11-29T14:21:58.507+0000] {processor.py:914} INFO - Processing file /home/airflow/.local/lib/python3.12/site-packages/airflow/example_dags/example_sla_dag.py for tasks to queue
[2024-11-29T14:21:58.510+0000] {logging_mixin.py:190} INFO - [2024-11-29T14:21:58.510+0000] {dagbag.py:588} INFO - Filling up the DagBag from /home/airflow/.local/lib/python3.12/site-packages/airflow/example_dags/example_sla_dag.py
[2024-11-29T14:21:58.523+0000] {processor.py:925} INFO - DAG(s) 'example_sla_dag' retrieved from /home/airflow/.local/lib/python3.12/site-packages/airflow/example_dags/example_sla_dag.py
[2024-11-29T14:21:58.545+0000] {logging_mixin.py:190} INFO - [2024-11-29T14:21:58.545+0000] {dag.py:3239} INFO - Sync 1 DAGs
[2024-11-29T14:21:58.575+0000] {logging_mixin.py:190} INFO - [2024-11-29T14:21:58.575+0000] {dag.py:4180} INFO - Setting next_dagrun for example_sla_dag to 2024-11-29 14:18:00+00:00, run_after=2024-11-29 14:20:00+00:00
[2024-11-29T14:21:58.599+0000] {processor.py:208} INFO - Processing /home/airflow/.local/lib/python3.12/site-packages/airflow/example_dags/example_sla_dag.py took 0.100 seconds
[2024-11-29T14:22:29.823+0000] {processor.py:186} INFO - Started process (PID=422) to work on /home/airflow/.local/lib/python3.12/site-packages/airflow/example_dags/example_sla_dag.py
[2024-11-29T14:22:29.824+0000] {processor.py:914} INFO - Processing file /home/airflow/.local/lib/python3.12/site-packages/airflow/example_dags/example_sla_dag.py for tasks to queue
[2024-11-29T14:22:29.827+0000] {logging_mixin.py:190} INFO - [2024-11-29T14:22:29.826+0000] {dagbag.py:588} INFO - Filling up the DagBag from /home/airflow/.local/lib/python3.12/site-packages/airflow/example_dags/example_sla_dag.py
[2024-11-29T14:22:29.839+0000] {processor.py:925} INFO - DAG(s) 'example_sla_dag' retrieved from /home/airflow/.local/lib/python3.12/site-packages/airflow/example_dags/example_sla_dag.py
[2024-11-29T14:22:29.859+0000] {logging_mixin.py:190} INFO - [2024-11-29T14:22:29.859+0000] {dag.py:3239} INFO - Sync 1 DAGs
[2024-11-29T14:22:29.891+0000] {logging_mixin.py:190} INFO - [2024-11-29T14:22:29.891+0000] {dag.py:4180} INFO - Setting next_dagrun for example_sla_dag to 2024-11-29 14:20:00+00:00, run_after=2024-11-29 14:22:00+00:00
[2024-11-29T14:22:29.916+0000] {processor.py:208} INFO - Processing /home/airflow/.local/lib/python3.12/site-packages/airflow/example_dags/example_sla_dag.py took 0.101 seconds
[2024-11-29T14:23:01.593+0000] {processor.py:186} INFO - Started process (PID=485) to work on /home/airflow/.local/lib/python3.12/site-packages/airflow/example_dags/example_sla_dag.py
[2024-11-29T14:23:01.595+0000] {processor.py:914} INFO - Processing file /home/airflow/.local/lib/python3.12/site-packages/airflow/example_dags/example_sla_dag.py for tasks to queue
[2024-11-29T14:23:01.599+0000] {logging_mixin.py:190} INFO - [2024-11-29T14:23:01.598+0000] {dagbag.py:588} INFO - Filling up the DagBag from /home/airflow/.local/lib/python3.12/site-packages/airflow/example_dags/example_sla_dag.py
[2024-11-29T14:23:01.614+0000] {processor.py:925} INFO - DAG(s) 'example_sla_dag' retrieved from /home/airflow/.local/lib/python3.12/site-packages/airflow/example_dags/example_sla_dag.py
[2024-11-29T14:23:01.636+0000] {logging_mixin.py:190} INFO - [2024-11-29T14:23:01.635+0000] {dag.py:3239} INFO - Sync 1 DAGs
[2024-11-29T14:23:01.669+0000] {logging_mixin.py:190} INFO - [2024-11-29T14:23:01.669+0000] {dag.py:4180} INFO - Setting next_dagrun for example_sla_dag to 2024-11-29 14:20:00+00:00, run_after=2024-11-29 14:22:00+00:00
[2024-11-29T14:23:01.694+0000] {processor.py:208} INFO - Processing /home/airflow/.local/lib/python3.12/site-packages/airflow/example_dags/example_sla_dag.py took 0.108 seconds
[2024-11-29T14:23:33.534+0000] {processor.py:186} INFO - Started process (PID=549) to work on /home/airflow/.local/lib/python3.12/site-packages/airflow/example_dags/example_sla_dag.py
[2024-11-29T14:23:33.536+0000] {processor.py:914} INFO - Processing file /home/airflow/.local/lib/python3.12/site-packages/airflow/example_dags/example_sla_dag.py for tasks to queue
[2024-11-29T14:23:33.539+0000] {logging_mixin.py:190} INFO - [2024-11-29T14:23:33.538+0000] {dagbag.py:588} INFO - Filling up the DagBag from /home/airflow/.local/lib/python3.12/site-packages/airflow/example_dags/example_sla_dag.py
[2024-11-29T14:23:33.555+0000] {processor.py:925} INFO - DAG(s) 'example_sla_dag' retrieved from /home/airflow/.local/lib/python3.12/site-packages/airflow/example_dags/example_sla_dag.py
[2024-11-29T14:23:33.586+0000] {logging_mixin.py:190} INFO - [2024-11-29T14:23:33.585+0000] {dag.py:3239} INFO - Sync 1 DAGs
[2024-11-29T14:23:33.629+0000] {logging_mixin.py:190} INFO - [2024-11-29T14:23:33.629+0000] {dag.py:4180} INFO - Setting next_dagrun for example_sla_dag to 2024-11-29 14:20:00+00:00, run_after=2024-11-29 14:22:00+00:00
[2024-11-29T14:23:33.663+0000] {processor.py:208} INFO - Processing /home/airflow/.local/lib/python3.12/site-packages/airflow/example_dags/example_sla_dag.py took 0.136 seconds
[2024-11-29T14:24:05.099+0000] {processor.py:186} INFO - Started process (PID=612) to work on /home/airflow/.local/lib/python3.12/site-packages/airflow/example_dags/example_sla_dag.py
[2024-11-29T14:24:05.101+0000] {processor.py:914} INFO - Processing file /home/airflow/.local/lib/python3.12/site-packages/airflow/example_dags/example_sla_dag.py for tasks to queue
[2024-11-29T14:24:05.103+0000] {logging_mixin.py:190} INFO - [2024-11-29T14:24:05.103+0000] {dagbag.py:588} INFO - Filling up the DagBag from /home/airflow/.local/lib/python3.12/site-packages/airflow/example_dags/example_sla_dag.py
[2024-11-29T14:24:05.117+0000] {processor.py:925} INFO - DAG(s) 'example_sla_dag' retrieved from /home/airflow/.local/lib/python3.12/site-packages/airflow/example_dags/example_sla_dag.py
[2024-11-29T14:24:05.142+0000] {logging_mixin.py:190} INFO - [2024-11-29T14:24:05.141+0000] {dag.py:3239} INFO - Sync 1 DAGs
[2024-11-29T14:24:05.179+0000] {logging_mixin.py:190} INFO - [2024-11-29T14:24:05.179+0000] {dag.py:4180} INFO - Setting next_dagrun for example_sla_dag to 2024-11-29 14:22:00+00:00, run_after=2024-11-29 14:24:00+00:00
[2024-11-29T14:24:05.205+0000] {processor.py:208} INFO - Processing /home/airflow/.local/lib/python3.12/site-packages/airflow/example_dags/example_sla_dag.py took 0.114 seconds
[2024-11-29T14:24:36.453+0000] {processor.py:186} INFO - Started process (PID=674) to work on /home/airflow/.local/lib/python3.12/site-packages/airflow/example_dags/example_sla_dag.py
[2024-11-29T14:24:36.455+0000] {processor.py:914} INFO - Processing file /home/airflow/.local/lib/python3.12/site-packages/airflow/example_dags/example_sla_dag.py for tasks to queue
[2024-11-29T14:24:36.457+0000] {logging_mixin.py:190} INFO - [2024-11-29T14:24:36.457+0000] {dagbag.py:588} INFO - Filling up the DagBag from /home/airflow/.local/lib/python3.12/site-packages/airflow/example_dags/example_sla_dag.py
[2024-11-29T14:24:36.470+0000] {processor.py:925} INFO - DAG(s) 'example_sla_dag' retrieved from /home/airflow/.local/lib/python3.12/site-packages/airflow/example_dags/example_sla_dag.py
[2024-11-29T14:24:36.494+0000] {logging_mixin.py:190} INFO - [2024-11-29T14:24:36.494+0000] {dag.py:3239} INFO - Sync 1 DAGs
[2024-11-29T14:24:36.533+0000] {logging_mixin.py:190} INFO - [2024-11-29T14:24:36.533+0000] {dag.py:4180} INFO - Setting next_dagrun for example_sla_dag to 2024-11-29 14:22:00+00:00, run_after=2024-11-29 14:24:00+00:00
[2024-11-29T14:24:36.559+0000] {processor.py:208} INFO - Processing /home/airflow/.local/lib/python3.12/site-packages/airflow/example_dags/example_sla_dag.py took 0.113 seconds
[2024-11-29T14:25:08.506+0000] {processor.py:186} INFO - Started process (PID=743) to work on /home/airflow/.local/lib/python3.12/site-packages/airflow/example_dags/example_sla_dag.py
[2024-11-29T14:25:08.508+0000] {processor.py:914} INFO - Processing file /home/airflow/.local/lib/python3.12/site-packages/airflow/example_dags/example_sla_dag.py for tasks to queue
[2024-11-29T14:25:08.511+0000] {logging_mixin.py:190} INFO - [2024-11-29T14:25:08.511+0000] {dagbag.py:588} INFO - Filling up the DagBag from /home/airflow/.local/lib/python3.12/site-packages/airflow/example_dags/example_sla_dag.py
[2024-11-29T14:25:08.531+0000] {processor.py:925} INFO - DAG(s) 'example_sla_dag' retrieved from /home/airflow/.local/lib/python3.12/site-packages/airflow/example_dags/example_sla_dag.py
[2024-11-29T14:25:08.560+0000] {logging_mixin.py:190} INFO - [2024-11-29T14:25:08.560+0000] {dag.py:3239} INFO - Sync 1 DAGs
[2024-11-29T14:25:08.602+0000] {logging_mixin.py:190} INFO - [2024-11-29T14:25:08.601+0000] {dag.py:4180} INFO - Setting next_dagrun for example_sla_dag to 2024-11-29 14:22:00+00:00, run_after=2024-11-29 14:24:00+00:00
[2024-11-29T14:25:08.631+0000] {processor.py:208} INFO - Processing /home/airflow/.local/lib/python3.12/site-packages/airflow/example_dags/example_sla_dag.py took 0.139 seconds
[2024-11-29T14:25:39.168+0000] {processor.py:186} INFO - Started process (PID=806) to work on /home/airflow/.local/lib/python3.12/site-packages/airflow/example_dags/example_sla_dag.py
[2024-11-29T14:25:39.170+0000] {processor.py:914} INFO - Processing file /home/airflow/.local/lib/python3.12/site-packages/airflow/example_dags/example_sla_dag.py for tasks to queue
[2024-11-29T14:25:39.174+0000] {logging_mixin.py:190} INFO - [2024-11-29T14:25:39.174+0000] {dagbag.py:588} INFO - Filling up the DagBag from /home/airflow/.local/lib/python3.12/site-packages/airflow/example_dags/example_sla_dag.py
[2024-11-29T14:25:39.188+0000] {processor.py:925} INFO - DAG(s) 'example_sla_dag' retrieved from /home/airflow/.local/lib/python3.12/site-packages/airflow/example_dags/example_sla_dag.py
[2024-11-29T14:25:39.228+0000] {logging_mixin.py:190} INFO - [2024-11-29T14:25:39.227+0000] {dag.py:3239} INFO - Sync 1 DAGs
[2024-11-29T14:25:39.280+0000] {logging_mixin.py:190} INFO - [2024-11-29T14:25:39.280+0000] {dag.py:4180} INFO - Setting next_dagrun for example_sla_dag to 2024-11-29 14:22:00+00:00, run_after=2024-11-29 14:24:00+00:00
[2024-11-29T14:25:39.313+0000] {processor.py:208} INFO - Processing /home/airflow/.local/lib/python3.12/site-packages/airflow/example_dags/example_sla_dag.py took 0.157 seconds
[2024-11-29T14:26:10.720+0000] {processor.py:186} INFO - Started process (PID=869) to work on /home/airflow/.local/lib/python3.12/site-packages/airflow/example_dags/example_sla_dag.py
[2024-11-29T14:26:10.722+0000] {processor.py:914} INFO - Processing file /home/airflow/.local/lib/python3.12/site-packages/airflow/example_dags/example_sla_dag.py for tasks to queue
[2024-11-29T14:26:10.725+0000] {logging_mixin.py:190} INFO - [2024-11-29T14:26:10.725+0000] {dagbag.py:588} INFO - Filling up the DagBag from /home/airflow/.local/lib/python3.12/site-packages/airflow/example_dags/example_sla_dag.py
[2024-11-29T14:26:10.738+0000] {processor.py:925} INFO - DAG(s) 'example_sla_dag' retrieved from /home/airflow/.local/lib/python3.12/site-packages/airflow/example_dags/example_sla_dag.py
[2024-11-29T14:26:10.762+0000] {logging_mixin.py:190} INFO - [2024-11-29T14:26:10.762+0000] {dag.py:3239} INFO - Sync 1 DAGs
[2024-11-29T14:26:10.796+0000] {logging_mixin.py:190} INFO - [2024-11-29T14:26:10.796+0000] {dag.py:4180} INFO - Setting next_dagrun for example_sla_dag to 2024-11-29 14:24:00+00:00, run_after=2024-11-29 14:26:00+00:00
[2024-11-29T14:26:10.820+0000] {processor.py:208} INFO - Processing /home/airflow/.local/lib/python3.12/site-packages/airflow/example_dags/example_sla_dag.py took 0.106 seconds
[2024-11-29T14:26:42.425+0000] {processor.py:186} INFO - Started process (PID=932) to work on /home/airflow/.local/lib/python3.12/site-packages/airflow/example_dags/example_sla_dag.py
[2024-11-29T14:26:42.427+0000] {processor.py:914} INFO - Processing file /home/airflow/.local/lib/python3.12/site-packages/airflow/example_dags/example_sla_dag.py for tasks to queue
[2024-11-29T14:26:42.430+0000] {logging_mixin.py:190} INFO - [2024-11-29T14:26:42.430+0000] {dagbag.py:588} INFO - Filling up the DagBag from /home/airflow/.local/lib/python3.12/site-packages/airflow/example_dags/example_sla_dag.py
[2024-11-29T14:26:42.442+0000] {processor.py:925} INFO - DAG(s) 'example_sla_dag' retrieved from /home/airflow/.local/lib/python3.12/site-packages/airflow/example_dags/example_sla_dag.py
[2024-11-29T14:26:42.463+0000] {logging_mixin.py:190} INFO - [2024-11-29T14:26:42.462+0000] {dag.py:3239} INFO - Sync 1 DAGs
[2024-11-29T14:26:42.497+0000] {logging_mixin.py:190} INFO - [2024-11-29T14:26:42.497+0000] {dag.py:4180} INFO - Setting next_dagrun for example_sla_dag to 2024-11-29 14:24:00+00:00, run_after=2024-11-29 14:26:00+00:00
[2024-11-29T14:26:42.520+0000] {processor.py:208} INFO - Processing /home/airflow/.local/lib/python3.12/site-packages/airflow/example_dags/example_sla_dag.py took 0.101 seconds
[2024-11-29T14:27:14.053+0000] {processor.py:186} INFO - Started process (PID=995) to work on /home/airflow/.local/lib/python3.12/site-packages/airflow/example_dags/example_sla_dag.py
[2024-11-29T14:27:14.054+0000] {processor.py:914} INFO - Processing file /home/airflow/.local/lib/python3.12/site-packages/airflow/example_dags/example_sla_dag.py for tasks to queue
[2024-11-29T14:27:14.057+0000] {logging_mixin.py:190} INFO - [2024-11-29T14:27:14.057+0000] {dagbag.py:588} INFO - Filling up the DagBag from /home/airflow/.local/lib/python3.12/site-packages/airflow/example_dags/example_sla_dag.py
[2024-11-29T14:27:14.071+0000] {processor.py:925} INFO - DAG(s) 'example_sla_dag' retrieved from /home/airflow/.local/lib/python3.12/site-packages/airflow/example_dags/example_sla_dag.py
[2024-11-29T14:27:14.093+0000] {logging_mixin.py:190} INFO - [2024-11-29T14:27:14.093+0000] {dag.py:3239} INFO - Sync 1 DAGs
[2024-11-29T14:27:14.127+0000] {logging_mixin.py:190} INFO - [2024-11-29T14:27:14.127+0000] {dag.py:4180} INFO - Setting next_dagrun for example_sla_dag to 2024-11-29 14:24:00+00:00, run_after=2024-11-29 14:26:00+00:00
[2024-11-29T14:27:14.153+0000] {processor.py:208} INFO - Processing /home/airflow/.local/lib/python3.12/site-packages/airflow/example_dags/example_sla_dag.py took 0.107 seconds
[2024-11-29T14:27:45.539+0000] {processor.py:186} INFO - Started process (PID=1058) to work on /home/airflow/.local/lib/python3.12/site-packages/airflow/example_dags/example_sla_dag.py
[2024-11-29T14:27:45.540+0000] {processor.py:914} INFO - Processing file /home/airflow/.local/lib/python3.12/site-packages/airflow/example_dags/example_sla_dag.py for tasks to queue
[2024-11-29T14:27:45.543+0000] {logging_mixin.py:190} INFO - [2024-11-29T14:27:45.543+0000] {dagbag.py:588} INFO - Filling up the DagBag from /home/airflow/.local/lib/python3.12/site-packages/airflow/example_dags/example_sla_dag.py
[2024-11-29T14:27:45.555+0000] {processor.py:925} INFO - DAG(s) 'example_sla_dag' retrieved from /home/airflow/.local/lib/python3.12/site-packages/airflow/example_dags/example_sla_dag.py
[2024-11-29T14:27:45.576+0000] {logging_mixin.py:190} INFO - [2024-11-29T14:27:45.576+0000] {dag.py:3239} INFO - Sync 1 DAGs
[2024-11-29T14:27:45.613+0000] {logging_mixin.py:190} INFO - [2024-11-29T14:27:45.613+0000] {dag.py:4180} INFO - Setting next_dagrun for example_sla_dag to 2024-11-29 14:24:00+00:00, run_after=2024-11-29 14:26:00+00:00
[2024-11-29T14:27:45.636+0000] {processor.py:208} INFO - Processing /home/airflow/.local/lib/python3.12/site-packages/airflow/example_dags/example_sla_dag.py took 0.105 seconds
[2024-11-29T14:28:17.326+0000] {processor.py:186} INFO - Started process (PID=1121) to work on /home/airflow/.local/lib/python3.12/site-packages/airflow/example_dags/example_sla_dag.py
[2024-11-29T14:28:17.328+0000] {processor.py:914} INFO - Processing file /home/airflow/.local/lib/python3.12/site-packages/airflow/example_dags/example_sla_dag.py for tasks to queue
[2024-11-29T14:28:17.330+0000] {logging_mixin.py:190} INFO - [2024-11-29T14:28:17.330+0000] {dagbag.py:588} INFO - Filling up the DagBag from /home/airflow/.local/lib/python3.12/site-packages/airflow/example_dags/example_sla_dag.py
[2024-11-29T14:28:17.344+0000] {processor.py:925} INFO - DAG(s) 'example_sla_dag' retrieved from /home/airflow/.local/lib/python3.12/site-packages/airflow/example_dags/example_sla_dag.py
[2024-11-29T14:28:17.367+0000] {logging_mixin.py:190} INFO - [2024-11-29T14:28:17.366+0000] {dag.py:3239} INFO - Sync 1 DAGs
[2024-11-29T14:28:17.407+0000] {logging_mixin.py:190} INFO - [2024-11-29T14:28:17.407+0000] {dag.py:4180} INFO - Setting next_dagrun for example_sla_dag to 2024-11-29 14:26:00+00:00, run_after=2024-11-29 14:28:00+00:00
[2024-11-29T14:28:17.433+0000] {processor.py:208} INFO - Processing /home/airflow/.local/lib/python3.12/site-packages/airflow/example_dags/example_sla_dag.py took 0.113 seconds
[2024-11-29T14:28:48.699+0000] {processor.py:186} INFO - Started process (PID=1184) to work on /home/airflow/.local/lib/python3.12/site-packages/airflow/example_dags/example_sla_dag.py
[2024-11-29T14:28:48.700+0000] {processor.py:914} INFO - Processing file /home/airflow/.local/lib/python3.12/site-packages/airflow/example_dags/example_sla_dag.py for tasks to queue
[2024-11-29T14:28:48.703+0000] {logging_mixin.py:190} INFO - [2024-11-29T14:28:48.703+0000] {dagbag.py:588} INFO - Filling up the DagBag from /home/airflow/.local/lib/python3.12/site-packages/airflow/example_dags/example_sla_dag.py
[2024-11-29T14:28:48.716+0000] {processor.py:925} INFO - DAG(s) 'example_sla_dag' retrieved from /home/airflow/.local/lib/python3.12/site-packages/airflow/example_dags/example_sla_dag.py
[2024-11-29T14:28:48.736+0000] {logging_mixin.py:190} INFO - [2024-11-29T14:28:48.736+0000] {dag.py:3239} INFO - Sync 1 DAGs
[2024-11-29T14:28:48.773+0000] {logging_mixin.py:190} INFO - [2024-11-29T14:28:48.772+0000] {dag.py:4180} INFO - Setting next_dagrun for example_sla_dag to 2024-11-29 14:26:00+00:00, run_after=2024-11-29 14:28:00+00:00
[2024-11-29T14:28:48.795+0000] {processor.py:208} INFO - Processing /home/airflow/.local/lib/python3.12/site-packages/airflow/example_dags/example_sla_dag.py took 0.104 seconds
[2024-11-29T14:29:19.890+0000] {processor.py:186} INFO - Started process (PID=1248) to work on /home/airflow/.local/lib/python3.12/site-packages/airflow/example_dags/example_sla_dag.py
[2024-11-29T14:29:19.891+0000] {processor.py:914} INFO - Processing file /home/airflow/.local/lib/python3.12/site-packages/airflow/example_dags/example_sla_dag.py for tasks to queue
[2024-11-29T14:29:19.894+0000] {logging_mixin.py:190} INFO - [2024-11-29T14:29:19.893+0000] {dagbag.py:588} INFO - Filling up the DagBag from /home/airflow/.local/lib/python3.12/site-packages/airflow/example_dags/example_sla_dag.py
[2024-11-29T14:29:19.906+0000] {processor.py:925} INFO - DAG(s) 'example_sla_dag' retrieved from /home/airflow/.local/lib/python3.12/site-packages/airflow/example_dags/example_sla_dag.py
[2024-11-29T14:29:19.928+0000] {logging_mixin.py:190} INFO - [2024-11-29T14:29:19.927+0000] {dag.py:3239} INFO - Sync 1 DAGs
[2024-11-29T14:29:19.966+0000] {logging_mixin.py:190} INFO - [2024-11-29T14:29:19.966+0000] {dag.py:4180} INFO - Setting next_dagrun for example_sla_dag to 2024-11-29 14:26:00+00:00, run_after=2024-11-29 14:28:00+00:00
[2024-11-29T14:29:19.988+0000] {processor.py:208} INFO - Processing /home/airflow/.local/lib/python3.12/site-packages/airflow/example_dags/example_sla_dag.py took 0.105 seconds
[2024-11-29T14:29:50.917+0000] {processor.py:186} INFO - Started process (PID=1311) to work on /home/airflow/.local/lib/python3.12/site-packages/airflow/example_dags/example_sla_dag.py
[2024-11-29T14:29:50.918+0000] {processor.py:914} INFO - Processing file /home/airflow/.local/lib/python3.12/site-packages/airflow/example_dags/example_sla_dag.py for tasks to queue
[2024-11-29T14:29:50.923+0000] {logging_mixin.py:190} INFO - [2024-11-29T14:29:50.922+0000] {dagbag.py:588} INFO - Filling up the DagBag from /home/airflow/.local/lib/python3.12/site-packages/airflow/example_dags/example_sla_dag.py
[2024-11-29T14:29:50.938+0000] {processor.py:925} INFO - DAG(s) 'example_sla_dag' retrieved from /home/airflow/.local/lib/python3.12/site-packages/airflow/example_dags/example_sla_dag.py
[2024-11-29T14:29:50.960+0000] {logging_mixin.py:190} INFO - [2024-11-29T14:29:50.960+0000] {dag.py:3239} INFO - Sync 1 DAGs
[2024-11-29T14:29:50.990+0000] {logging_mixin.py:190} INFO - [2024-11-29T14:29:50.990+0000] {dag.py:4180} INFO - Setting next_dagrun for example_sla_dag to 2024-11-29 14:26:00+00:00, run_after=2024-11-29 14:28:00+00:00
[2024-11-29T14:29:51.016+0000] {processor.py:208} INFO - Processing /home/airflow/.local/lib/python3.12/site-packages/airflow/example_dags/example_sla_dag.py took 0.107 seconds
[2024-11-29T14:30:22.529+0000] {processor.py:186} INFO - Started process (PID=1374) to work on /home/airflow/.local/lib/python3.12/site-packages/airflow/example_dags/example_sla_dag.py
[2024-11-29T14:30:22.531+0000] {processor.py:914} INFO - Processing file /home/airflow/.local/lib/python3.12/site-packages/airflow/example_dags/example_sla_dag.py for tasks to queue
[2024-11-29T14:30:22.534+0000] {logging_mixin.py:190} INFO - [2024-11-29T14:30:22.533+0000] {dagbag.py:588} INFO - Filling up the DagBag from /home/airflow/.local/lib/python3.12/site-packages/airflow/example_dags/example_sla_dag.py
[2024-11-29T14:30:22.549+0000] {processor.py:925} INFO - DAG(s) 'example_sla_dag' retrieved from /home/airflow/.local/lib/python3.12/site-packages/airflow/example_dags/example_sla_dag.py
[2024-11-29T14:30:22.574+0000] {logging_mixin.py:190} INFO - [2024-11-29T14:30:22.574+0000] {dag.py:3239} INFO - Sync 1 DAGs
[2024-11-29T14:30:22.611+0000] {logging_mixin.py:190} INFO - [2024-11-29T14:30:22.611+0000] {dag.py:4180} INFO - Setting next_dagrun for example_sla_dag to 2024-11-29 14:28:00+00:00, run_after=2024-11-29 14:30:00+00:00
[2024-11-29T14:30:22.638+0000] {processor.py:208} INFO - Processing /home/airflow/.local/lib/python3.12/site-packages/airflow/example_dags/example_sla_dag.py took 0.116 seconds
[2024-11-29T14:30:54.219+0000] {processor.py:186} INFO - Started process (PID=1437) to work on /home/airflow/.local/lib/python3.12/site-packages/airflow/example_dags/example_sla_dag.py
[2024-11-29T14:30:54.221+0000] {processor.py:914} INFO - Processing file /home/airflow/.local/lib/python3.12/site-packages/airflow/example_dags/example_sla_dag.py for tasks to queue
[2024-11-29T14:30:54.224+0000] {logging_mixin.py:190} INFO - [2024-11-29T14:30:54.224+0000] {dagbag.py:588} INFO - Filling up the DagBag from /home/airflow/.local/lib/python3.12/site-packages/airflow/example_dags/example_sla_dag.py
[2024-11-29T14:30:54.236+0000] {processor.py:925} INFO - DAG(s) 'example_sla_dag' retrieved from /home/airflow/.local/lib/python3.12/site-packages/airflow/example_dags/example_sla_dag.py
[2024-11-29T14:30:54.260+0000] {logging_mixin.py:190} INFO - [2024-11-29T14:30:54.259+0000] {dag.py:3239} INFO - Sync 1 DAGs
[2024-11-29T14:30:54.295+0000] {logging_mixin.py:190} INFO - [2024-11-29T14:30:54.295+0000] {dag.py:4180} INFO - Setting next_dagrun for example_sla_dag to 2024-11-29 14:28:00+00:00, run_after=2024-11-29 14:30:00+00:00
[2024-11-29T14:30:54.316+0000] {processor.py:208} INFO - Processing /home/airflow/.local/lib/python3.12/site-packages/airflow/example_dags/example_sla_dag.py took 0.104 seconds
[2024-11-29T14:31:25.514+0000] {processor.py:186} INFO - Started process (PID=1500) to work on /home/airflow/.local/lib/python3.12/site-packages/airflow/example_dags/example_sla_dag.py
[2024-11-29T14:31:25.515+0000] {processor.py:914} INFO - Processing file /home/airflow/.local/lib/python3.12/site-packages/airflow/example_dags/example_sla_dag.py for tasks to queue
[2024-11-29T14:31:25.518+0000] {logging_mixin.py:190} INFO - [2024-11-29T14:31:25.517+0000] {dagbag.py:588} INFO - Filling up the DagBag from /home/airflow/.local/lib/python3.12/site-packages/airflow/example_dags/example_sla_dag.py
[2024-11-29T14:31:25.530+0000] {processor.py:925} INFO - DAG(s) 'example_sla_dag' retrieved from /home/airflow/.local/lib/python3.12/site-packages/airflow/example_dags/example_sla_dag.py
[2024-11-29T14:31:25.551+0000] {logging_mixin.py:190} INFO - [2024-11-29T14:31:25.550+0000] {dag.py:3239} INFO - Sync 1 DAGs
[2024-11-29T14:31:25.588+0000] {logging_mixin.py:190} INFO - [2024-11-29T14:31:25.587+0000] {dag.py:4180} INFO - Setting next_dagrun for example_sla_dag to 2024-11-29 14:28:00+00:00, run_after=2024-11-29 14:30:00+00:00
[2024-11-29T14:31:25.612+0000] {processor.py:208} INFO - Processing /home/airflow/.local/lib/python3.12/site-packages/airflow/example_dags/example_sla_dag.py took 0.105 seconds
[2024-11-29T14:31:56.813+0000] {processor.py:186} INFO - Started process (PID=1563) to work on /home/airflow/.local/lib/python3.12/site-packages/airflow/example_dags/example_sla_dag.py
[2024-11-29T14:31:56.814+0000] {processor.py:914} INFO - Processing file /home/airflow/.local/lib/python3.12/site-packages/airflow/example_dags/example_sla_dag.py for tasks to queue
[2024-11-29T14:31:56.818+0000] {logging_mixin.py:190} INFO - [2024-11-29T14:31:56.817+0000] {dagbag.py:588} INFO - Filling up the DagBag from /home/airflow/.local/lib/python3.12/site-packages/airflow/example_dags/example_sla_dag.py
[2024-11-29T14:31:56.832+0000] {processor.py:925} INFO - DAG(s) 'example_sla_dag' retrieved from /home/airflow/.local/lib/python3.12/site-packages/airflow/example_dags/example_sla_dag.py
[2024-11-29T14:31:56.852+0000] {logging_mixin.py:190} INFO - [2024-11-29T14:31:56.852+0000] {dag.py:3239} INFO - Sync 1 DAGs
[2024-11-29T14:31:56.884+0000] {logging_mixin.py:190} INFO - [2024-11-29T14:31:56.884+0000] {dag.py:4180} INFO - Setting next_dagrun for example_sla_dag to 2024-11-29 14:28:00+00:00, run_after=2024-11-29 14:30:00+00:00
[2024-11-29T14:31:56.906+0000] {processor.py:208} INFO - Processing /home/airflow/.local/lib/python3.12/site-packages/airflow/example_dags/example_sla_dag.py took 0.101 seconds
[2024-11-29T14:32:28.036+0000] {processor.py:186} INFO - Started process (PID=1628) to work on /home/airflow/.local/lib/python3.12/site-packages/airflow/example_dags/example_sla_dag.py
[2024-11-29T14:32:28.038+0000] {processor.py:914} INFO - Processing file /home/airflow/.local/lib/python3.12/site-packages/airflow/example_dags/example_sla_dag.py for tasks to queue
[2024-11-29T14:32:28.041+0000] {logging_mixin.py:190} INFO - [2024-11-29T14:32:28.041+0000] {dagbag.py:588} INFO - Filling up the DagBag from /home/airflow/.local/lib/python3.12/site-packages/airflow/example_dags/example_sla_dag.py
[2024-11-29T14:32:28.056+0000] {processor.py:925} INFO - DAG(s) 'example_sla_dag' retrieved from /home/airflow/.local/lib/python3.12/site-packages/airflow/example_dags/example_sla_dag.py
[2024-11-29T14:32:28.080+0000] {logging_mixin.py:190} INFO - [2024-11-29T14:32:28.079+0000] {dag.py:3239} INFO - Sync 1 DAGs
[2024-11-29T14:32:28.119+0000] {logging_mixin.py:190} INFO - [2024-11-29T14:32:28.118+0000] {dag.py:4180} INFO - Setting next_dagrun for example_sla_dag to 2024-11-29 14:30:00+00:00, run_after=2024-11-29 14:32:00+00:00
[2024-11-29T14:32:28.145+0000] {processor.py:208} INFO - Processing /home/airflow/.local/lib/python3.12/site-packages/airflow/example_dags/example_sla_dag.py took 0.116 seconds
[2024-11-29T14:32:59.680+0000] {processor.py:186} INFO - Started process (PID=1690) to work on /home/airflow/.local/lib/python3.12/site-packages/airflow/example_dags/example_sla_dag.py
[2024-11-29T14:32:59.683+0000] {processor.py:914} INFO - Processing file /home/airflow/.local/lib/python3.12/site-packages/airflow/example_dags/example_sla_dag.py for tasks to queue
[2024-11-29T14:32:59.690+0000] {logging_mixin.py:190} INFO - [2024-11-29T14:32:59.689+0000] {dagbag.py:588} INFO - Filling up the DagBag from /home/airflow/.local/lib/python3.12/site-packages/airflow/example_dags/example_sla_dag.py
[2024-11-29T14:32:59.718+0000] {processor.py:925} INFO - DAG(s) 'example_sla_dag' retrieved from /home/airflow/.local/lib/python3.12/site-packages/airflow/example_dags/example_sla_dag.py
[2024-11-29T14:32:59.772+0000] {logging_mixin.py:190} INFO - [2024-11-29T14:32:59.772+0000] {dag.py:3239} INFO - Sync 1 DAGs
[2024-11-29T14:32:59.851+0000] {logging_mixin.py:190} INFO - [2024-11-29T14:32:59.849+0000] {dag.py:4180} INFO - Setting next_dagrun for example_sla_dag to 2024-11-29 14:30:00+00:00, run_after=2024-11-29 14:32:00+00:00
[2024-11-29T14:32:59.921+0000] {processor.py:208} INFO - Processing /home/airflow/.local/lib/python3.12/site-packages/airflow/example_dags/example_sla_dag.py took 0.259 seconds
[2024-11-29T14:33:31.202+0000] {processor.py:186} INFO - Started process (PID=1759) to work on /home/airflow/.local/lib/python3.12/site-packages/airflow/example_dags/example_sla_dag.py
[2024-11-29T14:33:31.203+0000] {processor.py:914} INFO - Processing file /home/airflow/.local/lib/python3.12/site-packages/airflow/example_dags/example_sla_dag.py for tasks to queue
[2024-11-29T14:33:31.206+0000] {logging_mixin.py:190} INFO - [2024-11-29T14:33:31.205+0000] {dagbag.py:588} INFO - Filling up the DagBag from /home/airflow/.local/lib/python3.12/site-packages/airflow/example_dags/example_sla_dag.py
[2024-11-29T14:33:31.219+0000] {processor.py:925} INFO - DAG(s) 'example_sla_dag' retrieved from /home/airflow/.local/lib/python3.12/site-packages/airflow/example_dags/example_sla_dag.py
[2024-11-29T14:33:31.242+0000] {logging_mixin.py:190} INFO - [2024-11-29T14:33:31.242+0000] {dag.py:3239} INFO - Sync 1 DAGs
[2024-11-29T14:33:31.275+0000] {logging_mixin.py:190} INFO - [2024-11-29T14:33:31.274+0000] {dag.py:4180} INFO - Setting next_dagrun for example_sla_dag to 2024-11-29 14:30:00+00:00, run_after=2024-11-29 14:32:00+00:00
[2024-11-29T14:33:31.300+0000] {processor.py:208} INFO - Processing /home/airflow/.local/lib/python3.12/site-packages/airflow/example_dags/example_sla_dag.py took 0.105 seconds
[2024-11-29T14:34:02.008+0000] {processor.py:186} INFO - Started process (PID=1821) to work on /home/airflow/.local/lib/python3.12/site-packages/airflow/example_dags/example_sla_dag.py
[2024-11-29T14:34:02.009+0000] {processor.py:914} INFO - Processing file /home/airflow/.local/lib/python3.12/site-packages/airflow/example_dags/example_sla_dag.py for tasks to queue
[2024-11-29T14:34:02.012+0000] {logging_mixin.py:190} INFO - [2024-11-29T14:34:02.011+0000] {dagbag.py:588} INFO - Filling up the DagBag from /home/airflow/.local/lib/python3.12/site-packages/airflow/example_dags/example_sla_dag.py
[2024-11-29T14:34:02.023+0000] {processor.py:925} INFO - DAG(s) 'example_sla_dag' retrieved from /home/airflow/.local/lib/python3.12/site-packages/airflow/example_dags/example_sla_dag.py
[2024-11-29T14:34:02.044+0000] {logging_mixin.py:190} INFO - [2024-11-29T14:34:02.044+0000] {dag.py:3239} INFO - Sync 1 DAGs
[2024-11-29T14:34:02.074+0000] {logging_mixin.py:190} INFO - [2024-11-29T14:34:02.074+0000] {dag.py:4180} INFO - Setting next_dagrun for example_sla_dag to 2024-11-29 14:32:00+00:00, run_after=2024-11-29 14:34:00+00:00
[2024-11-29T14:34:02.099+0000] {processor.py:208} INFO - Processing /home/airflow/.local/lib/python3.12/site-packages/airflow/example_dags/example_sla_dag.py took 0.099 seconds
[2024-11-29T14:34:32.618+0000] {processor.py:186} INFO - Started process (PID=1883) to work on /home/airflow/.local/lib/python3.12/site-packages/airflow/example_dags/example_sla_dag.py
[2024-11-29T14:34:32.619+0000] {processor.py:914} INFO - Processing file /home/airflow/.local/lib/python3.12/site-packages/airflow/example_dags/example_sla_dag.py for tasks to queue
[2024-11-29T14:34:32.622+0000] {logging_mixin.py:190} INFO - [2024-11-29T14:34:32.621+0000] {dagbag.py:588} INFO - Filling up the DagBag from /home/airflow/.local/lib/python3.12/site-packages/airflow/example_dags/example_sla_dag.py
[2024-11-29T14:34:32.633+0000] {processor.py:925} INFO - DAG(s) 'example_sla_dag' retrieved from /home/airflow/.local/lib/python3.12/site-packages/airflow/example_dags/example_sla_dag.py
[2024-11-29T14:34:32.655+0000] {logging_mixin.py:190} INFO - [2024-11-29T14:34:32.655+0000] {dag.py:3239} INFO - Sync 1 DAGs
[2024-11-29T14:34:32.685+0000] {logging_mixin.py:190} INFO - [2024-11-29T14:34:32.685+0000] {dag.py:4180} INFO - Setting next_dagrun for example_sla_dag to 2024-11-29 14:32:00+00:00, run_after=2024-11-29 14:34:00+00:00
[2024-11-29T14:34:32.742+0000] {processor.py:208} INFO - Processing /home/airflow/.local/lib/python3.12/site-packages/airflow/example_dags/example_sla_dag.py took 0.131 seconds
[2024-11-29T14:35:03.117+0000] {processor.py:186} INFO - Started process (PID=1946) to work on /home/airflow/.local/lib/python3.12/site-packages/airflow/example_dags/example_sla_dag.py
[2024-11-29T14:35:03.118+0000] {processor.py:914} INFO - Processing file /home/airflow/.local/lib/python3.12/site-packages/airflow/example_dags/example_sla_dag.py for tasks to queue
[2024-11-29T14:35:03.120+0000] {logging_mixin.py:190} INFO - [2024-11-29T14:35:03.119+0000] {dagbag.py:588} INFO - Filling up the DagBag from /home/airflow/.local/lib/python3.12/site-packages/airflow/example_dags/example_sla_dag.py
[2024-11-29T14:35:03.132+0000] {processor.py:925} INFO - DAG(s) 'example_sla_dag' retrieved from /home/airflow/.local/lib/python3.12/site-packages/airflow/example_dags/example_sla_dag.py
[2024-11-29T14:35:03.152+0000] {logging_mixin.py:190} INFO - [2024-11-29T14:35:03.152+0000] {dag.py:3239} INFO - Sync 1 DAGs
[2024-11-29T14:35:03.184+0000] {logging_mixin.py:190} INFO - [2024-11-29T14:35:03.184+0000] {dag.py:4180} INFO - Setting next_dagrun for example_sla_dag to 2024-11-29 14:32:00+00:00, run_after=2024-11-29 14:34:00+00:00
[2024-11-29T14:35:03.209+0000] {processor.py:208} INFO - Processing /home/airflow/.local/lib/python3.12/site-packages/airflow/example_dags/example_sla_dag.py took 0.103 seconds
[2024-11-29T14:35:33.729+0000] {processor.py:186} INFO - Started process (PID=2009) to work on /home/airflow/.local/lib/python3.12/site-packages/airflow/example_dags/example_sla_dag.py
[2024-11-29T14:35:33.730+0000] {processor.py:914} INFO - Processing file /home/airflow/.local/lib/python3.12/site-packages/airflow/example_dags/example_sla_dag.py for tasks to queue
[2024-11-29T14:35:33.734+0000] {logging_mixin.py:190} INFO - [2024-11-29T14:35:33.733+0000] {dagbag.py:588} INFO - Filling up the DagBag from /home/airflow/.local/lib/python3.12/site-packages/airflow/example_dags/example_sla_dag.py
[2024-11-29T14:35:33.747+0000] {processor.py:925} INFO - DAG(s) 'example_sla_dag' retrieved from /home/airflow/.local/lib/python3.12/site-packages/airflow/example_dags/example_sla_dag.py
[2024-11-29T14:35:33.770+0000] {logging_mixin.py:190} INFO - [2024-11-29T14:35:33.769+0000] {dag.py:3239} INFO - Sync 1 DAGs
[2024-11-29T14:35:33.801+0000] {logging_mixin.py:190} INFO - [2024-11-29T14:35:33.800+0000] {dag.py:4180} INFO - Setting next_dagrun for example_sla_dag to 2024-11-29 14:32:00+00:00, run_after=2024-11-29 14:34:00+00:00
[2024-11-29T14:35:33.823+0000] {processor.py:208} INFO - Processing /home/airflow/.local/lib/python3.12/site-packages/airflow/example_dags/example_sla_dag.py took 0.101 seconds
[2024-11-29T14:36:04.430+0000] {processor.py:186} INFO - Started process (PID=2072) to work on /home/airflow/.local/lib/python3.12/site-packages/airflow/example_dags/example_sla_dag.py
[2024-11-29T14:36:04.433+0000] {processor.py:914} INFO - Processing file /home/airflow/.local/lib/python3.12/site-packages/airflow/example_dags/example_sla_dag.py for tasks to queue
[2024-11-29T14:36:04.440+0000] {logging_mixin.py:190} INFO - [2024-11-29T14:36:04.439+0000] {dagbag.py:588} INFO - Filling up the DagBag from /home/airflow/.local/lib/python3.12/site-packages/airflow/example_dags/example_sla_dag.py
[2024-11-29T14:36:04.468+0000] {processor.py:925} INFO - DAG(s) 'example_sla_dag' retrieved from /home/airflow/.local/lib/python3.12/site-packages/airflow/example_dags/example_sla_dag.py
[2024-11-29T14:36:04.519+0000] {logging_mixin.py:190} INFO - [2024-11-29T14:36:04.518+0000] {dag.py:3239} INFO - Sync 1 DAGs
[2024-11-29T14:36:04.599+0000] {logging_mixin.py:190} INFO - [2024-11-29T14:36:04.598+0000] {dag.py:4180} INFO - Setting next_dagrun for example_sla_dag to 2024-11-29 14:34:00+00:00, run_after=2024-11-29 14:36:00+00:00
[2024-11-29T14:36:04.649+0000] {processor.py:208} INFO - Processing /home/airflow/.local/lib/python3.12/site-packages/airflow/example_dags/example_sla_dag.py took 0.234 seconds
[2024-11-29T14:36:35.232+0000] {processor.py:186} INFO - Started process (PID=2135) to work on /home/airflow/.local/lib/python3.12/site-packages/airflow/example_dags/example_sla_dag.py
[2024-11-29T14:36:35.233+0000] {processor.py:914} INFO - Processing file /home/airflow/.local/lib/python3.12/site-packages/airflow/example_dags/example_sla_dag.py for tasks to queue
[2024-11-29T14:36:35.236+0000] {logging_mixin.py:190} INFO - [2024-11-29T14:36:35.235+0000] {dagbag.py:588} INFO - Filling up the DagBag from /home/airflow/.local/lib/python3.12/site-packages/airflow/example_dags/example_sla_dag.py
[2024-11-29T14:36:35.251+0000] {processor.py:925} INFO - DAG(s) 'example_sla_dag' retrieved from /home/airflow/.local/lib/python3.12/site-packages/airflow/example_dags/example_sla_dag.py
[2024-11-29T14:36:35.272+0000] {logging_mixin.py:190} INFO - [2024-11-29T14:36:35.272+0000] {dag.py:3239} INFO - Sync 1 DAGs
[2024-11-29T14:36:35.304+0000] {logging_mixin.py:190} INFO - [2024-11-29T14:36:35.304+0000] {dag.py:4180} INFO - Setting next_dagrun for example_sla_dag to 2024-11-29 14:34:00+00:00, run_after=2024-11-29 14:36:00+00:00
[2024-11-29T14:36:35.338+0000] {processor.py:208} INFO - Processing /home/airflow/.local/lib/python3.12/site-packages/airflow/example_dags/example_sla_dag.py took 0.114 seconds
[2024-11-29T14:37:06.273+0000] {processor.py:186} INFO - Started process (PID=2198) to work on /home/airflow/.local/lib/python3.12/site-packages/airflow/example_dags/example_sla_dag.py
[2024-11-29T14:37:06.275+0000] {processor.py:914} INFO - Processing file /home/airflow/.local/lib/python3.12/site-packages/airflow/example_dags/example_sla_dag.py for tasks to queue
[2024-11-29T14:37:06.278+0000] {logging_mixin.py:190} INFO - [2024-11-29T14:37:06.277+0000] {dagbag.py:588} INFO - Filling up the DagBag from /home/airflow/.local/lib/python3.12/site-packages/airflow/example_dags/example_sla_dag.py
[2024-11-29T14:37:06.291+0000] {processor.py:925} INFO - DAG(s) 'example_sla_dag' retrieved from /home/airflow/.local/lib/python3.12/site-packages/airflow/example_dags/example_sla_dag.py
[2024-11-29T14:37:06.315+0000] {logging_mixin.py:190} INFO - [2024-11-29T14:37:06.314+0000] {dag.py:3239} INFO - Sync 1 DAGs
[2024-11-29T14:37:06.347+0000] {logging_mixin.py:190} INFO - [2024-11-29T14:37:06.347+0000] {dag.py:4180} INFO - Setting next_dagrun for example_sla_dag to 2024-11-29 14:34:00+00:00, run_after=2024-11-29 14:36:00+00:00
[2024-11-29T14:37:06.371+0000] {processor.py:208} INFO - Processing /home/airflow/.local/lib/python3.12/site-packages/airflow/example_dags/example_sla_dag.py took 0.104 seconds
[2024-11-29T14:37:36.667+0000] {processor.py:186} INFO - Started process (PID=2261) to work on /home/airflow/.local/lib/python3.12/site-packages/airflow/example_dags/example_sla_dag.py
[2024-11-29T14:37:36.669+0000] {processor.py:914} INFO - Processing file /home/airflow/.local/lib/python3.12/site-packages/airflow/example_dags/example_sla_dag.py for tasks to queue
[2024-11-29T14:37:36.672+0000] {logging_mixin.py:190} INFO - [2024-11-29T14:37:36.672+0000] {dagbag.py:588} INFO - Filling up the DagBag from /home/airflow/.local/lib/python3.12/site-packages/airflow/example_dags/example_sla_dag.py
[2024-11-29T14:37:36.684+0000] {processor.py:925} INFO - DAG(s) 'example_sla_dag' retrieved from /home/airflow/.local/lib/python3.12/site-packages/airflow/example_dags/example_sla_dag.py
[2024-11-29T14:37:36.705+0000] {logging_mixin.py:190} INFO - [2024-11-29T14:37:36.704+0000] {dag.py:3239} INFO - Sync 1 DAGs
[2024-11-29T14:37:36.734+0000] {logging_mixin.py:190} INFO - [2024-11-29T14:37:36.734+0000] {dag.py:4180} INFO - Setting next_dagrun for example_sla_dag to 2024-11-29 14:34:00+00:00, run_after=2024-11-29 14:36:00+00:00
[2024-11-29T14:37:36.759+0000] {processor.py:208} INFO - Processing /home/airflow/.local/lib/python3.12/site-packages/airflow/example_dags/example_sla_dag.py took 0.099 seconds
[2024-11-29T14:38:07.817+0000] {processor.py:186} INFO - Started process (PID=2324) to work on /home/airflow/.local/lib/python3.12/site-packages/airflow/example_dags/example_sla_dag.py
[2024-11-29T14:38:07.819+0000] {processor.py:914} INFO - Processing file /home/airflow/.local/lib/python3.12/site-packages/airflow/example_dags/example_sla_dag.py for tasks to queue
[2024-11-29T14:38:07.822+0000] {logging_mixin.py:190} INFO - [2024-11-29T14:38:07.822+0000] {dagbag.py:588} INFO - Filling up the DagBag from /home/airflow/.local/lib/python3.12/site-packages/airflow/example_dags/example_sla_dag.py
[2024-11-29T14:38:07.836+0000] {processor.py:925} INFO - DAG(s) 'example_sla_dag' retrieved from /home/airflow/.local/lib/python3.12/site-packages/airflow/example_dags/example_sla_dag.py
[2024-11-29T14:38:07.865+0000] {logging_mixin.py:190} INFO - [2024-11-29T14:38:07.864+0000] {dag.py:3239} INFO - Sync 1 DAGs
[2024-11-29T14:38:07.899+0000] {logging_mixin.py:190} INFO - [2024-11-29T14:38:07.899+0000] {dag.py:4180} INFO - Setting next_dagrun for example_sla_dag to 2024-11-29 14:36:00+00:00, run_after=2024-11-29 14:38:00+00:00
[2024-11-29T14:38:07.922+0000] {processor.py:208} INFO - Processing /home/airflow/.local/lib/python3.12/site-packages/airflow/example_dags/example_sla_dag.py took 0.113 seconds
[2024-11-29T14:38:38.409+0000] {processor.py:186} INFO - Started process (PID=2387) to work on /home/airflow/.local/lib/python3.12/site-packages/airflow/example_dags/example_sla_dag.py
[2024-11-29T14:38:38.411+0000] {processor.py:914} INFO - Processing file /home/airflow/.local/lib/python3.12/site-packages/airflow/example_dags/example_sla_dag.py for tasks to queue
[2024-11-29T14:38:38.414+0000] {logging_mixin.py:190} INFO - [2024-11-29T14:38:38.414+0000] {dagbag.py:588} INFO - Filling up the DagBag from /home/airflow/.local/lib/python3.12/site-packages/airflow/example_dags/example_sla_dag.py
[2024-11-29T14:38:38.428+0000] {processor.py:925} INFO - DAG(s) 'example_sla_dag' retrieved from /home/airflow/.local/lib/python3.12/site-packages/airflow/example_dags/example_sla_dag.py
[2024-11-29T14:38:38.455+0000] {logging_mixin.py:190} INFO - [2024-11-29T14:38:38.455+0000] {dag.py:3239} INFO - Sync 1 DAGs
[2024-11-29T14:38:38.500+0000] {logging_mixin.py:190} INFO - [2024-11-29T14:38:38.499+0000] {dag.py:4180} INFO - Setting next_dagrun for example_sla_dag to 2024-11-29 14:36:00+00:00, run_after=2024-11-29 14:38:00+00:00
[2024-11-29T14:38:38.523+0000] {processor.py:208} INFO - Processing /home/airflow/.local/lib/python3.12/site-packages/airflow/example_dags/example_sla_dag.py took 0.121 seconds
[2024-11-29T14:39:09.118+0000] {processor.py:186} INFO - Started process (PID=2449) to work on /home/airflow/.local/lib/python3.12/site-packages/airflow/example_dags/example_sla_dag.py
[2024-11-29T14:39:09.120+0000] {processor.py:914} INFO - Processing file /home/airflow/.local/lib/python3.12/site-packages/airflow/example_dags/example_sla_dag.py for tasks to queue
[2024-11-29T14:39:09.123+0000] {logging_mixin.py:190} INFO - [2024-11-29T14:39:09.122+0000] {dagbag.py:588} INFO - Filling up the DagBag from /home/airflow/.local/lib/python3.12/site-packages/airflow/example_dags/example_sla_dag.py
[2024-11-29T14:39:09.142+0000] {processor.py:925} INFO - DAG(s) 'example_sla_dag' retrieved from /home/airflow/.local/lib/python3.12/site-packages/airflow/example_dags/example_sla_dag.py
[2024-11-29T14:39:09.168+0000] {logging_mixin.py:190} INFO - [2024-11-29T14:39:09.168+0000] {dag.py:3239} INFO - Sync 1 DAGs
[2024-11-29T14:39:09.203+0000] {logging_mixin.py:190} INFO - [2024-11-29T14:39:09.203+0000] {dag.py:4180} INFO - Setting next_dagrun for example_sla_dag to 2024-11-29 14:36:00+00:00, run_after=2024-11-29 14:38:00+00:00
[2024-11-29T14:39:09.224+0000] {processor.py:208} INFO - Processing /home/airflow/.local/lib/python3.12/site-packages/airflow/example_dags/example_sla_dag.py took 0.118 seconds
[2024-11-29T14:39:40.225+0000] {processor.py:186} INFO - Started process (PID=2518) to work on /home/airflow/.local/lib/python3.12/site-packages/airflow/example_dags/example_sla_dag.py
[2024-11-29T14:39:40.230+0000] {processor.py:914} INFO - Processing file /home/airflow/.local/lib/python3.12/site-packages/airflow/example_dags/example_sla_dag.py for tasks to queue
[2024-11-29T14:39:40.237+0000] {logging_mixin.py:190} INFO - [2024-11-29T14:39:40.236+0000] {dagbag.py:588} INFO - Filling up the DagBag from /home/airflow/.local/lib/python3.12/site-packages/airflow/example_dags/example_sla_dag.py
[2024-11-29T14:39:40.269+0000] {processor.py:925} INFO - DAG(s) 'example_sla_dag' retrieved from /home/airflow/.local/lib/python3.12/site-packages/airflow/example_dags/example_sla_dag.py
[2024-11-29T14:39:40.325+0000] {logging_mixin.py:190} INFO - [2024-11-29T14:39:40.325+0000] {dag.py:3239} INFO - Sync 1 DAGs
[2024-11-29T14:39:40.401+0000] {logging_mixin.py:190} INFO - [2024-11-29T14:39:40.400+0000] {dag.py:4180} INFO - Setting next_dagrun for example_sla_dag to 2024-11-29 14:36:00+00:00, run_after=2024-11-29 14:38:00+00:00
[2024-11-29T14:39:40.463+0000] {processor.py:208} INFO - Processing /home/airflow/.local/lib/python3.12/site-packages/airflow/example_dags/example_sla_dag.py took 0.253 seconds
[2024-11-29T14:40:10.927+0000] {processor.py:186} INFO - Started process (PID=2582) to work on /home/airflow/.local/lib/python3.12/site-packages/airflow/example_dags/example_sla_dag.py
[2024-11-29T14:40:10.929+0000] {processor.py:914} INFO - Processing file /home/airflow/.local/lib/python3.12/site-packages/airflow/example_dags/example_sla_dag.py for tasks to queue
[2024-11-29T14:40:10.932+0000] {logging_mixin.py:190} INFO - [2024-11-29T14:40:10.931+0000] {dagbag.py:588} INFO - Filling up the DagBag from /home/airflow/.local/lib/python3.12/site-packages/airflow/example_dags/example_sla_dag.py
[2024-11-29T14:40:10.943+0000] {processor.py:925} INFO - DAG(s) 'example_sla_dag' retrieved from /home/airflow/.local/lib/python3.12/site-packages/airflow/example_dags/example_sla_dag.py
[2024-11-29T14:40:10.965+0000] {logging_mixin.py:190} INFO - [2024-11-29T14:40:10.965+0000] {dag.py:3239} INFO - Sync 1 DAGs
[2024-11-29T14:40:10.993+0000] {logging_mixin.py:190} INFO - [2024-11-29T14:40:10.993+0000] {dag.py:4180} INFO - Setting next_dagrun for example_sla_dag to 2024-11-29 14:38:00+00:00, run_after=2024-11-29 14:40:00+00:00
[2024-11-29T14:40:11.026+0000] {processor.py:208} INFO - Processing /home/airflow/.local/lib/python3.12/site-packages/airflow/example_dags/example_sla_dag.py took 0.106 seconds
[2024-11-29T14:40:41.238+0000] {processor.py:186} INFO - Started process (PID=2645) to work on /home/airflow/.local/lib/python3.12/site-packages/airflow/example_dags/example_sla_dag.py
[2024-11-29T14:40:41.239+0000] {processor.py:914} INFO - Processing file /home/airflow/.local/lib/python3.12/site-packages/airflow/example_dags/example_sla_dag.py for tasks to queue
[2024-11-29T14:40:41.242+0000] {logging_mixin.py:190} INFO - [2024-11-29T14:40:41.242+0000] {dagbag.py:588} INFO - Filling up the DagBag from /home/airflow/.local/lib/python3.12/site-packages/airflow/example_dags/example_sla_dag.py
[2024-11-29T14:40:41.254+0000] {processor.py:925} INFO - DAG(s) 'example_sla_dag' retrieved from /home/airflow/.local/lib/python3.12/site-packages/airflow/example_dags/example_sla_dag.py
[2024-11-29T14:40:41.276+0000] {logging_mixin.py:190} INFO - [2024-11-29T14:40:41.276+0000] {dag.py:3239} INFO - Sync 1 DAGs
[2024-11-29T14:40:41.314+0000] {logging_mixin.py:190} INFO - [2024-11-29T14:40:41.314+0000] {dag.py:4180} INFO - Setting next_dagrun for example_sla_dag to 2024-11-29 14:38:00+00:00, run_after=2024-11-29 14:40:00+00:00
[2024-11-29T14:40:41.338+0000] {processor.py:208} INFO - Processing /home/airflow/.local/lib/python3.12/site-packages/airflow/example_dags/example_sla_dag.py took 0.106 seconds
[2024-11-29T14:41:12.070+0000] {processor.py:186} INFO - Started process (PID=2708) to work on /home/airflow/.local/lib/python3.12/site-packages/airflow/example_dags/example_sla_dag.py
[2024-11-29T14:41:12.072+0000] {processor.py:914} INFO - Processing file /home/airflow/.local/lib/python3.12/site-packages/airflow/example_dags/example_sla_dag.py for tasks to queue
[2024-11-29T14:41:12.075+0000] {logging_mixin.py:190} INFO - [2024-11-29T14:41:12.074+0000] {dagbag.py:588} INFO - Filling up the DagBag from /home/airflow/.local/lib/python3.12/site-packages/airflow/example_dags/example_sla_dag.py
[2024-11-29T14:41:12.087+0000] {processor.py:925} INFO - DAG(s) 'example_sla_dag' retrieved from /home/airflow/.local/lib/python3.12/site-packages/airflow/example_dags/example_sla_dag.py
[2024-11-29T14:41:12.108+0000] {logging_mixin.py:190} INFO - [2024-11-29T14:41:12.108+0000] {dag.py:3239} INFO - Sync 1 DAGs
[2024-11-29T14:41:12.141+0000] {logging_mixin.py:190} INFO - [2024-11-29T14:41:12.140+0000] {dag.py:4180} INFO - Setting next_dagrun for example_sla_dag to 2024-11-29 14:38:00+00:00, run_after=2024-11-29 14:40:00+00:00
[2024-11-29T14:41:12.169+0000] {processor.py:208} INFO - Processing /home/airflow/.local/lib/python3.12/site-packages/airflow/example_dags/example_sla_dag.py took 0.106 seconds
[2024-11-29T14:41:42.308+0000] {processor.py:186} INFO - Started process (PID=2771) to work on /home/airflow/.local/lib/python3.12/site-packages/airflow/example_dags/example_sla_dag.py
[2024-11-29T14:41:42.309+0000] {processor.py:914} INFO - Processing file /home/airflow/.local/lib/python3.12/site-packages/airflow/example_dags/example_sla_dag.py for tasks to queue
[2024-11-29T14:41:42.312+0000] {logging_mixin.py:190} INFO - [2024-11-29T14:41:42.312+0000] {dagbag.py:588} INFO - Filling up the DagBag from /home/airflow/.local/lib/python3.12/site-packages/airflow/example_dags/example_sla_dag.py
[2024-11-29T14:41:42.324+0000] {processor.py:925} INFO - DAG(s) 'example_sla_dag' retrieved from /home/airflow/.local/lib/python3.12/site-packages/airflow/example_dags/example_sla_dag.py
[2024-11-29T14:41:42.346+0000] {logging_mixin.py:190} INFO - [2024-11-29T14:41:42.345+0000] {dag.py:3239} INFO - Sync 1 DAGs
[2024-11-29T14:41:42.382+0000] {logging_mixin.py:190} INFO - [2024-11-29T14:41:42.382+0000] {dag.py:4180} INFO - Setting next_dagrun for example_sla_dag to 2024-11-29 14:38:00+00:00, run_after=2024-11-29 14:40:00+00:00
[2024-11-29T14:41:42.406+0000] {processor.py:208} INFO - Processing /home/airflow/.local/lib/python3.12/site-packages/airflow/example_dags/example_sla_dag.py took 0.105 seconds
[2024-11-29T14:42:12.614+0000] {processor.py:186} INFO - Started process (PID=2834) to work on /home/airflow/.local/lib/python3.12/site-packages/airflow/example_dags/example_sla_dag.py
[2024-11-29T14:42:12.615+0000] {processor.py:914} INFO - Processing file /home/airflow/.local/lib/python3.12/site-packages/airflow/example_dags/example_sla_dag.py for tasks to queue
[2024-11-29T14:42:12.617+0000] {logging_mixin.py:190} INFO - [2024-11-29T14:42:12.617+0000] {dagbag.py:588} INFO - Filling up the DagBag from /home/airflow/.local/lib/python3.12/site-packages/airflow/example_dags/example_sla_dag.py
[2024-11-29T14:42:12.630+0000] {processor.py:925} INFO - DAG(s) 'example_sla_dag' retrieved from /home/airflow/.local/lib/python3.12/site-packages/airflow/example_dags/example_sla_dag.py
[2024-11-29T14:42:12.651+0000] {logging_mixin.py:190} INFO - [2024-11-29T14:42:12.650+0000] {dag.py:3239} INFO - Sync 1 DAGs
[2024-11-29T14:42:12.682+0000] {logging_mixin.py:190} INFO - [2024-11-29T14:42:12.681+0000] {dag.py:4180} INFO - Setting next_dagrun for example_sla_dag to 2024-11-29 14:40:00+00:00, run_after=2024-11-29 14:42:00+00:00
[2024-11-29T14:42:12.734+0000] {processor.py:208} INFO - Processing /home/airflow/.local/lib/python3.12/site-packages/airflow/example_dags/example_sla_dag.py took 0.127 seconds
[2024-11-29T14:42:43.445+0000] {processor.py:186} INFO - Started process (PID=2897) to work on /home/airflow/.local/lib/python3.12/site-packages/airflow/example_dags/example_sla_dag.py
[2024-11-29T14:42:43.447+0000] {processor.py:914} INFO - Processing file /home/airflow/.local/lib/python3.12/site-packages/airflow/example_dags/example_sla_dag.py for tasks to queue
[2024-11-29T14:42:43.449+0000] {logging_mixin.py:190} INFO - [2024-11-29T14:42:43.449+0000] {dagbag.py:588} INFO - Filling up the DagBag from /home/airflow/.local/lib/python3.12/site-packages/airflow/example_dags/example_sla_dag.py
[2024-11-29T14:42:43.462+0000] {processor.py:925} INFO - DAG(s) 'example_sla_dag' retrieved from /home/airflow/.local/lib/python3.12/site-packages/airflow/example_dags/example_sla_dag.py
[2024-11-29T14:42:43.493+0000] {logging_mixin.py:190} INFO - [2024-11-29T14:42:43.492+0000] {dag.py:3239} INFO - Sync 1 DAGs
[2024-11-29T14:42:43.573+0000] {logging_mixin.py:190} INFO - [2024-11-29T14:42:43.573+0000] {dag.py:4180} INFO - Setting next_dagrun for example_sla_dag to 2024-11-29 14:40:00+00:00, run_after=2024-11-29 14:42:00+00:00
[2024-11-29T14:42:43.608+0000] {processor.py:208} INFO - Processing /home/airflow/.local/lib/python3.12/site-packages/airflow/example_dags/example_sla_dag.py took 0.170 seconds
[2024-11-29T14:43:13.833+0000] {processor.py:186} INFO - Started process (PID=2960) to work on /home/airflow/.local/lib/python3.12/site-packages/airflow/example_dags/example_sla_dag.py
[2024-11-29T14:43:13.835+0000] {processor.py:914} INFO - Processing file /home/airflow/.local/lib/python3.12/site-packages/airflow/example_dags/example_sla_dag.py for tasks to queue
[2024-11-29T14:43:13.837+0000] {logging_mixin.py:190} INFO - [2024-11-29T14:43:13.837+0000] {dagbag.py:588} INFO - Filling up the DagBag from /home/airflow/.local/lib/python3.12/site-packages/airflow/example_dags/example_sla_dag.py
[2024-11-29T14:43:13.850+0000] {processor.py:925} INFO - DAG(s) 'example_sla_dag' retrieved from /home/airflow/.local/lib/python3.12/site-packages/airflow/example_dags/example_sla_dag.py
[2024-11-29T14:43:13.873+0000] {logging_mixin.py:190} INFO - [2024-11-29T14:43:13.872+0000] {dag.py:3239} INFO - Sync 1 DAGs
[2024-11-29T14:43:13.904+0000] {logging_mixin.py:190} INFO - [2024-11-29T14:43:13.903+0000] {dag.py:4180} INFO - Setting next_dagrun for example_sla_dag to 2024-11-29 14:40:00+00:00, run_after=2024-11-29 14:42:00+00:00
[2024-11-29T14:43:13.925+0000] {processor.py:208} INFO - Processing /home/airflow/.local/lib/python3.12/site-packages/airflow/example_dags/example_sla_dag.py took 0.099 seconds
[2024-11-29T14:43:44.542+0000] {processor.py:186} INFO - Started process (PID=3024) to work on /home/airflow/.local/lib/python3.12/site-packages/airflow/example_dags/example_sla_dag.py
[2024-11-29T14:43:44.543+0000] {processor.py:914} INFO - Processing file /home/airflow/.local/lib/python3.12/site-packages/airflow/example_dags/example_sla_dag.py for tasks to queue
[2024-11-29T14:43:44.546+0000] {logging_mixin.py:190} INFO - [2024-11-29T14:43:44.545+0000] {dagbag.py:588} INFO - Filling up the DagBag from /home/airflow/.local/lib/python3.12/site-packages/airflow/example_dags/example_sla_dag.py
[2024-11-29T14:43:44.557+0000] {processor.py:925} INFO - DAG(s) 'example_sla_dag' retrieved from /home/airflow/.local/lib/python3.12/site-packages/airflow/example_dags/example_sla_dag.py
[2024-11-29T14:43:44.579+0000] {logging_mixin.py:190} INFO - [2024-11-29T14:43:44.579+0000] {dag.py:3239} INFO - Sync 1 DAGs
[2024-11-29T14:43:44.609+0000] {logging_mixin.py:190} INFO - [2024-11-29T14:43:44.608+0000] {dag.py:4180} INFO - Setting next_dagrun for example_sla_dag to 2024-11-29 14:40:00+00:00, run_after=2024-11-29 14:42:00+00:00
[2024-11-29T14:43:44.631+0000] {processor.py:208} INFO - Processing /home/airflow/.local/lib/python3.12/site-packages/airflow/example_dags/example_sla_dag.py took 0.096 seconds
[2024-11-29T14:44:14.956+0000] {processor.py:186} INFO - Started process (PID=3087) to work on /home/airflow/.local/lib/python3.12/site-packages/airflow/example_dags/example_sla_dag.py
[2024-11-29T14:44:14.958+0000] {processor.py:914} INFO - Processing file /home/airflow/.local/lib/python3.12/site-packages/airflow/example_dags/example_sla_dag.py for tasks to queue
[2024-11-29T14:44:14.963+0000] {logging_mixin.py:190} INFO - [2024-11-29T14:44:14.962+0000] {dagbag.py:588} INFO - Filling up the DagBag from /home/airflow/.local/lib/python3.12/site-packages/airflow/example_dags/example_sla_dag.py
[2024-11-29T14:44:14.982+0000] {processor.py:925} INFO - DAG(s) 'example_sla_dag' retrieved from /home/airflow/.local/lib/python3.12/site-packages/airflow/example_dags/example_sla_dag.py
[2024-11-29T14:44:15.012+0000] {logging_mixin.py:190} INFO - [2024-11-29T14:44:15.011+0000] {dag.py:3239} INFO - Sync 1 DAGs
[2024-11-29T14:44:15.056+0000] {logging_mixin.py:190} INFO - [2024-11-29T14:44:15.055+0000] {dag.py:4180} INFO - Setting next_dagrun for example_sla_dag to 2024-11-29 14:42:00+00:00, run_after=2024-11-29 14:44:00+00:00
[2024-11-29T14:44:15.118+0000] {processor.py:208} INFO - Processing /home/airflow/.local/lib/python3.12/site-packages/airflow/example_dags/example_sla_dag.py took 0.174 seconds
[2024-11-29T14:44:45.368+0000] {processor.py:186} INFO - Started process (PID=3150) to work on /home/airflow/.local/lib/python3.12/site-packages/airflow/example_dags/example_sla_dag.py
[2024-11-29T14:44:45.370+0000] {processor.py:914} INFO - Processing file /home/airflow/.local/lib/python3.12/site-packages/airflow/example_dags/example_sla_dag.py for tasks to queue
[2024-11-29T14:44:45.372+0000] {logging_mixin.py:190} INFO - [2024-11-29T14:44:45.372+0000] {dagbag.py:588} INFO - Filling up the DagBag from /home/airflow/.local/lib/python3.12/site-packages/airflow/example_dags/example_sla_dag.py
[2024-11-29T14:44:45.384+0000] {processor.py:925} INFO - DAG(s) 'example_sla_dag' retrieved from /home/airflow/.local/lib/python3.12/site-packages/airflow/example_dags/example_sla_dag.py
[2024-11-29T14:44:45.406+0000] {logging_mixin.py:190} INFO - [2024-11-29T14:44:45.406+0000] {dag.py:3239} INFO - Sync 1 DAGs
[2024-11-29T14:44:45.437+0000] {logging_mixin.py:190} INFO - [2024-11-29T14:44:45.437+0000] {dag.py:4180} INFO - Setting next_dagrun for example_sla_dag to 2024-11-29 14:42:00+00:00, run_after=2024-11-29 14:44:00+00:00
[2024-11-29T14:44:45.461+0000] {processor.py:208} INFO - Processing /home/airflow/.local/lib/python3.12/site-packages/airflow/example_dags/example_sla_dag.py took 0.099 seconds
[2024-11-29T14:45:15.831+0000] {processor.py:186} INFO - Started process (PID=3213) to work on /home/airflow/.local/lib/python3.12/site-packages/airflow/example_dags/example_sla_dag.py
[2024-11-29T14:45:15.832+0000] {processor.py:914} INFO - Processing file /home/airflow/.local/lib/python3.12/site-packages/airflow/example_dags/example_sla_dag.py for tasks to queue
[2024-11-29T14:45:15.835+0000] {logging_mixin.py:190} INFO - [2024-11-29T14:45:15.834+0000] {dagbag.py:588} INFO - Filling up the DagBag from /home/airflow/.local/lib/python3.12/site-packages/airflow/example_dags/example_sla_dag.py
[2024-11-29T14:45:15.847+0000] {processor.py:925} INFO - DAG(s) 'example_sla_dag' retrieved from /home/airflow/.local/lib/python3.12/site-packages/airflow/example_dags/example_sla_dag.py
[2024-11-29T14:45:15.869+0000] {logging_mixin.py:190} INFO - [2024-11-29T14:45:15.869+0000] {dag.py:3239} INFO - Sync 1 DAGs
[2024-11-29T14:45:15.899+0000] {logging_mixin.py:190} INFO - [2024-11-29T14:45:15.899+0000] {dag.py:4180} INFO - Setting next_dagrun for example_sla_dag to 2024-11-29 14:42:00+00:00, run_after=2024-11-29 14:44:00+00:00
[2024-11-29T14:45:15.933+0000] {processor.py:208} INFO - Processing /home/airflow/.local/lib/python3.12/site-packages/airflow/example_dags/example_sla_dag.py took 0.108 seconds
[2024-11-29T14:45:46.896+0000] {processor.py:186} INFO - Started process (PID=3276) to work on /home/airflow/.local/lib/python3.12/site-packages/airflow/example_dags/example_sla_dag.py
[2024-11-29T14:45:46.900+0000] {processor.py:914} INFO - Processing file /home/airflow/.local/lib/python3.12/site-packages/airflow/example_dags/example_sla_dag.py for tasks to queue
[2024-11-29T14:45:46.907+0000] {logging_mixin.py:190} INFO - [2024-11-29T14:45:46.906+0000] {dagbag.py:588} INFO - Filling up the DagBag from /home/airflow/.local/lib/python3.12/site-packages/airflow/example_dags/example_sla_dag.py
[2024-11-29T14:45:46.939+0000] {processor.py:925} INFO - DAG(s) 'example_sla_dag' retrieved from /home/airflow/.local/lib/python3.12/site-packages/airflow/example_dags/example_sla_dag.py
[2024-11-29T14:45:46.989+0000] {logging_mixin.py:190} INFO - [2024-11-29T14:45:46.988+0000] {dag.py:3239} INFO - Sync 1 DAGs
[2024-11-29T14:45:47.060+0000] {logging_mixin.py:190} INFO - [2024-11-29T14:45:47.059+0000] {dag.py:4180} INFO - Setting next_dagrun for example_sla_dag to 2024-11-29 14:42:00+00:00, run_after=2024-11-29 14:44:00+00:00
[2024-11-29T14:45:47.101+0000] {processor.py:208} INFO - Processing /home/airflow/.local/lib/python3.12/site-packages/airflow/example_dags/example_sla_dag.py took 0.224 seconds
[2024-11-29T14:46:18.752+0000] {processor.py:186} INFO - Started process (PID=3339) to work on /home/airflow/.local/lib/python3.12/site-packages/airflow/example_dags/example_sla_dag.py
[2024-11-29T14:46:18.753+0000] {processor.py:914} INFO - Processing file /home/airflow/.local/lib/python3.12/site-packages/airflow/example_dags/example_sla_dag.py for tasks to queue
[2024-11-29T14:46:18.756+0000] {logging_mixin.py:190} INFO - [2024-11-29T14:46:18.756+0000] {dagbag.py:588} INFO - Filling up the DagBag from /home/airflow/.local/lib/python3.12/site-packages/airflow/example_dags/example_sla_dag.py
[2024-11-29T14:46:18.769+0000] {processor.py:925} INFO - DAG(s) 'example_sla_dag' retrieved from /home/airflow/.local/lib/python3.12/site-packages/airflow/example_dags/example_sla_dag.py
[2024-11-29T14:46:18.789+0000] {logging_mixin.py:190} INFO - [2024-11-29T14:46:18.788+0000] {dag.py:3239} INFO - Sync 1 DAGs
[2024-11-29T14:46:19.046+0000] {logging_mixin.py:190} INFO - [2024-11-29T14:46:19.046+0000] {dag.py:4180} INFO - Setting next_dagrun for example_sla_dag to 2024-11-29 14:44:00+00:00, run_after=2024-11-29 14:46:00+00:00
[2024-11-29T14:46:19.077+0000] {processor.py:208} INFO - Processing /home/airflow/.local/lib/python3.12/site-packages/airflow/example_dags/example_sla_dag.py took 0.333 seconds
[2024-11-29T14:46:49.586+0000] {processor.py:186} INFO - Started process (PID=3403) to work on /home/airflow/.local/lib/python3.12/site-packages/airflow/example_dags/example_sla_dag.py
[2024-11-29T14:46:49.587+0000] {processor.py:914} INFO - Processing file /home/airflow/.local/lib/python3.12/site-packages/airflow/example_dags/example_sla_dag.py for tasks to queue
[2024-11-29T14:46:49.590+0000] {logging_mixin.py:190} INFO - [2024-11-29T14:46:49.590+0000] {dagbag.py:588} INFO - Filling up the DagBag from /home/airflow/.local/lib/python3.12/site-packages/airflow/example_dags/example_sla_dag.py
[2024-11-29T14:46:49.604+0000] {processor.py:925} INFO - DAG(s) 'example_sla_dag' retrieved from /home/airflow/.local/lib/python3.12/site-packages/airflow/example_dags/example_sla_dag.py
[2024-11-29T14:46:49.628+0000] {logging_mixin.py:190} INFO - [2024-11-29T14:46:49.627+0000] {dag.py:3239} INFO - Sync 1 DAGs
[2024-11-29T14:46:49.661+0000] {logging_mixin.py:190} INFO - [2024-11-29T14:46:49.661+0000] {dag.py:4180} INFO - Setting next_dagrun for example_sla_dag to 2024-11-29 14:44:00+00:00, run_after=2024-11-29 14:46:00+00:00
[2024-11-29T14:46:49.862+0000] {processor.py:208} INFO - Processing /home/airflow/.local/lib/python3.12/site-packages/airflow/example_dags/example_sla_dag.py took 0.284 seconds
[2024-11-29T14:47:20.185+0000] {processor.py:186} INFO - Started process (PID=3466) to work on /home/airflow/.local/lib/python3.12/site-packages/airflow/example_dags/example_sla_dag.py
[2024-11-29T14:47:20.187+0000] {processor.py:914} INFO - Processing file /home/airflow/.local/lib/python3.12/site-packages/airflow/example_dags/example_sla_dag.py for tasks to queue
[2024-11-29T14:47:20.191+0000] {logging_mixin.py:190} INFO - [2024-11-29T14:47:20.190+0000] {dagbag.py:588} INFO - Filling up the DagBag from /home/airflow/.local/lib/python3.12/site-packages/airflow/example_dags/example_sla_dag.py
[2024-11-29T14:47:20.205+0000] {processor.py:925} INFO - DAG(s) 'example_sla_dag' retrieved from /home/airflow/.local/lib/python3.12/site-packages/airflow/example_dags/example_sla_dag.py
[2024-11-29T14:47:20.231+0000] {logging_mixin.py:190} INFO - [2024-11-29T14:47:20.231+0000] {dag.py:3239} INFO - Sync 1 DAGs
[2024-11-29T14:47:20.271+0000] {logging_mixin.py:190} INFO - [2024-11-29T14:47:20.270+0000] {dag.py:4180} INFO - Setting next_dagrun for example_sla_dag to 2024-11-29 14:44:00+00:00, run_after=2024-11-29 14:46:00+00:00
[2024-11-29T14:47:20.307+0000] {processor.py:208} INFO - Processing /home/airflow/.local/lib/python3.12/site-packages/airflow/example_dags/example_sla_dag.py took 0.130 seconds
[2024-11-29T14:47:50.979+0000] {processor.py:186} INFO - Started process (PID=3530) to work on /home/airflow/.local/lib/python3.12/site-packages/airflow/example_dags/example_sla_dag.py
[2024-11-29T14:47:50.981+0000] {processor.py:914} INFO - Processing file /home/airflow/.local/lib/python3.12/site-packages/airflow/example_dags/example_sla_dag.py for tasks to queue
[2024-11-29T14:47:50.984+0000] {logging_mixin.py:190} INFO - [2024-11-29T14:47:50.983+0000] {dagbag.py:588} INFO - Filling up the DagBag from /home/airflow/.local/lib/python3.12/site-packages/airflow/example_dags/example_sla_dag.py
[2024-11-29T14:47:50.996+0000] {processor.py:925} INFO - DAG(s) 'example_sla_dag' retrieved from /home/airflow/.local/lib/python3.12/site-packages/airflow/example_dags/example_sla_dag.py
[2024-11-29T14:47:51.020+0000] {logging_mixin.py:190} INFO - [2024-11-29T14:47:51.019+0000] {dag.py:3239} INFO - Sync 1 DAGs
[2024-11-29T14:47:51.054+0000] {logging_mixin.py:190} INFO - [2024-11-29T14:47:51.054+0000] {dag.py:4180} INFO - Setting next_dagrun for example_sla_dag to 2024-11-29 14:44:00+00:00, run_after=2024-11-29 14:46:00+00:00
[2024-11-29T14:47:51.076+0000] {processor.py:208} INFO - Processing /home/airflow/.local/lib/python3.12/site-packages/airflow/example_dags/example_sla_dag.py took 0.105 seconds
[2024-11-29T14:48:21.592+0000] {processor.py:186} INFO - Started process (PID=3594) to work on /home/airflow/.local/lib/python3.12/site-packages/airflow/example_dags/example_sla_dag.py
[2024-11-29T14:48:21.594+0000] {processor.py:914} INFO - Processing file /home/airflow/.local/lib/python3.12/site-packages/airflow/example_dags/example_sla_dag.py for tasks to queue
[2024-11-29T14:48:21.598+0000] {logging_mixin.py:190} INFO - [2024-11-29T14:48:21.597+0000] {dagbag.py:588} INFO - Filling up the DagBag from /home/airflow/.local/lib/python3.12/site-packages/airflow/example_dags/example_sla_dag.py
[2024-11-29T14:48:21.622+0000] {processor.py:925} INFO - DAG(s) 'example_sla_dag' retrieved from /home/airflow/.local/lib/python3.12/site-packages/airflow/example_dags/example_sla_dag.py
[2024-11-29T14:48:21.648+0000] {logging_mixin.py:190} INFO - [2024-11-29T14:48:21.647+0000] {dag.py:3239} INFO - Sync 1 DAGs
[2024-11-29T14:48:21.680+0000] {logging_mixin.py:190} INFO - [2024-11-29T14:48:21.680+0000] {dag.py:4180} INFO - Setting next_dagrun for example_sla_dag to 2024-11-29 14:46:00+00:00, run_after=2024-11-29 14:48:00+00:00
[2024-11-29T14:48:21.701+0000] {processor.py:208} INFO - Processing /home/airflow/.local/lib/python3.12/site-packages/airflow/example_dags/example_sla_dag.py took 0.118 seconds
[2024-11-29T14:48:52.544+0000] {processor.py:186} INFO - Started process (PID=3660) to work on /home/airflow/.local/lib/python3.12/site-packages/airflow/example_dags/example_sla_dag.py
[2024-11-29T14:48:52.545+0000] {processor.py:914} INFO - Processing file /home/airflow/.local/lib/python3.12/site-packages/airflow/example_dags/example_sla_dag.py for tasks to queue
[2024-11-29T14:48:52.548+0000] {logging_mixin.py:190} INFO - [2024-11-29T14:48:52.548+0000] {dagbag.py:588} INFO - Filling up the DagBag from /home/airflow/.local/lib/python3.12/site-packages/airflow/example_dags/example_sla_dag.py
[2024-11-29T14:48:52.563+0000] {processor.py:925} INFO - DAG(s) 'example_sla_dag' retrieved from /home/airflow/.local/lib/python3.12/site-packages/airflow/example_dags/example_sla_dag.py
[2024-11-29T14:48:52.590+0000] {logging_mixin.py:190} INFO - [2024-11-29T14:48:52.589+0000] {dag.py:3239} INFO - Sync 1 DAGs
[2024-11-29T14:48:52.629+0000] {logging_mixin.py:190} INFO - [2024-11-29T14:48:52.629+0000] {dag.py:4180} INFO - Setting next_dagrun for example_sla_dag to 2024-11-29 14:46:00+00:00, run_after=2024-11-29 14:48:00+00:00
[2024-11-29T14:48:52.656+0000] {processor.py:208} INFO - Processing /home/airflow/.local/lib/python3.12/site-packages/airflow/example_dags/example_sla_dag.py took 0.122 seconds
[2024-11-29T14:49:23.757+0000] {processor.py:186} INFO - Started process (PID=3723) to work on /home/airflow/.local/lib/python3.12/site-packages/airflow/example_dags/example_sla_dag.py
[2024-11-29T14:49:23.759+0000] {processor.py:914} INFO - Processing file /home/airflow/.local/lib/python3.12/site-packages/airflow/example_dags/example_sla_dag.py for tasks to queue
[2024-11-29T14:49:23.764+0000] {logging_mixin.py:190} INFO - [2024-11-29T14:49:23.763+0000] {dagbag.py:588} INFO - Filling up the DagBag from /home/airflow/.local/lib/python3.12/site-packages/airflow/example_dags/example_sla_dag.py
[2024-11-29T14:49:23.792+0000] {processor.py:925} INFO - DAG(s) 'example_sla_dag' retrieved from /home/airflow/.local/lib/python3.12/site-packages/airflow/example_dags/example_sla_dag.py
[2024-11-29T14:49:23.826+0000] {logging_mixin.py:190} INFO - [2024-11-29T14:49:23.826+0000] {dag.py:3239} INFO - Sync 1 DAGs
[2024-11-29T14:49:23.866+0000] {logging_mixin.py:190} INFO - [2024-11-29T14:49:23.866+0000] {dag.py:4180} INFO - Setting next_dagrun for example_sla_dag to 2024-11-29 14:46:00+00:00, run_after=2024-11-29 14:48:00+00:00
[2024-11-29T14:49:23.891+0000] {processor.py:208} INFO - Processing /home/airflow/.local/lib/python3.12/site-packages/airflow/example_dags/example_sla_dag.py took 0.147 seconds
