[2024-11-29T14:05:09.108+0000] {processor.py:186} INFO - Started process (PID=83) to work on /home/airflow/.local/lib/python3.12/site-packages/airflow/example_dags/example_xcom.py
[2024-11-29T14:05:09.109+0000] {processor.py:914} INFO - Processing file /home/airflow/.local/lib/python3.12/site-packages/airflow/example_dags/example_xcom.py for tasks to queue
[2024-11-29T14:05:09.114+0000] {logging_mixin.py:190} INFO - [2024-11-29T14:05:09.113+0000] {dagbag.py:588} INFO - Filling up the DagBag from /home/airflow/.local/lib/python3.12/site-packages/airflow/example_dags/example_xcom.py
[2024-11-29T14:05:09.131+0000] {processor.py:925} INFO - DAG(s) 'example_xcom' retrieved from /home/airflow/.local/lib/python3.12/site-packages/airflow/example_dags/example_xcom.py
[2024-11-29T14:05:09.184+0000] {logging_mixin.py:190} INFO - [2024-11-29T14:05:09.183+0000] {dag.py:3239} INFO - Sync 1 DAGs
[2024-11-29T14:05:09.234+0000] {logging_mixin.py:190} INFO - [2024-11-29T14:05:09.233+0000] {dag.py:4180} INFO - Setting next_dagrun for example_xcom to 2021-01-01 00:00:00+00:00, run_after=2021-01-01 00:00:00+00:00
[2024-11-29T14:05:09.271+0000] {processor.py:208} INFO - Processing /home/airflow/.local/lib/python3.12/site-packages/airflow/example_dags/example_xcom.py took 0.173 seconds
[2024-11-29T14:05:39.911+0000] {processor.py:186} INFO - Started process (PID=146) to work on /home/airflow/.local/lib/python3.12/site-packages/airflow/example_dags/example_xcom.py
[2024-11-29T14:05:39.912+0000] {processor.py:914} INFO - Processing file /home/airflow/.local/lib/python3.12/site-packages/airflow/example_dags/example_xcom.py for tasks to queue
[2024-11-29T14:05:39.916+0000] {logging_mixin.py:190} INFO - [2024-11-29T14:05:39.915+0000] {dagbag.py:588} INFO - Filling up the DagBag from /home/airflow/.local/lib/python3.12/site-packages/airflow/example_dags/example_xcom.py
[2024-11-29T14:05:39.926+0000] {processor.py:925} INFO - DAG(s) 'example_xcom' retrieved from /home/airflow/.local/lib/python3.12/site-packages/airflow/example_dags/example_xcom.py
[2024-11-29T14:05:39.957+0000] {logging_mixin.py:190} INFO - [2024-11-29T14:05:39.957+0000] {dag.py:3239} INFO - Sync 1 DAGs
[2024-11-29T14:05:39.992+0000] {logging_mixin.py:190} INFO - [2024-11-29T14:05:39.992+0000] {dag.py:4180} INFO - Setting next_dagrun for example_xcom to 2021-01-01 00:00:00+00:00, run_after=2021-01-01 00:00:00+00:00
[2024-11-29T14:05:40.027+0000] {processor.py:208} INFO - Processing /home/airflow/.local/lib/python3.12/site-packages/airflow/example_dags/example_xcom.py took 0.123 seconds
[2024-11-29T14:06:10.156+0000] {processor.py:186} INFO - Started process (PID=208) to work on /home/airflow/.local/lib/python3.12/site-packages/airflow/example_dags/example_xcom.py
[2024-11-29T14:06:10.158+0000] {processor.py:914} INFO - Processing file /home/airflow/.local/lib/python3.12/site-packages/airflow/example_dags/example_xcom.py for tasks to queue
[2024-11-29T14:06:10.165+0000] {logging_mixin.py:190} INFO - [2024-11-29T14:06:10.164+0000] {dagbag.py:588} INFO - Filling up the DagBag from /home/airflow/.local/lib/python3.12/site-packages/airflow/example_dags/example_xcom.py
[2024-11-29T14:06:10.192+0000] {processor.py:925} INFO - DAG(s) 'example_xcom' retrieved from /home/airflow/.local/lib/python3.12/site-packages/airflow/example_dags/example_xcom.py
[2024-11-29T14:06:10.253+0000] {logging_mixin.py:190} INFO - [2024-11-29T14:06:10.252+0000] {dag.py:3239} INFO - Sync 1 DAGs
[2024-11-29T14:06:10.329+0000] {logging_mixin.py:190} INFO - [2024-11-29T14:06:10.328+0000] {dag.py:4180} INFO - Setting next_dagrun for example_xcom to 2021-01-01 00:00:00+00:00, run_after=2021-01-01 00:00:00+00:00
[2024-11-29T14:06:10.371+0000] {processor.py:208} INFO - Processing /home/airflow/.local/lib/python3.12/site-packages/airflow/example_dags/example_xcom.py took 0.232 seconds
[2024-11-29T14:06:40.858+0000] {processor.py:186} INFO - Started process (PID=271) to work on /home/airflow/.local/lib/python3.12/site-packages/airflow/example_dags/example_xcom.py
[2024-11-29T14:06:40.859+0000] {processor.py:914} INFO - Processing file /home/airflow/.local/lib/python3.12/site-packages/airflow/example_dags/example_xcom.py for tasks to queue
[2024-11-29T14:06:40.862+0000] {logging_mixin.py:190} INFO - [2024-11-29T14:06:40.862+0000] {dagbag.py:588} INFO - Filling up the DagBag from /home/airflow/.local/lib/python3.12/site-packages/airflow/example_dags/example_xcom.py
[2024-11-29T14:06:40.875+0000] {processor.py:925} INFO - DAG(s) 'example_xcom' retrieved from /home/airflow/.local/lib/python3.12/site-packages/airflow/example_dags/example_xcom.py
[2024-11-29T14:06:40.901+0000] {logging_mixin.py:190} INFO - [2024-11-29T14:06:40.900+0000] {dag.py:3239} INFO - Sync 1 DAGs
[2024-11-29T14:06:40.930+0000] {logging_mixin.py:190} INFO - [2024-11-29T14:06:40.930+0000] {dag.py:4180} INFO - Setting next_dagrun for example_xcom to 2021-01-01 00:00:00+00:00, run_after=2021-01-01 00:00:00+00:00
[2024-11-29T14:06:40.964+0000] {processor.py:208} INFO - Processing /home/airflow/.local/lib/python3.12/site-packages/airflow/example_dags/example_xcom.py took 0.114 seconds
[2024-11-29T14:07:11.549+0000] {processor.py:186} INFO - Started process (PID=334) to work on /home/airflow/.local/lib/python3.12/site-packages/airflow/example_dags/example_xcom.py
[2024-11-29T14:07:11.550+0000] {processor.py:914} INFO - Processing file /home/airflow/.local/lib/python3.12/site-packages/airflow/example_dags/example_xcom.py for tasks to queue
[2024-11-29T14:07:11.554+0000] {logging_mixin.py:190} INFO - [2024-11-29T14:07:11.554+0000] {dagbag.py:588} INFO - Filling up the DagBag from /home/airflow/.local/lib/python3.12/site-packages/airflow/example_dags/example_xcom.py
[2024-11-29T14:07:11.567+0000] {processor.py:925} INFO - DAG(s) 'example_xcom' retrieved from /home/airflow/.local/lib/python3.12/site-packages/airflow/example_dags/example_xcom.py
[2024-11-29T14:07:11.591+0000] {logging_mixin.py:190} INFO - [2024-11-29T14:07:11.590+0000] {dag.py:3239} INFO - Sync 1 DAGs
[2024-11-29T14:07:11.621+0000] {logging_mixin.py:190} INFO - [2024-11-29T14:07:11.621+0000] {dag.py:4180} INFO - Setting next_dagrun for example_xcom to 2021-01-01 00:00:00+00:00, run_after=2021-01-01 00:00:00+00:00
[2024-11-29T14:07:11.644+0000] {processor.py:208} INFO - Processing /home/airflow/.local/lib/python3.12/site-packages/airflow/example_dags/example_xcom.py took 0.103 seconds
[2024-11-29T14:07:42.108+0000] {processor.py:186} INFO - Started process (PID=396) to work on /home/airflow/.local/lib/python3.12/site-packages/airflow/example_dags/example_xcom.py
[2024-11-29T14:07:42.111+0000] {processor.py:914} INFO - Processing file /home/airflow/.local/lib/python3.12/site-packages/airflow/example_dags/example_xcom.py for tasks to queue
[2024-11-29T14:07:42.114+0000] {logging_mixin.py:190} INFO - [2024-11-29T14:07:42.114+0000] {dagbag.py:588} INFO - Filling up the DagBag from /home/airflow/.local/lib/python3.12/site-packages/airflow/example_dags/example_xcom.py
[2024-11-29T14:07:42.134+0000] {processor.py:925} INFO - DAG(s) 'example_xcom' retrieved from /home/airflow/.local/lib/python3.12/site-packages/airflow/example_dags/example_xcom.py
[2024-11-29T14:07:42.164+0000] {logging_mixin.py:190} INFO - [2024-11-29T14:07:42.163+0000] {dag.py:3239} INFO - Sync 1 DAGs
[2024-11-29T14:07:42.200+0000] {logging_mixin.py:190} INFO - [2024-11-29T14:07:42.199+0000] {dag.py:4180} INFO - Setting next_dagrun for example_xcom to 2021-01-01 00:00:00+00:00, run_after=2021-01-01 00:00:00+00:00
[2024-11-29T14:07:42.234+0000] {processor.py:208} INFO - Processing /home/airflow/.local/lib/python3.12/site-packages/airflow/example_dags/example_xcom.py took 0.137 seconds
[2024-11-29T14:08:13.056+0000] {processor.py:186} INFO - Started process (PID=459) to work on /home/airflow/.local/lib/python3.12/site-packages/airflow/example_dags/example_xcom.py
[2024-11-29T14:08:13.057+0000] {processor.py:914} INFO - Processing file /home/airflow/.local/lib/python3.12/site-packages/airflow/example_dags/example_xcom.py for tasks to queue
[2024-11-29T14:08:13.060+0000] {logging_mixin.py:190} INFO - [2024-11-29T14:08:13.060+0000] {dagbag.py:588} INFO - Filling up the DagBag from /home/airflow/.local/lib/python3.12/site-packages/airflow/example_dags/example_xcom.py
[2024-11-29T14:08:13.072+0000] {processor.py:925} INFO - DAG(s) 'example_xcom' retrieved from /home/airflow/.local/lib/python3.12/site-packages/airflow/example_dags/example_xcom.py
[2024-11-29T14:08:13.095+0000] {logging_mixin.py:190} INFO - [2024-11-29T14:08:13.095+0000] {dag.py:3239} INFO - Sync 1 DAGs
[2024-11-29T14:08:13.123+0000] {logging_mixin.py:190} INFO - [2024-11-29T14:08:13.123+0000] {dag.py:4180} INFO - Setting next_dagrun for example_xcom to 2021-01-01 00:00:00+00:00, run_after=2021-01-01 00:00:00+00:00
[2024-11-29T14:08:13.145+0000] {processor.py:208} INFO - Processing /home/airflow/.local/lib/python3.12/site-packages/airflow/example_dags/example_xcom.py took 0.096 seconds
[2024-11-29T14:08:43.460+0000] {processor.py:186} INFO - Started process (PID=522) to work on /home/airflow/.local/lib/python3.12/site-packages/airflow/example_dags/example_xcom.py
[2024-11-29T14:08:43.461+0000] {processor.py:914} INFO - Processing file /home/airflow/.local/lib/python3.12/site-packages/airflow/example_dags/example_xcom.py for tasks to queue
[2024-11-29T14:08:43.465+0000] {logging_mixin.py:190} INFO - [2024-11-29T14:08:43.464+0000] {dagbag.py:588} INFO - Filling up the DagBag from /home/airflow/.local/lib/python3.12/site-packages/airflow/example_dags/example_xcom.py
[2024-11-29T14:08:43.490+0000] {processor.py:925} INFO - DAG(s) 'example_xcom' retrieved from /home/airflow/.local/lib/python3.12/site-packages/airflow/example_dags/example_xcom.py
[2024-11-29T14:08:43.523+0000] {logging_mixin.py:190} INFO - [2024-11-29T14:08:43.523+0000] {dag.py:3239} INFO - Sync 1 DAGs
[2024-11-29T14:08:43.559+0000] {logging_mixin.py:190} INFO - [2024-11-29T14:08:43.559+0000] {dag.py:4180} INFO - Setting next_dagrun for example_xcom to 2021-01-01 00:00:00+00:00, run_after=2021-01-01 00:00:00+00:00
[2024-11-29T14:08:43.593+0000] {processor.py:208} INFO - Processing /home/airflow/.local/lib/python3.12/site-packages/airflow/example_dags/example_xcom.py took 0.144 seconds
[2024-11-29T14:09:14.439+0000] {processor.py:186} INFO - Started process (PID=585) to work on /home/airflow/.local/lib/python3.12/site-packages/airflow/example_dags/example_xcom.py
[2024-11-29T14:09:14.444+0000] {processor.py:914} INFO - Processing file /home/airflow/.local/lib/python3.12/site-packages/airflow/example_dags/example_xcom.py for tasks to queue
[2024-11-29T14:09:14.455+0000] {logging_mixin.py:190} INFO - [2024-11-29T14:09:14.455+0000] {dagbag.py:588} INFO - Filling up the DagBag from /home/airflow/.local/lib/python3.12/site-packages/airflow/example_dags/example_xcom.py
[2024-11-29T14:09:14.476+0000] {processor.py:925} INFO - DAG(s) 'example_xcom' retrieved from /home/airflow/.local/lib/python3.12/site-packages/airflow/example_dags/example_xcom.py
[2024-11-29T14:09:14.509+0000] {logging_mixin.py:190} INFO - [2024-11-29T14:09:14.508+0000] {dag.py:3239} INFO - Sync 1 DAGs
[2024-11-29T14:09:14.558+0000] {logging_mixin.py:190} INFO - [2024-11-29T14:09:14.558+0000] {dag.py:4180} INFO - Setting next_dagrun for example_xcom to 2021-01-01 00:00:00+00:00, run_after=2021-01-01 00:00:00+00:00
[2024-11-29T14:09:14.603+0000] {processor.py:208} INFO - Processing /home/airflow/.local/lib/python3.12/site-packages/airflow/example_dags/example_xcom.py took 0.181 seconds
[2024-11-29T14:09:44.931+0000] {processor.py:186} INFO - Started process (PID=648) to work on /home/airflow/.local/lib/python3.12/site-packages/airflow/example_dags/example_xcom.py
[2024-11-29T14:09:44.933+0000] {processor.py:914} INFO - Processing file /home/airflow/.local/lib/python3.12/site-packages/airflow/example_dags/example_xcom.py for tasks to queue
[2024-11-29T14:09:44.938+0000] {logging_mixin.py:190} INFO - [2024-11-29T14:09:44.937+0000] {dagbag.py:588} INFO - Filling up the DagBag from /home/airflow/.local/lib/python3.12/site-packages/airflow/example_dags/example_xcom.py
[2024-11-29T14:09:44.954+0000] {processor.py:925} INFO - DAG(s) 'example_xcom' retrieved from /home/airflow/.local/lib/python3.12/site-packages/airflow/example_dags/example_xcom.py
[2024-11-29T14:09:44.988+0000] {logging_mixin.py:190} INFO - [2024-11-29T14:09:44.987+0000] {dag.py:3239} INFO - Sync 1 DAGs
[2024-11-29T14:09:45.029+0000] {logging_mixin.py:190} INFO - [2024-11-29T14:09:45.029+0000] {dag.py:4180} INFO - Setting next_dagrun for example_xcom to 2021-01-01 00:00:00+00:00, run_after=2021-01-01 00:00:00+00:00
[2024-11-29T14:09:45.061+0000] {processor.py:208} INFO - Processing /home/airflow/.local/lib/python3.12/site-packages/airflow/example_dags/example_xcom.py took 0.139 seconds
[2024-11-29T14:10:15.457+0000] {processor.py:186} INFO - Started process (PID=711) to work on /home/airflow/.local/lib/python3.12/site-packages/airflow/example_dags/example_xcom.py
[2024-11-29T14:10:15.458+0000] {processor.py:914} INFO - Processing file /home/airflow/.local/lib/python3.12/site-packages/airflow/example_dags/example_xcom.py for tasks to queue
[2024-11-29T14:10:15.461+0000] {logging_mixin.py:190} INFO - [2024-11-29T14:10:15.460+0000] {dagbag.py:588} INFO - Filling up the DagBag from /home/airflow/.local/lib/python3.12/site-packages/airflow/example_dags/example_xcom.py
[2024-11-29T14:10:15.472+0000] {processor.py:925} INFO - DAG(s) 'example_xcom' retrieved from /home/airflow/.local/lib/python3.12/site-packages/airflow/example_dags/example_xcom.py
[2024-11-29T14:10:15.494+0000] {logging_mixin.py:190} INFO - [2024-11-29T14:10:15.494+0000] {dag.py:3239} INFO - Sync 1 DAGs
[2024-11-29T14:10:15.522+0000] {logging_mixin.py:190} INFO - [2024-11-29T14:10:15.522+0000] {dag.py:4180} INFO - Setting next_dagrun for example_xcom to 2021-01-01 00:00:00+00:00, run_after=2021-01-01 00:00:00+00:00
[2024-11-29T14:10:15.569+0000] {processor.py:208} INFO - Processing /home/airflow/.local/lib/python3.12/site-packages/airflow/example_dags/example_xcom.py took 0.119 seconds
[2024-11-29T14:10:46.529+0000] {processor.py:186} INFO - Started process (PID=774) to work on /home/airflow/.local/lib/python3.12/site-packages/airflow/example_dags/example_xcom.py
[2024-11-29T14:10:46.530+0000] {processor.py:914} INFO - Processing file /home/airflow/.local/lib/python3.12/site-packages/airflow/example_dags/example_xcom.py for tasks to queue
[2024-11-29T14:10:46.533+0000] {logging_mixin.py:190} INFO - [2024-11-29T14:10:46.532+0000] {dagbag.py:588} INFO - Filling up the DagBag from /home/airflow/.local/lib/python3.12/site-packages/airflow/example_dags/example_xcom.py
[2024-11-29T14:10:46.544+0000] {processor.py:925} INFO - DAG(s) 'example_xcom' retrieved from /home/airflow/.local/lib/python3.12/site-packages/airflow/example_dags/example_xcom.py
[2024-11-29T14:10:46.567+0000] {logging_mixin.py:190} INFO - [2024-11-29T14:10:46.567+0000] {dag.py:3239} INFO - Sync 1 DAGs
[2024-11-29T14:10:46.595+0000] {logging_mixin.py:190} INFO - [2024-11-29T14:10:46.595+0000] {dag.py:4180} INFO - Setting next_dagrun for example_xcom to 2021-01-01 00:00:00+00:00, run_after=2021-01-01 00:00:00+00:00
[2024-11-29T14:10:46.618+0000] {processor.py:208} INFO - Processing /home/airflow/.local/lib/python3.12/site-packages/airflow/example_dags/example_xcom.py took 0.097 seconds
[2024-11-29T14:11:17.568+0000] {processor.py:186} INFO - Started process (PID=837) to work on /home/airflow/.local/lib/python3.12/site-packages/airflow/example_dags/example_xcom.py
[2024-11-29T14:11:17.570+0000] {processor.py:914} INFO - Processing file /home/airflow/.local/lib/python3.12/site-packages/airflow/example_dags/example_xcom.py for tasks to queue
[2024-11-29T14:11:17.577+0000] {logging_mixin.py:190} INFO - [2024-11-29T14:11:17.576+0000] {dagbag.py:588} INFO - Filling up the DagBag from /home/airflow/.local/lib/python3.12/site-packages/airflow/example_dags/example_xcom.py
[2024-11-29T14:11:17.604+0000] {processor.py:925} INFO - DAG(s) 'example_xcom' retrieved from /home/airflow/.local/lib/python3.12/site-packages/airflow/example_dags/example_xcom.py
[2024-11-29T14:11:17.656+0000] {logging_mixin.py:190} INFO - [2024-11-29T14:11:17.656+0000] {dag.py:3239} INFO - Sync 1 DAGs
[2024-11-29T14:11:17.718+0000] {logging_mixin.py:190} INFO - [2024-11-29T14:11:17.717+0000] {dag.py:4180} INFO - Setting next_dagrun for example_xcom to 2021-01-01 00:00:00+00:00, run_after=2021-01-01 00:00:00+00:00
[2024-11-29T14:11:17.751+0000] {processor.py:208} INFO - Processing /home/airflow/.local/lib/python3.12/site-packages/airflow/example_dags/example_xcom.py took 0.198 seconds
[2024-11-29T14:11:47.940+0000] {processor.py:186} INFO - Started process (PID=900) to work on /home/airflow/.local/lib/python3.12/site-packages/airflow/example_dags/example_xcom.py
[2024-11-29T14:11:47.941+0000] {processor.py:914} INFO - Processing file /home/airflow/.local/lib/python3.12/site-packages/airflow/example_dags/example_xcom.py for tasks to queue
[2024-11-29T14:11:47.944+0000] {logging_mixin.py:190} INFO - [2024-11-29T14:11:47.944+0000] {dagbag.py:588} INFO - Filling up the DagBag from /home/airflow/.local/lib/python3.12/site-packages/airflow/example_dags/example_xcom.py
[2024-11-29T14:11:47.958+0000] {processor.py:925} INFO - DAG(s) 'example_xcom' retrieved from /home/airflow/.local/lib/python3.12/site-packages/airflow/example_dags/example_xcom.py
[2024-11-29T14:11:47.984+0000] {logging_mixin.py:190} INFO - [2024-11-29T14:11:47.984+0000] {dag.py:3239} INFO - Sync 1 DAGs
[2024-11-29T14:11:48.018+0000] {logging_mixin.py:190} INFO - [2024-11-29T14:11:48.017+0000] {dag.py:4180} INFO - Setting next_dagrun for example_xcom to 2021-01-01 00:00:00+00:00, run_after=2021-01-01 00:00:00+00:00
[2024-11-29T14:11:48.044+0000] {processor.py:208} INFO - Processing /home/airflow/.local/lib/python3.12/site-packages/airflow/example_dags/example_xcom.py took 0.112 seconds
[2024-11-29T14:12:18.492+0000] {processor.py:186} INFO - Started process (PID=963) to work on /home/airflow/.local/lib/python3.12/site-packages/airflow/example_dags/example_xcom.py
[2024-11-29T14:12:18.493+0000] {processor.py:914} INFO - Processing file /home/airflow/.local/lib/python3.12/site-packages/airflow/example_dags/example_xcom.py for tasks to queue
[2024-11-29T14:12:18.495+0000] {logging_mixin.py:190} INFO - [2024-11-29T14:12:18.495+0000] {dagbag.py:588} INFO - Filling up the DagBag from /home/airflow/.local/lib/python3.12/site-packages/airflow/example_dags/example_xcom.py
[2024-11-29T14:12:18.508+0000] {processor.py:925} INFO - DAG(s) 'example_xcom' retrieved from /home/airflow/.local/lib/python3.12/site-packages/airflow/example_dags/example_xcom.py
[2024-11-29T14:12:18.531+0000] {logging_mixin.py:190} INFO - [2024-11-29T14:12:18.531+0000] {dag.py:3239} INFO - Sync 1 DAGs
[2024-11-29T14:12:18.559+0000] {logging_mixin.py:190} INFO - [2024-11-29T14:12:18.558+0000] {dag.py:4180} INFO - Setting next_dagrun for example_xcom to 2021-01-01 00:00:00+00:00, run_after=2021-01-01 00:00:00+00:00
[2024-11-29T14:12:18.590+0000] {processor.py:208} INFO - Processing /home/airflow/.local/lib/python3.12/site-packages/airflow/example_dags/example_xcom.py took 0.105 seconds
[2024-11-29T14:12:49.374+0000] {processor.py:186} INFO - Started process (PID=1026) to work on /home/airflow/.local/lib/python3.12/site-packages/airflow/example_dags/example_xcom.py
[2024-11-29T14:12:49.377+0000] {processor.py:914} INFO - Processing file /home/airflow/.local/lib/python3.12/site-packages/airflow/example_dags/example_xcom.py for tasks to queue
[2024-11-29T14:12:49.385+0000] {logging_mixin.py:190} INFO - [2024-11-29T14:12:49.384+0000] {dagbag.py:588} INFO - Filling up the DagBag from /home/airflow/.local/lib/python3.12/site-packages/airflow/example_dags/example_xcom.py
[2024-11-29T14:12:49.418+0000] {processor.py:925} INFO - DAG(s) 'example_xcom' retrieved from /home/airflow/.local/lib/python3.12/site-packages/airflow/example_dags/example_xcom.py
[2024-11-29T14:12:49.480+0000] {logging_mixin.py:190} INFO - [2024-11-29T14:12:49.480+0000] {dag.py:3239} INFO - Sync 1 DAGs
[2024-11-29T14:12:49.513+0000] {logging_mixin.py:190} INFO - [2024-11-29T14:12:49.512+0000] {dag.py:4180} INFO - Setting next_dagrun for example_xcom to 2021-01-01 00:00:00+00:00, run_after=2021-01-01 00:00:00+00:00
[2024-11-29T14:12:49.547+0000] {processor.py:208} INFO - Processing /home/airflow/.local/lib/python3.12/site-packages/airflow/example_dags/example_xcom.py took 0.190 seconds
[2024-11-29T14:13:20.111+0000] {processor.py:186} INFO - Started process (PID=1089) to work on /home/airflow/.local/lib/python3.12/site-packages/airflow/example_dags/example_xcom.py
[2024-11-29T14:13:20.113+0000] {processor.py:914} INFO - Processing file /home/airflow/.local/lib/python3.12/site-packages/airflow/example_dags/example_xcom.py for tasks to queue
[2024-11-29T14:13:20.116+0000] {logging_mixin.py:190} INFO - [2024-11-29T14:13:20.115+0000] {dagbag.py:588} INFO - Filling up the DagBag from /home/airflow/.local/lib/python3.12/site-packages/airflow/example_dags/example_xcom.py
[2024-11-29T14:13:20.132+0000] {processor.py:925} INFO - DAG(s) 'example_xcom' retrieved from /home/airflow/.local/lib/python3.12/site-packages/airflow/example_dags/example_xcom.py
[2024-11-29T14:13:20.165+0000] {logging_mixin.py:190} INFO - [2024-11-29T14:13:20.165+0000] {dag.py:3239} INFO - Sync 1 DAGs
[2024-11-29T14:13:20.200+0000] {logging_mixin.py:190} INFO - [2024-11-29T14:13:20.199+0000] {dag.py:4180} INFO - Setting next_dagrun for example_xcom to 2021-01-01 00:00:00+00:00, run_after=2021-01-01 00:00:00+00:00
[2024-11-29T14:13:20.225+0000] {processor.py:208} INFO - Processing /home/airflow/.local/lib/python3.12/site-packages/airflow/example_dags/example_xcom.py took 0.123 seconds
[2024-11-29T14:19:49.161+0000] {processor.py:186} INFO - Started process (PID=84) to work on /home/airflow/.local/lib/python3.12/site-packages/airflow/example_dags/example_xcom.py
[2024-11-29T14:19:49.163+0000] {processor.py:914} INFO - Processing file /home/airflow/.local/lib/python3.12/site-packages/airflow/example_dags/example_xcom.py for tasks to queue
[2024-11-29T14:19:49.168+0000] {logging_mixin.py:190} INFO - [2024-11-29T14:19:49.167+0000] {dagbag.py:588} INFO - Filling up the DagBag from /home/airflow/.local/lib/python3.12/site-packages/airflow/example_dags/example_xcom.py
[2024-11-29T14:19:49.212+0000] {processor.py:925} INFO - DAG(s) 'example_xcom' retrieved from /home/airflow/.local/lib/python3.12/site-packages/airflow/example_dags/example_xcom.py
[2024-11-29T14:19:49.308+0000] {logging_mixin.py:190} INFO - [2024-11-29T14:19:49.308+0000] {dag.py:3239} INFO - Sync 1 DAGs
[2024-11-29T14:19:49.400+0000] {logging_mixin.py:190} INFO - [2024-11-29T14:19:49.399+0000] {dag.py:4180} INFO - Setting next_dagrun for example_xcom to 2021-01-01 00:00:00+00:00, run_after=2021-01-01 00:00:00+00:00
[2024-11-29T14:19:49.484+0000] {processor.py:208} INFO - Processing /home/airflow/.local/lib/python3.12/site-packages/airflow/example_dags/example_xcom.py took 0.336 seconds
[2024-11-29T14:20:19.843+0000] {processor.py:186} INFO - Started process (PID=147) to work on /home/airflow/.local/lib/python3.12/site-packages/airflow/example_dags/example_xcom.py
[2024-11-29T14:20:19.844+0000] {processor.py:914} INFO - Processing file /home/airflow/.local/lib/python3.12/site-packages/airflow/example_dags/example_xcom.py for tasks to queue
[2024-11-29T14:20:19.848+0000] {logging_mixin.py:190} INFO - [2024-11-29T14:20:19.847+0000] {dagbag.py:588} INFO - Filling up the DagBag from /home/airflow/.local/lib/python3.12/site-packages/airflow/example_dags/example_xcom.py
[2024-11-29T14:20:19.858+0000] {processor.py:925} INFO - DAG(s) 'example_xcom' retrieved from /home/airflow/.local/lib/python3.12/site-packages/airflow/example_dags/example_xcom.py
[2024-11-29T14:20:19.883+0000] {logging_mixin.py:190} INFO - [2024-11-29T14:20:19.882+0000] {dag.py:3239} INFO - Sync 1 DAGs
[2024-11-29T14:20:19.910+0000] {logging_mixin.py:190} INFO - [2024-11-29T14:20:19.910+0000] {dag.py:4180} INFO - Setting next_dagrun for example_xcom to 2021-01-01 00:00:00+00:00, run_after=2021-01-01 00:00:00+00:00
[2024-11-29T14:20:19.941+0000] {processor.py:208} INFO - Processing /home/airflow/.local/lib/python3.12/site-packages/airflow/example_dags/example_xcom.py took 0.104 seconds
[2024-11-29T14:20:50.763+0000] {processor.py:186} INFO - Started process (PID=210) to work on /home/airflow/.local/lib/python3.12/site-packages/airflow/example_dags/example_xcom.py
[2024-11-29T14:20:50.764+0000] {processor.py:914} INFO - Processing file /home/airflow/.local/lib/python3.12/site-packages/airflow/example_dags/example_xcom.py for tasks to queue
[2024-11-29T14:20:50.767+0000] {logging_mixin.py:190} INFO - [2024-11-29T14:20:50.767+0000] {dagbag.py:588} INFO - Filling up the DagBag from /home/airflow/.local/lib/python3.12/site-packages/airflow/example_dags/example_xcom.py
[2024-11-29T14:20:50.777+0000] {processor.py:925} INFO - DAG(s) 'example_xcom' retrieved from /home/airflow/.local/lib/python3.12/site-packages/airflow/example_dags/example_xcom.py
[2024-11-29T14:20:50.804+0000] {logging_mixin.py:190} INFO - [2024-11-29T14:20:50.803+0000] {dag.py:3239} INFO - Sync 1 DAGs
[2024-11-29T14:20:50.829+0000] {logging_mixin.py:190} INFO - [2024-11-29T14:20:50.829+0000] {dag.py:4180} INFO - Setting next_dagrun for example_xcom to 2021-01-01 00:00:00+00:00, run_after=2021-01-01 00:00:00+00:00
[2024-11-29T14:20:50.856+0000] {processor.py:208} INFO - Processing /home/airflow/.local/lib/python3.12/site-packages/airflow/example_dags/example_xcom.py took 0.100 seconds
[2024-11-29T14:21:21.141+0000] {processor.py:186} INFO - Started process (PID=272) to work on /home/airflow/.local/lib/python3.12/site-packages/airflow/example_dags/example_xcom.py
[2024-11-29T14:21:21.143+0000] {processor.py:914} INFO - Processing file /home/airflow/.local/lib/python3.12/site-packages/airflow/example_dags/example_xcom.py for tasks to queue
[2024-11-29T14:21:21.147+0000] {logging_mixin.py:190} INFO - [2024-11-29T14:21:21.146+0000] {dagbag.py:588} INFO - Filling up the DagBag from /home/airflow/.local/lib/python3.12/site-packages/airflow/example_dags/example_xcom.py
[2024-11-29T14:21:21.162+0000] {processor.py:925} INFO - DAG(s) 'example_xcom' retrieved from /home/airflow/.local/lib/python3.12/site-packages/airflow/example_dags/example_xcom.py
[2024-11-29T14:21:21.191+0000] {logging_mixin.py:190} INFO - [2024-11-29T14:21:21.190+0000] {dag.py:3239} INFO - Sync 1 DAGs
[2024-11-29T14:21:21.232+0000] {logging_mixin.py:190} INFO - [2024-11-29T14:21:21.232+0000] {dag.py:4180} INFO - Setting next_dagrun for example_xcom to 2021-01-01 00:00:00+00:00, run_after=2021-01-01 00:00:00+00:00
[2024-11-29T14:21:21.261+0000] {processor.py:208} INFO - Processing /home/airflow/.local/lib/python3.12/site-packages/airflow/example_dags/example_xcom.py took 0.131 seconds
[2024-11-29T14:21:51.761+0000] {processor.py:186} INFO - Started process (PID=335) to work on /home/airflow/.local/lib/python3.12/site-packages/airflow/example_dags/example_xcom.py
[2024-11-29T14:21:51.763+0000] {processor.py:914} INFO - Processing file /home/airflow/.local/lib/python3.12/site-packages/airflow/example_dags/example_xcom.py for tasks to queue
[2024-11-29T14:21:51.766+0000] {logging_mixin.py:190} INFO - [2024-11-29T14:21:51.765+0000] {dagbag.py:588} INFO - Filling up the DagBag from /home/airflow/.local/lib/python3.12/site-packages/airflow/example_dags/example_xcom.py
[2024-11-29T14:21:51.777+0000] {processor.py:925} INFO - DAG(s) 'example_xcom' retrieved from /home/airflow/.local/lib/python3.12/site-packages/airflow/example_dags/example_xcom.py
[2024-11-29T14:21:51.799+0000] {logging_mixin.py:190} INFO - [2024-11-29T14:21:51.799+0000] {dag.py:3239} INFO - Sync 1 DAGs
[2024-11-29T14:21:51.829+0000] {logging_mixin.py:190} INFO - [2024-11-29T14:21:51.829+0000] {dag.py:4180} INFO - Setting next_dagrun for example_xcom to 2021-01-01 00:00:00+00:00, run_after=2021-01-01 00:00:00+00:00
[2024-11-29T14:21:51.852+0000] {processor.py:208} INFO - Processing /home/airflow/.local/lib/python3.12/site-packages/airflow/example_dags/example_xcom.py took 0.098 seconds
[2024-11-29T14:22:22.392+0000] {processor.py:186} INFO - Started process (PID=398) to work on /home/airflow/.local/lib/python3.12/site-packages/airflow/example_dags/example_xcom.py
[2024-11-29T14:22:22.394+0000] {processor.py:914} INFO - Processing file /home/airflow/.local/lib/python3.12/site-packages/airflow/example_dags/example_xcom.py for tasks to queue
[2024-11-29T14:22:22.397+0000] {logging_mixin.py:190} INFO - [2024-11-29T14:22:22.397+0000] {dagbag.py:588} INFO - Filling up the DagBag from /home/airflow/.local/lib/python3.12/site-packages/airflow/example_dags/example_xcom.py
[2024-11-29T14:22:22.413+0000] {processor.py:925} INFO - DAG(s) 'example_xcom' retrieved from /home/airflow/.local/lib/python3.12/site-packages/airflow/example_dags/example_xcom.py
[2024-11-29T14:22:22.441+0000] {logging_mixin.py:190} INFO - [2024-11-29T14:22:22.441+0000] {dag.py:3239} INFO - Sync 1 DAGs
[2024-11-29T14:22:22.472+0000] {logging_mixin.py:190} INFO - [2024-11-29T14:22:22.472+0000] {dag.py:4180} INFO - Setting next_dagrun for example_xcom to 2021-01-01 00:00:00+00:00, run_after=2021-01-01 00:00:00+00:00
[2024-11-29T14:22:22.499+0000] {processor.py:208} INFO - Processing /home/airflow/.local/lib/python3.12/site-packages/airflow/example_dags/example_xcom.py took 0.115 seconds
[2024-11-29T14:22:53.214+0000] {processor.py:186} INFO - Started process (PID=461) to work on /home/airflow/.local/lib/python3.12/site-packages/airflow/example_dags/example_xcom.py
[2024-11-29T14:22:53.215+0000] {processor.py:914} INFO - Processing file /home/airflow/.local/lib/python3.12/site-packages/airflow/example_dags/example_xcom.py for tasks to queue
[2024-11-29T14:22:53.219+0000] {logging_mixin.py:190} INFO - [2024-11-29T14:22:53.218+0000] {dagbag.py:588} INFO - Filling up the DagBag from /home/airflow/.local/lib/python3.12/site-packages/airflow/example_dags/example_xcom.py
[2024-11-29T14:22:53.230+0000] {processor.py:925} INFO - DAG(s) 'example_xcom' retrieved from /home/airflow/.local/lib/python3.12/site-packages/airflow/example_dags/example_xcom.py
[2024-11-29T14:22:53.254+0000] {logging_mixin.py:190} INFO - [2024-11-29T14:22:53.254+0000] {dag.py:3239} INFO - Sync 1 DAGs
[2024-11-29T14:22:53.282+0000] {logging_mixin.py:190} INFO - [2024-11-29T14:22:53.282+0000] {dag.py:4180} INFO - Setting next_dagrun for example_xcom to 2021-01-01 00:00:00+00:00, run_after=2021-01-01 00:00:00+00:00
[2024-11-29T14:22:53.305+0000] {processor.py:208} INFO - Processing /home/airflow/.local/lib/python3.12/site-packages/airflow/example_dags/example_xcom.py took 0.098 seconds
[2024-11-29T14:23:24.148+0000] {processor.py:186} INFO - Started process (PID=524) to work on /home/airflow/.local/lib/python3.12/site-packages/airflow/example_dags/example_xcom.py
[2024-11-29T14:23:24.149+0000] {processor.py:914} INFO - Processing file /home/airflow/.local/lib/python3.12/site-packages/airflow/example_dags/example_xcom.py for tasks to queue
[2024-11-29T14:23:24.152+0000] {logging_mixin.py:190} INFO - [2024-11-29T14:23:24.152+0000] {dagbag.py:588} INFO - Filling up the DagBag from /home/airflow/.local/lib/python3.12/site-packages/airflow/example_dags/example_xcom.py
[2024-11-29T14:23:24.164+0000] {processor.py:925} INFO - DAG(s) 'example_xcom' retrieved from /home/airflow/.local/lib/python3.12/site-packages/airflow/example_dags/example_xcom.py
[2024-11-29T14:23:24.185+0000] {logging_mixin.py:190} INFO - [2024-11-29T14:23:24.185+0000] {dag.py:3239} INFO - Sync 1 DAGs
[2024-11-29T14:23:24.216+0000] {logging_mixin.py:190} INFO - [2024-11-29T14:23:24.216+0000] {dag.py:4180} INFO - Setting next_dagrun for example_xcom to 2021-01-01 00:00:00+00:00, run_after=2021-01-01 00:00:00+00:00
[2024-11-29T14:23:24.241+0000] {processor.py:208} INFO - Processing /home/airflow/.local/lib/python3.12/site-packages/airflow/example_dags/example_xcom.py took 0.100 seconds
[2024-11-29T14:23:54.926+0000] {processor.py:186} INFO - Started process (PID=587) to work on /home/airflow/.local/lib/python3.12/site-packages/airflow/example_dags/example_xcom.py
[2024-11-29T14:23:54.927+0000] {processor.py:914} INFO - Processing file /home/airflow/.local/lib/python3.12/site-packages/airflow/example_dags/example_xcom.py for tasks to queue
[2024-11-29T14:23:54.929+0000] {logging_mixin.py:190} INFO - [2024-11-29T14:23:54.929+0000] {dagbag.py:588} INFO - Filling up the DagBag from /home/airflow/.local/lib/python3.12/site-packages/airflow/example_dags/example_xcom.py
[2024-11-29T14:23:54.942+0000] {processor.py:925} INFO - DAG(s) 'example_xcom' retrieved from /home/airflow/.local/lib/python3.12/site-packages/airflow/example_dags/example_xcom.py
[2024-11-29T14:23:54.965+0000] {logging_mixin.py:190} INFO - [2024-11-29T14:23:54.964+0000] {dag.py:3239} INFO - Sync 1 DAGs
[2024-11-29T14:23:54.993+0000] {logging_mixin.py:190} INFO - [2024-11-29T14:23:54.992+0000] {dag.py:4180} INFO - Setting next_dagrun for example_xcom to 2021-01-01 00:00:00+00:00, run_after=2021-01-01 00:00:00+00:00
[2024-11-29T14:23:55.017+0000] {processor.py:208} INFO - Processing /home/airflow/.local/lib/python3.12/site-packages/airflow/example_dags/example_xcom.py took 0.099 seconds
[2024-11-29T14:24:26.020+0000] {processor.py:186} INFO - Started process (PID=650) to work on /home/airflow/.local/lib/python3.12/site-packages/airflow/example_dags/example_xcom.py
[2024-11-29T14:24:26.021+0000] {processor.py:914} INFO - Processing file /home/airflow/.local/lib/python3.12/site-packages/airflow/example_dags/example_xcom.py for tasks to queue
[2024-11-29T14:24:26.024+0000] {logging_mixin.py:190} INFO - [2024-11-29T14:24:26.024+0000] {dagbag.py:588} INFO - Filling up the DagBag from /home/airflow/.local/lib/python3.12/site-packages/airflow/example_dags/example_xcom.py
[2024-11-29T14:24:26.038+0000] {processor.py:925} INFO - DAG(s) 'example_xcom' retrieved from /home/airflow/.local/lib/python3.12/site-packages/airflow/example_dags/example_xcom.py
[2024-11-29T14:24:26.062+0000] {logging_mixin.py:190} INFO - [2024-11-29T14:24:26.062+0000] {dag.py:3239} INFO - Sync 1 DAGs
[2024-11-29T14:24:26.091+0000] {logging_mixin.py:190} INFO - [2024-11-29T14:24:26.090+0000] {dag.py:4180} INFO - Setting next_dagrun for example_xcom to 2021-01-01 00:00:00+00:00, run_after=2021-01-01 00:00:00+00:00
[2024-11-29T14:24:26.116+0000] {processor.py:208} INFO - Processing /home/airflow/.local/lib/python3.12/site-packages/airflow/example_dags/example_xcom.py took 0.103 seconds
[2024-11-29T14:24:56.842+0000] {processor.py:186} INFO - Started process (PID=713) to work on /home/airflow/.local/lib/python3.12/site-packages/airflow/example_dags/example_xcom.py
[2024-11-29T14:24:56.844+0000] {processor.py:914} INFO - Processing file /home/airflow/.local/lib/python3.12/site-packages/airflow/example_dags/example_xcom.py for tasks to queue
[2024-11-29T14:24:56.847+0000] {logging_mixin.py:190} INFO - [2024-11-29T14:24:56.846+0000] {dagbag.py:588} INFO - Filling up the DagBag from /home/airflow/.local/lib/python3.12/site-packages/airflow/example_dags/example_xcom.py
[2024-11-29T14:24:56.859+0000] {processor.py:925} INFO - DAG(s) 'example_xcom' retrieved from /home/airflow/.local/lib/python3.12/site-packages/airflow/example_dags/example_xcom.py
[2024-11-29T14:24:56.887+0000] {logging_mixin.py:190} INFO - [2024-11-29T14:24:56.886+0000] {dag.py:3239} INFO - Sync 1 DAGs
[2024-11-29T14:24:56.920+0000] {logging_mixin.py:190} INFO - [2024-11-29T14:24:56.920+0000] {dag.py:4180} INFO - Setting next_dagrun for example_xcom to 2021-01-01 00:00:00+00:00, run_after=2021-01-01 00:00:00+00:00
[2024-11-29T14:24:56.954+0000] {processor.py:208} INFO - Processing /home/airflow/.local/lib/python3.12/site-packages/airflow/example_dags/example_xcom.py took 0.119 seconds
[2024-11-29T14:25:27.521+0000] {processor.py:186} INFO - Started process (PID=776) to work on /home/airflow/.local/lib/python3.12/site-packages/airflow/example_dags/example_xcom.py
[2024-11-29T14:25:27.522+0000] {processor.py:914} INFO - Processing file /home/airflow/.local/lib/python3.12/site-packages/airflow/example_dags/example_xcom.py for tasks to queue
[2024-11-29T14:25:27.525+0000] {logging_mixin.py:190} INFO - [2024-11-29T14:25:27.525+0000] {dagbag.py:588} INFO - Filling up the DagBag from /home/airflow/.local/lib/python3.12/site-packages/airflow/example_dags/example_xcom.py
[2024-11-29T14:25:27.541+0000] {processor.py:925} INFO - DAG(s) 'example_xcom' retrieved from /home/airflow/.local/lib/python3.12/site-packages/airflow/example_dags/example_xcom.py
[2024-11-29T14:25:27.563+0000] {logging_mixin.py:190} INFO - [2024-11-29T14:25:27.563+0000] {dag.py:3239} INFO - Sync 1 DAGs
[2024-11-29T14:25:27.590+0000] {logging_mixin.py:190} INFO - [2024-11-29T14:25:27.590+0000] {dag.py:4180} INFO - Setting next_dagrun for example_xcom to 2021-01-01 00:00:00+00:00, run_after=2021-01-01 00:00:00+00:00
[2024-11-29T14:25:27.625+0000] {processor.py:208} INFO - Processing /home/airflow/.local/lib/python3.12/site-packages/airflow/example_dags/example_xcom.py took 0.112 seconds
[2024-11-29T14:25:58.237+0000] {processor.py:186} INFO - Started process (PID=839) to work on /home/airflow/.local/lib/python3.12/site-packages/airflow/example_dags/example_xcom.py
[2024-11-29T14:25:58.238+0000] {processor.py:914} INFO - Processing file /home/airflow/.local/lib/python3.12/site-packages/airflow/example_dags/example_xcom.py for tasks to queue
[2024-11-29T14:25:58.241+0000] {logging_mixin.py:190} INFO - [2024-11-29T14:25:58.241+0000] {dagbag.py:588} INFO - Filling up the DagBag from /home/airflow/.local/lib/python3.12/site-packages/airflow/example_dags/example_xcom.py
[2024-11-29T14:25:58.254+0000] {processor.py:925} INFO - DAG(s) 'example_xcom' retrieved from /home/airflow/.local/lib/python3.12/site-packages/airflow/example_dags/example_xcom.py
[2024-11-29T14:25:58.277+0000] {logging_mixin.py:190} INFO - [2024-11-29T14:25:58.277+0000] {dag.py:3239} INFO - Sync 1 DAGs
[2024-11-29T14:25:58.308+0000] {logging_mixin.py:190} INFO - [2024-11-29T14:25:58.308+0000] {dag.py:4180} INFO - Setting next_dagrun for example_xcom to 2021-01-01 00:00:00+00:00, run_after=2021-01-01 00:00:00+00:00
[2024-11-29T14:25:58.330+0000] {processor.py:208} INFO - Processing /home/airflow/.local/lib/python3.12/site-packages/airflow/example_dags/example_xcom.py took 0.102 seconds
[2024-11-29T14:26:29.018+0000] {processor.py:186} INFO - Started process (PID=902) to work on /home/airflow/.local/lib/python3.12/site-packages/airflow/example_dags/example_xcom.py
[2024-11-29T14:26:29.019+0000] {processor.py:914} INFO - Processing file /home/airflow/.local/lib/python3.12/site-packages/airflow/example_dags/example_xcom.py for tasks to queue
[2024-11-29T14:26:29.023+0000] {logging_mixin.py:190} INFO - [2024-11-29T14:26:29.022+0000] {dagbag.py:588} INFO - Filling up the DagBag from /home/airflow/.local/lib/python3.12/site-packages/airflow/example_dags/example_xcom.py
[2024-11-29T14:26:29.038+0000] {processor.py:925} INFO - DAG(s) 'example_xcom' retrieved from /home/airflow/.local/lib/python3.12/site-packages/airflow/example_dags/example_xcom.py
[2024-11-29T14:26:29.061+0000] {logging_mixin.py:190} INFO - [2024-11-29T14:26:29.060+0000] {dag.py:3239} INFO - Sync 1 DAGs
[2024-11-29T14:26:29.089+0000] {logging_mixin.py:190} INFO - [2024-11-29T14:26:29.088+0000] {dag.py:4180} INFO - Setting next_dagrun for example_xcom to 2021-01-01 00:00:00+00:00, run_after=2021-01-01 00:00:00+00:00
[2024-11-29T14:26:29.126+0000] {processor.py:208} INFO - Processing /home/airflow/.local/lib/python3.12/site-packages/airflow/example_dags/example_xcom.py took 0.119 seconds
[2024-11-29T14:26:59.326+0000] {processor.py:186} INFO - Started process (PID=965) to work on /home/airflow/.local/lib/python3.12/site-packages/airflow/example_dags/example_xcom.py
[2024-11-29T14:26:59.328+0000] {processor.py:914} INFO - Processing file /home/airflow/.local/lib/python3.12/site-packages/airflow/example_dags/example_xcom.py for tasks to queue
[2024-11-29T14:26:59.331+0000] {logging_mixin.py:190} INFO - [2024-11-29T14:26:59.330+0000] {dagbag.py:588} INFO - Filling up the DagBag from /home/airflow/.local/lib/python3.12/site-packages/airflow/example_dags/example_xcom.py
[2024-11-29T14:26:59.345+0000] {processor.py:925} INFO - DAG(s) 'example_xcom' retrieved from /home/airflow/.local/lib/python3.12/site-packages/airflow/example_dags/example_xcom.py
[2024-11-29T14:26:59.368+0000] {logging_mixin.py:190} INFO - [2024-11-29T14:26:59.367+0000] {dag.py:3239} INFO - Sync 1 DAGs
[2024-11-29T14:26:59.404+0000] {logging_mixin.py:190} INFO - [2024-11-29T14:26:59.403+0000] {dag.py:4180} INFO - Setting next_dagrun for example_xcom to 2021-01-01 00:00:00+00:00, run_after=2021-01-01 00:00:00+00:00
[2024-11-29T14:26:59.436+0000] {processor.py:208} INFO - Processing /home/airflow/.local/lib/python3.12/site-packages/airflow/example_dags/example_xcom.py took 0.117 seconds
[2024-11-29T14:27:29.613+0000] {processor.py:186} INFO - Started process (PID=1028) to work on /home/airflow/.local/lib/python3.12/site-packages/airflow/example_dags/example_xcom.py
[2024-11-29T14:27:29.614+0000] {processor.py:914} INFO - Processing file /home/airflow/.local/lib/python3.12/site-packages/airflow/example_dags/example_xcom.py for tasks to queue
[2024-11-29T14:27:29.617+0000] {logging_mixin.py:190} INFO - [2024-11-29T14:27:29.617+0000] {dagbag.py:588} INFO - Filling up the DagBag from /home/airflow/.local/lib/python3.12/site-packages/airflow/example_dags/example_xcom.py
[2024-11-29T14:27:29.631+0000] {processor.py:925} INFO - DAG(s) 'example_xcom' retrieved from /home/airflow/.local/lib/python3.12/site-packages/airflow/example_dags/example_xcom.py
[2024-11-29T14:27:29.658+0000] {logging_mixin.py:190} INFO - [2024-11-29T14:27:29.658+0000] {dag.py:3239} INFO - Sync 1 DAGs
[2024-11-29T14:27:29.691+0000] {logging_mixin.py:190} INFO - [2024-11-29T14:27:29.691+0000] {dag.py:4180} INFO - Setting next_dagrun for example_xcom to 2021-01-01 00:00:00+00:00, run_after=2021-01-01 00:00:00+00:00
[2024-11-29T14:27:29.717+0000] {processor.py:208} INFO - Processing /home/airflow/.local/lib/python3.12/site-packages/airflow/example_dags/example_xcom.py took 0.112 seconds
[2024-11-29T14:28:00.316+0000] {processor.py:186} INFO - Started process (PID=1091) to work on /home/airflow/.local/lib/python3.12/site-packages/airflow/example_dags/example_xcom.py
[2024-11-29T14:28:00.318+0000] {processor.py:914} INFO - Processing file /home/airflow/.local/lib/python3.12/site-packages/airflow/example_dags/example_xcom.py for tasks to queue
[2024-11-29T14:28:00.321+0000] {logging_mixin.py:190} INFO - [2024-11-29T14:28:00.320+0000] {dagbag.py:588} INFO - Filling up the DagBag from /home/airflow/.local/lib/python3.12/site-packages/airflow/example_dags/example_xcom.py
[2024-11-29T14:28:00.331+0000] {processor.py:925} INFO - DAG(s) 'example_xcom' retrieved from /home/airflow/.local/lib/python3.12/site-packages/airflow/example_dags/example_xcom.py
[2024-11-29T14:28:00.353+0000] {logging_mixin.py:190} INFO - [2024-11-29T14:28:00.353+0000] {dag.py:3239} INFO - Sync 1 DAGs
[2024-11-29T14:28:00.379+0000] {logging_mixin.py:190} INFO - [2024-11-29T14:28:00.379+0000] {dag.py:4180} INFO - Setting next_dagrun for example_xcom to 2021-01-01 00:00:00+00:00, run_after=2021-01-01 00:00:00+00:00
[2024-11-29T14:28:00.402+0000] {processor.py:208} INFO - Processing /home/airflow/.local/lib/python3.12/site-packages/airflow/example_dags/example_xcom.py took 0.093 seconds
[2024-11-29T14:28:30.852+0000] {processor.py:186} INFO - Started process (PID=1154) to work on /home/airflow/.local/lib/python3.12/site-packages/airflow/example_dags/example_xcom.py
[2024-11-29T14:28:30.853+0000] {processor.py:914} INFO - Processing file /home/airflow/.local/lib/python3.12/site-packages/airflow/example_dags/example_xcom.py for tasks to queue
[2024-11-29T14:28:30.856+0000] {logging_mixin.py:190} INFO - [2024-11-29T14:28:30.856+0000] {dagbag.py:588} INFO - Filling up the DagBag from /home/airflow/.local/lib/python3.12/site-packages/airflow/example_dags/example_xcom.py
[2024-11-29T14:28:30.869+0000] {processor.py:925} INFO - DAG(s) 'example_xcom' retrieved from /home/airflow/.local/lib/python3.12/site-packages/airflow/example_dags/example_xcom.py
[2024-11-29T14:28:30.895+0000] {logging_mixin.py:190} INFO - [2024-11-29T14:28:30.895+0000] {dag.py:3239} INFO - Sync 1 DAGs
[2024-11-29T14:28:30.928+0000] {logging_mixin.py:190} INFO - [2024-11-29T14:28:30.928+0000] {dag.py:4180} INFO - Setting next_dagrun for example_xcom to 2021-01-01 00:00:00+00:00, run_after=2021-01-01 00:00:00+00:00
[2024-11-29T14:28:30.951+0000] {processor.py:208} INFO - Processing /home/airflow/.local/lib/python3.12/site-packages/airflow/example_dags/example_xcom.py took 0.107 seconds
[2024-11-29T14:29:01.555+0000] {processor.py:186} INFO - Started process (PID=1217) to work on /home/airflow/.local/lib/python3.12/site-packages/airflow/example_dags/example_xcom.py
[2024-11-29T14:29:01.557+0000] {processor.py:914} INFO - Processing file /home/airflow/.local/lib/python3.12/site-packages/airflow/example_dags/example_xcom.py for tasks to queue
[2024-11-29T14:29:01.560+0000] {logging_mixin.py:190} INFO - [2024-11-29T14:29:01.559+0000] {dagbag.py:588} INFO - Filling up the DagBag from /home/airflow/.local/lib/python3.12/site-packages/airflow/example_dags/example_xcom.py
[2024-11-29T14:29:01.577+0000] {processor.py:925} INFO - DAG(s) 'example_xcom' retrieved from /home/airflow/.local/lib/python3.12/site-packages/airflow/example_dags/example_xcom.py
[2024-11-29T14:29:01.611+0000] {logging_mixin.py:190} INFO - [2024-11-29T14:29:01.610+0000] {dag.py:3239} INFO - Sync 1 DAGs
[2024-11-29T14:29:01.648+0000] {logging_mixin.py:190} INFO - [2024-11-29T14:29:01.648+0000] {dag.py:4180} INFO - Setting next_dagrun for example_xcom to 2021-01-01 00:00:00+00:00, run_after=2021-01-01 00:00:00+00:00
[2024-11-29T14:29:01.675+0000] {processor.py:208} INFO - Processing /home/airflow/.local/lib/python3.12/site-packages/airflow/example_dags/example_xcom.py took 0.129 seconds
[2024-11-29T14:29:32.782+0000] {processor.py:186} INFO - Started process (PID=1281) to work on /home/airflow/.local/lib/python3.12/site-packages/airflow/example_dags/example_xcom.py
[2024-11-29T14:29:32.783+0000] {processor.py:914} INFO - Processing file /home/airflow/.local/lib/python3.12/site-packages/airflow/example_dags/example_xcom.py for tasks to queue
[2024-11-29T14:29:32.786+0000] {logging_mixin.py:190} INFO - [2024-11-29T14:29:32.785+0000] {dagbag.py:588} INFO - Filling up the DagBag from /home/airflow/.local/lib/python3.12/site-packages/airflow/example_dags/example_xcom.py
[2024-11-29T14:29:32.798+0000] {processor.py:925} INFO - DAG(s) 'example_xcom' retrieved from /home/airflow/.local/lib/python3.12/site-packages/airflow/example_dags/example_xcom.py
[2024-11-29T14:29:32.821+0000] {logging_mixin.py:190} INFO - [2024-11-29T14:29:32.820+0000] {dag.py:3239} INFO - Sync 1 DAGs
[2024-11-29T14:29:32.849+0000] {logging_mixin.py:190} INFO - [2024-11-29T14:29:32.849+0000] {dag.py:4180} INFO - Setting next_dagrun for example_xcom to 2021-01-01 00:00:00+00:00, run_after=2021-01-01 00:00:00+00:00
[2024-11-29T14:29:32.875+0000] {processor.py:208} INFO - Processing /home/airflow/.local/lib/python3.12/site-packages/airflow/example_dags/example_xcom.py took 0.100 seconds
[2024-11-29T14:30:03.703+0000] {processor.py:186} INFO - Started process (PID=1344) to work on /home/airflow/.local/lib/python3.12/site-packages/airflow/example_dags/example_xcom.py
[2024-11-29T14:30:03.704+0000] {processor.py:914} INFO - Processing file /home/airflow/.local/lib/python3.12/site-packages/airflow/example_dags/example_xcom.py for tasks to queue
[2024-11-29T14:30:03.708+0000] {logging_mixin.py:190} INFO - [2024-11-29T14:30:03.707+0000] {dagbag.py:588} INFO - Filling up the DagBag from /home/airflow/.local/lib/python3.12/site-packages/airflow/example_dags/example_xcom.py
[2024-11-29T14:30:03.721+0000] {processor.py:925} INFO - DAG(s) 'example_xcom' retrieved from /home/airflow/.local/lib/python3.12/site-packages/airflow/example_dags/example_xcom.py
[2024-11-29T14:30:03.744+0000] {logging_mixin.py:190} INFO - [2024-11-29T14:30:03.744+0000] {dag.py:3239} INFO - Sync 1 DAGs
[2024-11-29T14:30:03.773+0000] {logging_mixin.py:190} INFO - [2024-11-29T14:30:03.773+0000] {dag.py:4180} INFO - Setting next_dagrun for example_xcom to 2021-01-01 00:00:00+00:00, run_after=2021-01-01 00:00:00+00:00
[2024-11-29T14:30:03.799+0000] {processor.py:208} INFO - Processing /home/airflow/.local/lib/python3.12/site-packages/airflow/example_dags/example_xcom.py took 0.103 seconds
[2024-11-29T14:30:34.254+0000] {processor.py:186} INFO - Started process (PID=1407) to work on /home/airflow/.local/lib/python3.12/site-packages/airflow/example_dags/example_xcom.py
[2024-11-29T14:30:34.255+0000] {processor.py:914} INFO - Processing file /home/airflow/.local/lib/python3.12/site-packages/airflow/example_dags/example_xcom.py for tasks to queue
[2024-11-29T14:30:34.259+0000] {logging_mixin.py:190} INFO - [2024-11-29T14:30:34.258+0000] {dagbag.py:588} INFO - Filling up the DagBag from /home/airflow/.local/lib/python3.12/site-packages/airflow/example_dags/example_xcom.py
[2024-11-29T14:30:34.273+0000] {processor.py:925} INFO - DAG(s) 'example_xcom' retrieved from /home/airflow/.local/lib/python3.12/site-packages/airflow/example_dags/example_xcom.py
[2024-11-29T14:30:34.302+0000] {logging_mixin.py:190} INFO - [2024-11-29T14:30:34.301+0000] {dag.py:3239} INFO - Sync 1 DAGs
[2024-11-29T14:30:34.335+0000] {logging_mixin.py:190} INFO - [2024-11-29T14:30:34.335+0000] {dag.py:4180} INFO - Setting next_dagrun for example_xcom to 2021-01-01 00:00:00+00:00, run_after=2021-01-01 00:00:00+00:00
[2024-11-29T14:30:34.369+0000] {processor.py:208} INFO - Processing /home/airflow/.local/lib/python3.12/site-packages/airflow/example_dags/example_xcom.py took 0.122 seconds
[2024-11-29T14:31:04.635+0000] {processor.py:186} INFO - Started process (PID=1470) to work on /home/airflow/.local/lib/python3.12/site-packages/airflow/example_dags/example_xcom.py
[2024-11-29T14:31:04.637+0000] {processor.py:914} INFO - Processing file /home/airflow/.local/lib/python3.12/site-packages/airflow/example_dags/example_xcom.py for tasks to queue
[2024-11-29T14:31:04.640+0000] {logging_mixin.py:190} INFO - [2024-11-29T14:31:04.640+0000] {dagbag.py:588} INFO - Filling up the DagBag from /home/airflow/.local/lib/python3.12/site-packages/airflow/example_dags/example_xcom.py
[2024-11-29T14:31:04.653+0000] {processor.py:925} INFO - DAG(s) 'example_xcom' retrieved from /home/airflow/.local/lib/python3.12/site-packages/airflow/example_dags/example_xcom.py
[2024-11-29T14:31:04.682+0000] {logging_mixin.py:190} INFO - [2024-11-29T14:31:04.682+0000] {dag.py:3239} INFO - Sync 1 DAGs
[2024-11-29T14:31:04.714+0000] {logging_mixin.py:190} INFO - [2024-11-29T14:31:04.714+0000] {dag.py:4180} INFO - Setting next_dagrun for example_xcom to 2021-01-01 00:00:00+00:00, run_after=2021-01-01 00:00:00+00:00
[2024-11-29T14:31:04.740+0000] {processor.py:208} INFO - Processing /home/airflow/.local/lib/python3.12/site-packages/airflow/example_dags/example_xcom.py took 0.116 seconds
[2024-11-29T14:31:35.474+0000] {processor.py:186} INFO - Started process (PID=1533) to work on /home/airflow/.local/lib/python3.12/site-packages/airflow/example_dags/example_xcom.py
[2024-11-29T14:31:35.477+0000] {processor.py:914} INFO - Processing file /home/airflow/.local/lib/python3.12/site-packages/airflow/example_dags/example_xcom.py for tasks to queue
[2024-11-29T14:31:35.484+0000] {logging_mixin.py:190} INFO - [2024-11-29T14:31:35.483+0000] {dagbag.py:588} INFO - Filling up the DagBag from /home/airflow/.local/lib/python3.12/site-packages/airflow/example_dags/example_xcom.py
[2024-11-29T14:31:35.516+0000] {processor.py:925} INFO - DAG(s) 'example_xcom' retrieved from /home/airflow/.local/lib/python3.12/site-packages/airflow/example_dags/example_xcom.py
[2024-11-29T14:31:35.559+0000] {logging_mixin.py:190} INFO - [2024-11-29T14:31:35.559+0000] {dag.py:3239} INFO - Sync 1 DAGs
[2024-11-29T14:31:35.601+0000] {logging_mixin.py:190} INFO - [2024-11-29T14:31:35.601+0000] {dag.py:4180} INFO - Setting next_dagrun for example_xcom to 2021-01-01 00:00:00+00:00, run_after=2021-01-01 00:00:00+00:00
[2024-11-29T14:31:35.636+0000] {processor.py:208} INFO - Processing /home/airflow/.local/lib/python3.12/site-packages/airflow/example_dags/example_xcom.py took 0.181 seconds
[2024-11-29T14:32:06.274+0000] {processor.py:186} INFO - Started process (PID=1596) to work on /home/airflow/.local/lib/python3.12/site-packages/airflow/example_dags/example_xcom.py
[2024-11-29T14:32:06.277+0000] {processor.py:914} INFO - Processing file /home/airflow/.local/lib/python3.12/site-packages/airflow/example_dags/example_xcom.py for tasks to queue
[2024-11-29T14:32:06.285+0000] {logging_mixin.py:190} INFO - [2024-11-29T14:32:06.284+0000] {dagbag.py:588} INFO - Filling up the DagBag from /home/airflow/.local/lib/python3.12/site-packages/airflow/example_dags/example_xcom.py
[2024-11-29T14:32:06.315+0000] {processor.py:925} INFO - DAG(s) 'example_xcom' retrieved from /home/airflow/.local/lib/python3.12/site-packages/airflow/example_dags/example_xcom.py
[2024-11-29T14:32:06.373+0000] {logging_mixin.py:190} INFO - [2024-11-29T14:32:06.372+0000] {dag.py:3239} INFO - Sync 1 DAGs
[2024-11-29T14:32:06.424+0000] {logging_mixin.py:190} INFO - [2024-11-29T14:32:06.423+0000] {dag.py:4180} INFO - Setting next_dagrun for example_xcom to 2021-01-01 00:00:00+00:00, run_after=2021-01-01 00:00:00+00:00
[2024-11-29T14:32:06.453+0000] {processor.py:208} INFO - Processing /home/airflow/.local/lib/python3.12/site-packages/airflow/example_dags/example_xcom.py took 0.196 seconds
[2024-11-29T14:32:36.533+0000] {processor.py:186} INFO - Started process (PID=1659) to work on /home/airflow/.local/lib/python3.12/site-packages/airflow/example_dags/example_xcom.py
[2024-11-29T14:32:36.535+0000] {processor.py:914} INFO - Processing file /home/airflow/.local/lib/python3.12/site-packages/airflow/example_dags/example_xcom.py for tasks to queue
[2024-11-29T14:32:36.539+0000] {logging_mixin.py:190} INFO - [2024-11-29T14:32:36.538+0000] {dagbag.py:588} INFO - Filling up the DagBag from /home/airflow/.local/lib/python3.12/site-packages/airflow/example_dags/example_xcom.py
[2024-11-29T14:32:36.552+0000] {processor.py:925} INFO - DAG(s) 'example_xcom' retrieved from /home/airflow/.local/lib/python3.12/site-packages/airflow/example_dags/example_xcom.py
[2024-11-29T14:32:36.579+0000] {logging_mixin.py:190} INFO - [2024-11-29T14:32:36.579+0000] {dag.py:3239} INFO - Sync 1 DAGs
[2024-11-29T14:32:36.616+0000] {logging_mixin.py:190} INFO - [2024-11-29T14:32:36.616+0000] {dag.py:4180} INFO - Setting next_dagrun for example_xcom to 2021-01-01 00:00:00+00:00, run_after=2021-01-01 00:00:00+00:00
[2024-11-29T14:32:36.641+0000] {processor.py:208} INFO - Processing /home/airflow/.local/lib/python3.12/site-packages/airflow/example_dags/example_xcom.py took 0.119 seconds
[2024-11-29T14:33:07.493+0000] {processor.py:186} INFO - Started process (PID=1722) to work on /home/airflow/.local/lib/python3.12/site-packages/airflow/example_dags/example_xcom.py
[2024-11-29T14:33:07.494+0000] {processor.py:914} INFO - Processing file /home/airflow/.local/lib/python3.12/site-packages/airflow/example_dags/example_xcom.py for tasks to queue
[2024-11-29T14:33:07.498+0000] {logging_mixin.py:190} INFO - [2024-11-29T14:33:07.497+0000] {dagbag.py:588} INFO - Filling up the DagBag from /home/airflow/.local/lib/python3.12/site-packages/airflow/example_dags/example_xcom.py
[2024-11-29T14:33:07.510+0000] {processor.py:925} INFO - DAG(s) 'example_xcom' retrieved from /home/airflow/.local/lib/python3.12/site-packages/airflow/example_dags/example_xcom.py
[2024-11-29T14:33:07.536+0000] {logging_mixin.py:190} INFO - [2024-11-29T14:33:07.536+0000] {dag.py:3239} INFO - Sync 1 DAGs
[2024-11-29T14:33:07.570+0000] {logging_mixin.py:190} INFO - [2024-11-29T14:33:07.568+0000] {dag.py:4180} INFO - Setting next_dagrun for example_xcom to 2021-01-01 00:00:00+00:00, run_after=2021-01-01 00:00:00+00:00
[2024-11-29T14:33:07.602+0000] {processor.py:208} INFO - Processing /home/airflow/.local/lib/python3.12/site-packages/airflow/example_dags/example_xcom.py took 0.117 seconds
[2024-11-29T14:33:38.431+0000] {processor.py:186} INFO - Started process (PID=1786) to work on /home/airflow/.local/lib/python3.12/site-packages/airflow/example_dags/example_xcom.py
[2024-11-29T14:33:38.434+0000] {processor.py:914} INFO - Processing file /home/airflow/.local/lib/python3.12/site-packages/airflow/example_dags/example_xcom.py for tasks to queue
[2024-11-29T14:33:38.442+0000] {logging_mixin.py:190} INFO - [2024-11-29T14:33:38.440+0000] {dagbag.py:588} INFO - Filling up the DagBag from /home/airflow/.local/lib/python3.12/site-packages/airflow/example_dags/example_xcom.py
[2024-11-29T14:33:38.467+0000] {processor.py:925} INFO - DAG(s) 'example_xcom' retrieved from /home/airflow/.local/lib/python3.12/site-packages/airflow/example_dags/example_xcom.py
[2024-11-29T14:33:38.496+0000] {logging_mixin.py:190} INFO - [2024-11-29T14:33:38.496+0000] {dag.py:3239} INFO - Sync 1 DAGs
[2024-11-29T14:33:38.535+0000] {logging_mixin.py:190} INFO - [2024-11-29T14:33:38.535+0000] {dag.py:4180} INFO - Setting next_dagrun for example_xcom to 2021-01-01 00:00:00+00:00, run_after=2021-01-01 00:00:00+00:00
[2024-11-29T14:33:38.565+0000] {processor.py:208} INFO - Processing /home/airflow/.local/lib/python3.12/site-packages/airflow/example_dags/example_xcom.py took 0.155 seconds
[2024-11-29T14:34:08.806+0000] {processor.py:186} INFO - Started process (PID=1849) to work on /home/airflow/.local/lib/python3.12/site-packages/airflow/example_dags/example_xcom.py
[2024-11-29T14:34:08.807+0000] {processor.py:914} INFO - Processing file /home/airflow/.local/lib/python3.12/site-packages/airflow/example_dags/example_xcom.py for tasks to queue
[2024-11-29T14:34:08.813+0000] {logging_mixin.py:190} INFO - [2024-11-29T14:34:08.812+0000] {dagbag.py:588} INFO - Filling up the DagBag from /home/airflow/.local/lib/python3.12/site-packages/airflow/example_dags/example_xcom.py
[2024-11-29T14:34:08.838+0000] {processor.py:925} INFO - DAG(s) 'example_xcom' retrieved from /home/airflow/.local/lib/python3.12/site-packages/airflow/example_dags/example_xcom.py
[2024-11-29T14:34:08.879+0000] {logging_mixin.py:190} INFO - [2024-11-29T14:34:08.879+0000] {dag.py:3239} INFO - Sync 1 DAGs
[2024-11-29T14:34:08.915+0000] {logging_mixin.py:190} INFO - [2024-11-29T14:34:08.914+0000] {dag.py:4180} INFO - Setting next_dagrun for example_xcom to 2021-01-01 00:00:00+00:00, run_after=2021-01-01 00:00:00+00:00
[2024-11-29T14:34:08.938+0000] {processor.py:208} INFO - Processing /home/airflow/.local/lib/python3.12/site-packages/airflow/example_dags/example_xcom.py took 0.142 seconds
[2024-11-29T14:34:39.430+0000] {processor.py:186} INFO - Started process (PID=1917) to work on /home/airflow/.local/lib/python3.12/site-packages/airflow/example_dags/example_xcom.py
[2024-11-29T14:34:39.431+0000] {processor.py:914} INFO - Processing file /home/airflow/.local/lib/python3.12/site-packages/airflow/example_dags/example_xcom.py for tasks to queue
[2024-11-29T14:34:39.434+0000] {logging_mixin.py:190} INFO - [2024-11-29T14:34:39.434+0000] {dagbag.py:588} INFO - Filling up the DagBag from /home/airflow/.local/lib/python3.12/site-packages/airflow/example_dags/example_xcom.py
[2024-11-29T14:34:39.447+0000] {processor.py:925} INFO - DAG(s) 'example_xcom' retrieved from /home/airflow/.local/lib/python3.12/site-packages/airflow/example_dags/example_xcom.py
[2024-11-29T14:34:39.478+0000] {logging_mixin.py:190} INFO - [2024-11-29T14:34:39.478+0000] {dag.py:3239} INFO - Sync 1 DAGs
[2024-11-29T14:34:39.517+0000] {logging_mixin.py:190} INFO - [2024-11-29T14:34:39.517+0000] {dag.py:4180} INFO - Setting next_dagrun for example_xcom to 2021-01-01 00:00:00+00:00, run_after=2021-01-01 00:00:00+00:00
[2024-11-29T14:34:39.545+0000] {processor.py:208} INFO - Processing /home/airflow/.local/lib/python3.12/site-packages/airflow/example_dags/example_xcom.py took 0.123 seconds
[2024-11-29T14:35:10.323+0000] {processor.py:186} INFO - Started process (PID=1978) to work on /home/airflow/.local/lib/python3.12/site-packages/airflow/example_dags/example_xcom.py
[2024-11-29T14:35:10.325+0000] {processor.py:914} INFO - Processing file /home/airflow/.local/lib/python3.12/site-packages/airflow/example_dags/example_xcom.py for tasks to queue
[2024-11-29T14:35:10.328+0000] {logging_mixin.py:190} INFO - [2024-11-29T14:35:10.327+0000] {dagbag.py:588} INFO - Filling up the DagBag from /home/airflow/.local/lib/python3.12/site-packages/airflow/example_dags/example_xcom.py
[2024-11-29T14:35:10.339+0000] {processor.py:925} INFO - DAG(s) 'example_xcom' retrieved from /home/airflow/.local/lib/python3.12/site-packages/airflow/example_dags/example_xcom.py
[2024-11-29T14:35:10.364+0000] {logging_mixin.py:190} INFO - [2024-11-29T14:35:10.363+0000] {dag.py:3239} INFO - Sync 1 DAGs
[2024-11-29T14:35:10.391+0000] {logging_mixin.py:190} INFO - [2024-11-29T14:35:10.391+0000] {dag.py:4180} INFO - Setting next_dagrun for example_xcom to 2021-01-01 00:00:00+00:00, run_after=2021-01-01 00:00:00+00:00
[2024-11-29T14:35:10.417+0000] {processor.py:208} INFO - Processing /home/airflow/.local/lib/python3.12/site-packages/airflow/example_dags/example_xcom.py took 0.100 seconds
[2024-11-29T14:35:41.132+0000] {processor.py:186} INFO - Started process (PID=2041) to work on /home/airflow/.local/lib/python3.12/site-packages/airflow/example_dags/example_xcom.py
[2024-11-29T14:35:41.133+0000] {processor.py:914} INFO - Processing file /home/airflow/.local/lib/python3.12/site-packages/airflow/example_dags/example_xcom.py for tasks to queue
[2024-11-29T14:35:41.137+0000] {logging_mixin.py:190} INFO - [2024-11-29T14:35:41.136+0000] {dagbag.py:588} INFO - Filling up the DagBag from /home/airflow/.local/lib/python3.12/site-packages/airflow/example_dags/example_xcom.py
[2024-11-29T14:35:41.154+0000] {processor.py:925} INFO - DAG(s) 'example_xcom' retrieved from /home/airflow/.local/lib/python3.12/site-packages/airflow/example_dags/example_xcom.py
[2024-11-29T14:35:41.183+0000] {logging_mixin.py:190} INFO - [2024-11-29T14:35:41.182+0000] {dag.py:3239} INFO - Sync 1 DAGs
[2024-11-29T14:35:41.214+0000] {logging_mixin.py:190} INFO - [2024-11-29T14:35:41.214+0000] {dag.py:4180} INFO - Setting next_dagrun for example_xcom to 2021-01-01 00:00:00+00:00, run_after=2021-01-01 00:00:00+00:00
[2024-11-29T14:35:41.244+0000] {processor.py:208} INFO - Processing /home/airflow/.local/lib/python3.12/site-packages/airflow/example_dags/example_xcom.py took 0.121 seconds
[2024-11-29T14:36:11.404+0000] {processor.py:186} INFO - Started process (PID=2104) to work on /home/airflow/.local/lib/python3.12/site-packages/airflow/example_dags/example_xcom.py
[2024-11-29T14:36:11.406+0000] {processor.py:914} INFO - Processing file /home/airflow/.local/lib/python3.12/site-packages/airflow/example_dags/example_xcom.py for tasks to queue
[2024-11-29T14:36:11.409+0000] {logging_mixin.py:190} INFO - [2024-11-29T14:36:11.408+0000] {dagbag.py:588} INFO - Filling up the DagBag from /home/airflow/.local/lib/python3.12/site-packages/airflow/example_dags/example_xcom.py
[2024-11-29T14:36:11.421+0000] {processor.py:925} INFO - DAG(s) 'example_xcom' retrieved from /home/airflow/.local/lib/python3.12/site-packages/airflow/example_dags/example_xcom.py
[2024-11-29T14:36:11.445+0000] {logging_mixin.py:190} INFO - [2024-11-29T14:36:11.445+0000] {dag.py:3239} INFO - Sync 1 DAGs
[2024-11-29T14:36:11.476+0000] {logging_mixin.py:190} INFO - [2024-11-29T14:36:11.476+0000] {dag.py:4180} INFO - Setting next_dagrun for example_xcom to 2021-01-01 00:00:00+00:00, run_after=2021-01-01 00:00:00+00:00
[2024-11-29T14:36:11.512+0000] {processor.py:208} INFO - Processing /home/airflow/.local/lib/python3.12/site-packages/airflow/example_dags/example_xcom.py took 0.114 seconds
[2024-11-29T14:36:42.292+0000] {processor.py:186} INFO - Started process (PID=2167) to work on /home/airflow/.local/lib/python3.12/site-packages/airflow/example_dags/example_xcom.py
[2024-11-29T14:36:42.293+0000] {processor.py:914} INFO - Processing file /home/airflow/.local/lib/python3.12/site-packages/airflow/example_dags/example_xcom.py for tasks to queue
[2024-11-29T14:36:42.296+0000] {logging_mixin.py:190} INFO - [2024-11-29T14:36:42.296+0000] {dagbag.py:588} INFO - Filling up the DagBag from /home/airflow/.local/lib/python3.12/site-packages/airflow/example_dags/example_xcom.py
[2024-11-29T14:36:42.309+0000] {processor.py:925} INFO - DAG(s) 'example_xcom' retrieved from /home/airflow/.local/lib/python3.12/site-packages/airflow/example_dags/example_xcom.py
[2024-11-29T14:36:42.335+0000] {logging_mixin.py:190} INFO - [2024-11-29T14:36:42.334+0000] {dag.py:3239} INFO - Sync 1 DAGs
[2024-11-29T14:36:42.363+0000] {logging_mixin.py:190} INFO - [2024-11-29T14:36:42.363+0000] {dag.py:4180} INFO - Setting next_dagrun for example_xcom to 2021-01-01 00:00:00+00:00, run_after=2021-01-01 00:00:00+00:00
[2024-11-29T14:36:42.389+0000] {processor.py:208} INFO - Processing /home/airflow/.local/lib/python3.12/site-packages/airflow/example_dags/example_xcom.py took 0.104 seconds
[2024-11-29T14:37:13.134+0000] {processor.py:186} INFO - Started process (PID=2230) to work on /home/airflow/.local/lib/python3.12/site-packages/airflow/example_dags/example_xcom.py
[2024-11-29T14:37:13.136+0000] {processor.py:914} INFO - Processing file /home/airflow/.local/lib/python3.12/site-packages/airflow/example_dags/example_xcom.py for tasks to queue
[2024-11-29T14:37:13.139+0000] {logging_mixin.py:190} INFO - [2024-11-29T14:37:13.139+0000] {dagbag.py:588} INFO - Filling up the DagBag from /home/airflow/.local/lib/python3.12/site-packages/airflow/example_dags/example_xcom.py
[2024-11-29T14:37:13.150+0000] {processor.py:925} INFO - DAG(s) 'example_xcom' retrieved from /home/airflow/.local/lib/python3.12/site-packages/airflow/example_dags/example_xcom.py
[2024-11-29T14:37:13.177+0000] {logging_mixin.py:190} INFO - [2024-11-29T14:37:13.177+0000] {dag.py:3239} INFO - Sync 1 DAGs
[2024-11-29T14:37:13.214+0000] {logging_mixin.py:190} INFO - [2024-11-29T14:37:13.214+0000] {dag.py:4180} INFO - Setting next_dagrun for example_xcom to 2021-01-01 00:00:00+00:00, run_after=2021-01-01 00:00:00+00:00
[2024-11-29T14:37:13.243+0000] {processor.py:208} INFO - Processing /home/airflow/.local/lib/python3.12/site-packages/airflow/example_dags/example_xcom.py took 0.117 seconds
[2024-11-29T14:37:43.453+0000] {processor.py:186} INFO - Started process (PID=2292) to work on /home/airflow/.local/lib/python3.12/site-packages/airflow/example_dags/example_xcom.py
[2024-11-29T14:37:43.471+0000] {processor.py:914} INFO - Processing file /home/airflow/.local/lib/python3.12/site-packages/airflow/example_dags/example_xcom.py for tasks to queue
[2024-11-29T14:37:43.489+0000] {logging_mixin.py:190} INFO - [2024-11-29T14:37:43.489+0000] {dagbag.py:588} INFO - Filling up the DagBag from /home/airflow/.local/lib/python3.12/site-packages/airflow/example_dags/example_xcom.py
[2024-11-29T14:37:43.535+0000] {processor.py:925} INFO - DAG(s) 'example_xcom' retrieved from /home/airflow/.local/lib/python3.12/site-packages/airflow/example_dags/example_xcom.py
[2024-11-29T14:37:43.588+0000] {logging_mixin.py:190} INFO - [2024-11-29T14:37:43.587+0000] {dag.py:3239} INFO - Sync 1 DAGs
[2024-11-29T14:37:43.629+0000] {logging_mixin.py:190} INFO - [2024-11-29T14:37:43.629+0000] {dag.py:4180} INFO - Setting next_dagrun for example_xcom to 2021-01-01 00:00:00+00:00, run_after=2021-01-01 00:00:00+00:00
[2024-11-29T14:37:43.656+0000] {processor.py:208} INFO - Processing /home/airflow/.local/lib/python3.12/site-packages/airflow/example_dags/example_xcom.py took 0.212 seconds
[2024-11-29T14:38:14.047+0000] {processor.py:186} INFO - Started process (PID=2354) to work on /home/airflow/.local/lib/python3.12/site-packages/airflow/example_dags/example_xcom.py
[2024-11-29T14:38:14.049+0000] {processor.py:914} INFO - Processing file /home/airflow/.local/lib/python3.12/site-packages/airflow/example_dags/example_xcom.py for tasks to queue
[2024-11-29T14:38:14.052+0000] {logging_mixin.py:190} INFO - [2024-11-29T14:38:14.051+0000] {dagbag.py:588} INFO - Filling up the DagBag from /home/airflow/.local/lib/python3.12/site-packages/airflow/example_dags/example_xcom.py
[2024-11-29T14:38:14.064+0000] {processor.py:925} INFO - DAG(s) 'example_xcom' retrieved from /home/airflow/.local/lib/python3.12/site-packages/airflow/example_dags/example_xcom.py
[2024-11-29T14:38:14.087+0000] {logging_mixin.py:190} INFO - [2024-11-29T14:38:14.087+0000] {dag.py:3239} INFO - Sync 1 DAGs
[2024-11-29T14:38:14.116+0000] {logging_mixin.py:190} INFO - [2024-11-29T14:38:14.115+0000] {dag.py:4180} INFO - Setting next_dagrun for example_xcom to 2021-01-01 00:00:00+00:00, run_after=2021-01-01 00:00:00+00:00
[2024-11-29T14:38:14.142+0000] {processor.py:208} INFO - Processing /home/airflow/.local/lib/python3.12/site-packages/airflow/example_dags/example_xcom.py took 0.102 seconds
[2024-11-29T14:38:45.121+0000] {processor.py:186} INFO - Started process (PID=2417) to work on /home/airflow/.local/lib/python3.12/site-packages/airflow/example_dags/example_xcom.py
[2024-11-29T14:38:45.123+0000] {processor.py:914} INFO - Processing file /home/airflow/.local/lib/python3.12/site-packages/airflow/example_dags/example_xcom.py for tasks to queue
[2024-11-29T14:38:45.126+0000] {logging_mixin.py:190} INFO - [2024-11-29T14:38:45.126+0000] {dagbag.py:588} INFO - Filling up the DagBag from /home/airflow/.local/lib/python3.12/site-packages/airflow/example_dags/example_xcom.py
[2024-11-29T14:38:45.138+0000] {processor.py:925} INFO - DAG(s) 'example_xcom' retrieved from /home/airflow/.local/lib/python3.12/site-packages/airflow/example_dags/example_xcom.py
[2024-11-29T14:38:45.161+0000] {logging_mixin.py:190} INFO - [2024-11-29T14:38:45.160+0000] {dag.py:3239} INFO - Sync 1 DAGs
[2024-11-29T14:38:45.190+0000] {logging_mixin.py:190} INFO - [2024-11-29T14:38:45.190+0000] {dag.py:4180} INFO - Setting next_dagrun for example_xcom to 2021-01-01 00:00:00+00:00, run_after=2021-01-01 00:00:00+00:00
[2024-11-29T14:38:45.212+0000] {processor.py:208} INFO - Processing /home/airflow/.local/lib/python3.12/site-packages/airflow/example_dags/example_xcom.py took 0.098 seconds
[2024-11-29T14:39:15.670+0000] {processor.py:186} INFO - Started process (PID=2480) to work on /home/airflow/.local/lib/python3.12/site-packages/airflow/example_dags/example_xcom.py
[2024-11-29T14:39:15.671+0000] {processor.py:914} INFO - Processing file /home/airflow/.local/lib/python3.12/site-packages/airflow/example_dags/example_xcom.py for tasks to queue
[2024-11-29T14:39:15.674+0000] {logging_mixin.py:190} INFO - [2024-11-29T14:39:15.674+0000] {dagbag.py:588} INFO - Filling up the DagBag from /home/airflow/.local/lib/python3.12/site-packages/airflow/example_dags/example_xcom.py
[2024-11-29T14:39:15.686+0000] {processor.py:925} INFO - DAG(s) 'example_xcom' retrieved from /home/airflow/.local/lib/python3.12/site-packages/airflow/example_dags/example_xcom.py
[2024-11-29T14:39:15.708+0000] {logging_mixin.py:190} INFO - [2024-11-29T14:39:15.707+0000] {dag.py:3239} INFO - Sync 1 DAGs
[2024-11-29T14:39:15.735+0000] {logging_mixin.py:190} INFO - [2024-11-29T14:39:15.735+0000] {dag.py:4180} INFO - Setting next_dagrun for example_xcom to 2021-01-01 00:00:00+00:00, run_after=2021-01-01 00:00:00+00:00
[2024-11-29T14:39:15.757+0000] {processor.py:208} INFO - Processing /home/airflow/.local/lib/python3.12/site-packages/airflow/example_dags/example_xcom.py took 0.095 seconds
[2024-11-29T14:39:46.566+0000] {processor.py:186} INFO - Started process (PID=2543) to work on /home/airflow/.local/lib/python3.12/site-packages/airflow/example_dags/example_xcom.py
[2024-11-29T14:39:46.568+0000] {processor.py:914} INFO - Processing file /home/airflow/.local/lib/python3.12/site-packages/airflow/example_dags/example_xcom.py for tasks to queue
[2024-11-29T14:39:46.572+0000] {logging_mixin.py:190} INFO - [2024-11-29T14:39:46.572+0000] {dagbag.py:588} INFO - Filling up the DagBag from /home/airflow/.local/lib/python3.12/site-packages/airflow/example_dags/example_xcom.py
[2024-11-29T14:39:46.590+0000] {processor.py:925} INFO - DAG(s) 'example_xcom' retrieved from /home/airflow/.local/lib/python3.12/site-packages/airflow/example_dags/example_xcom.py
[2024-11-29T14:39:46.628+0000] {logging_mixin.py:190} INFO - [2024-11-29T14:39:46.627+0000] {dag.py:3239} INFO - Sync 1 DAGs
[2024-11-29T14:39:46.672+0000] {logging_mixin.py:190} INFO - [2024-11-29T14:39:46.671+0000] {dag.py:4180} INFO - Setting next_dagrun for example_xcom to 2021-01-01 00:00:00+00:00, run_after=2021-01-01 00:00:00+00:00
[2024-11-29T14:39:46.713+0000] {processor.py:208} INFO - Processing /home/airflow/.local/lib/python3.12/site-packages/airflow/example_dags/example_xcom.py took 0.162 seconds
[2024-11-29T14:40:17.316+0000] {processor.py:186} INFO - Started process (PID=2607) to work on /home/airflow/.local/lib/python3.12/site-packages/airflow/example_dags/example_xcom.py
[2024-11-29T14:40:17.317+0000] {processor.py:914} INFO - Processing file /home/airflow/.local/lib/python3.12/site-packages/airflow/example_dags/example_xcom.py for tasks to queue
[2024-11-29T14:40:17.320+0000] {logging_mixin.py:190} INFO - [2024-11-29T14:40:17.320+0000] {dagbag.py:588} INFO - Filling up the DagBag from /home/airflow/.local/lib/python3.12/site-packages/airflow/example_dags/example_xcom.py
[2024-11-29T14:40:17.332+0000] {processor.py:925} INFO - DAG(s) 'example_xcom' retrieved from /home/airflow/.local/lib/python3.12/site-packages/airflow/example_dags/example_xcom.py
[2024-11-29T14:40:17.355+0000] {logging_mixin.py:190} INFO - [2024-11-29T14:40:17.354+0000] {dag.py:3239} INFO - Sync 1 DAGs
[2024-11-29T14:40:17.383+0000] {logging_mixin.py:190} INFO - [2024-11-29T14:40:17.382+0000] {dag.py:4180} INFO - Setting next_dagrun for example_xcom to 2021-01-01 00:00:00+00:00, run_after=2021-01-01 00:00:00+00:00
[2024-11-29T14:40:17.404+0000] {processor.py:208} INFO - Processing /home/airflow/.local/lib/python3.12/site-packages/airflow/example_dags/example_xcom.py took 0.097 seconds
[2024-11-29T14:40:48.034+0000] {processor.py:186} INFO - Started process (PID=2670) to work on /home/airflow/.local/lib/python3.12/site-packages/airflow/example_dags/example_xcom.py
[2024-11-29T14:40:48.035+0000] {processor.py:914} INFO - Processing file /home/airflow/.local/lib/python3.12/site-packages/airflow/example_dags/example_xcom.py for tasks to queue
[2024-11-29T14:40:48.038+0000] {logging_mixin.py:190} INFO - [2024-11-29T14:40:48.038+0000] {dagbag.py:588} INFO - Filling up the DagBag from /home/airflow/.local/lib/python3.12/site-packages/airflow/example_dags/example_xcom.py
[2024-11-29T14:40:48.049+0000] {processor.py:925} INFO - DAG(s) 'example_xcom' retrieved from /home/airflow/.local/lib/python3.12/site-packages/airflow/example_dags/example_xcom.py
[2024-11-29T14:40:48.078+0000] {logging_mixin.py:190} INFO - [2024-11-29T14:40:48.078+0000] {dag.py:3239} INFO - Sync 1 DAGs
[2024-11-29T14:40:48.111+0000] {logging_mixin.py:190} INFO - [2024-11-29T14:40:48.111+0000] {dag.py:4180} INFO - Setting next_dagrun for example_xcom to 2021-01-01 00:00:00+00:00, run_after=2021-01-01 00:00:00+00:00
[2024-11-29T14:40:48.135+0000] {processor.py:208} INFO - Processing /home/airflow/.local/lib/python3.12/site-packages/airflow/example_dags/example_xcom.py took 0.109 seconds
[2024-11-29T14:41:18.333+0000] {processor.py:186} INFO - Started process (PID=2733) to work on /home/airflow/.local/lib/python3.12/site-packages/airflow/example_dags/example_xcom.py
[2024-11-29T14:41:18.335+0000] {processor.py:914} INFO - Processing file /home/airflow/.local/lib/python3.12/site-packages/airflow/example_dags/example_xcom.py for tasks to queue
[2024-11-29T14:41:18.338+0000] {logging_mixin.py:190} INFO - [2024-11-29T14:41:18.338+0000] {dagbag.py:588} INFO - Filling up the DagBag from /home/airflow/.local/lib/python3.12/site-packages/airflow/example_dags/example_xcom.py
[2024-11-29T14:41:18.349+0000] {processor.py:925} INFO - DAG(s) 'example_xcom' retrieved from /home/airflow/.local/lib/python3.12/site-packages/airflow/example_dags/example_xcom.py
[2024-11-29T14:41:18.373+0000] {logging_mixin.py:190} INFO - [2024-11-29T14:41:18.373+0000] {dag.py:3239} INFO - Sync 1 DAGs
[2024-11-29T14:41:18.403+0000] {logging_mixin.py:190} INFO - [2024-11-29T14:41:18.403+0000] {dag.py:4180} INFO - Setting next_dagrun for example_xcom to 2021-01-01 00:00:00+00:00, run_after=2021-01-01 00:00:00+00:00
[2024-11-29T14:41:18.426+0000] {processor.py:208} INFO - Processing /home/airflow/.local/lib/python3.12/site-packages/airflow/example_dags/example_xcom.py took 0.100 seconds
[2024-11-29T14:41:48.619+0000] {processor.py:186} INFO - Started process (PID=2796) to work on /home/airflow/.local/lib/python3.12/site-packages/airflow/example_dags/example_xcom.py
[2024-11-29T14:41:48.621+0000] {processor.py:914} INFO - Processing file /home/airflow/.local/lib/python3.12/site-packages/airflow/example_dags/example_xcom.py for tasks to queue
[2024-11-29T14:41:48.624+0000] {logging_mixin.py:190} INFO - [2024-11-29T14:41:48.623+0000] {dagbag.py:588} INFO - Filling up the DagBag from /home/airflow/.local/lib/python3.12/site-packages/airflow/example_dags/example_xcom.py
[2024-11-29T14:41:48.636+0000] {processor.py:925} INFO - DAG(s) 'example_xcom' retrieved from /home/airflow/.local/lib/python3.12/site-packages/airflow/example_dags/example_xcom.py
[2024-11-29T14:41:48.659+0000] {logging_mixin.py:190} INFO - [2024-11-29T14:41:48.659+0000] {dag.py:3239} INFO - Sync 1 DAGs
[2024-11-29T14:41:48.690+0000] {logging_mixin.py:190} INFO - [2024-11-29T14:41:48.690+0000] {dag.py:4180} INFO - Setting next_dagrun for example_xcom to 2021-01-01 00:00:00+00:00, run_after=2021-01-01 00:00:00+00:00
[2024-11-29T14:41:48.717+0000] {processor.py:208} INFO - Processing /home/airflow/.local/lib/python3.12/site-packages/airflow/example_dags/example_xcom.py took 0.104 seconds
[2024-11-29T14:42:18.932+0000] {processor.py:186} INFO - Started process (PID=2859) to work on /home/airflow/.local/lib/python3.12/site-packages/airflow/example_dags/example_xcom.py
[2024-11-29T14:42:18.933+0000] {processor.py:914} INFO - Processing file /home/airflow/.local/lib/python3.12/site-packages/airflow/example_dags/example_xcom.py for tasks to queue
[2024-11-29T14:42:18.937+0000] {logging_mixin.py:190} INFO - [2024-11-29T14:42:18.937+0000] {dagbag.py:588} INFO - Filling up the DagBag from /home/airflow/.local/lib/python3.12/site-packages/airflow/example_dags/example_xcom.py
[2024-11-29T14:42:18.953+0000] {processor.py:925} INFO - DAG(s) 'example_xcom' retrieved from /home/airflow/.local/lib/python3.12/site-packages/airflow/example_dags/example_xcom.py
[2024-11-29T14:42:18.981+0000] {logging_mixin.py:190} INFO - [2024-11-29T14:42:18.981+0000] {dag.py:3239} INFO - Sync 1 DAGs
[2024-11-29T14:42:19.010+0000] {logging_mixin.py:190} INFO - [2024-11-29T14:42:19.009+0000] {dag.py:4180} INFO - Setting next_dagrun for example_xcom to 2021-01-01 00:00:00+00:00, run_after=2021-01-01 00:00:00+00:00
[2024-11-29T14:42:19.031+0000] {processor.py:208} INFO - Processing /home/airflow/.local/lib/python3.12/site-packages/airflow/example_dags/example_xcom.py took 0.110 seconds
[2024-11-29T14:42:50.021+0000] {processor.py:186} INFO - Started process (PID=2922) to work on /home/airflow/.local/lib/python3.12/site-packages/airflow/example_dags/example_xcom.py
[2024-11-29T14:42:50.022+0000] {processor.py:914} INFO - Processing file /home/airflow/.local/lib/python3.12/site-packages/airflow/example_dags/example_xcom.py for tasks to queue
[2024-11-29T14:42:50.025+0000] {logging_mixin.py:190} INFO - [2024-11-29T14:42:50.024+0000] {dagbag.py:588} INFO - Filling up the DagBag from /home/airflow/.local/lib/python3.12/site-packages/airflow/example_dags/example_xcom.py
[2024-11-29T14:42:50.038+0000] {processor.py:925} INFO - DAG(s) 'example_xcom' retrieved from /home/airflow/.local/lib/python3.12/site-packages/airflow/example_dags/example_xcom.py
[2024-11-29T14:42:50.060+0000] {logging_mixin.py:190} INFO - [2024-11-29T14:42:50.060+0000] {dag.py:3239} INFO - Sync 1 DAGs
[2024-11-29T14:42:50.086+0000] {logging_mixin.py:190} INFO - [2024-11-29T14:42:50.086+0000] {dag.py:4180} INFO - Setting next_dagrun for example_xcom to 2021-01-01 00:00:00+00:00, run_after=2021-01-01 00:00:00+00:00
[2024-11-29T14:42:50.112+0000] {processor.py:208} INFO - Processing /home/airflow/.local/lib/python3.12/site-packages/airflow/example_dags/example_xcom.py took 0.101 seconds
[2024-11-29T14:43:20.990+0000] {processor.py:186} INFO - Started process (PID=2985) to work on /home/airflow/.local/lib/python3.12/site-packages/airflow/example_dags/example_xcom.py
[2024-11-29T14:43:20.992+0000] {processor.py:914} INFO - Processing file /home/airflow/.local/lib/python3.12/site-packages/airflow/example_dags/example_xcom.py for tasks to queue
[2024-11-29T14:43:20.995+0000] {logging_mixin.py:190} INFO - [2024-11-29T14:43:20.995+0000] {dagbag.py:588} INFO - Filling up the DagBag from /home/airflow/.local/lib/python3.12/site-packages/airflow/example_dags/example_xcom.py
[2024-11-29T14:43:21.008+0000] {processor.py:925} INFO - DAG(s) 'example_xcom' retrieved from /home/airflow/.local/lib/python3.12/site-packages/airflow/example_dags/example_xcom.py
[2024-11-29T14:43:21.037+0000] {logging_mixin.py:190} INFO - [2024-11-29T14:43:21.037+0000] {dag.py:3239} INFO - Sync 1 DAGs
[2024-11-29T14:43:21.068+0000] {logging_mixin.py:190} INFO - [2024-11-29T14:43:21.068+0000] {dag.py:4180} INFO - Setting next_dagrun for example_xcom to 2021-01-01 00:00:00+00:00, run_after=2021-01-01 00:00:00+00:00
[2024-11-29T14:43:21.092+0000] {processor.py:208} INFO - Processing /home/airflow/.local/lib/python3.12/site-packages/airflow/example_dags/example_xcom.py took 0.110 seconds
[2024-11-29T14:43:51.581+0000] {processor.py:186} INFO - Started process (PID=3048) to work on /home/airflow/.local/lib/python3.12/site-packages/airflow/example_dags/example_xcom.py
[2024-11-29T14:43:51.583+0000] {processor.py:914} INFO - Processing file /home/airflow/.local/lib/python3.12/site-packages/airflow/example_dags/example_xcom.py for tasks to queue
[2024-11-29T14:43:51.586+0000] {logging_mixin.py:190} INFO - [2024-11-29T14:43:51.585+0000] {dagbag.py:588} INFO - Filling up the DagBag from /home/airflow/.local/lib/python3.12/site-packages/airflow/example_dags/example_xcom.py
[2024-11-29T14:43:51.600+0000] {processor.py:925} INFO - DAG(s) 'example_xcom' retrieved from /home/airflow/.local/lib/python3.12/site-packages/airflow/example_dags/example_xcom.py
[2024-11-29T14:43:51.634+0000] {logging_mixin.py:190} INFO - [2024-11-29T14:43:51.634+0000] {dag.py:3239} INFO - Sync 1 DAGs
[2024-11-29T14:43:51.668+0000] {logging_mixin.py:190} INFO - [2024-11-29T14:43:51.667+0000] {dag.py:4180} INFO - Setting next_dagrun for example_xcom to 2021-01-01 00:00:00+00:00, run_after=2021-01-01 00:00:00+00:00
[2024-11-29T14:43:51.697+0000] {processor.py:208} INFO - Processing /home/airflow/.local/lib/python3.12/site-packages/airflow/example_dags/example_xcom.py took 0.125 seconds
[2024-11-29T14:44:21.967+0000] {processor.py:186} INFO - Started process (PID=3110) to work on /home/airflow/.local/lib/python3.12/site-packages/airflow/example_dags/example_xcom.py
[2024-11-29T14:44:21.968+0000] {processor.py:914} INFO - Processing file /home/airflow/.local/lib/python3.12/site-packages/airflow/example_dags/example_xcom.py for tasks to queue
[2024-11-29T14:44:21.972+0000] {logging_mixin.py:190} INFO - [2024-11-29T14:44:21.971+0000] {dagbag.py:588} INFO - Filling up the DagBag from /home/airflow/.local/lib/python3.12/site-packages/airflow/example_dags/example_xcom.py
[2024-11-29T14:44:21.988+0000] {processor.py:925} INFO - DAG(s) 'example_xcom' retrieved from /home/airflow/.local/lib/python3.12/site-packages/airflow/example_dags/example_xcom.py
[2024-11-29T14:44:22.021+0000] {logging_mixin.py:190} INFO - [2024-11-29T14:44:22.020+0000] {dag.py:3239} INFO - Sync 1 DAGs
[2024-11-29T14:44:22.074+0000] {logging_mixin.py:190} INFO - [2024-11-29T14:44:22.073+0000] {dag.py:4180} INFO - Setting next_dagrun for example_xcom to 2021-01-01 00:00:00+00:00, run_after=2021-01-01 00:00:00+00:00
[2024-11-29T14:44:22.107+0000] {processor.py:208} INFO - Processing /home/airflow/.local/lib/python3.12/site-packages/airflow/example_dags/example_xcom.py took 0.148 seconds
[2024-11-29T14:44:52.750+0000] {processor.py:186} INFO - Started process (PID=3173) to work on /home/airflow/.local/lib/python3.12/site-packages/airflow/example_dags/example_xcom.py
[2024-11-29T14:44:52.752+0000] {processor.py:914} INFO - Processing file /home/airflow/.local/lib/python3.12/site-packages/airflow/example_dags/example_xcom.py for tasks to queue
[2024-11-29T14:44:52.756+0000] {logging_mixin.py:190} INFO - [2024-11-29T14:44:52.755+0000] {dagbag.py:588} INFO - Filling up the DagBag from /home/airflow/.local/lib/python3.12/site-packages/airflow/example_dags/example_xcom.py
[2024-11-29T14:44:52.770+0000] {processor.py:925} INFO - DAG(s) 'example_xcom' retrieved from /home/airflow/.local/lib/python3.12/site-packages/airflow/example_dags/example_xcom.py
[2024-11-29T14:44:52.805+0000] {logging_mixin.py:190} INFO - [2024-11-29T14:44:52.805+0000] {dag.py:3239} INFO - Sync 1 DAGs
[2024-11-29T14:44:52.845+0000] {logging_mixin.py:190} INFO - [2024-11-29T14:44:52.844+0000] {dag.py:4180} INFO - Setting next_dagrun for example_xcom to 2021-01-01 00:00:00+00:00, run_after=2021-01-01 00:00:00+00:00
[2024-11-29T14:44:52.877+0000] {processor.py:208} INFO - Processing /home/airflow/.local/lib/python3.12/site-packages/airflow/example_dags/example_xcom.py took 0.136 seconds
[2024-11-29T14:45:23.338+0000] {processor.py:186} INFO - Started process (PID=3236) to work on /home/airflow/.local/lib/python3.12/site-packages/airflow/example_dags/example_xcom.py
[2024-11-29T14:45:23.340+0000] {processor.py:914} INFO - Processing file /home/airflow/.local/lib/python3.12/site-packages/airflow/example_dags/example_xcom.py for tasks to queue
[2024-11-29T14:45:23.343+0000] {logging_mixin.py:190} INFO - [2024-11-29T14:45:23.343+0000] {dagbag.py:588} INFO - Filling up the DagBag from /home/airflow/.local/lib/python3.12/site-packages/airflow/example_dags/example_xcom.py
[2024-11-29T14:45:23.356+0000] {processor.py:925} INFO - DAG(s) 'example_xcom' retrieved from /home/airflow/.local/lib/python3.12/site-packages/airflow/example_dags/example_xcom.py
[2024-11-29T14:45:23.378+0000] {logging_mixin.py:190} INFO - [2024-11-29T14:45:23.378+0000] {dag.py:3239} INFO - Sync 1 DAGs
[2024-11-29T14:45:23.410+0000] {logging_mixin.py:190} INFO - [2024-11-29T14:45:23.410+0000] {dag.py:4180} INFO - Setting next_dagrun for example_xcom to 2021-01-01 00:00:00+00:00, run_after=2021-01-01 00:00:00+00:00
[2024-11-29T14:45:23.636+0000] {processor.py:208} INFO - Processing /home/airflow/.local/lib/python3.12/site-packages/airflow/example_dags/example_xcom.py took 0.306 seconds
[2024-11-29T14:45:53.839+0000] {processor.py:186} INFO - Started process (PID=3300) to work on /home/airflow/.local/lib/python3.12/site-packages/airflow/example_dags/example_xcom.py
[2024-11-29T14:45:53.841+0000] {processor.py:914} INFO - Processing file /home/airflow/.local/lib/python3.12/site-packages/airflow/example_dags/example_xcom.py for tasks to queue
[2024-11-29T14:45:53.843+0000] {logging_mixin.py:190} INFO - [2024-11-29T14:45:53.843+0000] {dagbag.py:588} INFO - Filling up the DagBag from /home/airflow/.local/lib/python3.12/site-packages/airflow/example_dags/example_xcom.py
[2024-11-29T14:45:53.856+0000] {processor.py:925} INFO - DAG(s) 'example_xcom' retrieved from /home/airflow/.local/lib/python3.12/site-packages/airflow/example_dags/example_xcom.py
[2024-11-29T14:45:53.878+0000] {logging_mixin.py:190} INFO - [2024-11-29T14:45:53.878+0000] {dag.py:3239} INFO - Sync 1 DAGs
[2024-11-29T14:45:53.908+0000] {logging_mixin.py:190} INFO - [2024-11-29T14:45:53.908+0000] {dag.py:4180} INFO - Setting next_dagrun for example_xcom to 2021-01-01 00:00:00+00:00, run_after=2021-01-01 00:00:00+00:00
[2024-11-29T14:45:53.966+0000] {processor.py:208} INFO - Processing /home/airflow/.local/lib/python3.12/site-packages/airflow/example_dags/example_xcom.py took 0.135 seconds
[2024-11-29T14:46:24.595+0000] {processor.py:186} INFO - Started process (PID=3362) to work on /home/airflow/.local/lib/python3.12/site-packages/airflow/example_dags/example_xcom.py
[2024-11-29T14:46:24.597+0000] {processor.py:914} INFO - Processing file /home/airflow/.local/lib/python3.12/site-packages/airflow/example_dags/example_xcom.py for tasks to queue
[2024-11-29T14:46:24.603+0000] {logging_mixin.py:190} INFO - [2024-11-29T14:46:24.602+0000] {dagbag.py:588} INFO - Filling up the DagBag from /home/airflow/.local/lib/python3.12/site-packages/airflow/example_dags/example_xcom.py
[2024-11-29T14:46:24.630+0000] {processor.py:925} INFO - DAG(s) 'example_xcom' retrieved from /home/airflow/.local/lib/python3.12/site-packages/airflow/example_dags/example_xcom.py
[2024-11-29T14:46:24.680+0000] {logging_mixin.py:190} INFO - [2024-11-29T14:46:24.679+0000] {dag.py:3239} INFO - Sync 1 DAGs
[2024-11-29T14:46:24.735+0000] {logging_mixin.py:190} INFO - [2024-11-29T14:46:24.734+0000] {dag.py:4180} INFO - Setting next_dagrun for example_xcom to 2021-01-01 00:00:00+00:00, run_after=2021-01-01 00:00:00+00:00
[2024-11-29T14:46:24.794+0000] {processor.py:208} INFO - Processing /home/airflow/.local/lib/python3.12/site-packages/airflow/example_dags/example_xcom.py took 0.216 seconds
[2024-11-29T14:46:54.914+0000] {processor.py:186} INFO - Started process (PID=3426) to work on /home/airflow/.local/lib/python3.12/site-packages/airflow/example_dags/example_xcom.py
[2024-11-29T14:46:54.916+0000] {processor.py:914} INFO - Processing file /home/airflow/.local/lib/python3.12/site-packages/airflow/example_dags/example_xcom.py for tasks to queue
[2024-11-29T14:46:54.922+0000] {logging_mixin.py:190} INFO - [2024-11-29T14:46:54.921+0000] {dagbag.py:588} INFO - Filling up the DagBag from /home/airflow/.local/lib/python3.12/site-packages/airflow/example_dags/example_xcom.py
[2024-11-29T14:46:54.938+0000] {processor.py:925} INFO - DAG(s) 'example_xcom' retrieved from /home/airflow/.local/lib/python3.12/site-packages/airflow/example_dags/example_xcom.py
[2024-11-29T14:46:54.972+0000] {logging_mixin.py:190} INFO - [2024-11-29T14:46:54.972+0000] {dag.py:3239} INFO - Sync 1 DAGs
[2024-11-29T14:46:55.017+0000] {logging_mixin.py:190} INFO - [2024-11-29T14:46:55.017+0000] {dag.py:4180} INFO - Setting next_dagrun for example_xcom to 2021-01-01 00:00:00+00:00, run_after=2021-01-01 00:00:00+00:00
[2024-11-29T14:46:55.049+0000] {processor.py:208} INFO - Processing /home/airflow/.local/lib/python3.12/site-packages/airflow/example_dags/example_xcom.py took 0.145 seconds
[2024-11-29T14:47:25.304+0000] {processor.py:186} INFO - Started process (PID=3489) to work on /home/airflow/.local/lib/python3.12/site-packages/airflow/example_dags/example_xcom.py
[2024-11-29T14:47:25.306+0000] {processor.py:914} INFO - Processing file /home/airflow/.local/lib/python3.12/site-packages/airflow/example_dags/example_xcom.py for tasks to queue
[2024-11-29T14:47:25.310+0000] {logging_mixin.py:190} INFO - [2024-11-29T14:47:25.310+0000] {dagbag.py:588} INFO - Filling up the DagBag from /home/airflow/.local/lib/python3.12/site-packages/airflow/example_dags/example_xcom.py
[2024-11-29T14:47:25.326+0000] {processor.py:925} INFO - DAG(s) 'example_xcom' retrieved from /home/airflow/.local/lib/python3.12/site-packages/airflow/example_dags/example_xcom.py
[2024-11-29T14:47:25.358+0000] {logging_mixin.py:190} INFO - [2024-11-29T14:47:25.358+0000] {dag.py:3239} INFO - Sync 1 DAGs
[2024-11-29T14:47:25.567+0000] {logging_mixin.py:190} INFO - [2024-11-29T14:47:25.567+0000] {dag.py:4180} INFO - Setting next_dagrun for example_xcom to 2021-01-01 00:00:00+00:00, run_after=2021-01-01 00:00:00+00:00
[2024-11-29T14:47:25.597+0000] {processor.py:208} INFO - Processing /home/airflow/.local/lib/python3.12/site-packages/airflow/example_dags/example_xcom.py took 0.303 seconds
[2024-11-29T14:47:55.962+0000] {processor.py:186} INFO - Started process (PID=3552) to work on /home/airflow/.local/lib/python3.12/site-packages/airflow/example_dags/example_xcom.py
[2024-11-29T14:47:55.963+0000] {processor.py:914} INFO - Processing file /home/airflow/.local/lib/python3.12/site-packages/airflow/example_dags/example_xcom.py for tasks to queue
[2024-11-29T14:47:55.966+0000] {logging_mixin.py:190} INFO - [2024-11-29T14:47:55.966+0000] {dagbag.py:588} INFO - Filling up the DagBag from /home/airflow/.local/lib/python3.12/site-packages/airflow/example_dags/example_xcom.py
[2024-11-29T14:47:55.979+0000] {processor.py:925} INFO - DAG(s) 'example_xcom' retrieved from /home/airflow/.local/lib/python3.12/site-packages/airflow/example_dags/example_xcom.py
[2024-11-29T14:47:56.002+0000] {logging_mixin.py:190} INFO - [2024-11-29T14:47:56.002+0000] {dag.py:3239} INFO - Sync 1 DAGs
[2024-11-29T14:47:56.029+0000] {logging_mixin.py:190} INFO - [2024-11-29T14:47:56.028+0000] {dag.py:4180} INFO - Setting next_dagrun for example_xcom to 2021-01-01 00:00:00+00:00, run_after=2021-01-01 00:00:00+00:00
[2024-11-29T14:47:56.052+0000] {processor.py:208} INFO - Processing /home/airflow/.local/lib/python3.12/site-packages/airflow/example_dags/example_xcom.py took 0.098 seconds
[2024-11-29T14:48:26.260+0000] {processor.py:186} INFO - Started process (PID=3612) to work on /home/airflow/.local/lib/python3.12/site-packages/airflow/example_dags/example_xcom.py
[2024-11-29T14:48:26.261+0000] {processor.py:914} INFO - Processing file /home/airflow/.local/lib/python3.12/site-packages/airflow/example_dags/example_xcom.py for tasks to queue
[2024-11-29T14:48:26.264+0000] {logging_mixin.py:190} INFO - [2024-11-29T14:48:26.264+0000] {dagbag.py:588} INFO - Filling up the DagBag from /home/airflow/.local/lib/python3.12/site-packages/airflow/example_dags/example_xcom.py
[2024-11-29T14:48:26.275+0000] {processor.py:925} INFO - DAG(s) 'example_xcom' retrieved from /home/airflow/.local/lib/python3.12/site-packages/airflow/example_dags/example_xcom.py
[2024-11-29T14:48:26.299+0000] {logging_mixin.py:190} INFO - [2024-11-29T14:48:26.299+0000] {dag.py:3239} INFO - Sync 1 DAGs
[2024-11-29T14:48:26.325+0000] {logging_mixin.py:190} INFO - [2024-11-29T14:48:26.325+0000] {dag.py:4180} INFO - Setting next_dagrun for example_xcom to 2021-01-01 00:00:00+00:00, run_after=2021-01-01 00:00:00+00:00
[2024-11-29T14:48:26.359+0000] {processor.py:208} INFO - Processing /home/airflow/.local/lib/python3.12/site-packages/airflow/example_dags/example_xcom.py took 0.105 seconds
[2024-11-29T14:48:56.770+0000] {processor.py:186} INFO - Started process (PID=3676) to work on /home/airflow/.local/lib/python3.12/site-packages/airflow/example_dags/example_xcom.py
[2024-11-29T14:48:56.771+0000] {processor.py:914} INFO - Processing file /home/airflow/.local/lib/python3.12/site-packages/airflow/example_dags/example_xcom.py for tasks to queue
[2024-11-29T14:48:56.775+0000] {logging_mixin.py:190} INFO - [2024-11-29T14:48:56.774+0000] {dagbag.py:588} INFO - Filling up the DagBag from /home/airflow/.local/lib/python3.12/site-packages/airflow/example_dags/example_xcom.py
[2024-11-29T14:48:56.786+0000] {processor.py:925} INFO - DAG(s) 'example_xcom' retrieved from /home/airflow/.local/lib/python3.12/site-packages/airflow/example_dags/example_xcom.py
[2024-11-29T14:48:56.809+0000] {logging_mixin.py:190} INFO - [2024-11-29T14:48:56.809+0000] {dag.py:3239} INFO - Sync 1 DAGs
[2024-11-29T14:48:56.839+0000] {logging_mixin.py:190} INFO - [2024-11-29T14:48:56.838+0000] {dag.py:4180} INFO - Setting next_dagrun for example_xcom to 2021-01-01 00:00:00+00:00, run_after=2021-01-01 00:00:00+00:00
[2024-11-29T14:48:56.867+0000] {processor.py:208} INFO - Processing /home/airflow/.local/lib/python3.12/site-packages/airflow/example_dags/example_xcom.py took 0.104 seconds
[2024-11-29T14:49:27.186+0000] {processor.py:186} INFO - Started process (PID=3739) to work on /home/airflow/.local/lib/python3.12/site-packages/airflow/example_dags/example_xcom.py
[2024-11-29T14:49:27.189+0000] {processor.py:914} INFO - Processing file /home/airflow/.local/lib/python3.12/site-packages/airflow/example_dags/example_xcom.py for tasks to queue
[2024-11-29T14:49:27.192+0000] {logging_mixin.py:190} INFO - [2024-11-29T14:49:27.192+0000] {dagbag.py:588} INFO - Filling up the DagBag from /home/airflow/.local/lib/python3.12/site-packages/airflow/example_dags/example_xcom.py
[2024-11-29T14:49:27.203+0000] {processor.py:925} INFO - DAG(s) 'example_xcom' retrieved from /home/airflow/.local/lib/python3.12/site-packages/airflow/example_dags/example_xcom.py
[2024-11-29T14:49:27.230+0000] {logging_mixin.py:190} INFO - [2024-11-29T14:49:27.229+0000] {dag.py:3239} INFO - Sync 1 DAGs
[2024-11-29T14:49:27.260+0000] {logging_mixin.py:190} INFO - [2024-11-29T14:49:27.260+0000] {dag.py:4180} INFO - Setting next_dagrun for example_xcom to 2021-01-01 00:00:00+00:00, run_after=2021-01-01 00:00:00+00:00
[2024-11-29T14:49:27.285+0000] {processor.py:208} INFO - Processing /home/airflow/.local/lib/python3.12/site-packages/airflow/example_dags/example_xcom.py took 0.105 seconds
