[2024-11-29T14:05:12.689+0000] {processor.py:186} INFO - Started process (PID=100) to work on /home/airflow/.local/lib/python3.12/site-packages/airflow/example_dags/example_skip_dag.py
[2024-11-29T14:05:12.691+0000] {processor.py:914} INFO - Processing file /home/airflow/.local/lib/python3.12/site-packages/airflow/example_dags/example_skip_dag.py for tasks to queue
[2024-11-29T14:05:12.696+0000] {logging_mixin.py:190} INFO - [2024-11-29T14:05:12.695+0000] {dagbag.py:588} INFO - Filling up the DagBag from /home/airflow/.local/lib/python3.12/site-packages/airflow/example_dags/example_skip_dag.py
[2024-11-29T14:05:12.708+0000] {processor.py:925} INFO - DAG(s) 'example_skip_dag' retrieved from /home/airflow/.local/lib/python3.12/site-packages/airflow/example_dags/example_skip_dag.py
[2024-11-29T14:05:12.741+0000] {logging_mixin.py:190} INFO - [2024-11-29T14:05:12.741+0000] {dag.py:3239} INFO - Sync 1 DAGs
[2024-11-29T14:05:12.777+0000] {logging_mixin.py:190} INFO - [2024-11-29T14:05:12.777+0000] {dag.py:4180} INFO - Setting next_dagrun for example_skip_dag to 2024-11-28 00:00:00+00:00, run_after=2024-11-29 00:00:00+00:00
[2024-11-29T14:05:12.806+0000] {processor.py:208} INFO - Processing /home/airflow/.local/lib/python3.12/site-packages/airflow/example_dags/example_skip_dag.py took 0.124 seconds
[2024-11-29T14:05:42.943+0000] {processor.py:186} INFO - Started process (PID=162) to work on /home/airflow/.local/lib/python3.12/site-packages/airflow/example_dags/example_skip_dag.py
[2024-11-29T14:05:42.944+0000] {processor.py:914} INFO - Processing file /home/airflow/.local/lib/python3.12/site-packages/airflow/example_dags/example_skip_dag.py for tasks to queue
[2024-11-29T14:05:42.946+0000] {logging_mixin.py:190} INFO - [2024-11-29T14:05:42.946+0000] {dagbag.py:588} INFO - Filling up the DagBag from /home/airflow/.local/lib/python3.12/site-packages/airflow/example_dags/example_skip_dag.py
[2024-11-29T14:05:42.957+0000] {processor.py:925} INFO - DAG(s) 'example_skip_dag' retrieved from /home/airflow/.local/lib/python3.12/site-packages/airflow/example_dags/example_skip_dag.py
[2024-11-29T14:05:42.982+0000] {logging_mixin.py:190} INFO - [2024-11-29T14:05:42.981+0000] {dag.py:3239} INFO - Sync 1 DAGs
[2024-11-29T14:05:43.015+0000] {logging_mixin.py:190} INFO - [2024-11-29T14:05:43.015+0000] {dag.py:4180} INFO - Setting next_dagrun for example_skip_dag to 2024-11-28 00:00:00+00:00, run_after=2024-11-29 00:00:00+00:00
[2024-11-29T14:05:43.037+0000] {processor.py:208} INFO - Processing /home/airflow/.local/lib/python3.12/site-packages/airflow/example_dags/example_skip_dag.py took 0.101 seconds
[2024-11-29T14:06:14.072+0000] {processor.py:186} INFO - Started process (PID=225) to work on /home/airflow/.local/lib/python3.12/site-packages/airflow/example_dags/example_skip_dag.py
[2024-11-29T14:06:14.074+0000] {processor.py:914} INFO - Processing file /home/airflow/.local/lib/python3.12/site-packages/airflow/example_dags/example_skip_dag.py for tasks to queue
[2024-11-29T14:06:14.077+0000] {logging_mixin.py:190} INFO - [2024-11-29T14:06:14.076+0000] {dagbag.py:588} INFO - Filling up the DagBag from /home/airflow/.local/lib/python3.12/site-packages/airflow/example_dags/example_skip_dag.py
[2024-11-29T14:06:14.086+0000] {processor.py:925} INFO - DAG(s) 'example_skip_dag' retrieved from /home/airflow/.local/lib/python3.12/site-packages/airflow/example_dags/example_skip_dag.py
[2024-11-29T14:06:14.112+0000] {logging_mixin.py:190} INFO - [2024-11-29T14:06:14.111+0000] {dag.py:3239} INFO - Sync 1 DAGs
[2024-11-29T14:06:14.144+0000] {logging_mixin.py:190} INFO - [2024-11-29T14:06:14.144+0000] {dag.py:4180} INFO - Setting next_dagrun for example_skip_dag to 2024-11-28 00:00:00+00:00, run_after=2024-11-29 00:00:00+00:00
[2024-11-29T14:06:14.171+0000] {processor.py:208} INFO - Processing /home/airflow/.local/lib/python3.12/site-packages/airflow/example_dags/example_skip_dag.py took 0.105 seconds
[2024-11-29T14:06:45.048+0000] {processor.py:186} INFO - Started process (PID=288) to work on /home/airflow/.local/lib/python3.12/site-packages/airflow/example_dags/example_skip_dag.py
[2024-11-29T14:06:45.050+0000] {processor.py:914} INFO - Processing file /home/airflow/.local/lib/python3.12/site-packages/airflow/example_dags/example_skip_dag.py for tasks to queue
[2024-11-29T14:06:45.053+0000] {logging_mixin.py:190} INFO - [2024-11-29T14:06:45.053+0000] {dagbag.py:588} INFO - Filling up the DagBag from /home/airflow/.local/lib/python3.12/site-packages/airflow/example_dags/example_skip_dag.py
[2024-11-29T14:06:45.071+0000] {processor.py:925} INFO - DAG(s) 'example_skip_dag' retrieved from /home/airflow/.local/lib/python3.12/site-packages/airflow/example_dags/example_skip_dag.py
[2024-11-29T14:06:45.119+0000] {logging_mixin.py:190} INFO - [2024-11-29T14:06:45.119+0000] {dag.py:3239} INFO - Sync 1 DAGs
[2024-11-29T14:06:45.148+0000] {logging_mixin.py:190} INFO - [2024-11-29T14:06:45.147+0000] {dag.py:4180} INFO - Setting next_dagrun for example_skip_dag to 2024-11-28 00:00:00+00:00, run_after=2024-11-29 00:00:00+00:00
[2024-11-29T14:06:45.184+0000] {processor.py:208} INFO - Processing /home/airflow/.local/lib/python3.12/site-packages/airflow/example_dags/example_skip_dag.py took 0.146 seconds
[2024-11-29T14:07:15.263+0000] {processor.py:186} INFO - Started process (PID=350) to work on /home/airflow/.local/lib/python3.12/site-packages/airflow/example_dags/example_skip_dag.py
[2024-11-29T14:07:15.264+0000] {processor.py:914} INFO - Processing file /home/airflow/.local/lib/python3.12/site-packages/airflow/example_dags/example_skip_dag.py for tasks to queue
[2024-11-29T14:07:15.267+0000] {logging_mixin.py:190} INFO - [2024-11-29T14:07:15.266+0000] {dagbag.py:588} INFO - Filling up the DagBag from /home/airflow/.local/lib/python3.12/site-packages/airflow/example_dags/example_skip_dag.py
[2024-11-29T14:07:15.279+0000] {processor.py:925} INFO - DAG(s) 'example_skip_dag' retrieved from /home/airflow/.local/lib/python3.12/site-packages/airflow/example_dags/example_skip_dag.py
[2024-11-29T14:07:15.303+0000] {logging_mixin.py:190} INFO - [2024-11-29T14:07:15.302+0000] {dag.py:3239} INFO - Sync 1 DAGs
[2024-11-29T14:07:15.332+0000] {logging_mixin.py:190} INFO - [2024-11-29T14:07:15.332+0000] {dag.py:4180} INFO - Setting next_dagrun for example_skip_dag to 2024-11-28 00:00:00+00:00, run_after=2024-11-29 00:00:00+00:00
[2024-11-29T14:07:15.353+0000] {processor.py:208} INFO - Processing /home/airflow/.local/lib/python3.12/site-packages/airflow/example_dags/example_skip_dag.py took 0.098 seconds
[2024-11-29T14:07:45.765+0000] {processor.py:186} INFO - Started process (PID=412) to work on /home/airflow/.local/lib/python3.12/site-packages/airflow/example_dags/example_skip_dag.py
[2024-11-29T14:07:45.766+0000] {processor.py:914} INFO - Processing file /home/airflow/.local/lib/python3.12/site-packages/airflow/example_dags/example_skip_dag.py for tasks to queue
[2024-11-29T14:07:45.771+0000] {logging_mixin.py:190} INFO - [2024-11-29T14:07:45.770+0000] {dagbag.py:588} INFO - Filling up the DagBag from /home/airflow/.local/lib/python3.12/site-packages/airflow/example_dags/example_skip_dag.py
[2024-11-29T14:07:45.780+0000] {processor.py:925} INFO - DAG(s) 'example_skip_dag' retrieved from /home/airflow/.local/lib/python3.12/site-packages/airflow/example_dags/example_skip_dag.py
[2024-11-29T14:07:45.805+0000] {logging_mixin.py:190} INFO - [2024-11-29T14:07:45.805+0000] {dag.py:3239} INFO - Sync 1 DAGs
[2024-11-29T14:07:45.841+0000] {logging_mixin.py:190} INFO - [2024-11-29T14:07:45.840+0000] {dag.py:4180} INFO - Setting next_dagrun for example_skip_dag to 2024-11-28 00:00:00+00:00, run_after=2024-11-29 00:00:00+00:00
[2024-11-29T14:07:45.869+0000] {processor.py:208} INFO - Processing /home/airflow/.local/lib/python3.12/site-packages/airflow/example_dags/example_skip_dag.py took 0.113 seconds
[2024-11-29T14:08:16.503+0000] {processor.py:186} INFO - Started process (PID=475) to work on /home/airflow/.local/lib/python3.12/site-packages/airflow/example_dags/example_skip_dag.py
[2024-11-29T14:08:16.504+0000] {processor.py:914} INFO - Processing file /home/airflow/.local/lib/python3.12/site-packages/airflow/example_dags/example_skip_dag.py for tasks to queue
[2024-11-29T14:08:16.507+0000] {logging_mixin.py:190} INFO - [2024-11-29T14:08:16.507+0000] {dagbag.py:588} INFO - Filling up the DagBag from /home/airflow/.local/lib/python3.12/site-packages/airflow/example_dags/example_skip_dag.py
[2024-11-29T14:08:16.516+0000] {processor.py:925} INFO - DAG(s) 'example_skip_dag' retrieved from /home/airflow/.local/lib/python3.12/site-packages/airflow/example_dags/example_skip_dag.py
[2024-11-29T14:08:16.542+0000] {logging_mixin.py:190} INFO - [2024-11-29T14:08:16.542+0000] {dag.py:3239} INFO - Sync 1 DAGs
[2024-11-29T14:08:16.581+0000] {logging_mixin.py:190} INFO - [2024-11-29T14:08:16.581+0000] {dag.py:4180} INFO - Setting next_dagrun for example_skip_dag to 2024-11-28 00:00:00+00:00, run_after=2024-11-29 00:00:00+00:00
[2024-11-29T14:08:16.619+0000] {processor.py:208} INFO - Processing /home/airflow/.local/lib/python3.12/site-packages/airflow/example_dags/example_skip_dag.py took 0.123 seconds
[2024-11-29T14:08:47.177+0000] {processor.py:186} INFO - Started process (PID=538) to work on /home/airflow/.local/lib/python3.12/site-packages/airflow/example_dags/example_skip_dag.py
[2024-11-29T14:08:47.178+0000] {processor.py:914} INFO - Processing file /home/airflow/.local/lib/python3.12/site-packages/airflow/example_dags/example_skip_dag.py for tasks to queue
[2024-11-29T14:08:47.183+0000] {logging_mixin.py:190} INFO - [2024-11-29T14:08:47.182+0000] {dagbag.py:588} INFO - Filling up the DagBag from /home/airflow/.local/lib/python3.12/site-packages/airflow/example_dags/example_skip_dag.py
[2024-11-29T14:08:47.194+0000] {processor.py:925} INFO - DAG(s) 'example_skip_dag' retrieved from /home/airflow/.local/lib/python3.12/site-packages/airflow/example_dags/example_skip_dag.py
[2024-11-29T14:08:47.224+0000] {logging_mixin.py:190} INFO - [2024-11-29T14:08:47.224+0000] {dag.py:3239} INFO - Sync 1 DAGs
[2024-11-29T14:08:47.263+0000] {logging_mixin.py:190} INFO - [2024-11-29T14:08:47.263+0000] {dag.py:4180} INFO - Setting next_dagrun for example_skip_dag to 2024-11-28 00:00:00+00:00, run_after=2024-11-29 00:00:00+00:00
[2024-11-29T14:08:47.298+0000] {processor.py:208} INFO - Processing /home/airflow/.local/lib/python3.12/site-packages/airflow/example_dags/example_skip_dag.py took 0.129 seconds
[2024-11-29T14:09:17.611+0000] {processor.py:186} INFO - Started process (PID=600) to work on /home/airflow/.local/lib/python3.12/site-packages/airflow/example_dags/example_skip_dag.py
[2024-11-29T14:09:17.612+0000] {processor.py:914} INFO - Processing file /home/airflow/.local/lib/python3.12/site-packages/airflow/example_dags/example_skip_dag.py for tasks to queue
[2024-11-29T14:09:17.615+0000] {logging_mixin.py:190} INFO - [2024-11-29T14:09:17.615+0000] {dagbag.py:588} INFO - Filling up the DagBag from /home/airflow/.local/lib/python3.12/site-packages/airflow/example_dags/example_skip_dag.py
[2024-11-29T14:09:17.629+0000] {processor.py:925} INFO - DAG(s) 'example_skip_dag' retrieved from /home/airflow/.local/lib/python3.12/site-packages/airflow/example_dags/example_skip_dag.py
[2024-11-29T14:09:17.657+0000] {logging_mixin.py:190} INFO - [2024-11-29T14:09:17.657+0000] {dag.py:3239} INFO - Sync 1 DAGs
[2024-11-29T14:09:17.696+0000] {logging_mixin.py:190} INFO - [2024-11-29T14:09:17.695+0000] {dag.py:4180} INFO - Setting next_dagrun for example_skip_dag to 2024-11-28 00:00:00+00:00, run_after=2024-11-29 00:00:00+00:00
[2024-11-29T14:09:17.716+0000] {processor.py:208} INFO - Processing /home/airflow/.local/lib/python3.12/site-packages/airflow/example_dags/example_skip_dag.py took 0.116 seconds
[2024-11-29T14:09:48.705+0000] {processor.py:186} INFO - Started process (PID=663) to work on /home/airflow/.local/lib/python3.12/site-packages/airflow/example_dags/example_skip_dag.py
[2024-11-29T14:09:48.708+0000] {processor.py:914} INFO - Processing file /home/airflow/.local/lib/python3.12/site-packages/airflow/example_dags/example_skip_dag.py for tasks to queue
[2024-11-29T14:09:48.715+0000] {logging_mixin.py:190} INFO - [2024-11-29T14:09:48.714+0000] {dagbag.py:588} INFO - Filling up the DagBag from /home/airflow/.local/lib/python3.12/site-packages/airflow/example_dags/example_skip_dag.py
[2024-11-29T14:09:48.739+0000] {processor.py:925} INFO - DAG(s) 'example_skip_dag' retrieved from /home/airflow/.local/lib/python3.12/site-packages/airflow/example_dags/example_skip_dag.py
[2024-11-29T14:09:48.819+0000] {logging_mixin.py:190} INFO - [2024-11-29T14:09:48.819+0000] {dag.py:3239} INFO - Sync 1 DAGs
[2024-11-29T14:09:48.884+0000] {logging_mixin.py:190} INFO - [2024-11-29T14:09:48.882+0000] {dag.py:4180} INFO - Setting next_dagrun for example_skip_dag to 2024-11-28 00:00:00+00:00, run_after=2024-11-29 00:00:00+00:00
[2024-11-29T14:09:48.926+0000] {processor.py:208} INFO - Processing /home/airflow/.local/lib/python3.12/site-packages/airflow/example_dags/example_skip_dag.py took 0.239 seconds
[2024-11-29T14:10:19.227+0000] {processor.py:186} INFO - Started process (PID=726) to work on /home/airflow/.local/lib/python3.12/site-packages/airflow/example_dags/example_skip_dag.py
[2024-11-29T14:10:19.229+0000] {processor.py:914} INFO - Processing file /home/airflow/.local/lib/python3.12/site-packages/airflow/example_dags/example_skip_dag.py for tasks to queue
[2024-11-29T14:10:19.236+0000] {logging_mixin.py:190} INFO - [2024-11-29T14:10:19.235+0000] {dagbag.py:588} INFO - Filling up the DagBag from /home/airflow/.local/lib/python3.12/site-packages/airflow/example_dags/example_skip_dag.py
[2024-11-29T14:10:19.259+0000] {processor.py:925} INFO - DAG(s) 'example_skip_dag' retrieved from /home/airflow/.local/lib/python3.12/site-packages/airflow/example_dags/example_skip_dag.py
[2024-11-29T14:10:19.297+0000] {logging_mixin.py:190} INFO - [2024-11-29T14:10:19.296+0000] {dag.py:3239} INFO - Sync 1 DAGs
[2024-11-29T14:10:19.330+0000] {logging_mixin.py:190} INFO - [2024-11-29T14:10:19.330+0000] {dag.py:4180} INFO - Setting next_dagrun for example_skip_dag to 2024-11-28 00:00:00+00:00, run_after=2024-11-29 00:00:00+00:00
[2024-11-29T14:10:19.359+0000] {processor.py:208} INFO - Processing /home/airflow/.local/lib/python3.12/site-packages/airflow/example_dags/example_skip_dag.py took 0.150 seconds
[2024-11-29T14:10:49.981+0000] {processor.py:186} INFO - Started process (PID=789) to work on /home/airflow/.local/lib/python3.12/site-packages/airflow/example_dags/example_skip_dag.py
[2024-11-29T14:10:49.984+0000] {processor.py:914} INFO - Processing file /home/airflow/.local/lib/python3.12/site-packages/airflow/example_dags/example_skip_dag.py for tasks to queue
[2024-11-29T14:10:49.990+0000] {logging_mixin.py:190} INFO - [2024-11-29T14:10:49.989+0000] {dagbag.py:588} INFO - Filling up the DagBag from /home/airflow/.local/lib/python3.12/site-packages/airflow/example_dags/example_skip_dag.py
[2024-11-29T14:10:50.011+0000] {processor.py:925} INFO - DAG(s) 'example_skip_dag' retrieved from /home/airflow/.local/lib/python3.12/site-packages/airflow/example_dags/example_skip_dag.py
[2024-11-29T14:10:50.075+0000] {logging_mixin.py:190} INFO - [2024-11-29T14:10:50.074+0000] {dag.py:3239} INFO - Sync 1 DAGs
[2024-11-29T14:10:50.149+0000] {logging_mixin.py:190} INFO - [2024-11-29T14:10:50.148+0000] {dag.py:4180} INFO - Setting next_dagrun for example_skip_dag to 2024-11-28 00:00:00+00:00, run_after=2024-11-29 00:00:00+00:00
[2024-11-29T14:10:50.214+0000] {processor.py:208} INFO - Processing /home/airflow/.local/lib/python3.12/site-packages/airflow/example_dags/example_skip_dag.py took 0.248 seconds
[2024-11-29T14:11:20.355+0000] {processor.py:186} INFO - Started process (PID=852) to work on /home/airflow/.local/lib/python3.12/site-packages/airflow/example_dags/example_skip_dag.py
[2024-11-29T14:11:20.358+0000] {processor.py:914} INFO - Processing file /home/airflow/.local/lib/python3.12/site-packages/airflow/example_dags/example_skip_dag.py for tasks to queue
[2024-11-29T14:11:20.364+0000] {logging_mixin.py:190} INFO - [2024-11-29T14:11:20.363+0000] {dagbag.py:588} INFO - Filling up the DagBag from /home/airflow/.local/lib/python3.12/site-packages/airflow/example_dags/example_skip_dag.py
[2024-11-29T14:11:20.386+0000] {processor.py:925} INFO - DAG(s) 'example_skip_dag' retrieved from /home/airflow/.local/lib/python3.12/site-packages/airflow/example_dags/example_skip_dag.py
[2024-11-29T14:11:20.444+0000] {logging_mixin.py:190} INFO - [2024-11-29T14:11:20.443+0000] {dag.py:3239} INFO - Sync 1 DAGs
[2024-11-29T14:11:20.501+0000] {logging_mixin.py:190} INFO - [2024-11-29T14:11:20.501+0000] {dag.py:4180} INFO - Setting next_dagrun for example_skip_dag to 2024-11-28 00:00:00+00:00, run_after=2024-11-29 00:00:00+00:00
[2024-11-29T14:11:20.548+0000] {processor.py:208} INFO - Processing /home/airflow/.local/lib/python3.12/site-packages/airflow/example_dags/example_skip_dag.py took 0.210 seconds
[2024-11-29T14:11:50.704+0000] {processor.py:186} INFO - Started process (PID=915) to work on /home/airflow/.local/lib/python3.12/site-packages/airflow/example_dags/example_skip_dag.py
[2024-11-29T14:11:50.706+0000] {processor.py:914} INFO - Processing file /home/airflow/.local/lib/python3.12/site-packages/airflow/example_dags/example_skip_dag.py for tasks to queue
[2024-11-29T14:11:50.709+0000] {logging_mixin.py:190} INFO - [2024-11-29T14:11:50.708+0000] {dagbag.py:588} INFO - Filling up the DagBag from /home/airflow/.local/lib/python3.12/site-packages/airflow/example_dags/example_skip_dag.py
[2024-11-29T14:11:50.718+0000] {processor.py:925} INFO - DAG(s) 'example_skip_dag' retrieved from /home/airflow/.local/lib/python3.12/site-packages/airflow/example_dags/example_skip_dag.py
[2024-11-29T14:11:50.741+0000] {logging_mixin.py:190} INFO - [2024-11-29T14:11:50.741+0000] {dag.py:3239} INFO - Sync 1 DAGs
[2024-11-29T14:11:50.770+0000] {logging_mixin.py:190} INFO - [2024-11-29T14:11:50.769+0000] {dag.py:4180} INFO - Setting next_dagrun for example_skip_dag to 2024-11-28 00:00:00+00:00, run_after=2024-11-29 00:00:00+00:00
[2024-11-29T14:11:50.797+0000] {processor.py:208} INFO - Processing /home/airflow/.local/lib/python3.12/site-packages/airflow/example_dags/example_skip_dag.py took 0.099 seconds
[2024-11-29T14:12:21.367+0000] {processor.py:186} INFO - Started process (PID=984) to work on /home/airflow/.local/lib/python3.12/site-packages/airflow/example_dags/example_skip_dag.py
[2024-11-29T14:12:21.368+0000] {processor.py:914} INFO - Processing file /home/airflow/.local/lib/python3.12/site-packages/airflow/example_dags/example_skip_dag.py for tasks to queue
[2024-11-29T14:12:21.371+0000] {logging_mixin.py:190} INFO - [2024-11-29T14:12:21.370+0000] {dagbag.py:588} INFO - Filling up the DagBag from /home/airflow/.local/lib/python3.12/site-packages/airflow/example_dags/example_skip_dag.py
[2024-11-29T14:12:21.380+0000] {processor.py:925} INFO - DAG(s) 'example_skip_dag' retrieved from /home/airflow/.local/lib/python3.12/site-packages/airflow/example_dags/example_skip_dag.py
[2024-11-29T14:12:21.404+0000] {logging_mixin.py:190} INFO - [2024-11-29T14:12:21.404+0000] {dag.py:3239} INFO - Sync 1 DAGs
[2024-11-29T14:12:21.435+0000] {logging_mixin.py:190} INFO - [2024-11-29T14:12:21.435+0000] {dag.py:4180} INFO - Setting next_dagrun for example_skip_dag to 2024-11-28 00:00:00+00:00, run_after=2024-11-29 00:00:00+00:00
[2024-11-29T14:12:21.520+0000] {processor.py:208} INFO - Processing /home/airflow/.local/lib/python3.12/site-packages/airflow/example_dags/example_skip_dag.py took 0.160 seconds
[2024-11-29T14:12:52.374+0000] {processor.py:186} INFO - Started process (PID=1047) to work on /home/airflow/.local/lib/python3.12/site-packages/airflow/example_dags/example_skip_dag.py
[2024-11-29T14:12:52.377+0000] {processor.py:914} INFO - Processing file /home/airflow/.local/lib/python3.12/site-packages/airflow/example_dags/example_skip_dag.py for tasks to queue
[2024-11-29T14:12:52.384+0000] {logging_mixin.py:190} INFO - [2024-11-29T14:12:52.383+0000] {dagbag.py:588} INFO - Filling up the DagBag from /home/airflow/.local/lib/python3.12/site-packages/airflow/example_dags/example_skip_dag.py
[2024-11-29T14:12:52.408+0000] {processor.py:925} INFO - DAG(s) 'example_skip_dag' retrieved from /home/airflow/.local/lib/python3.12/site-packages/airflow/example_dags/example_skip_dag.py
[2024-11-29T14:12:52.472+0000] {logging_mixin.py:190} INFO - [2024-11-29T14:12:52.472+0000] {dag.py:3239} INFO - Sync 1 DAGs
[2024-11-29T14:12:52.539+0000] {logging_mixin.py:190} INFO - [2024-11-29T14:12:52.539+0000] {dag.py:4180} INFO - Setting next_dagrun for example_skip_dag to 2024-11-28 00:00:00+00:00, run_after=2024-11-29 00:00:00+00:00
[2024-11-29T14:12:52.590+0000] {processor.py:208} INFO - Processing /home/airflow/.local/lib/python3.12/site-packages/airflow/example_dags/example_skip_dag.py took 0.231 seconds
[2024-11-29T14:13:23.459+0000] {processor.py:186} INFO - Started process (PID=1110) to work on /home/airflow/.local/lib/python3.12/site-packages/airflow/example_dags/example_skip_dag.py
[2024-11-29T14:13:23.460+0000] {processor.py:914} INFO - Processing file /home/airflow/.local/lib/python3.12/site-packages/airflow/example_dags/example_skip_dag.py for tasks to queue
[2024-11-29T14:13:23.463+0000] {logging_mixin.py:190} INFO - [2024-11-29T14:13:23.462+0000] {dagbag.py:588} INFO - Filling up the DagBag from /home/airflow/.local/lib/python3.12/site-packages/airflow/example_dags/example_skip_dag.py
[2024-11-29T14:13:23.477+0000] {processor.py:925} INFO - DAG(s) 'example_skip_dag' retrieved from /home/airflow/.local/lib/python3.12/site-packages/airflow/example_dags/example_skip_dag.py
[2024-11-29T14:13:23.515+0000] {logging_mixin.py:190} INFO - [2024-11-29T14:13:23.514+0000] {dag.py:3239} INFO - Sync 1 DAGs
[2024-11-29T14:13:23.558+0000] {logging_mixin.py:190} INFO - [2024-11-29T14:13:23.557+0000] {dag.py:4180} INFO - Setting next_dagrun for example_skip_dag to 2024-11-28 00:00:00+00:00, run_after=2024-11-29 00:00:00+00:00
[2024-11-29T14:13:23.595+0000] {processor.py:208} INFO - Processing /home/airflow/.local/lib/python3.12/site-packages/airflow/example_dags/example_skip_dag.py took 0.146 seconds
[2024-11-29T14:19:53.105+0000] {processor.py:186} INFO - Started process (PID=101) to work on /home/airflow/.local/lib/python3.12/site-packages/airflow/example_dags/example_skip_dag.py
[2024-11-29T14:19:53.106+0000] {processor.py:914} INFO - Processing file /home/airflow/.local/lib/python3.12/site-packages/airflow/example_dags/example_skip_dag.py for tasks to queue
[2024-11-29T14:19:53.110+0000] {logging_mixin.py:190} INFO - [2024-11-29T14:19:53.109+0000] {dagbag.py:588} INFO - Filling up the DagBag from /home/airflow/.local/lib/python3.12/site-packages/airflow/example_dags/example_skip_dag.py
[2024-11-29T14:19:53.122+0000] {processor.py:925} INFO - DAG(s) 'example_skip_dag' retrieved from /home/airflow/.local/lib/python3.12/site-packages/airflow/example_dags/example_skip_dag.py
[2024-11-29T14:19:53.153+0000] {logging_mixin.py:190} INFO - [2024-11-29T14:19:53.152+0000] {dag.py:3239} INFO - Sync 1 DAGs
[2024-11-29T14:19:53.189+0000] {logging_mixin.py:190} INFO - [2024-11-29T14:19:53.189+0000] {dag.py:4180} INFO - Setting next_dagrun for example_skip_dag to 2024-11-28 00:00:00+00:00, run_after=2024-11-29 00:00:00+00:00
[2024-11-29T14:19:53.219+0000] {processor.py:208} INFO - Processing /home/airflow/.local/lib/python3.12/site-packages/airflow/example_dags/example_skip_dag.py took 0.123 seconds
[2024-11-29T14:20:24.129+0000] {processor.py:186} INFO - Started process (PID=164) to work on /home/airflow/.local/lib/python3.12/site-packages/airflow/example_dags/example_skip_dag.py
[2024-11-29T14:20:24.130+0000] {processor.py:914} INFO - Processing file /home/airflow/.local/lib/python3.12/site-packages/airflow/example_dags/example_skip_dag.py for tasks to queue
[2024-11-29T14:20:24.133+0000] {logging_mixin.py:190} INFO - [2024-11-29T14:20:24.133+0000] {dagbag.py:588} INFO - Filling up the DagBag from /home/airflow/.local/lib/python3.12/site-packages/airflow/example_dags/example_skip_dag.py
[2024-11-29T14:20:24.144+0000] {processor.py:925} INFO - DAG(s) 'example_skip_dag' retrieved from /home/airflow/.local/lib/python3.12/site-packages/airflow/example_dags/example_skip_dag.py
[2024-11-29T14:20:24.171+0000] {logging_mixin.py:190} INFO - [2024-11-29T14:20:24.171+0000] {dag.py:3239} INFO - Sync 1 DAGs
[2024-11-29T14:20:24.203+0000] {logging_mixin.py:190} INFO - [2024-11-29T14:20:24.203+0000] {dag.py:4180} INFO - Setting next_dagrun for example_skip_dag to 2024-11-28 00:00:00+00:00, run_after=2024-11-29 00:00:00+00:00
[2024-11-29T14:20:24.241+0000] {processor.py:208} INFO - Processing /home/airflow/.local/lib/python3.12/site-packages/airflow/example_dags/example_skip_dag.py took 0.119 seconds
[2024-11-29T14:20:55.137+0000] {processor.py:186} INFO - Started process (PID=227) to work on /home/airflow/.local/lib/python3.12/site-packages/airflow/example_dags/example_skip_dag.py
[2024-11-29T14:20:55.139+0000] {processor.py:914} INFO - Processing file /home/airflow/.local/lib/python3.12/site-packages/airflow/example_dags/example_skip_dag.py for tasks to queue
[2024-11-29T14:20:55.143+0000] {logging_mixin.py:190} INFO - [2024-11-29T14:20:55.143+0000] {dagbag.py:588} INFO - Filling up the DagBag from /home/airflow/.local/lib/python3.12/site-packages/airflow/example_dags/example_skip_dag.py
[2024-11-29T14:20:55.160+0000] {processor.py:925} INFO - DAG(s) 'example_skip_dag' retrieved from /home/airflow/.local/lib/python3.12/site-packages/airflow/example_dags/example_skip_dag.py
[2024-11-29T14:20:55.193+0000] {logging_mixin.py:190} INFO - [2024-11-29T14:20:55.193+0000] {dag.py:3239} INFO - Sync 1 DAGs
[2024-11-29T14:20:55.235+0000] {logging_mixin.py:190} INFO - [2024-11-29T14:20:55.234+0000] {dag.py:4180} INFO - Setting next_dagrun for example_skip_dag to 2024-11-28 00:00:00+00:00, run_after=2024-11-29 00:00:00+00:00
[2024-11-29T14:20:55.261+0000] {processor.py:208} INFO - Processing /home/airflow/.local/lib/python3.12/site-packages/airflow/example_dags/example_skip_dag.py took 0.132 seconds
[2024-11-29T14:21:26.611+0000] {processor.py:186} INFO - Started process (PID=290) to work on /home/airflow/.local/lib/python3.12/site-packages/airflow/example_dags/example_skip_dag.py
[2024-11-29T14:21:26.612+0000] {processor.py:914} INFO - Processing file /home/airflow/.local/lib/python3.12/site-packages/airflow/example_dags/example_skip_dag.py for tasks to queue
[2024-11-29T14:21:26.615+0000] {logging_mixin.py:190} INFO - [2024-11-29T14:21:26.614+0000] {dagbag.py:588} INFO - Filling up the DagBag from /home/airflow/.local/lib/python3.12/site-packages/airflow/example_dags/example_skip_dag.py
[2024-11-29T14:21:26.624+0000] {processor.py:925} INFO - DAG(s) 'example_skip_dag' retrieved from /home/airflow/.local/lib/python3.12/site-packages/airflow/example_dags/example_skip_dag.py
[2024-11-29T14:21:26.649+0000] {logging_mixin.py:190} INFO - [2024-11-29T14:21:26.648+0000] {dag.py:3239} INFO - Sync 1 DAGs
[2024-11-29T14:21:26.680+0000] {logging_mixin.py:190} INFO - [2024-11-29T14:21:26.680+0000] {dag.py:4180} INFO - Setting next_dagrun for example_skip_dag to 2024-11-28 00:00:00+00:00, run_after=2024-11-29 00:00:00+00:00
[2024-11-29T14:21:26.704+0000] {processor.py:208} INFO - Processing /home/airflow/.local/lib/python3.12/site-packages/airflow/example_dags/example_skip_dag.py took 0.101 seconds
[2024-11-29T14:21:57.995+0000] {processor.py:186} INFO - Started process (PID=353) to work on /home/airflow/.local/lib/python3.12/site-packages/airflow/example_dags/example_skip_dag.py
[2024-11-29T14:21:57.996+0000] {processor.py:914} INFO - Processing file /home/airflow/.local/lib/python3.12/site-packages/airflow/example_dags/example_skip_dag.py for tasks to queue
[2024-11-29T14:21:58.000+0000] {logging_mixin.py:190} INFO - [2024-11-29T14:21:57.999+0000] {dagbag.py:588} INFO - Filling up the DagBag from /home/airflow/.local/lib/python3.12/site-packages/airflow/example_dags/example_skip_dag.py
[2024-11-29T14:21:58.011+0000] {processor.py:925} INFO - DAG(s) 'example_skip_dag' retrieved from /home/airflow/.local/lib/python3.12/site-packages/airflow/example_dags/example_skip_dag.py
[2024-11-29T14:21:58.037+0000] {logging_mixin.py:190} INFO - [2024-11-29T14:21:58.037+0000] {dag.py:3239} INFO - Sync 1 DAGs
[2024-11-29T14:21:58.070+0000] {logging_mixin.py:190} INFO - [2024-11-29T14:21:58.070+0000] {dag.py:4180} INFO - Setting next_dagrun for example_skip_dag to 2024-11-28 00:00:00+00:00, run_after=2024-11-29 00:00:00+00:00
[2024-11-29T14:21:58.097+0000] {processor.py:208} INFO - Processing /home/airflow/.local/lib/python3.12/site-packages/airflow/example_dags/example_skip_dag.py took 0.109 seconds
[2024-11-29T14:22:29.253+0000] {processor.py:186} INFO - Started process (PID=416) to work on /home/airflow/.local/lib/python3.12/site-packages/airflow/example_dags/example_skip_dag.py
[2024-11-29T14:22:29.255+0000] {processor.py:914} INFO - Processing file /home/airflow/.local/lib/python3.12/site-packages/airflow/example_dags/example_skip_dag.py for tasks to queue
[2024-11-29T14:22:29.258+0000] {logging_mixin.py:190} INFO - [2024-11-29T14:22:29.258+0000] {dagbag.py:588} INFO - Filling up the DagBag from /home/airflow/.local/lib/python3.12/site-packages/airflow/example_dags/example_skip_dag.py
[2024-11-29T14:22:29.269+0000] {processor.py:925} INFO - DAG(s) 'example_skip_dag' retrieved from /home/airflow/.local/lib/python3.12/site-packages/airflow/example_dags/example_skip_dag.py
[2024-11-29T14:22:29.390+0000] {logging_mixin.py:190} INFO - [2024-11-29T14:22:29.389+0000] {dag.py:3239} INFO - Sync 1 DAGs
[2024-11-29T14:22:29.465+0000] {logging_mixin.py:190} INFO - [2024-11-29T14:22:29.464+0000] {dag.py:4180} INFO - Setting next_dagrun for example_skip_dag to 2024-11-28 00:00:00+00:00, run_after=2024-11-29 00:00:00+00:00
[2024-11-29T14:22:29.487+0000] {processor.py:208} INFO - Processing /home/airflow/.local/lib/python3.12/site-packages/airflow/example_dags/example_skip_dag.py took 0.240 seconds
[2024-11-29T14:23:01.147+0000] {processor.py:186} INFO - Started process (PID=479) to work on /home/airflow/.local/lib/python3.12/site-packages/airflow/example_dags/example_skip_dag.py
[2024-11-29T14:23:01.148+0000] {processor.py:914} INFO - Processing file /home/airflow/.local/lib/python3.12/site-packages/airflow/example_dags/example_skip_dag.py for tasks to queue
[2024-11-29T14:23:01.151+0000] {logging_mixin.py:190} INFO - [2024-11-29T14:23:01.151+0000] {dagbag.py:588} INFO - Filling up the DagBag from /home/airflow/.local/lib/python3.12/site-packages/airflow/example_dags/example_skip_dag.py
[2024-11-29T14:23:01.163+0000] {processor.py:925} INFO - DAG(s) 'example_skip_dag' retrieved from /home/airflow/.local/lib/python3.12/site-packages/airflow/example_dags/example_skip_dag.py
[2024-11-29T14:23:01.193+0000] {logging_mixin.py:190} INFO - [2024-11-29T14:23:01.193+0000] {dag.py:3239} INFO - Sync 1 DAGs
[2024-11-29T14:23:01.241+0000] {logging_mixin.py:190} INFO - [2024-11-29T14:23:01.241+0000] {dag.py:4180} INFO - Setting next_dagrun for example_skip_dag to 2024-11-28 00:00:00+00:00, run_after=2024-11-29 00:00:00+00:00
[2024-11-29T14:23:01.272+0000] {processor.py:208} INFO - Processing /home/airflow/.local/lib/python3.12/site-packages/airflow/example_dags/example_skip_dag.py took 0.133 seconds
[2024-11-29T14:23:32.612+0000] {processor.py:186} INFO - Started process (PID=542) to work on /home/airflow/.local/lib/python3.12/site-packages/airflow/example_dags/example_skip_dag.py
[2024-11-29T14:23:32.614+0000] {processor.py:914} INFO - Processing file /home/airflow/.local/lib/python3.12/site-packages/airflow/example_dags/example_skip_dag.py for tasks to queue
[2024-11-29T14:23:32.618+0000] {logging_mixin.py:190} INFO - [2024-11-29T14:23:32.618+0000] {dagbag.py:588} INFO - Filling up the DagBag from /home/airflow/.local/lib/python3.12/site-packages/airflow/example_dags/example_skip_dag.py
[2024-11-29T14:23:32.634+0000] {processor.py:925} INFO - DAG(s) 'example_skip_dag' retrieved from /home/airflow/.local/lib/python3.12/site-packages/airflow/example_dags/example_skip_dag.py
[2024-11-29T14:23:32.697+0000] {logging_mixin.py:190} INFO - [2024-11-29T14:23:32.697+0000] {dag.py:3239} INFO - Sync 1 DAGs
[2024-11-29T14:23:32.761+0000] {logging_mixin.py:190} INFO - [2024-11-29T14:23:32.760+0000] {dag.py:4180} INFO - Setting next_dagrun for example_skip_dag to 2024-11-28 00:00:00+00:00, run_after=2024-11-29 00:00:00+00:00
[2024-11-29T14:23:32.810+0000] {processor.py:208} INFO - Processing /home/airflow/.local/lib/python3.12/site-packages/airflow/example_dags/example_skip_dag.py took 0.210 seconds
[2024-11-29T14:24:04.429+0000] {processor.py:186} INFO - Started process (PID=605) to work on /home/airflow/.local/lib/python3.12/site-packages/airflow/example_dags/example_skip_dag.py
[2024-11-29T14:24:04.430+0000] {processor.py:914} INFO - Processing file /home/airflow/.local/lib/python3.12/site-packages/airflow/example_dags/example_skip_dag.py for tasks to queue
[2024-11-29T14:24:04.433+0000] {logging_mixin.py:190} INFO - [2024-11-29T14:24:04.433+0000] {dagbag.py:588} INFO - Filling up the DagBag from /home/airflow/.local/lib/python3.12/site-packages/airflow/example_dags/example_skip_dag.py
[2024-11-29T14:24:04.445+0000] {processor.py:925} INFO - DAG(s) 'example_skip_dag' retrieved from /home/airflow/.local/lib/python3.12/site-packages/airflow/example_dags/example_skip_dag.py
[2024-11-29T14:24:04.478+0000] {logging_mixin.py:190} INFO - [2024-11-29T14:24:04.478+0000] {dag.py:3239} INFO - Sync 1 DAGs
[2024-11-29T14:24:04.514+0000] {logging_mixin.py:190} INFO - [2024-11-29T14:24:04.514+0000] {dag.py:4180} INFO - Setting next_dagrun for example_skip_dag to 2024-11-28 00:00:00+00:00, run_after=2024-11-29 00:00:00+00:00
[2024-11-29T14:24:04.542+0000] {processor.py:208} INFO - Processing /home/airflow/.local/lib/python3.12/site-packages/airflow/example_dags/example_skip_dag.py took 0.120 seconds
[2024-11-29T14:24:35.493+0000] {processor.py:186} INFO - Started process (PID=668) to work on /home/airflow/.local/lib/python3.12/site-packages/airflow/example_dags/example_skip_dag.py
[2024-11-29T14:24:35.495+0000] {processor.py:914} INFO - Processing file /home/airflow/.local/lib/python3.12/site-packages/airflow/example_dags/example_skip_dag.py for tasks to queue
[2024-11-29T14:24:35.498+0000] {logging_mixin.py:190} INFO - [2024-11-29T14:24:35.498+0000] {dagbag.py:588} INFO - Filling up the DagBag from /home/airflow/.local/lib/python3.12/site-packages/airflow/example_dags/example_skip_dag.py
[2024-11-29T14:24:35.508+0000] {processor.py:925} INFO - DAG(s) 'example_skip_dag' retrieved from /home/airflow/.local/lib/python3.12/site-packages/airflow/example_dags/example_skip_dag.py
[2024-11-29T14:24:35.536+0000] {logging_mixin.py:190} INFO - [2024-11-29T14:24:35.535+0000] {dag.py:3239} INFO - Sync 1 DAGs
[2024-11-29T14:24:35.567+0000] {logging_mixin.py:190} INFO - [2024-11-29T14:24:35.567+0000] {dag.py:4180} INFO - Setting next_dagrun for example_skip_dag to 2024-11-28 00:00:00+00:00, run_after=2024-11-29 00:00:00+00:00
[2024-11-29T14:24:35.607+0000] {processor.py:208} INFO - Processing /home/airflow/.local/lib/python3.12/site-packages/airflow/example_dags/example_skip_dag.py took 0.120 seconds
[2024-11-29T14:25:06.418+0000] {processor.py:186} INFO - Started process (PID=730) to work on /home/airflow/.local/lib/python3.12/site-packages/airflow/example_dags/example_skip_dag.py
[2024-11-29T14:25:06.420+0000] {processor.py:914} INFO - Processing file /home/airflow/.local/lib/python3.12/site-packages/airflow/example_dags/example_skip_dag.py for tasks to queue
[2024-11-29T14:25:06.429+0000] {logging_mixin.py:190} INFO - [2024-11-29T14:25:06.426+0000] {dagbag.py:588} INFO - Filling up the DagBag from /home/airflow/.local/lib/python3.12/site-packages/airflow/example_dags/example_skip_dag.py
[2024-11-29T14:25:06.453+0000] {processor.py:925} INFO - DAG(s) 'example_skip_dag' retrieved from /home/airflow/.local/lib/python3.12/site-packages/airflow/example_dags/example_skip_dag.py
[2024-11-29T14:25:06.492+0000] {logging_mixin.py:190} INFO - [2024-11-29T14:25:06.491+0000] {dag.py:3239} INFO - Sync 1 DAGs
[2024-11-29T14:25:06.532+0000] {logging_mixin.py:190} INFO - [2024-11-29T14:25:06.532+0000] {dag.py:4180} INFO - Setting next_dagrun for example_skip_dag to 2024-11-28 00:00:00+00:00, run_after=2024-11-29 00:00:00+00:00
[2024-11-29T14:25:06.569+0000] {processor.py:208} INFO - Processing /home/airflow/.local/lib/python3.12/site-packages/airflow/example_dags/example_skip_dag.py took 0.168 seconds
[2024-11-29T14:25:36.782+0000] {processor.py:186} INFO - Started process (PID=792) to work on /home/airflow/.local/lib/python3.12/site-packages/airflow/example_dags/example_skip_dag.py
[2024-11-29T14:25:36.783+0000] {processor.py:914} INFO - Processing file /home/airflow/.local/lib/python3.12/site-packages/airflow/example_dags/example_skip_dag.py for tasks to queue
[2024-11-29T14:25:36.787+0000] {logging_mixin.py:190} INFO - [2024-11-29T14:25:36.786+0000] {dagbag.py:588} INFO - Filling up the DagBag from /home/airflow/.local/lib/python3.12/site-packages/airflow/example_dags/example_skip_dag.py
[2024-11-29T14:25:36.795+0000] {processor.py:925} INFO - DAG(s) 'example_skip_dag' retrieved from /home/airflow/.local/lib/python3.12/site-packages/airflow/example_dags/example_skip_dag.py
[2024-11-29T14:25:36.823+0000] {logging_mixin.py:190} INFO - [2024-11-29T14:25:36.822+0000] {dag.py:3239} INFO - Sync 1 DAGs
[2024-11-29T14:25:36.853+0000] {logging_mixin.py:190} INFO - [2024-11-29T14:25:36.852+0000] {dag.py:4180} INFO - Setting next_dagrun for example_skip_dag to 2024-11-28 00:00:00+00:00, run_after=2024-11-29 00:00:00+00:00
[2024-11-29T14:25:36.885+0000] {processor.py:208} INFO - Processing /home/airflow/.local/lib/python3.12/site-packages/airflow/example_dags/example_skip_dag.py took 0.109 seconds
[2024-11-29T14:26:07.342+0000] {processor.py:186} INFO - Started process (PID=855) to work on /home/airflow/.local/lib/python3.12/site-packages/airflow/example_dags/example_skip_dag.py
[2024-11-29T14:26:07.346+0000] {processor.py:914} INFO - Processing file /home/airflow/.local/lib/python3.12/site-packages/airflow/example_dags/example_skip_dag.py for tasks to queue
[2024-11-29T14:26:07.358+0000] {logging_mixin.py:190} INFO - [2024-11-29T14:26:07.356+0000] {dagbag.py:588} INFO - Filling up the DagBag from /home/airflow/.local/lib/python3.12/site-packages/airflow/example_dags/example_skip_dag.py
[2024-11-29T14:26:07.380+0000] {processor.py:925} INFO - DAG(s) 'example_skip_dag' retrieved from /home/airflow/.local/lib/python3.12/site-packages/airflow/example_dags/example_skip_dag.py
[2024-11-29T14:26:07.417+0000] {logging_mixin.py:190} INFO - [2024-11-29T14:26:07.417+0000] {dag.py:3239} INFO - Sync 1 DAGs
[2024-11-29T14:26:07.449+0000] {logging_mixin.py:190} INFO - [2024-11-29T14:26:07.449+0000] {dag.py:4180} INFO - Setting next_dagrun for example_skip_dag to 2024-11-28 00:00:00+00:00, run_after=2024-11-29 00:00:00+00:00
[2024-11-29T14:26:07.477+0000] {processor.py:208} INFO - Processing /home/airflow/.local/lib/python3.12/site-packages/airflow/example_dags/example_skip_dag.py took 0.154 seconds
[2024-11-29T14:26:37.716+0000] {processor.py:186} INFO - Started process (PID=918) to work on /home/airflow/.local/lib/python3.12/site-packages/airflow/example_dags/example_skip_dag.py
[2024-11-29T14:26:37.718+0000] {processor.py:914} INFO - Processing file /home/airflow/.local/lib/python3.12/site-packages/airflow/example_dags/example_skip_dag.py for tasks to queue
[2024-11-29T14:26:37.722+0000] {logging_mixin.py:190} INFO - [2024-11-29T14:26:37.721+0000] {dagbag.py:588} INFO - Filling up the DagBag from /home/airflow/.local/lib/python3.12/site-packages/airflow/example_dags/example_skip_dag.py
[2024-11-29T14:26:37.736+0000] {processor.py:925} INFO - DAG(s) 'example_skip_dag' retrieved from /home/airflow/.local/lib/python3.12/site-packages/airflow/example_dags/example_skip_dag.py
[2024-11-29T14:26:37.759+0000] {logging_mixin.py:190} INFO - [2024-11-29T14:26:37.759+0000] {dag.py:3239} INFO - Sync 1 DAGs
[2024-11-29T14:26:37.787+0000] {logging_mixin.py:190} INFO - [2024-11-29T14:26:37.787+0000] {dag.py:4180} INFO - Setting next_dagrun for example_skip_dag to 2024-11-28 00:00:00+00:00, run_after=2024-11-29 00:00:00+00:00
[2024-11-29T14:26:37.850+0000] {processor.py:208} INFO - Processing /home/airflow/.local/lib/python3.12/site-packages/airflow/example_dags/example_skip_dag.py took 0.145 seconds
[2024-11-29T14:27:08.259+0000] {processor.py:186} INFO - Started process (PID=987) to work on /home/airflow/.local/lib/python3.12/site-packages/airflow/example_dags/example_skip_dag.py
[2024-11-29T14:27:08.265+0000] {processor.py:914} INFO - Processing file /home/airflow/.local/lib/python3.12/site-packages/airflow/example_dags/example_skip_dag.py for tasks to queue
[2024-11-29T14:27:08.283+0000] {logging_mixin.py:190} INFO - [2024-11-29T14:27:08.281+0000] {dagbag.py:588} INFO - Filling up the DagBag from /home/airflow/.local/lib/python3.12/site-packages/airflow/example_dags/example_skip_dag.py
[2024-11-29T14:27:08.332+0000] {processor.py:925} INFO - DAG(s) 'example_skip_dag' retrieved from /home/airflow/.local/lib/python3.12/site-packages/airflow/example_dags/example_skip_dag.py
[2024-11-29T14:27:08.460+0000] {logging_mixin.py:190} INFO - [2024-11-29T14:27:08.459+0000] {dag.py:3239} INFO - Sync 1 DAGs
[2024-11-29T14:27:08.504+0000] {logging_mixin.py:190} INFO - [2024-11-29T14:27:08.504+0000] {dag.py:4180} INFO - Setting next_dagrun for example_skip_dag to 2024-11-28 00:00:00+00:00, run_after=2024-11-29 00:00:00+00:00
[2024-11-29T14:27:08.540+0000] {processor.py:208} INFO - Processing /home/airflow/.local/lib/python3.12/site-packages/airflow/example_dags/example_skip_dag.py took 0.322 seconds
[2024-11-29T14:27:39.096+0000] {processor.py:186} INFO - Started process (PID=1050) to work on /home/airflow/.local/lib/python3.12/site-packages/airflow/example_dags/example_skip_dag.py
[2024-11-29T14:27:39.098+0000] {processor.py:914} INFO - Processing file /home/airflow/.local/lib/python3.12/site-packages/airflow/example_dags/example_skip_dag.py for tasks to queue
[2024-11-29T14:27:39.102+0000] {logging_mixin.py:190} INFO - [2024-11-29T14:27:39.101+0000] {dagbag.py:588} INFO - Filling up the DagBag from /home/airflow/.local/lib/python3.12/site-packages/airflow/example_dags/example_skip_dag.py
[2024-11-29T14:27:39.130+0000] {processor.py:925} INFO - DAG(s) 'example_skip_dag' retrieved from /home/airflow/.local/lib/python3.12/site-packages/airflow/example_dags/example_skip_dag.py
[2024-11-29T14:27:39.161+0000] {logging_mixin.py:190} INFO - [2024-11-29T14:27:39.161+0000] {dag.py:3239} INFO - Sync 1 DAGs
[2024-11-29T14:27:39.193+0000] {logging_mixin.py:190} INFO - [2024-11-29T14:27:39.193+0000] {dag.py:4180} INFO - Setting next_dagrun for example_skip_dag to 2024-11-28 00:00:00+00:00, run_after=2024-11-29 00:00:00+00:00
[2024-11-29T14:27:39.230+0000] {processor.py:208} INFO - Processing /home/airflow/.local/lib/python3.12/site-packages/airflow/example_dags/example_skip_dag.py took 0.142 seconds
[2024-11-29T14:28:09.353+0000] {processor.py:186} INFO - Started process (PID=1113) to work on /home/airflow/.local/lib/python3.12/site-packages/airflow/example_dags/example_skip_dag.py
[2024-11-29T14:28:09.355+0000] {processor.py:914} INFO - Processing file /home/airflow/.local/lib/python3.12/site-packages/airflow/example_dags/example_skip_dag.py for tasks to queue
[2024-11-29T14:28:09.359+0000] {logging_mixin.py:190} INFO - [2024-11-29T14:28:09.358+0000] {dagbag.py:588} INFO - Filling up the DagBag from /home/airflow/.local/lib/python3.12/site-packages/airflow/example_dags/example_skip_dag.py
[2024-11-29T14:28:09.369+0000] {processor.py:925} INFO - DAG(s) 'example_skip_dag' retrieved from /home/airflow/.local/lib/python3.12/site-packages/airflow/example_dags/example_skip_dag.py
[2024-11-29T14:28:09.396+0000] {logging_mixin.py:190} INFO - [2024-11-29T14:28:09.395+0000] {dag.py:3239} INFO - Sync 1 DAGs
[2024-11-29T14:28:09.427+0000] {logging_mixin.py:190} INFO - [2024-11-29T14:28:09.427+0000] {dag.py:4180} INFO - Setting next_dagrun for example_skip_dag to 2024-11-28 00:00:00+00:00, run_after=2024-11-29 00:00:00+00:00
[2024-11-29T14:28:09.458+0000] {processor.py:208} INFO - Processing /home/airflow/.local/lib/python3.12/site-packages/airflow/example_dags/example_skip_dag.py took 0.112 seconds
[2024-11-29T14:28:40.023+0000] {processor.py:186} INFO - Started process (PID=1175) to work on /home/airflow/.local/lib/python3.12/site-packages/airflow/example_dags/example_skip_dag.py
[2024-11-29T14:28:40.025+0000] {processor.py:914} INFO - Processing file /home/airflow/.local/lib/python3.12/site-packages/airflow/example_dags/example_skip_dag.py for tasks to queue
[2024-11-29T14:28:40.029+0000] {logging_mixin.py:190} INFO - [2024-11-29T14:28:40.028+0000] {dagbag.py:588} INFO - Filling up the DagBag from /home/airflow/.local/lib/python3.12/site-packages/airflow/example_dags/example_skip_dag.py
[2024-11-29T14:28:40.043+0000] {processor.py:925} INFO - DAG(s) 'example_skip_dag' retrieved from /home/airflow/.local/lib/python3.12/site-packages/airflow/example_dags/example_skip_dag.py
[2024-11-29T14:28:40.069+0000] {logging_mixin.py:190} INFO - [2024-11-29T14:28:40.069+0000] {dag.py:3239} INFO - Sync 1 DAGs
[2024-11-29T14:28:40.098+0000] {logging_mixin.py:190} INFO - [2024-11-29T14:28:40.097+0000] {dag.py:4180} INFO - Setting next_dagrun for example_skip_dag to 2024-11-28 00:00:00+00:00, run_after=2024-11-29 00:00:00+00:00
[2024-11-29T14:28:40.120+0000] {processor.py:208} INFO - Processing /home/airflow/.local/lib/python3.12/site-packages/airflow/example_dags/example_skip_dag.py took 0.109 seconds
[2024-11-29T14:29:10.703+0000] {processor.py:186} INFO - Started process (PID=1239) to work on /home/airflow/.local/lib/python3.12/site-packages/airflow/example_dags/example_skip_dag.py
[2024-11-29T14:29:10.704+0000] {processor.py:914} INFO - Processing file /home/airflow/.local/lib/python3.12/site-packages/airflow/example_dags/example_skip_dag.py for tasks to queue
[2024-11-29T14:29:10.708+0000] {logging_mixin.py:190} INFO - [2024-11-29T14:29:10.707+0000] {dagbag.py:588} INFO - Filling up the DagBag from /home/airflow/.local/lib/python3.12/site-packages/airflow/example_dags/example_skip_dag.py
[2024-11-29T14:29:10.719+0000] {processor.py:925} INFO - DAG(s) 'example_skip_dag' retrieved from /home/airflow/.local/lib/python3.12/site-packages/airflow/example_dags/example_skip_dag.py
[2024-11-29T14:29:10.745+0000] {logging_mixin.py:190} INFO - [2024-11-29T14:29:10.745+0000] {dag.py:3239} INFO - Sync 1 DAGs
[2024-11-29T14:29:10.777+0000] {logging_mixin.py:190} INFO - [2024-11-29T14:29:10.777+0000] {dag.py:4180} INFO - Setting next_dagrun for example_skip_dag to 2024-11-28 00:00:00+00:00, run_after=2024-11-29 00:00:00+00:00
[2024-11-29T14:29:10.800+0000] {processor.py:208} INFO - Processing /home/airflow/.local/lib/python3.12/site-packages/airflow/example_dags/example_skip_dag.py took 0.106 seconds
[2024-11-29T14:29:41.418+0000] {processor.py:186} INFO - Started process (PID=1302) to work on /home/airflow/.local/lib/python3.12/site-packages/airflow/example_dags/example_skip_dag.py
[2024-11-29T14:29:41.420+0000] {processor.py:914} INFO - Processing file /home/airflow/.local/lib/python3.12/site-packages/airflow/example_dags/example_skip_dag.py for tasks to queue
[2024-11-29T14:29:41.423+0000] {logging_mixin.py:190} INFO - [2024-11-29T14:29:41.423+0000] {dagbag.py:588} INFO - Filling up the DagBag from /home/airflow/.local/lib/python3.12/site-packages/airflow/example_dags/example_skip_dag.py
[2024-11-29T14:29:41.435+0000] {processor.py:925} INFO - DAG(s) 'example_skip_dag' retrieved from /home/airflow/.local/lib/python3.12/site-packages/airflow/example_dags/example_skip_dag.py
[2024-11-29T14:29:41.463+0000] {logging_mixin.py:190} INFO - [2024-11-29T14:29:41.463+0000] {dag.py:3239} INFO - Sync 1 DAGs
[2024-11-29T14:29:41.492+0000] {logging_mixin.py:190} INFO - [2024-11-29T14:29:41.491+0000] {dag.py:4180} INFO - Setting next_dagrun for example_skip_dag to 2024-11-28 00:00:00+00:00, run_after=2024-11-29 00:00:00+00:00
[2024-11-29T14:29:41.531+0000] {processor.py:208} INFO - Processing /home/airflow/.local/lib/python3.12/site-packages/airflow/example_dags/example_skip_dag.py took 0.122 seconds
[2024-11-29T14:30:12.015+0000] {processor.py:186} INFO - Started process (PID=1365) to work on /home/airflow/.local/lib/python3.12/site-packages/airflow/example_dags/example_skip_dag.py
[2024-11-29T14:30:12.016+0000] {processor.py:914} INFO - Processing file /home/airflow/.local/lib/python3.12/site-packages/airflow/example_dags/example_skip_dag.py for tasks to queue
[2024-11-29T14:30:12.020+0000] {logging_mixin.py:190} INFO - [2024-11-29T14:30:12.019+0000] {dagbag.py:588} INFO - Filling up the DagBag from /home/airflow/.local/lib/python3.12/site-packages/airflow/example_dags/example_skip_dag.py
[2024-11-29T14:30:12.033+0000] {processor.py:925} INFO - DAG(s) 'example_skip_dag' retrieved from /home/airflow/.local/lib/python3.12/site-packages/airflow/example_dags/example_skip_dag.py
[2024-11-29T14:30:12.059+0000] {logging_mixin.py:190} INFO - [2024-11-29T14:30:12.059+0000] {dag.py:3239} INFO - Sync 1 DAGs
[2024-11-29T14:30:12.088+0000] {logging_mixin.py:190} INFO - [2024-11-29T14:30:12.088+0000] {dag.py:4180} INFO - Setting next_dagrun for example_skip_dag to 2024-11-28 00:00:00+00:00, run_after=2024-11-29 00:00:00+00:00
[2024-11-29T14:30:12.112+0000] {processor.py:208} INFO - Processing /home/airflow/.local/lib/python3.12/site-packages/airflow/example_dags/example_skip_dag.py took 0.105 seconds
[2024-11-29T14:30:42.601+0000] {processor.py:186} INFO - Started process (PID=1428) to work on /home/airflow/.local/lib/python3.12/site-packages/airflow/example_dags/example_skip_dag.py
[2024-11-29T14:30:42.608+0000] {processor.py:914} INFO - Processing file /home/airflow/.local/lib/python3.12/site-packages/airflow/example_dags/example_skip_dag.py for tasks to queue
[2024-11-29T14:30:42.629+0000] {logging_mixin.py:190} INFO - [2024-11-29T14:30:42.627+0000] {dagbag.py:588} INFO - Filling up the DagBag from /home/airflow/.local/lib/python3.12/site-packages/airflow/example_dags/example_skip_dag.py
[2024-11-29T14:30:42.656+0000] {processor.py:925} INFO - DAG(s) 'example_skip_dag' retrieved from /home/airflow/.local/lib/python3.12/site-packages/airflow/example_dags/example_skip_dag.py
[2024-11-29T14:30:42.691+0000] {logging_mixin.py:190} INFO - [2024-11-29T14:30:42.690+0000] {dag.py:3239} INFO - Sync 1 DAGs
[2024-11-29T14:30:42.727+0000] {logging_mixin.py:190} INFO - [2024-11-29T14:30:42.727+0000] {dag.py:4180} INFO - Setting next_dagrun for example_skip_dag to 2024-11-28 00:00:00+00:00, run_after=2024-11-29 00:00:00+00:00
[2024-11-29T14:30:42.762+0000] {processor.py:208} INFO - Processing /home/airflow/.local/lib/python3.12/site-packages/airflow/example_dags/example_skip_dag.py took 0.199 seconds
[2024-11-29T14:31:12.842+0000] {processor.py:186} INFO - Started process (PID=1491) to work on /home/airflow/.local/lib/python3.12/site-packages/airflow/example_dags/example_skip_dag.py
[2024-11-29T14:31:12.843+0000] {processor.py:914} INFO - Processing file /home/airflow/.local/lib/python3.12/site-packages/airflow/example_dags/example_skip_dag.py for tasks to queue
[2024-11-29T14:31:12.847+0000] {logging_mixin.py:190} INFO - [2024-11-29T14:31:12.847+0000] {dagbag.py:588} INFO - Filling up the DagBag from /home/airflow/.local/lib/python3.12/site-packages/airflow/example_dags/example_skip_dag.py
[2024-11-29T14:31:12.860+0000] {processor.py:925} INFO - DAG(s) 'example_skip_dag' retrieved from /home/airflow/.local/lib/python3.12/site-packages/airflow/example_dags/example_skip_dag.py
[2024-11-29T14:31:12.891+0000] {logging_mixin.py:190} INFO - [2024-11-29T14:31:12.890+0000] {dag.py:3239} INFO - Sync 1 DAGs
[2024-11-29T14:31:12.919+0000] {logging_mixin.py:190} INFO - [2024-11-29T14:31:12.919+0000] {dag.py:4180} INFO - Setting next_dagrun for example_skip_dag to 2024-11-28 00:00:00+00:00, run_after=2024-11-29 00:00:00+00:00
[2024-11-29T14:31:12.943+0000] {processor.py:208} INFO - Processing /home/airflow/.local/lib/python3.12/site-packages/airflow/example_dags/example_skip_dag.py took 0.111 seconds
[2024-11-29T14:31:43.790+0000] {processor.py:186} INFO - Started process (PID=1554) to work on /home/airflow/.local/lib/python3.12/site-packages/airflow/example_dags/example_skip_dag.py
[2024-11-29T14:31:43.794+0000] {processor.py:914} INFO - Processing file /home/airflow/.local/lib/python3.12/site-packages/airflow/example_dags/example_skip_dag.py for tasks to queue
[2024-11-29T14:31:43.805+0000] {logging_mixin.py:190} INFO - [2024-11-29T14:31:43.804+0000] {dagbag.py:588} INFO - Filling up the DagBag from /home/airflow/.local/lib/python3.12/site-packages/airflow/example_dags/example_skip_dag.py
[2024-11-29T14:31:43.833+0000] {processor.py:925} INFO - DAG(s) 'example_skip_dag' retrieved from /home/airflow/.local/lib/python3.12/site-packages/airflow/example_dags/example_skip_dag.py
[2024-11-29T14:31:43.880+0000] {logging_mixin.py:190} INFO - [2024-11-29T14:31:43.880+0000] {dag.py:3239} INFO - Sync 1 DAGs
[2024-11-29T14:31:43.920+0000] {logging_mixin.py:190} INFO - [2024-11-29T14:31:43.920+0000] {dag.py:4180} INFO - Setting next_dagrun for example_skip_dag to 2024-11-28 00:00:00+00:00, run_after=2024-11-29 00:00:00+00:00
[2024-11-29T14:31:43.957+0000] {processor.py:208} INFO - Processing /home/airflow/.local/lib/python3.12/site-packages/airflow/example_dags/example_skip_dag.py took 0.189 seconds
[2024-11-29T14:32:14.814+0000] {processor.py:186} INFO - Started process (PID=1617) to work on /home/airflow/.local/lib/python3.12/site-packages/airflow/example_dags/example_skip_dag.py
[2024-11-29T14:32:14.818+0000] {processor.py:914} INFO - Processing file /home/airflow/.local/lib/python3.12/site-packages/airflow/example_dags/example_skip_dag.py for tasks to queue
[2024-11-29T14:32:14.832+0000] {logging_mixin.py:190} INFO - [2024-11-29T14:32:14.831+0000] {dagbag.py:588} INFO - Filling up the DagBag from /home/airflow/.local/lib/python3.12/site-packages/airflow/example_dags/example_skip_dag.py
[2024-11-29T14:32:14.859+0000] {processor.py:925} INFO - DAG(s) 'example_skip_dag' retrieved from /home/airflow/.local/lib/python3.12/site-packages/airflow/example_dags/example_skip_dag.py
[2024-11-29T14:32:14.898+0000] {logging_mixin.py:190} INFO - [2024-11-29T14:32:14.897+0000] {dag.py:3239} INFO - Sync 1 DAGs
[2024-11-29T14:32:14.930+0000] {logging_mixin.py:190} INFO - [2024-11-29T14:32:14.929+0000] {dag.py:4180} INFO - Setting next_dagrun for example_skip_dag to 2024-11-28 00:00:00+00:00, run_after=2024-11-29 00:00:00+00:00
[2024-11-29T14:32:14.956+0000] {processor.py:208} INFO - Processing /home/airflow/.local/lib/python3.12/site-packages/airflow/example_dags/example_skip_dag.py took 0.177 seconds
[2024-11-29T14:32:45.637+0000] {processor.py:186} INFO - Started process (PID=1680) to work on /home/airflow/.local/lib/python3.12/site-packages/airflow/example_dags/example_skip_dag.py
[2024-11-29T14:32:45.640+0000] {processor.py:914} INFO - Processing file /home/airflow/.local/lib/python3.12/site-packages/airflow/example_dags/example_skip_dag.py for tasks to queue
[2024-11-29T14:32:45.646+0000] {logging_mixin.py:190} INFO - [2024-11-29T14:32:45.645+0000] {dagbag.py:588} INFO - Filling up the DagBag from /home/airflow/.local/lib/python3.12/site-packages/airflow/example_dags/example_skip_dag.py
[2024-11-29T14:32:45.661+0000] {processor.py:925} INFO - DAG(s) 'example_skip_dag' retrieved from /home/airflow/.local/lib/python3.12/site-packages/airflow/example_dags/example_skip_dag.py
[2024-11-29T14:32:45.693+0000] {logging_mixin.py:190} INFO - [2024-11-29T14:32:45.693+0000] {dag.py:3239} INFO - Sync 1 DAGs
[2024-11-29T14:32:45.727+0000] {logging_mixin.py:190} INFO - [2024-11-29T14:32:45.727+0000] {dag.py:4180} INFO - Setting next_dagrun for example_skip_dag to 2024-11-28 00:00:00+00:00, run_after=2024-11-29 00:00:00+00:00
[2024-11-29T14:32:45.757+0000] {processor.py:208} INFO - Processing /home/airflow/.local/lib/python3.12/site-packages/airflow/example_dags/example_skip_dag.py took 0.136 seconds
[2024-11-29T14:33:16.660+0000] {processor.py:186} INFO - Started process (PID=1744) to work on /home/airflow/.local/lib/python3.12/site-packages/airflow/example_dags/example_skip_dag.py
[2024-11-29T14:33:16.661+0000] {processor.py:914} INFO - Processing file /home/airflow/.local/lib/python3.12/site-packages/airflow/example_dags/example_skip_dag.py for tasks to queue
[2024-11-29T14:33:16.665+0000] {logging_mixin.py:190} INFO - [2024-11-29T14:33:16.665+0000] {dagbag.py:588} INFO - Filling up the DagBag from /home/airflow/.local/lib/python3.12/site-packages/airflow/example_dags/example_skip_dag.py
[2024-11-29T14:33:16.675+0000] {processor.py:925} INFO - DAG(s) 'example_skip_dag' retrieved from /home/airflow/.local/lib/python3.12/site-packages/airflow/example_dags/example_skip_dag.py
[2024-11-29T14:33:16.707+0000] {logging_mixin.py:190} INFO - [2024-11-29T14:33:16.707+0000] {dag.py:3239} INFO - Sync 1 DAGs
[2024-11-29T14:33:16.742+0000] {logging_mixin.py:190} INFO - [2024-11-29T14:33:16.742+0000] {dag.py:4180} INFO - Setting next_dagrun for example_skip_dag to 2024-11-28 00:00:00+00:00, run_after=2024-11-29 00:00:00+00:00
[2024-11-29T14:33:16.764+0000] {processor.py:208} INFO - Processing /home/airflow/.local/lib/python3.12/site-packages/airflow/example_dags/example_skip_dag.py took 0.116 seconds
[2024-11-29T14:33:47.559+0000] {processor.py:186} INFO - Started process (PID=1807) to work on /home/airflow/.local/lib/python3.12/site-packages/airflow/example_dags/example_skip_dag.py
[2024-11-29T14:33:47.560+0000] {processor.py:914} INFO - Processing file /home/airflow/.local/lib/python3.12/site-packages/airflow/example_dags/example_skip_dag.py for tasks to queue
[2024-11-29T14:33:47.564+0000] {logging_mixin.py:190} INFO - [2024-11-29T14:33:47.564+0000] {dagbag.py:588} INFO - Filling up the DagBag from /home/airflow/.local/lib/python3.12/site-packages/airflow/example_dags/example_skip_dag.py
[2024-11-29T14:33:47.577+0000] {processor.py:925} INFO - DAG(s) 'example_skip_dag' retrieved from /home/airflow/.local/lib/python3.12/site-packages/airflow/example_dags/example_skip_dag.py
[2024-11-29T14:33:47.603+0000] {logging_mixin.py:190} INFO - [2024-11-29T14:33:47.603+0000] {dag.py:3239} INFO - Sync 1 DAGs
[2024-11-29T14:33:47.633+0000] {logging_mixin.py:190} INFO - [2024-11-29T14:33:47.633+0000] {dag.py:4180} INFO - Setting next_dagrun for example_skip_dag to 2024-11-28 00:00:00+00:00, run_after=2024-11-29 00:00:00+00:00
[2024-11-29T14:33:47.665+0000] {processor.py:208} INFO - Processing /home/airflow/.local/lib/python3.12/site-packages/airflow/example_dags/example_skip_dag.py took 0.114 seconds
[2024-11-29T14:34:18.212+0000] {processor.py:186} INFO - Started process (PID=1869) to work on /home/airflow/.local/lib/python3.12/site-packages/airflow/example_dags/example_skip_dag.py
[2024-11-29T14:34:18.214+0000] {processor.py:914} INFO - Processing file /home/airflow/.local/lib/python3.12/site-packages/airflow/example_dags/example_skip_dag.py for tasks to queue
[2024-11-29T14:34:18.216+0000] {logging_mixin.py:190} INFO - [2024-11-29T14:34:18.216+0000] {dagbag.py:588} INFO - Filling up the DagBag from /home/airflow/.local/lib/python3.12/site-packages/airflow/example_dags/example_skip_dag.py
[2024-11-29T14:34:18.226+0000] {processor.py:925} INFO - DAG(s) 'example_skip_dag' retrieved from /home/airflow/.local/lib/python3.12/site-packages/airflow/example_dags/example_skip_dag.py
[2024-11-29T14:34:18.253+0000] {logging_mixin.py:190} INFO - [2024-11-29T14:34:18.252+0000] {dag.py:3239} INFO - Sync 1 DAGs
[2024-11-29T14:34:18.282+0000] {logging_mixin.py:190} INFO - [2024-11-29T14:34:18.281+0000] {dag.py:4180} INFO - Setting next_dagrun for example_skip_dag to 2024-11-28 00:00:00+00:00, run_after=2024-11-29 00:00:00+00:00
[2024-11-29T14:34:18.306+0000] {processor.py:208} INFO - Processing /home/airflow/.local/lib/python3.12/site-packages/airflow/example_dags/example_skip_dag.py took 0.101 seconds
[2024-11-29T14:34:48.855+0000] {processor.py:186} INFO - Started process (PID=1932) to work on /home/airflow/.local/lib/python3.12/site-packages/airflow/example_dags/example_skip_dag.py
[2024-11-29T14:34:48.857+0000] {processor.py:914} INFO - Processing file /home/airflow/.local/lib/python3.12/site-packages/airflow/example_dags/example_skip_dag.py for tasks to queue
[2024-11-29T14:34:48.861+0000] {logging_mixin.py:190} INFO - [2024-11-29T14:34:48.860+0000] {dagbag.py:588} INFO - Filling up the DagBag from /home/airflow/.local/lib/python3.12/site-packages/airflow/example_dags/example_skip_dag.py
[2024-11-29T14:34:48.872+0000] {processor.py:925} INFO - DAG(s) 'example_skip_dag' retrieved from /home/airflow/.local/lib/python3.12/site-packages/airflow/example_dags/example_skip_dag.py
[2024-11-29T14:34:48.903+0000] {logging_mixin.py:190} INFO - [2024-11-29T14:34:48.902+0000] {dag.py:3239} INFO - Sync 1 DAGs
[2024-11-29T14:34:48.936+0000] {logging_mixin.py:190} INFO - [2024-11-29T14:34:48.936+0000] {dag.py:4180} INFO - Setting next_dagrun for example_skip_dag to 2024-11-28 00:00:00+00:00, run_after=2024-11-29 00:00:00+00:00
[2024-11-29T14:34:48.971+0000] {processor.py:208} INFO - Processing /home/airflow/.local/lib/python3.12/site-packages/airflow/example_dags/example_skip_dag.py took 0.129 seconds
[2024-11-29T14:35:19.185+0000] {processor.py:186} INFO - Started process (PID=1995) to work on /home/airflow/.local/lib/python3.12/site-packages/airflow/example_dags/example_skip_dag.py
[2024-11-29T14:35:19.188+0000] {processor.py:914} INFO - Processing file /home/airflow/.local/lib/python3.12/site-packages/airflow/example_dags/example_skip_dag.py for tasks to queue
[2024-11-29T14:35:19.196+0000] {logging_mixin.py:190} INFO - [2024-11-29T14:35:19.195+0000] {dagbag.py:588} INFO - Filling up the DagBag from /home/airflow/.local/lib/python3.12/site-packages/airflow/example_dags/example_skip_dag.py
[2024-11-29T14:35:19.218+0000] {processor.py:925} INFO - DAG(s) 'example_skip_dag' retrieved from /home/airflow/.local/lib/python3.12/site-packages/airflow/example_dags/example_skip_dag.py
[2024-11-29T14:35:19.280+0000] {logging_mixin.py:190} INFO - [2024-11-29T14:35:19.280+0000] {dag.py:3239} INFO - Sync 1 DAGs
[2024-11-29T14:35:19.359+0000] {logging_mixin.py:190} INFO - [2024-11-29T14:35:19.358+0000] {dag.py:4180} INFO - Setting next_dagrun for example_skip_dag to 2024-11-28 00:00:00+00:00, run_after=2024-11-29 00:00:00+00:00
[2024-11-29T14:35:19.414+0000] {processor.py:208} INFO - Processing /home/airflow/.local/lib/python3.12/site-packages/airflow/example_dags/example_skip_dag.py took 0.249 seconds
[2024-11-29T14:35:49.867+0000] {processor.py:186} INFO - Started process (PID=2058) to work on /home/airflow/.local/lib/python3.12/site-packages/airflow/example_dags/example_skip_dag.py
[2024-11-29T14:35:49.869+0000] {processor.py:914} INFO - Processing file /home/airflow/.local/lib/python3.12/site-packages/airflow/example_dags/example_skip_dag.py for tasks to queue
[2024-11-29T14:35:49.874+0000] {logging_mixin.py:190} INFO - [2024-11-29T14:35:49.874+0000] {dagbag.py:588} INFO - Filling up the DagBag from /home/airflow/.local/lib/python3.12/site-packages/airflow/example_dags/example_skip_dag.py
[2024-11-29T14:35:49.888+0000] {processor.py:925} INFO - DAG(s) 'example_skip_dag' retrieved from /home/airflow/.local/lib/python3.12/site-packages/airflow/example_dags/example_skip_dag.py
[2024-11-29T14:35:49.929+0000] {logging_mixin.py:190} INFO - [2024-11-29T14:35:49.929+0000] {dag.py:3239} INFO - Sync 1 DAGs
[2024-11-29T14:35:49.969+0000] {logging_mixin.py:190} INFO - [2024-11-29T14:35:49.969+0000] {dag.py:4180} INFO - Setting next_dagrun for example_skip_dag to 2024-11-28 00:00:00+00:00, run_after=2024-11-29 00:00:00+00:00
[2024-11-29T14:35:50.000+0000] {processor.py:208} INFO - Processing /home/airflow/.local/lib/python3.12/site-packages/airflow/example_dags/example_skip_dag.py took 0.142 seconds
[2024-11-29T14:36:20.076+0000] {processor.py:186} INFO - Started process (PID=2121) to work on /home/airflow/.local/lib/python3.12/site-packages/airflow/example_dags/example_skip_dag.py
[2024-11-29T14:36:20.077+0000] {processor.py:914} INFO - Processing file /home/airflow/.local/lib/python3.12/site-packages/airflow/example_dags/example_skip_dag.py for tasks to queue
[2024-11-29T14:36:20.080+0000] {logging_mixin.py:190} INFO - [2024-11-29T14:36:20.080+0000] {dagbag.py:588} INFO - Filling up the DagBag from /home/airflow/.local/lib/python3.12/site-packages/airflow/example_dags/example_skip_dag.py
[2024-11-29T14:36:20.092+0000] {processor.py:925} INFO - DAG(s) 'example_skip_dag' retrieved from /home/airflow/.local/lib/python3.12/site-packages/airflow/example_dags/example_skip_dag.py
[2024-11-29T14:36:20.116+0000] {logging_mixin.py:190} INFO - [2024-11-29T14:36:20.116+0000] {dag.py:3239} INFO - Sync 1 DAGs
[2024-11-29T14:36:20.148+0000] {logging_mixin.py:190} INFO - [2024-11-29T14:36:20.148+0000] {dag.py:4180} INFO - Setting next_dagrun for example_skip_dag to 2024-11-28 00:00:00+00:00, run_after=2024-11-29 00:00:00+00:00
[2024-11-29T14:36:20.184+0000] {processor.py:208} INFO - Processing /home/airflow/.local/lib/python3.12/site-packages/airflow/example_dags/example_skip_dag.py took 0.114 seconds
[2024-11-29T14:36:51.069+0000] {processor.py:186} INFO - Started process (PID=2184) to work on /home/airflow/.local/lib/python3.12/site-packages/airflow/example_dags/example_skip_dag.py
[2024-11-29T14:36:51.073+0000] {processor.py:914} INFO - Processing file /home/airflow/.local/lib/python3.12/site-packages/airflow/example_dags/example_skip_dag.py for tasks to queue
[2024-11-29T14:36:51.088+0000] {logging_mixin.py:190} INFO - [2024-11-29T14:36:51.087+0000] {dagbag.py:588} INFO - Filling up the DagBag from /home/airflow/.local/lib/python3.12/site-packages/airflow/example_dags/example_skip_dag.py
[2024-11-29T14:36:51.115+0000] {processor.py:925} INFO - DAG(s) 'example_skip_dag' retrieved from /home/airflow/.local/lib/python3.12/site-packages/airflow/example_dags/example_skip_dag.py
[2024-11-29T14:36:51.149+0000] {logging_mixin.py:190} INFO - [2024-11-29T14:36:51.149+0000] {dag.py:3239} INFO - Sync 1 DAGs
[2024-11-29T14:36:51.188+0000] {logging_mixin.py:190} INFO - [2024-11-29T14:36:51.188+0000] {dag.py:4180} INFO - Setting next_dagrun for example_skip_dag to 2024-11-28 00:00:00+00:00, run_after=2024-11-29 00:00:00+00:00
[2024-11-29T14:36:51.228+0000] {processor.py:208} INFO - Processing /home/airflow/.local/lib/python3.12/site-packages/airflow/example_dags/example_skip_dag.py took 0.201 seconds
[2024-11-29T14:37:21.491+0000] {processor.py:186} INFO - Started process (PID=2247) to work on /home/airflow/.local/lib/python3.12/site-packages/airflow/example_dags/example_skip_dag.py
[2024-11-29T14:37:21.496+0000] {processor.py:914} INFO - Processing file /home/airflow/.local/lib/python3.12/site-packages/airflow/example_dags/example_skip_dag.py for tasks to queue
[2024-11-29T14:37:21.518+0000] {logging_mixin.py:190} INFO - [2024-11-29T14:37:21.516+0000] {dagbag.py:588} INFO - Filling up the DagBag from /home/airflow/.local/lib/python3.12/site-packages/airflow/example_dags/example_skip_dag.py
[2024-11-29T14:37:21.551+0000] {processor.py:925} INFO - DAG(s) 'example_skip_dag' retrieved from /home/airflow/.local/lib/python3.12/site-packages/airflow/example_dags/example_skip_dag.py
[2024-11-29T14:37:21.591+0000] {logging_mixin.py:190} INFO - [2024-11-29T14:37:21.591+0000] {dag.py:3239} INFO - Sync 1 DAGs
[2024-11-29T14:37:21.629+0000] {logging_mixin.py:190} INFO - [2024-11-29T14:37:21.628+0000] {dag.py:4180} INFO - Setting next_dagrun for example_skip_dag to 2024-11-28 00:00:00+00:00, run_after=2024-11-29 00:00:00+00:00
[2024-11-29T14:37:21.658+0000] {processor.py:208} INFO - Processing /home/airflow/.local/lib/python3.12/site-packages/airflow/example_dags/example_skip_dag.py took 0.196 seconds
[2024-11-29T14:37:51.739+0000] {processor.py:186} INFO - Started process (PID=2310) to work on /home/airflow/.local/lib/python3.12/site-packages/airflow/example_dags/example_skip_dag.py
[2024-11-29T14:37:51.741+0000] {processor.py:914} INFO - Processing file /home/airflow/.local/lib/python3.12/site-packages/airflow/example_dags/example_skip_dag.py for tasks to queue
[2024-11-29T14:37:51.745+0000] {logging_mixin.py:190} INFO - [2024-11-29T14:37:51.744+0000] {dagbag.py:588} INFO - Filling up the DagBag from /home/airflow/.local/lib/python3.12/site-packages/airflow/example_dags/example_skip_dag.py
[2024-11-29T14:37:51.756+0000] {processor.py:925} INFO - DAG(s) 'example_skip_dag' retrieved from /home/airflow/.local/lib/python3.12/site-packages/airflow/example_dags/example_skip_dag.py
[2024-11-29T14:37:51.784+0000] {logging_mixin.py:190} INFO - [2024-11-29T14:37:51.784+0000] {dag.py:3239} INFO - Sync 1 DAGs
[2024-11-29T14:37:51.815+0000] {logging_mixin.py:190} INFO - [2024-11-29T14:37:51.815+0000] {dag.py:4180} INFO - Setting next_dagrun for example_skip_dag to 2024-11-28 00:00:00+00:00, run_after=2024-11-29 00:00:00+00:00
[2024-11-29T14:37:51.840+0000] {processor.py:208} INFO - Processing /home/airflow/.local/lib/python3.12/site-packages/airflow/example_dags/example_skip_dag.py took 0.112 seconds
[2024-11-29T14:38:22.213+0000] {processor.py:186} INFO - Started process (PID=2373) to work on /home/airflow/.local/lib/python3.12/site-packages/airflow/example_dags/example_skip_dag.py
[2024-11-29T14:38:22.216+0000] {processor.py:914} INFO - Processing file /home/airflow/.local/lib/python3.12/site-packages/airflow/example_dags/example_skip_dag.py for tasks to queue
[2024-11-29T14:38:22.225+0000] {logging_mixin.py:190} INFO - [2024-11-29T14:38:22.224+0000] {dagbag.py:588} INFO - Filling up the DagBag from /home/airflow/.local/lib/python3.12/site-packages/airflow/example_dags/example_skip_dag.py
[2024-11-29T14:38:22.251+0000] {processor.py:925} INFO - DAG(s) 'example_skip_dag' retrieved from /home/airflow/.local/lib/python3.12/site-packages/airflow/example_dags/example_skip_dag.py
[2024-11-29T14:38:22.320+0000] {logging_mixin.py:190} INFO - [2024-11-29T14:38:22.318+0000] {dag.py:3239} INFO - Sync 1 DAGs
[2024-11-29T14:38:22.393+0000] {logging_mixin.py:190} INFO - [2024-11-29T14:38:22.392+0000] {dag.py:4180} INFO - Setting next_dagrun for example_skip_dag to 2024-11-28 00:00:00+00:00, run_after=2024-11-29 00:00:00+00:00
[2024-11-29T14:38:22.445+0000] {processor.py:208} INFO - Processing /home/airflow/.local/lib/python3.12/site-packages/airflow/example_dags/example_skip_dag.py took 0.250 seconds
[2024-11-29T14:38:52.598+0000] {processor.py:186} INFO - Started process (PID=2436) to work on /home/airflow/.local/lib/python3.12/site-packages/airflow/example_dags/example_skip_dag.py
[2024-11-29T14:38:52.600+0000] {processor.py:914} INFO - Processing file /home/airflow/.local/lib/python3.12/site-packages/airflow/example_dags/example_skip_dag.py for tasks to queue
[2024-11-29T14:38:52.604+0000] {logging_mixin.py:190} INFO - [2024-11-29T14:38:52.603+0000] {dagbag.py:588} INFO - Filling up the DagBag from /home/airflow/.local/lib/python3.12/site-packages/airflow/example_dags/example_skip_dag.py
[2024-11-29T14:38:52.612+0000] {processor.py:925} INFO - DAG(s) 'example_skip_dag' retrieved from /home/airflow/.local/lib/python3.12/site-packages/airflow/example_dags/example_skip_dag.py
[2024-11-29T14:38:52.641+0000] {logging_mixin.py:190} INFO - [2024-11-29T14:38:52.641+0000] {dag.py:3239} INFO - Sync 1 DAGs
[2024-11-29T14:38:52.676+0000] {logging_mixin.py:190} INFO - [2024-11-29T14:38:52.675+0000] {dag.py:4180} INFO - Setting next_dagrun for example_skip_dag to 2024-11-28 00:00:00+00:00, run_after=2024-11-29 00:00:00+00:00
[2024-11-29T14:38:52.709+0000] {processor.py:208} INFO - Processing /home/airflow/.local/lib/python3.12/site-packages/airflow/example_dags/example_skip_dag.py took 0.119 seconds
[2024-11-29T14:39:22.776+0000] {processor.py:186} INFO - Started process (PID=2499) to work on /home/airflow/.local/lib/python3.12/site-packages/airflow/example_dags/example_skip_dag.py
[2024-11-29T14:39:22.777+0000] {processor.py:914} INFO - Processing file /home/airflow/.local/lib/python3.12/site-packages/airflow/example_dags/example_skip_dag.py for tasks to queue
[2024-11-29T14:39:22.780+0000] {logging_mixin.py:190} INFO - [2024-11-29T14:39:22.780+0000] {dagbag.py:588} INFO - Filling up the DagBag from /home/airflow/.local/lib/python3.12/site-packages/airflow/example_dags/example_skip_dag.py
[2024-11-29T14:39:22.789+0000] {processor.py:925} INFO - DAG(s) 'example_skip_dag' retrieved from /home/airflow/.local/lib/python3.12/site-packages/airflow/example_dags/example_skip_dag.py
[2024-11-29T14:39:22.814+0000] {logging_mixin.py:190} INFO - [2024-11-29T14:39:22.814+0000] {dag.py:3239} INFO - Sync 1 DAGs
[2024-11-29T14:39:22.841+0000] {logging_mixin.py:190} INFO - [2024-11-29T14:39:22.841+0000] {dag.py:4180} INFO - Setting next_dagrun for example_skip_dag to 2024-11-28 00:00:00+00:00, run_after=2024-11-29 00:00:00+00:00
[2024-11-29T14:39:22.865+0000] {processor.py:208} INFO - Processing /home/airflow/.local/lib/python3.12/site-packages/airflow/example_dags/example_skip_dag.py took 0.096 seconds
[2024-11-29T14:39:53.407+0000] {processor.py:186} INFO - Started process (PID=2560) to work on /home/airflow/.local/lib/python3.12/site-packages/airflow/example_dags/example_skip_dag.py
[2024-11-29T14:39:53.408+0000] {processor.py:914} INFO - Processing file /home/airflow/.local/lib/python3.12/site-packages/airflow/example_dags/example_skip_dag.py for tasks to queue
[2024-11-29T14:39:53.412+0000] {logging_mixin.py:190} INFO - [2024-11-29T14:39:53.412+0000] {dagbag.py:588} INFO - Filling up the DagBag from /home/airflow/.local/lib/python3.12/site-packages/airflow/example_dags/example_skip_dag.py
[2024-11-29T14:39:53.428+0000] {processor.py:925} INFO - DAG(s) 'example_skip_dag' retrieved from /home/airflow/.local/lib/python3.12/site-packages/airflow/example_dags/example_skip_dag.py
[2024-11-29T14:39:53.460+0000] {logging_mixin.py:190} INFO - [2024-11-29T14:39:53.459+0000] {dag.py:3239} INFO - Sync 1 DAGs
[2024-11-29T14:39:53.493+0000] {logging_mixin.py:190} INFO - [2024-11-29T14:39:53.492+0000] {dag.py:4180} INFO - Setting next_dagrun for example_skip_dag to 2024-11-28 00:00:00+00:00, run_after=2024-11-29 00:00:00+00:00
[2024-11-29T14:39:53.526+0000] {processor.py:208} INFO - Processing /home/airflow/.local/lib/python3.12/site-packages/airflow/example_dags/example_skip_dag.py took 0.136 seconds
[2024-11-29T14:40:24.074+0000] {processor.py:186} INFO - Started process (PID=2624) to work on /home/airflow/.local/lib/python3.12/site-packages/airflow/example_dags/example_skip_dag.py
[2024-11-29T14:40:24.077+0000] {processor.py:914} INFO - Processing file /home/airflow/.local/lib/python3.12/site-packages/airflow/example_dags/example_skip_dag.py for tasks to queue
[2024-11-29T14:40:24.084+0000] {logging_mixin.py:190} INFO - [2024-11-29T14:40:24.083+0000] {dagbag.py:588} INFO - Filling up the DagBag from /home/airflow/.local/lib/python3.12/site-packages/airflow/example_dags/example_skip_dag.py
[2024-11-29T14:40:24.108+0000] {processor.py:925} INFO - DAG(s) 'example_skip_dag' retrieved from /home/airflow/.local/lib/python3.12/site-packages/airflow/example_dags/example_skip_dag.py
[2024-11-29T14:40:24.168+0000] {logging_mixin.py:190} INFO - [2024-11-29T14:40:24.168+0000] {dag.py:3239} INFO - Sync 1 DAGs
[2024-11-29T14:40:24.244+0000] {logging_mixin.py:190} INFO - [2024-11-29T14:40:24.243+0000] {dag.py:4180} INFO - Setting next_dagrun for example_skip_dag to 2024-11-28 00:00:00+00:00, run_after=2024-11-29 00:00:00+00:00
[2024-11-29T14:40:24.318+0000] {processor.py:208} INFO - Processing /home/airflow/.local/lib/python3.12/site-packages/airflow/example_dags/example_skip_dag.py took 0.260 seconds
[2024-11-29T14:40:55.101+0000] {processor.py:186} INFO - Started process (PID=2687) to work on /home/airflow/.local/lib/python3.12/site-packages/airflow/example_dags/example_skip_dag.py
[2024-11-29T14:40:55.102+0000] {processor.py:914} INFO - Processing file /home/airflow/.local/lib/python3.12/site-packages/airflow/example_dags/example_skip_dag.py for tasks to queue
[2024-11-29T14:40:55.106+0000] {logging_mixin.py:190} INFO - [2024-11-29T14:40:55.105+0000] {dagbag.py:588} INFO - Filling up the DagBag from /home/airflow/.local/lib/python3.12/site-packages/airflow/example_dags/example_skip_dag.py
[2024-11-29T14:40:55.116+0000] {processor.py:925} INFO - DAG(s) 'example_skip_dag' retrieved from /home/airflow/.local/lib/python3.12/site-packages/airflow/example_dags/example_skip_dag.py
[2024-11-29T14:40:55.139+0000] {logging_mixin.py:190} INFO - [2024-11-29T14:40:55.139+0000] {dag.py:3239} INFO - Sync 1 DAGs
[2024-11-29T14:40:55.167+0000] {logging_mixin.py:190} INFO - [2024-11-29T14:40:55.166+0000] {dag.py:4180} INFO - Setting next_dagrun for example_skip_dag to 2024-11-28 00:00:00+00:00, run_after=2024-11-29 00:00:00+00:00
[2024-11-29T14:40:55.189+0000] {processor.py:208} INFO - Processing /home/airflow/.local/lib/python3.12/site-packages/airflow/example_dags/example_skip_dag.py took 0.095 seconds
[2024-11-29T14:41:25.746+0000] {processor.py:186} INFO - Started process (PID=2750) to work on /home/airflow/.local/lib/python3.12/site-packages/airflow/example_dags/example_skip_dag.py
[2024-11-29T14:41:25.748+0000] {processor.py:914} INFO - Processing file /home/airflow/.local/lib/python3.12/site-packages/airflow/example_dags/example_skip_dag.py for tasks to queue
[2024-11-29T14:41:25.752+0000] {logging_mixin.py:190} INFO - [2024-11-29T14:41:25.752+0000] {dagbag.py:588} INFO - Filling up the DagBag from /home/airflow/.local/lib/python3.12/site-packages/airflow/example_dags/example_skip_dag.py
[2024-11-29T14:41:25.763+0000] {processor.py:925} INFO - DAG(s) 'example_skip_dag' retrieved from /home/airflow/.local/lib/python3.12/site-packages/airflow/example_dags/example_skip_dag.py
[2024-11-29T14:41:25.791+0000] {logging_mixin.py:190} INFO - [2024-11-29T14:41:25.790+0000] {dag.py:3239} INFO - Sync 1 DAGs
[2024-11-29T14:41:25.819+0000] {logging_mixin.py:190} INFO - [2024-11-29T14:41:25.819+0000] {dag.py:4180} INFO - Setting next_dagrun for example_skip_dag to 2024-11-28 00:00:00+00:00, run_after=2024-11-29 00:00:00+00:00
[2024-11-29T14:41:25.845+0000] {processor.py:208} INFO - Processing /home/airflow/.local/lib/python3.12/site-packages/airflow/example_dags/example_skip_dag.py took 0.106 seconds
[2024-11-29T14:41:56.582+0000] {processor.py:186} INFO - Started process (PID=2813) to work on /home/airflow/.local/lib/python3.12/site-packages/airflow/example_dags/example_skip_dag.py
[2024-11-29T14:41:56.583+0000] {processor.py:914} INFO - Processing file /home/airflow/.local/lib/python3.12/site-packages/airflow/example_dags/example_skip_dag.py for tasks to queue
[2024-11-29T14:41:56.586+0000] {logging_mixin.py:190} INFO - [2024-11-29T14:41:56.586+0000] {dagbag.py:588} INFO - Filling up the DagBag from /home/airflow/.local/lib/python3.12/site-packages/airflow/example_dags/example_skip_dag.py
[2024-11-29T14:41:56.596+0000] {processor.py:925} INFO - DAG(s) 'example_skip_dag' retrieved from /home/airflow/.local/lib/python3.12/site-packages/airflow/example_dags/example_skip_dag.py
[2024-11-29T14:41:56.621+0000] {logging_mixin.py:190} INFO - [2024-11-29T14:41:56.621+0000] {dag.py:3239} INFO - Sync 1 DAGs
[2024-11-29T14:41:56.648+0000] {logging_mixin.py:190} INFO - [2024-11-29T14:41:56.648+0000] {dag.py:4180} INFO - Setting next_dagrun for example_skip_dag to 2024-11-28 00:00:00+00:00, run_after=2024-11-29 00:00:00+00:00
[2024-11-29T14:41:56.671+0000] {processor.py:208} INFO - Processing /home/airflow/.local/lib/python3.12/site-packages/airflow/example_dags/example_skip_dag.py took 0.097 seconds
[2024-11-29T14:42:28.374+0000] {processor.py:186} INFO - Started process (PID=2876) to work on /home/airflow/.local/lib/python3.12/site-packages/airflow/example_dags/example_skip_dag.py
[2024-11-29T14:42:28.376+0000] {processor.py:914} INFO - Processing file /home/airflow/.local/lib/python3.12/site-packages/airflow/example_dags/example_skip_dag.py for tasks to queue
[2024-11-29T14:42:28.378+0000] {logging_mixin.py:190} INFO - [2024-11-29T14:42:28.378+0000] {dagbag.py:588} INFO - Filling up the DagBag from /home/airflow/.local/lib/python3.12/site-packages/airflow/example_dags/example_skip_dag.py
[2024-11-29T14:42:28.388+0000] {processor.py:925} INFO - DAG(s) 'example_skip_dag' retrieved from /home/airflow/.local/lib/python3.12/site-packages/airflow/example_dags/example_skip_dag.py
[2024-11-29T14:42:28.417+0000] {logging_mixin.py:190} INFO - [2024-11-29T14:42:28.417+0000] {dag.py:3239} INFO - Sync 1 DAGs
[2024-11-29T14:42:28.448+0000] {logging_mixin.py:190} INFO - [2024-11-29T14:42:28.448+0000] {dag.py:4180} INFO - Setting next_dagrun for example_skip_dag to 2024-11-28 00:00:00+00:00, run_after=2024-11-29 00:00:00+00:00
[2024-11-29T14:42:28.471+0000] {processor.py:208} INFO - Processing /home/airflow/.local/lib/python3.12/site-packages/airflow/example_dags/example_skip_dag.py took 0.103 seconds
[2024-11-29T14:42:59.593+0000] {processor.py:186} INFO - Started process (PID=2939) to work on /home/airflow/.local/lib/python3.12/site-packages/airflow/example_dags/example_skip_dag.py
[2024-11-29T14:42:59.595+0000] {processor.py:914} INFO - Processing file /home/airflow/.local/lib/python3.12/site-packages/airflow/example_dags/example_skip_dag.py for tasks to queue
[2024-11-29T14:42:59.597+0000] {logging_mixin.py:190} INFO - [2024-11-29T14:42:59.597+0000] {dagbag.py:588} INFO - Filling up the DagBag from /home/airflow/.local/lib/python3.12/site-packages/airflow/example_dags/example_skip_dag.py
[2024-11-29T14:42:59.607+0000] {processor.py:925} INFO - DAG(s) 'example_skip_dag' retrieved from /home/airflow/.local/lib/python3.12/site-packages/airflow/example_dags/example_skip_dag.py
[2024-11-29T14:42:59.632+0000] {logging_mixin.py:190} INFO - [2024-11-29T14:42:59.632+0000] {dag.py:3239} INFO - Sync 1 DAGs
[2024-11-29T14:42:59.662+0000] {logging_mixin.py:190} INFO - [2024-11-29T14:42:59.662+0000] {dag.py:4180} INFO - Setting next_dagrun for example_skip_dag to 2024-11-28 00:00:00+00:00, run_after=2024-11-29 00:00:00+00:00
[2024-11-29T14:42:59.685+0000] {processor.py:208} INFO - Processing /home/airflow/.local/lib/python3.12/site-packages/airflow/example_dags/example_skip_dag.py took 0.099 seconds
[2024-11-29T14:43:31.461+0000] {processor.py:186} INFO - Started process (PID=3002) to work on /home/airflow/.local/lib/python3.12/site-packages/airflow/example_dags/example_skip_dag.py
[2024-11-29T14:43:31.462+0000] {processor.py:914} INFO - Processing file /home/airflow/.local/lib/python3.12/site-packages/airflow/example_dags/example_skip_dag.py for tasks to queue
[2024-11-29T14:43:31.466+0000] {logging_mixin.py:190} INFO - [2024-11-29T14:43:31.466+0000] {dagbag.py:588} INFO - Filling up the DagBag from /home/airflow/.local/lib/python3.12/site-packages/airflow/example_dags/example_skip_dag.py
[2024-11-29T14:43:31.476+0000] {processor.py:925} INFO - DAG(s) 'example_skip_dag' retrieved from /home/airflow/.local/lib/python3.12/site-packages/airflow/example_dags/example_skip_dag.py
[2024-11-29T14:43:31.502+0000] {logging_mixin.py:190} INFO - [2024-11-29T14:43:31.502+0000] {dag.py:3239} INFO - Sync 1 DAGs
[2024-11-29T14:43:31.532+0000] {logging_mixin.py:190} INFO - [2024-11-29T14:43:31.532+0000] {dag.py:4180} INFO - Setting next_dagrun for example_skip_dag to 2024-11-28 00:00:00+00:00, run_after=2024-11-29 00:00:00+00:00
[2024-11-29T14:43:31.558+0000] {processor.py:208} INFO - Processing /home/airflow/.local/lib/python3.12/site-packages/airflow/example_dags/example_skip_dag.py took 0.105 seconds
[2024-11-29T14:44:03.244+0000] {processor.py:186} INFO - Started process (PID=3065) to work on /home/airflow/.local/lib/python3.12/site-packages/airflow/example_dags/example_skip_dag.py
[2024-11-29T14:44:03.245+0000] {processor.py:914} INFO - Processing file /home/airflow/.local/lib/python3.12/site-packages/airflow/example_dags/example_skip_dag.py for tasks to queue
[2024-11-29T14:44:03.249+0000] {logging_mixin.py:190} INFO - [2024-11-29T14:44:03.249+0000] {dagbag.py:588} INFO - Filling up the DagBag from /home/airflow/.local/lib/python3.12/site-packages/airflow/example_dags/example_skip_dag.py
[2024-11-29T14:44:03.260+0000] {processor.py:925} INFO - DAG(s) 'example_skip_dag' retrieved from /home/airflow/.local/lib/python3.12/site-packages/airflow/example_dags/example_skip_dag.py
[2024-11-29T14:44:03.285+0000] {logging_mixin.py:190} INFO - [2024-11-29T14:44:03.285+0000] {dag.py:3239} INFO - Sync 1 DAGs
[2024-11-29T14:44:03.313+0000] {logging_mixin.py:190} INFO - [2024-11-29T14:44:03.313+0000] {dag.py:4180} INFO - Setting next_dagrun for example_skip_dag to 2024-11-28 00:00:00+00:00, run_after=2024-11-29 00:00:00+00:00
[2024-11-29T14:44:03.337+0000] {processor.py:208} INFO - Processing /home/airflow/.local/lib/python3.12/site-packages/airflow/example_dags/example_skip_dag.py took 0.101 seconds
[2024-11-29T14:44:34.827+0000] {processor.py:186} INFO - Started process (PID=3128) to work on /home/airflow/.local/lib/python3.12/site-packages/airflow/example_dags/example_skip_dag.py
[2024-11-29T14:44:34.828+0000] {processor.py:914} INFO - Processing file /home/airflow/.local/lib/python3.12/site-packages/airflow/example_dags/example_skip_dag.py for tasks to queue
[2024-11-29T14:44:34.832+0000] {logging_mixin.py:190} INFO - [2024-11-29T14:44:34.832+0000] {dagbag.py:588} INFO - Filling up the DagBag from /home/airflow/.local/lib/python3.12/site-packages/airflow/example_dags/example_skip_dag.py
[2024-11-29T14:44:34.842+0000] {processor.py:925} INFO - DAG(s) 'example_skip_dag' retrieved from /home/airflow/.local/lib/python3.12/site-packages/airflow/example_dags/example_skip_dag.py
[2024-11-29T14:44:34.869+0000] {logging_mixin.py:190} INFO - [2024-11-29T14:44:34.869+0000] {dag.py:3239} INFO - Sync 1 DAGs
[2024-11-29T14:44:34.902+0000] {logging_mixin.py:190} INFO - [2024-11-29T14:44:34.902+0000] {dag.py:4180} INFO - Setting next_dagrun for example_skip_dag to 2024-11-28 00:00:00+00:00, run_after=2024-11-29 00:00:00+00:00
[2024-11-29T14:44:34.930+0000] {processor.py:208} INFO - Processing /home/airflow/.local/lib/python3.12/site-packages/airflow/example_dags/example_skip_dag.py took 0.111 seconds
[2024-11-29T14:45:05.976+0000] {processor.py:186} INFO - Started process (PID=3191) to work on /home/airflow/.local/lib/python3.12/site-packages/airflow/example_dags/example_skip_dag.py
[2024-11-29T14:45:05.978+0000] {processor.py:914} INFO - Processing file /home/airflow/.local/lib/python3.12/site-packages/airflow/example_dags/example_skip_dag.py for tasks to queue
[2024-11-29T14:45:05.981+0000] {logging_mixin.py:190} INFO - [2024-11-29T14:45:05.981+0000] {dagbag.py:588} INFO - Filling up the DagBag from /home/airflow/.local/lib/python3.12/site-packages/airflow/example_dags/example_skip_dag.py
[2024-11-29T14:45:05.994+0000] {processor.py:925} INFO - DAG(s) 'example_skip_dag' retrieved from /home/airflow/.local/lib/python3.12/site-packages/airflow/example_dags/example_skip_dag.py
[2024-11-29T14:45:06.024+0000] {logging_mixin.py:190} INFO - [2024-11-29T14:45:06.023+0000] {dag.py:3239} INFO - Sync 1 DAGs
[2024-11-29T14:45:06.058+0000] {logging_mixin.py:190} INFO - [2024-11-29T14:45:06.058+0000] {dag.py:4180} INFO - Setting next_dagrun for example_skip_dag to 2024-11-28 00:00:00+00:00, run_after=2024-11-29 00:00:00+00:00
[2024-11-29T14:45:06.081+0000] {processor.py:208} INFO - Processing /home/airflow/.local/lib/python3.12/site-packages/airflow/example_dags/example_skip_dag.py took 0.116 seconds
[2024-11-29T14:45:36.776+0000] {processor.py:186} INFO - Started process (PID=3253) to work on /home/airflow/.local/lib/python3.12/site-packages/airflow/example_dags/example_skip_dag.py
[2024-11-29T14:45:36.778+0000] {processor.py:914} INFO - Processing file /home/airflow/.local/lib/python3.12/site-packages/airflow/example_dags/example_skip_dag.py for tasks to queue
[2024-11-29T14:45:36.783+0000] {logging_mixin.py:190} INFO - [2024-11-29T14:45:36.782+0000] {dagbag.py:588} INFO - Filling up the DagBag from /home/airflow/.local/lib/python3.12/site-packages/airflow/example_dags/example_skip_dag.py
[2024-11-29T14:45:36.801+0000] {processor.py:925} INFO - DAG(s) 'example_skip_dag' retrieved from /home/airflow/.local/lib/python3.12/site-packages/airflow/example_dags/example_skip_dag.py
[2024-11-29T14:45:36.862+0000] {logging_mixin.py:190} INFO - [2024-11-29T14:45:36.852+0000] {dag.py:3239} INFO - Sync 1 DAGs
[2024-11-29T14:45:37.127+0000] {logging_mixin.py:190} INFO - [2024-11-29T14:45:37.127+0000] {dag.py:4180} INFO - Setting next_dagrun for example_skip_dag to 2024-11-28 00:00:00+00:00, run_after=2024-11-29 00:00:00+00:00
[2024-11-29T14:45:37.252+0000] {processor.py:208} INFO - Processing /home/airflow/.local/lib/python3.12/site-packages/airflow/example_dags/example_skip_dag.py took 0.487 seconds
[2024-11-29T14:46:07.426+0000] {processor.py:186} INFO - Started process (PID=3315) to work on /home/airflow/.local/lib/python3.12/site-packages/airflow/example_dags/example_skip_dag.py
[2024-11-29T14:46:07.427+0000] {processor.py:914} INFO - Processing file /home/airflow/.local/lib/python3.12/site-packages/airflow/example_dags/example_skip_dag.py for tasks to queue
[2024-11-29T14:46:07.430+0000] {logging_mixin.py:190} INFO - [2024-11-29T14:46:07.430+0000] {dagbag.py:588} INFO - Filling up the DagBag from /home/airflow/.local/lib/python3.12/site-packages/airflow/example_dags/example_skip_dag.py
[2024-11-29T14:46:07.442+0000] {processor.py:925} INFO - DAG(s) 'example_skip_dag' retrieved from /home/airflow/.local/lib/python3.12/site-packages/airflow/example_dags/example_skip_dag.py
[2024-11-29T14:46:07.477+0000] {logging_mixin.py:190} INFO - [2024-11-29T14:46:07.476+0000] {dag.py:3239} INFO - Sync 1 DAGs
[2024-11-29T14:46:07.507+0000] {logging_mixin.py:190} INFO - [2024-11-29T14:46:07.507+0000] {dag.py:4180} INFO - Setting next_dagrun for example_skip_dag to 2024-11-28 00:00:00+00:00, run_after=2024-11-29 00:00:00+00:00
[2024-11-29T14:46:07.698+0000] {processor.py:208} INFO - Processing /home/airflow/.local/lib/python3.12/site-packages/airflow/example_dags/example_skip_dag.py took 0.280 seconds
[2024-11-29T14:46:37.933+0000] {processor.py:186} INFO - Started process (PID=3378) to work on /home/airflow/.local/lib/python3.12/site-packages/airflow/example_dags/example_skip_dag.py
[2024-11-29T14:46:37.935+0000] {processor.py:914} INFO - Processing file /home/airflow/.local/lib/python3.12/site-packages/airflow/example_dags/example_skip_dag.py for tasks to queue
[2024-11-29T14:46:37.938+0000] {logging_mixin.py:190} INFO - [2024-11-29T14:46:37.938+0000] {dagbag.py:588} INFO - Filling up the DagBag from /home/airflow/.local/lib/python3.12/site-packages/airflow/example_dags/example_skip_dag.py
[2024-11-29T14:46:37.950+0000] {processor.py:925} INFO - DAG(s) 'example_skip_dag' retrieved from /home/airflow/.local/lib/python3.12/site-packages/airflow/example_dags/example_skip_dag.py
[2024-11-29T14:46:37.976+0000] {logging_mixin.py:190} INFO - [2024-11-29T14:46:37.976+0000] {dag.py:3239} INFO - Sync 1 DAGs
[2024-11-29T14:46:38.004+0000] {logging_mixin.py:190} INFO - [2024-11-29T14:46:38.004+0000] {dag.py:4180} INFO - Setting next_dagrun for example_skip_dag to 2024-11-28 00:00:00+00:00, run_after=2024-11-29 00:00:00+00:00
[2024-11-29T14:46:38.028+0000] {processor.py:208} INFO - Processing /home/airflow/.local/lib/python3.12/site-packages/airflow/example_dags/example_skip_dag.py took 0.103 seconds
[2024-11-29T14:47:08.177+0000] {processor.py:186} INFO - Started process (PID=3442) to work on /home/airflow/.local/lib/python3.12/site-packages/airflow/example_dags/example_skip_dag.py
[2024-11-29T14:47:08.180+0000] {processor.py:914} INFO - Processing file /home/airflow/.local/lib/python3.12/site-packages/airflow/example_dags/example_skip_dag.py for tasks to queue
[2024-11-29T14:47:08.187+0000] {logging_mixin.py:190} INFO - [2024-11-29T14:47:08.186+0000] {dagbag.py:588} INFO - Filling up the DagBag from /home/airflow/.local/lib/python3.12/site-packages/airflow/example_dags/example_skip_dag.py
[2024-11-29T14:47:08.210+0000] {processor.py:925} INFO - DAG(s) 'example_skip_dag' retrieved from /home/airflow/.local/lib/python3.12/site-packages/airflow/example_dags/example_skip_dag.py
[2024-11-29T14:47:08.271+0000] {logging_mixin.py:190} INFO - [2024-11-29T14:47:08.271+0000] {dag.py:3239} INFO - Sync 1 DAGs
[2024-11-29T14:47:08.301+0000] {logging_mixin.py:190} INFO - [2024-11-29T14:47:08.301+0000] {dag.py:4180} INFO - Setting next_dagrun for example_skip_dag to 2024-11-28 00:00:00+00:00, run_after=2024-11-29 00:00:00+00:00
[2024-11-29T14:47:08.325+0000] {processor.py:208} INFO - Processing /home/airflow/.local/lib/python3.12/site-packages/airflow/example_dags/example_skip_dag.py took 0.166 seconds
[2024-11-29T14:47:39.144+0000] {processor.py:186} INFO - Started process (PID=3505) to work on /home/airflow/.local/lib/python3.12/site-packages/airflow/example_dags/example_skip_dag.py
[2024-11-29T14:47:39.149+0000] {processor.py:914} INFO - Processing file /home/airflow/.local/lib/python3.12/site-packages/airflow/example_dags/example_skip_dag.py for tasks to queue
[2024-11-29T14:47:39.160+0000] {logging_mixin.py:190} INFO - [2024-11-29T14:47:39.159+0000] {dagbag.py:588} INFO - Filling up the DagBag from /home/airflow/.local/lib/python3.12/site-packages/airflow/example_dags/example_skip_dag.py
[2024-11-29T14:47:39.205+0000] {processor.py:925} INFO - DAG(s) 'example_skip_dag' retrieved from /home/airflow/.local/lib/python3.12/site-packages/airflow/example_dags/example_skip_dag.py
[2024-11-29T14:47:39.523+0000] {logging_mixin.py:190} INFO - [2024-11-29T14:47:39.523+0000] {dag.py:3239} INFO - Sync 1 DAGs
[2024-11-29T14:47:39.557+0000] {logging_mixin.py:190} INFO - [2024-11-29T14:47:39.557+0000] {dag.py:4180} INFO - Setting next_dagrun for example_skip_dag to 2024-11-28 00:00:00+00:00, run_after=2024-11-29 00:00:00+00:00
[2024-11-29T14:47:39.585+0000] {processor.py:208} INFO - Processing /home/airflow/.local/lib/python3.12/site-packages/airflow/example_dags/example_skip_dag.py took 0.470 seconds
[2024-11-29T14:48:09.977+0000] {processor.py:186} INFO - Started process (PID=3568) to work on /home/airflow/.local/lib/python3.12/site-packages/airflow/example_dags/example_skip_dag.py
[2024-11-29T14:48:09.979+0000] {processor.py:914} INFO - Processing file /home/airflow/.local/lib/python3.12/site-packages/airflow/example_dags/example_skip_dag.py for tasks to queue
[2024-11-29T14:48:09.984+0000] {logging_mixin.py:190} INFO - [2024-11-29T14:48:09.984+0000] {dagbag.py:588} INFO - Filling up the DagBag from /home/airflow/.local/lib/python3.12/site-packages/airflow/example_dags/example_skip_dag.py
[2024-11-29T14:48:09.999+0000] {processor.py:925} INFO - DAG(s) 'example_skip_dag' retrieved from /home/airflow/.local/lib/python3.12/site-packages/airflow/example_dags/example_skip_dag.py
[2024-11-29T14:48:10.027+0000] {logging_mixin.py:190} INFO - [2024-11-29T14:48:10.026+0000] {dag.py:3239} INFO - Sync 1 DAGs
[2024-11-29T14:48:10.064+0000] {logging_mixin.py:190} INFO - [2024-11-29T14:48:10.063+0000] {dag.py:4180} INFO - Setting next_dagrun for example_skip_dag to 2024-11-28 00:00:00+00:00, run_after=2024-11-29 00:00:00+00:00
[2024-11-29T14:48:10.090+0000] {processor.py:208} INFO - Processing /home/airflow/.local/lib/python3.12/site-packages/airflow/example_dags/example_skip_dag.py took 0.130 seconds
[2024-11-29T14:48:40.280+0000] {processor.py:186} INFO - Started process (PID=3631) to work on /home/airflow/.local/lib/python3.12/site-packages/airflow/example_dags/example_skip_dag.py
[2024-11-29T14:48:40.282+0000] {processor.py:914} INFO - Processing file /home/airflow/.local/lib/python3.12/site-packages/airflow/example_dags/example_skip_dag.py for tasks to queue
[2024-11-29T14:48:40.292+0000] {logging_mixin.py:190} INFO - [2024-11-29T14:48:40.288+0000] {dagbag.py:588} INFO - Filling up the DagBag from /home/airflow/.local/lib/python3.12/site-packages/airflow/example_dags/example_skip_dag.py
[2024-11-29T14:48:40.316+0000] {processor.py:925} INFO - DAG(s) 'example_skip_dag' retrieved from /home/airflow/.local/lib/python3.12/site-packages/airflow/example_dags/example_skip_dag.py
[2024-11-29T14:48:40.352+0000] {logging_mixin.py:190} INFO - [2024-11-29T14:48:40.351+0000] {dag.py:3239} INFO - Sync 1 DAGs
[2024-11-29T14:48:40.423+0000] {logging_mixin.py:190} INFO - [2024-11-29T14:48:40.423+0000] {dag.py:4180} INFO - Setting next_dagrun for example_skip_dag to 2024-11-28 00:00:00+00:00, run_after=2024-11-29 00:00:00+00:00
[2024-11-29T14:48:40.501+0000] {processor.py:208} INFO - Processing /home/airflow/.local/lib/python3.12/site-packages/airflow/example_dags/example_skip_dag.py took 0.241 seconds
[2024-11-29T14:49:11.461+0000] {processor.py:186} INFO - Started process (PID=3701) to work on /home/airflow/.local/lib/python3.12/site-packages/airflow/example_dags/example_skip_dag.py
[2024-11-29T14:49:11.463+0000] {processor.py:914} INFO - Processing file /home/airflow/.local/lib/python3.12/site-packages/airflow/example_dags/example_skip_dag.py for tasks to queue
[2024-11-29T14:49:11.469+0000] {logging_mixin.py:190} INFO - [2024-11-29T14:49:11.468+0000] {dagbag.py:588} INFO - Filling up the DagBag from /home/airflow/.local/lib/python3.12/site-packages/airflow/example_dags/example_skip_dag.py
[2024-11-29T14:49:11.487+0000] {processor.py:925} INFO - DAG(s) 'example_skip_dag' retrieved from /home/airflow/.local/lib/python3.12/site-packages/airflow/example_dags/example_skip_dag.py
[2024-11-29T14:49:11.538+0000] {logging_mixin.py:190} INFO - [2024-11-29T14:49:11.537+0000] {dag.py:3239} INFO - Sync 1 DAGs
[2024-11-29T14:49:11.582+0000] {logging_mixin.py:190} INFO - [2024-11-29T14:49:11.582+0000] {dag.py:4180} INFO - Setting next_dagrun for example_skip_dag to 2024-11-28 00:00:00+00:00, run_after=2024-11-29 00:00:00+00:00
[2024-11-29T14:49:11.603+0000] {processor.py:208} INFO - Processing /home/airflow/.local/lib/python3.12/site-packages/airflow/example_dags/example_skip_dag.py took 0.153 seconds
