[2024-11-29T14:05:14.463+0000] {processor.py:186} INFO - Started process (PID=111) to work on /home/airflow/.local/lib/python3.12/site-packages/airflow/example_dags/tutorial.py
[2024-11-29T14:05:14.465+0000] {processor.py:914} INFO - Processing file /home/airflow/.local/lib/python3.12/site-packages/airflow/example_dags/tutorial.py for tasks to queue
[2024-11-29T14:05:14.469+0000] {logging_mixin.py:190} INFO - [2024-11-29T14:05:14.468+0000] {dagbag.py:588} INFO - Filling up the DagBag from /home/airflow/.local/lib/python3.12/site-packages/airflow/example_dags/tutorial.py
[2024-11-29T14:05:14.485+0000] {processor.py:925} INFO - DAG(s) 'tutorial' retrieved from /home/airflow/.local/lib/python3.12/site-packages/airflow/example_dags/tutorial.py
[2024-11-29T14:05:14.517+0000] {logging_mixin.py:190} INFO - [2024-11-29T14:05:14.517+0000] {dag.py:3239} INFO - Sync 1 DAGs
[2024-11-29T14:05:14.550+0000] {logging_mixin.py:190} INFO - [2024-11-29T14:05:14.549+0000] {dag.py:4180} INFO - Setting next_dagrun for tutorial to 2024-11-28 00:00:00+00:00, run_after=2024-11-29 00:00:00+00:00
[2024-11-29T14:05:14.578+0000] {processor.py:208} INFO - Processing /home/airflow/.local/lib/python3.12/site-packages/airflow/example_dags/tutorial.py took 0.123 seconds
[2024-11-29T14:05:45.421+0000] {processor.py:186} INFO - Started process (PID=174) to work on /home/airflow/.local/lib/python3.12/site-packages/airflow/example_dags/tutorial.py
[2024-11-29T14:05:45.422+0000] {processor.py:914} INFO - Processing file /home/airflow/.local/lib/python3.12/site-packages/airflow/example_dags/tutorial.py for tasks to queue
[2024-11-29T14:05:45.425+0000] {logging_mixin.py:190} INFO - [2024-11-29T14:05:45.424+0000] {dagbag.py:588} INFO - Filling up the DagBag from /home/airflow/.local/lib/python3.12/site-packages/airflow/example_dags/tutorial.py
[2024-11-29T14:05:45.437+0000] {processor.py:925} INFO - DAG(s) 'tutorial' retrieved from /home/airflow/.local/lib/python3.12/site-packages/airflow/example_dags/tutorial.py
[2024-11-29T14:05:45.461+0000] {logging_mixin.py:190} INFO - [2024-11-29T14:05:45.461+0000] {dag.py:3239} INFO - Sync 1 DAGs
[2024-11-29T14:05:45.494+0000] {logging_mixin.py:190} INFO - [2024-11-29T14:05:45.494+0000] {dag.py:4180} INFO - Setting next_dagrun for tutorial to 2024-11-28 00:00:00+00:00, run_after=2024-11-29 00:00:00+00:00
[2024-11-29T14:05:45.528+0000] {processor.py:208} INFO - Processing /home/airflow/.local/lib/python3.12/site-packages/airflow/example_dags/tutorial.py took 0.114 seconds
[2024-11-29T14:06:16.682+0000] {processor.py:186} INFO - Started process (PID=237) to work on /home/airflow/.local/lib/python3.12/site-packages/airflow/example_dags/tutorial.py
[2024-11-29T14:06:16.683+0000] {processor.py:914} INFO - Processing file /home/airflow/.local/lib/python3.12/site-packages/airflow/example_dags/tutorial.py for tasks to queue
[2024-11-29T14:06:16.687+0000] {logging_mixin.py:190} INFO - [2024-11-29T14:06:16.686+0000] {dagbag.py:588} INFO - Filling up the DagBag from /home/airflow/.local/lib/python3.12/site-packages/airflow/example_dags/tutorial.py
[2024-11-29T14:06:16.698+0000] {processor.py:925} INFO - DAG(s) 'tutorial' retrieved from /home/airflow/.local/lib/python3.12/site-packages/airflow/example_dags/tutorial.py
[2024-11-29T14:06:16.725+0000] {logging_mixin.py:190} INFO - [2024-11-29T14:06:16.725+0000] {dag.py:3239} INFO - Sync 1 DAGs
[2024-11-29T14:06:16.760+0000] {logging_mixin.py:190} INFO - [2024-11-29T14:06:16.760+0000] {dag.py:4180} INFO - Setting next_dagrun for tutorial to 2024-11-28 00:00:00+00:00, run_after=2024-11-29 00:00:00+00:00
[2024-11-29T14:06:16.801+0000] {processor.py:208} INFO - Processing /home/airflow/.local/lib/python3.12/site-packages/airflow/example_dags/tutorial.py took 0.126 seconds
[2024-11-29T14:06:47.238+0000] {processor.py:186} INFO - Started process (PID=299) to work on /home/airflow/.local/lib/python3.12/site-packages/airflow/example_dags/tutorial.py
[2024-11-29T14:06:47.240+0000] {processor.py:914} INFO - Processing file /home/airflow/.local/lib/python3.12/site-packages/airflow/example_dags/tutorial.py for tasks to queue
[2024-11-29T14:06:47.244+0000] {logging_mixin.py:190} INFO - [2024-11-29T14:06:47.243+0000] {dagbag.py:588} INFO - Filling up the DagBag from /home/airflow/.local/lib/python3.12/site-packages/airflow/example_dags/tutorial.py
[2024-11-29T14:06:47.261+0000] {processor.py:925} INFO - DAG(s) 'tutorial' retrieved from /home/airflow/.local/lib/python3.12/site-packages/airflow/example_dags/tutorial.py
[2024-11-29T14:06:47.303+0000] {logging_mixin.py:190} INFO - [2024-11-29T14:06:47.303+0000] {dag.py:3239} INFO - Sync 1 DAGs
[2024-11-29T14:06:47.356+0000] {logging_mixin.py:190} INFO - [2024-11-29T14:06:47.356+0000] {dag.py:4180} INFO - Setting next_dagrun for tutorial to 2024-11-28 00:00:00+00:00, run_after=2024-11-29 00:00:00+00:00
[2024-11-29T14:06:47.404+0000] {processor.py:208} INFO - Processing /home/airflow/.local/lib/python3.12/site-packages/airflow/example_dags/tutorial.py took 0.183 seconds
[2024-11-29T14:07:17.736+0000] {processor.py:186} INFO - Started process (PID=362) to work on /home/airflow/.local/lib/python3.12/site-packages/airflow/example_dags/tutorial.py
[2024-11-29T14:07:17.737+0000] {processor.py:914} INFO - Processing file /home/airflow/.local/lib/python3.12/site-packages/airflow/example_dags/tutorial.py for tasks to queue
[2024-11-29T14:07:17.741+0000] {logging_mixin.py:190} INFO - [2024-11-29T14:07:17.740+0000] {dagbag.py:588} INFO - Filling up the DagBag from /home/airflow/.local/lib/python3.12/site-packages/airflow/example_dags/tutorial.py
[2024-11-29T14:07:17.749+0000] {processor.py:925} INFO - DAG(s) 'tutorial' retrieved from /home/airflow/.local/lib/python3.12/site-packages/airflow/example_dags/tutorial.py
[2024-11-29T14:07:17.771+0000] {logging_mixin.py:190} INFO - [2024-11-29T14:07:17.771+0000] {dag.py:3239} INFO - Sync 1 DAGs
[2024-11-29T14:07:17.798+0000] {logging_mixin.py:190} INFO - [2024-11-29T14:07:17.798+0000] {dag.py:4180} INFO - Setting next_dagrun for tutorial to 2024-11-28 00:00:00+00:00, run_after=2024-11-29 00:00:00+00:00
[2024-11-29T14:07:17.827+0000] {processor.py:208} INFO - Processing /home/airflow/.local/lib/python3.12/site-packages/airflow/example_dags/tutorial.py took 0.098 seconds
[2024-11-29T14:07:48.217+0000] {processor.py:186} INFO - Started process (PID=423) to work on /home/airflow/.local/lib/python3.12/site-packages/airflow/example_dags/tutorial.py
[2024-11-29T14:07:48.218+0000] {processor.py:914} INFO - Processing file /home/airflow/.local/lib/python3.12/site-packages/airflow/example_dags/tutorial.py for tasks to queue
[2024-11-29T14:07:48.221+0000] {logging_mixin.py:190} INFO - [2024-11-29T14:07:48.220+0000] {dagbag.py:588} INFO - Filling up the DagBag from /home/airflow/.local/lib/python3.12/site-packages/airflow/example_dags/tutorial.py
[2024-11-29T14:07:48.234+0000] {processor.py:925} INFO - DAG(s) 'tutorial' retrieved from /home/airflow/.local/lib/python3.12/site-packages/airflow/example_dags/tutorial.py
[2024-11-29T14:07:48.257+0000] {logging_mixin.py:190} INFO - [2024-11-29T14:07:48.256+0000] {dag.py:3239} INFO - Sync 1 DAGs
[2024-11-29T14:07:48.291+0000] {logging_mixin.py:190} INFO - [2024-11-29T14:07:48.291+0000] {dag.py:4180} INFO - Setting next_dagrun for tutorial to 2024-11-28 00:00:00+00:00, run_after=2024-11-29 00:00:00+00:00
[2024-11-29T14:07:48.317+0000] {processor.py:208} INFO - Processing /home/airflow/.local/lib/python3.12/site-packages/airflow/example_dags/tutorial.py took 0.108 seconds
[2024-11-29T14:08:18.793+0000] {processor.py:186} INFO - Started process (PID=485) to work on /home/airflow/.local/lib/python3.12/site-packages/airflow/example_dags/tutorial.py
[2024-11-29T14:08:18.794+0000] {processor.py:914} INFO - Processing file /home/airflow/.local/lib/python3.12/site-packages/airflow/example_dags/tutorial.py for tasks to queue
[2024-11-29T14:08:18.798+0000] {logging_mixin.py:190} INFO - [2024-11-29T14:08:18.798+0000] {dagbag.py:588} INFO - Filling up the DagBag from /home/airflow/.local/lib/python3.12/site-packages/airflow/example_dags/tutorial.py
[2024-11-29T14:08:18.808+0000] {processor.py:925} INFO - DAG(s) 'tutorial' retrieved from /home/airflow/.local/lib/python3.12/site-packages/airflow/example_dags/tutorial.py
[2024-11-29T14:08:18.834+0000] {logging_mixin.py:190} INFO - [2024-11-29T14:08:18.834+0000] {dag.py:3239} INFO - Sync 1 DAGs
[2024-11-29T14:08:18.871+0000] {logging_mixin.py:190} INFO - [2024-11-29T14:08:18.871+0000] {dag.py:4180} INFO - Setting next_dagrun for tutorial to 2024-11-28 00:00:00+00:00, run_after=2024-11-29 00:00:00+00:00
[2024-11-29T14:08:18.895+0000] {processor.py:208} INFO - Processing /home/airflow/.local/lib/python3.12/site-packages/airflow/example_dags/tutorial.py took 0.111 seconds
[2024-11-29T14:08:49.867+0000] {processor.py:186} INFO - Started process (PID=548) to work on /home/airflow/.local/lib/python3.12/site-packages/airflow/example_dags/tutorial.py
[2024-11-29T14:08:49.869+0000] {processor.py:914} INFO - Processing file /home/airflow/.local/lib/python3.12/site-packages/airflow/example_dags/tutorial.py for tasks to queue
[2024-11-29T14:08:49.873+0000] {logging_mixin.py:190} INFO - [2024-11-29T14:08:49.872+0000] {dagbag.py:588} INFO - Filling up the DagBag from /home/airflow/.local/lib/python3.12/site-packages/airflow/example_dags/tutorial.py
[2024-11-29T14:08:49.889+0000] {processor.py:925} INFO - DAG(s) 'tutorial' retrieved from /home/airflow/.local/lib/python3.12/site-packages/airflow/example_dags/tutorial.py
[2024-11-29T14:08:49.916+0000] {logging_mixin.py:190} INFO - [2024-11-29T14:08:49.915+0000] {dag.py:3239} INFO - Sync 1 DAGs
[2024-11-29T14:08:49.943+0000] {logging_mixin.py:190} INFO - [2024-11-29T14:08:49.943+0000] {dag.py:4180} INFO - Setting next_dagrun for tutorial to 2024-11-28 00:00:00+00:00, run_after=2024-11-29 00:00:00+00:00
[2024-11-29T14:08:49.967+0000] {processor.py:208} INFO - Processing /home/airflow/.local/lib/python3.12/site-packages/airflow/example_dags/tutorial.py took 0.113 seconds
[2024-11-29T14:09:20.875+0000] {processor.py:186} INFO - Started process (PID=617) to work on /home/airflow/.local/lib/python3.12/site-packages/airflow/example_dags/tutorial.py
[2024-11-29T14:09:20.877+0000] {processor.py:914} INFO - Processing file /home/airflow/.local/lib/python3.12/site-packages/airflow/example_dags/tutorial.py for tasks to queue
[2024-11-29T14:09:20.881+0000] {logging_mixin.py:190} INFO - [2024-11-29T14:09:20.880+0000] {dagbag.py:588} INFO - Filling up the DagBag from /home/airflow/.local/lib/python3.12/site-packages/airflow/example_dags/tutorial.py
[2024-11-29T14:09:20.898+0000] {processor.py:925} INFO - DAG(s) 'tutorial' retrieved from /home/airflow/.local/lib/python3.12/site-packages/airflow/example_dags/tutorial.py
[2024-11-29T14:09:20.930+0000] {logging_mixin.py:190} INFO - [2024-11-29T14:09:20.929+0000] {dag.py:3239} INFO - Sync 1 DAGs
[2024-11-29T14:09:20.974+0000] {logging_mixin.py:190} INFO - [2024-11-29T14:09:20.974+0000] {dag.py:4180} INFO - Setting next_dagrun for tutorial to 2024-11-28 00:00:00+00:00, run_after=2024-11-29 00:00:00+00:00
[2024-11-29T14:09:21.011+0000] {processor.py:208} INFO - Processing /home/airflow/.local/lib/python3.12/site-packages/airflow/example_dags/tutorial.py took 0.146 seconds
[2024-11-29T14:09:51.315+0000] {processor.py:186} INFO - Started process (PID=680) to work on /home/airflow/.local/lib/python3.12/site-packages/airflow/example_dags/tutorial.py
[2024-11-29T14:09:51.317+0000] {processor.py:914} INFO - Processing file /home/airflow/.local/lib/python3.12/site-packages/airflow/example_dags/tutorial.py for tasks to queue
[2024-11-29T14:09:51.320+0000] {logging_mixin.py:190} INFO - [2024-11-29T14:09:51.320+0000] {dagbag.py:588} INFO - Filling up the DagBag from /home/airflow/.local/lib/python3.12/site-packages/airflow/example_dags/tutorial.py
[2024-11-29T14:09:51.330+0000] {processor.py:925} INFO - DAG(s) 'tutorial' retrieved from /home/airflow/.local/lib/python3.12/site-packages/airflow/example_dags/tutorial.py
[2024-11-29T14:09:51.357+0000] {logging_mixin.py:190} INFO - [2024-11-29T14:09:51.357+0000] {dag.py:3239} INFO - Sync 1 DAGs
[2024-11-29T14:09:51.395+0000] {logging_mixin.py:190} INFO - [2024-11-29T14:09:51.395+0000] {dag.py:4180} INFO - Setting next_dagrun for tutorial to 2024-11-28 00:00:00+00:00, run_after=2024-11-29 00:00:00+00:00
[2024-11-29T14:09:51.431+0000] {processor.py:208} INFO - Processing /home/airflow/.local/lib/python3.12/site-packages/airflow/example_dags/tutorial.py took 0.123 seconds
[2024-11-29T14:10:21.712+0000] {processor.py:186} INFO - Started process (PID=743) to work on /home/airflow/.local/lib/python3.12/site-packages/airflow/example_dags/tutorial.py
[2024-11-29T14:10:21.714+0000] {processor.py:914} INFO - Processing file /home/airflow/.local/lib/python3.12/site-packages/airflow/example_dags/tutorial.py for tasks to queue
[2024-11-29T14:10:21.716+0000] {logging_mixin.py:190} INFO - [2024-11-29T14:10:21.716+0000] {dagbag.py:588} INFO - Filling up the DagBag from /home/airflow/.local/lib/python3.12/site-packages/airflow/example_dags/tutorial.py
[2024-11-29T14:10:21.725+0000] {processor.py:925} INFO - DAG(s) 'tutorial' retrieved from /home/airflow/.local/lib/python3.12/site-packages/airflow/example_dags/tutorial.py
[2024-11-29T14:10:21.747+0000] {logging_mixin.py:190} INFO - [2024-11-29T14:10:21.747+0000] {dag.py:3239} INFO - Sync 1 DAGs
[2024-11-29T14:10:21.774+0000] {logging_mixin.py:190} INFO - [2024-11-29T14:10:21.773+0000] {dag.py:4180} INFO - Setting next_dagrun for tutorial to 2024-11-28 00:00:00+00:00, run_after=2024-11-29 00:00:00+00:00
[2024-11-29T14:10:21.803+0000] {processor.py:208} INFO - Processing /home/airflow/.local/lib/python3.12/site-packages/airflow/example_dags/tutorial.py took 0.098 seconds
[2024-11-29T14:10:52.359+0000] {processor.py:186} INFO - Started process (PID=805) to work on /home/airflow/.local/lib/python3.12/site-packages/airflow/example_dags/tutorial.py
[2024-11-29T14:10:52.360+0000] {processor.py:914} INFO - Processing file /home/airflow/.local/lib/python3.12/site-packages/airflow/example_dags/tutorial.py for tasks to queue
[2024-11-29T14:10:52.364+0000] {logging_mixin.py:190} INFO - [2024-11-29T14:10:52.364+0000] {dagbag.py:588} INFO - Filling up the DagBag from /home/airflow/.local/lib/python3.12/site-packages/airflow/example_dags/tutorial.py
[2024-11-29T14:10:52.375+0000] {processor.py:925} INFO - DAG(s) 'tutorial' retrieved from /home/airflow/.local/lib/python3.12/site-packages/airflow/example_dags/tutorial.py
[2024-11-29T14:10:52.399+0000] {logging_mixin.py:190} INFO - [2024-11-29T14:10:52.399+0000] {dag.py:3239} INFO - Sync 1 DAGs
[2024-11-29T14:10:52.432+0000] {logging_mixin.py:190} INFO - [2024-11-29T14:10:52.432+0000] {dag.py:4180} INFO - Setting next_dagrun for tutorial to 2024-11-28 00:00:00+00:00, run_after=2024-11-29 00:00:00+00:00
[2024-11-29T14:10:52.456+0000] {processor.py:208} INFO - Processing /home/airflow/.local/lib/python3.12/site-packages/airflow/example_dags/tutorial.py took 0.109 seconds
[2024-11-29T14:11:22.610+0000] {processor.py:186} INFO - Started process (PID=868) to work on /home/airflow/.local/lib/python3.12/site-packages/airflow/example_dags/tutorial.py
[2024-11-29T14:11:22.614+0000] {processor.py:914} INFO - Processing file /home/airflow/.local/lib/python3.12/site-packages/airflow/example_dags/tutorial.py for tasks to queue
[2024-11-29T14:11:22.628+0000] {logging_mixin.py:190} INFO - [2024-11-29T14:11:22.626+0000] {dagbag.py:588} INFO - Filling up the DagBag from /home/airflow/.local/lib/python3.12/site-packages/airflow/example_dags/tutorial.py
[2024-11-29T14:11:22.667+0000] {processor.py:925} INFO - DAG(s) 'tutorial' retrieved from /home/airflow/.local/lib/python3.12/site-packages/airflow/example_dags/tutorial.py
[2024-11-29T14:11:22.726+0000] {logging_mixin.py:190} INFO - [2024-11-29T14:11:22.726+0000] {dag.py:3239} INFO - Sync 1 DAGs
[2024-11-29T14:11:22.785+0000] {logging_mixin.py:190} INFO - [2024-11-29T14:11:22.785+0000] {dag.py:4180} INFO - Setting next_dagrun for tutorial to 2024-11-28 00:00:00+00:00, run_after=2024-11-29 00:00:00+00:00
[2024-11-29T14:11:22.838+0000] {processor.py:208} INFO - Processing /home/airflow/.local/lib/python3.12/site-packages/airflow/example_dags/tutorial.py took 0.264 seconds
[2024-11-29T14:11:53.452+0000] {processor.py:186} INFO - Started process (PID=931) to work on /home/airflow/.local/lib/python3.12/site-packages/airflow/example_dags/tutorial.py
[2024-11-29T14:11:53.453+0000] {processor.py:914} INFO - Processing file /home/airflow/.local/lib/python3.12/site-packages/airflow/example_dags/tutorial.py for tasks to queue
[2024-11-29T14:11:53.457+0000] {logging_mixin.py:190} INFO - [2024-11-29T14:11:53.456+0000] {dagbag.py:588} INFO - Filling up the DagBag from /home/airflow/.local/lib/python3.12/site-packages/airflow/example_dags/tutorial.py
[2024-11-29T14:11:53.468+0000] {processor.py:925} INFO - DAG(s) 'tutorial' retrieved from /home/airflow/.local/lib/python3.12/site-packages/airflow/example_dags/tutorial.py
[2024-11-29T14:11:53.491+0000] {logging_mixin.py:190} INFO - [2024-11-29T14:11:53.491+0000] {dag.py:3239} INFO - Sync 1 DAGs
[2024-11-29T14:11:53.519+0000] {logging_mixin.py:190} INFO - [2024-11-29T14:11:53.519+0000] {dag.py:4180} INFO - Setting next_dagrun for tutorial to 2024-11-28 00:00:00+00:00, run_after=2024-11-29 00:00:00+00:00
[2024-11-29T14:11:53.548+0000] {processor.py:208} INFO - Processing /home/airflow/.local/lib/python3.12/site-packages/airflow/example_dags/tutorial.py took 0.106 seconds
[2024-11-29T14:12:24.191+0000] {processor.py:186} INFO - Started process (PID=994) to work on /home/airflow/.local/lib/python3.12/site-packages/airflow/example_dags/tutorial.py
[2024-11-29T14:12:24.192+0000] {processor.py:914} INFO - Processing file /home/airflow/.local/lib/python3.12/site-packages/airflow/example_dags/tutorial.py for tasks to queue
[2024-11-29T14:12:24.196+0000] {logging_mixin.py:190} INFO - [2024-11-29T14:12:24.196+0000] {dagbag.py:588} INFO - Filling up the DagBag from /home/airflow/.local/lib/python3.12/site-packages/airflow/example_dags/tutorial.py
[2024-11-29T14:12:24.207+0000] {processor.py:925} INFO - DAG(s) 'tutorial' retrieved from /home/airflow/.local/lib/python3.12/site-packages/airflow/example_dags/tutorial.py
[2024-11-29T14:12:24.233+0000] {logging_mixin.py:190} INFO - [2024-11-29T14:12:24.233+0000] {dag.py:3239} INFO - Sync 1 DAGs
[2024-11-29T14:12:24.264+0000] {logging_mixin.py:190} INFO - [2024-11-29T14:12:24.264+0000] {dag.py:4180} INFO - Setting next_dagrun for tutorial to 2024-11-28 00:00:00+00:00, run_after=2024-11-29 00:00:00+00:00
[2024-11-29T14:12:24.287+0000] {processor.py:208} INFO - Processing /home/airflow/.local/lib/python3.12/site-packages/airflow/example_dags/tutorial.py took 0.108 seconds
[2024-11-29T14:12:54.850+0000] {processor.py:186} INFO - Started process (PID=1057) to work on /home/airflow/.local/lib/python3.12/site-packages/airflow/example_dags/tutorial.py
[2024-11-29T14:12:54.852+0000] {processor.py:914} INFO - Processing file /home/airflow/.local/lib/python3.12/site-packages/airflow/example_dags/tutorial.py for tasks to queue
[2024-11-29T14:12:54.858+0000] {logging_mixin.py:190} INFO - [2024-11-29T14:12:54.857+0000] {dagbag.py:588} INFO - Filling up the DagBag from /home/airflow/.local/lib/python3.12/site-packages/airflow/example_dags/tutorial.py
[2024-11-29T14:12:54.876+0000] {processor.py:925} INFO - DAG(s) 'tutorial' retrieved from /home/airflow/.local/lib/python3.12/site-packages/airflow/example_dags/tutorial.py
[2024-11-29T14:12:54.901+0000] {logging_mixin.py:190} INFO - [2024-11-29T14:12:54.901+0000] {dag.py:3239} INFO - Sync 1 DAGs
[2024-11-29T14:12:54.935+0000] {logging_mixin.py:190} INFO - [2024-11-29T14:12:54.934+0000] {dag.py:4180} INFO - Setting next_dagrun for tutorial to 2024-11-28 00:00:00+00:00, run_after=2024-11-29 00:00:00+00:00
[2024-11-29T14:12:54.976+0000] {processor.py:208} INFO - Processing /home/airflow/.local/lib/python3.12/site-packages/airflow/example_dags/tutorial.py took 0.141 seconds
[2024-11-29T14:13:25.559+0000] {processor.py:186} INFO - Started process (PID=1120) to work on /home/airflow/.local/lib/python3.12/site-packages/airflow/example_dags/tutorial.py
[2024-11-29T14:13:25.561+0000] {processor.py:914} INFO - Processing file /home/airflow/.local/lib/python3.12/site-packages/airflow/example_dags/tutorial.py for tasks to queue
[2024-11-29T14:13:25.565+0000] {logging_mixin.py:190} INFO - [2024-11-29T14:13:25.564+0000] {dagbag.py:588} INFO - Filling up the DagBag from /home/airflow/.local/lib/python3.12/site-packages/airflow/example_dags/tutorial.py
[2024-11-29T14:13:25.578+0000] {processor.py:925} INFO - DAG(s) 'tutorial' retrieved from /home/airflow/.local/lib/python3.12/site-packages/airflow/example_dags/tutorial.py
[2024-11-29T14:13:25.608+0000] {logging_mixin.py:190} INFO - [2024-11-29T14:13:25.607+0000] {dag.py:3239} INFO - Sync 1 DAGs
[2024-11-29T14:13:25.648+0000] {logging_mixin.py:190} INFO - [2024-11-29T14:13:25.648+0000] {dag.py:4180} INFO - Setting next_dagrun for tutorial to 2024-11-28 00:00:00+00:00, run_after=2024-11-29 00:00:00+00:00
[2024-11-29T14:13:25.676+0000] {processor.py:208} INFO - Processing /home/airflow/.local/lib/python3.12/site-packages/airflow/example_dags/tutorial.py took 0.127 seconds
[2024-11-29T14:19:54.944+0000] {processor.py:186} INFO - Started process (PID=112) to work on /home/airflow/.local/lib/python3.12/site-packages/airflow/example_dags/tutorial.py
[2024-11-29T14:19:54.945+0000] {processor.py:914} INFO - Processing file /home/airflow/.local/lib/python3.12/site-packages/airflow/example_dags/tutorial.py for tasks to queue
[2024-11-29T14:19:54.950+0000] {logging_mixin.py:190} INFO - [2024-11-29T14:19:54.948+0000] {dagbag.py:588} INFO - Filling up the DagBag from /home/airflow/.local/lib/python3.12/site-packages/airflow/example_dags/tutorial.py
[2024-11-29T14:19:54.963+0000] {processor.py:925} INFO - DAG(s) 'tutorial' retrieved from /home/airflow/.local/lib/python3.12/site-packages/airflow/example_dags/tutorial.py
[2024-11-29T14:19:54.996+0000] {logging_mixin.py:190} INFO - [2024-11-29T14:19:54.996+0000] {dag.py:3239} INFO - Sync 1 DAGs
[2024-11-29T14:19:55.040+0000] {logging_mixin.py:190} INFO - [2024-11-29T14:19:55.040+0000] {dag.py:4180} INFO - Setting next_dagrun for tutorial to 2024-11-28 00:00:00+00:00, run_after=2024-11-29 00:00:00+00:00
[2024-11-29T14:19:55.081+0000] {processor.py:208} INFO - Processing /home/airflow/.local/lib/python3.12/site-packages/airflow/example_dags/tutorial.py took 0.145 seconds
[2024-11-29T14:20:25.822+0000] {processor.py:186} INFO - Started process (PID=175) to work on /home/airflow/.local/lib/python3.12/site-packages/airflow/example_dags/tutorial.py
[2024-11-29T14:20:25.824+0000] {processor.py:914} INFO - Processing file /home/airflow/.local/lib/python3.12/site-packages/airflow/example_dags/tutorial.py for tasks to queue
[2024-11-29T14:20:25.827+0000] {logging_mixin.py:190} INFO - [2024-11-29T14:20:25.826+0000] {dagbag.py:588} INFO - Filling up the DagBag from /home/airflow/.local/lib/python3.12/site-packages/airflow/example_dags/tutorial.py
[2024-11-29T14:20:25.835+0000] {processor.py:925} INFO - DAG(s) 'tutorial' retrieved from /home/airflow/.local/lib/python3.12/site-packages/airflow/example_dags/tutorial.py
[2024-11-29T14:20:25.858+0000] {logging_mixin.py:190} INFO - [2024-11-29T14:20:25.858+0000] {dag.py:3239} INFO - Sync 1 DAGs
[2024-11-29T14:20:25.890+0000] {logging_mixin.py:190} INFO - [2024-11-29T14:20:25.890+0000] {dag.py:4180} INFO - Setting next_dagrun for tutorial to 2024-11-28 00:00:00+00:00, run_after=2024-11-29 00:00:00+00:00
[2024-11-29T14:20:25.959+0000] {processor.py:208} INFO - Processing /home/airflow/.local/lib/python3.12/site-packages/airflow/example_dags/tutorial.py took 0.144 seconds
[2024-11-29T14:20:56.233+0000] {processor.py:186} INFO - Started process (PID=238) to work on /home/airflow/.local/lib/python3.12/site-packages/airflow/example_dags/tutorial.py
[2024-11-29T14:20:56.234+0000] {processor.py:914} INFO - Processing file /home/airflow/.local/lib/python3.12/site-packages/airflow/example_dags/tutorial.py for tasks to queue
[2024-11-29T14:20:56.238+0000] {logging_mixin.py:190} INFO - [2024-11-29T14:20:56.237+0000] {dagbag.py:588} INFO - Filling up the DagBag from /home/airflow/.local/lib/python3.12/site-packages/airflow/example_dags/tutorial.py
[2024-11-29T14:20:56.250+0000] {processor.py:925} INFO - DAG(s) 'tutorial' retrieved from /home/airflow/.local/lib/python3.12/site-packages/airflow/example_dags/tutorial.py
[2024-11-29T14:20:56.276+0000] {logging_mixin.py:190} INFO - [2024-11-29T14:20:56.275+0000] {dag.py:3239} INFO - Sync 1 DAGs
[2024-11-29T14:20:56.306+0000] {logging_mixin.py:190} INFO - [2024-11-29T14:20:56.306+0000] {dag.py:4180} INFO - Setting next_dagrun for tutorial to 2024-11-28 00:00:00+00:00, run_after=2024-11-29 00:00:00+00:00
[2024-11-29T14:20:56.335+0000] {processor.py:208} INFO - Processing /home/airflow/.local/lib/python3.12/site-packages/airflow/example_dags/tutorial.py took 0.110 seconds
[2024-11-29T14:21:27.331+0000] {processor.py:186} INFO - Started process (PID=300) to work on /home/airflow/.local/lib/python3.12/site-packages/airflow/example_dags/tutorial.py
[2024-11-29T14:21:27.333+0000] {processor.py:914} INFO - Processing file /home/airflow/.local/lib/python3.12/site-packages/airflow/example_dags/tutorial.py for tasks to queue
[2024-11-29T14:21:27.336+0000] {logging_mixin.py:190} INFO - [2024-11-29T14:21:27.335+0000] {dagbag.py:588} INFO - Filling up the DagBag from /home/airflow/.local/lib/python3.12/site-packages/airflow/example_dags/tutorial.py
[2024-11-29T14:21:27.345+0000] {processor.py:925} INFO - DAG(s) 'tutorial' retrieved from /home/airflow/.local/lib/python3.12/site-packages/airflow/example_dags/tutorial.py
[2024-11-29T14:21:27.368+0000] {logging_mixin.py:190} INFO - [2024-11-29T14:21:27.367+0000] {dag.py:3239} INFO - Sync 1 DAGs
[2024-11-29T14:21:27.397+0000] {logging_mixin.py:190} INFO - [2024-11-29T14:21:27.397+0000] {dag.py:4180} INFO - Setting next_dagrun for tutorial to 2024-11-28 00:00:00+00:00, run_after=2024-11-29 00:00:00+00:00
[2024-11-29T14:21:27.422+0000] {processor.py:208} INFO - Processing /home/airflow/.local/lib/python3.12/site-packages/airflow/example_dags/tutorial.py took 0.097 seconds
[2024-11-29T14:21:58.759+0000] {processor.py:186} INFO - Started process (PID=363) to work on /home/airflow/.local/lib/python3.12/site-packages/airflow/example_dags/tutorial.py
[2024-11-29T14:21:58.760+0000] {processor.py:914} INFO - Processing file /home/airflow/.local/lib/python3.12/site-packages/airflow/example_dags/tutorial.py for tasks to queue
[2024-11-29T14:21:58.764+0000] {logging_mixin.py:190} INFO - [2024-11-29T14:21:58.763+0000] {dagbag.py:588} INFO - Filling up the DagBag from /home/airflow/.local/lib/python3.12/site-packages/airflow/example_dags/tutorial.py
[2024-11-29T14:21:58.774+0000] {processor.py:925} INFO - DAG(s) 'tutorial' retrieved from /home/airflow/.local/lib/python3.12/site-packages/airflow/example_dags/tutorial.py
[2024-11-29T14:21:58.800+0000] {logging_mixin.py:190} INFO - [2024-11-29T14:21:58.799+0000] {dag.py:3239} INFO - Sync 1 DAGs
[2024-11-29T14:21:58.837+0000] {logging_mixin.py:190} INFO - [2024-11-29T14:21:58.837+0000] {dag.py:4180} INFO - Setting next_dagrun for tutorial to 2024-11-28 00:00:00+00:00, run_after=2024-11-29 00:00:00+00:00
[2024-11-29T14:21:58.862+0000] {processor.py:208} INFO - Processing /home/airflow/.local/lib/python3.12/site-packages/airflow/example_dags/tutorial.py took 0.110 seconds
[2024-11-29T14:22:30.083+0000] {processor.py:186} INFO - Started process (PID=426) to work on /home/airflow/.local/lib/python3.12/site-packages/airflow/example_dags/tutorial.py
[2024-11-29T14:22:30.084+0000] {processor.py:914} INFO - Processing file /home/airflow/.local/lib/python3.12/site-packages/airflow/example_dags/tutorial.py for tasks to queue
[2024-11-29T14:22:30.088+0000] {logging_mixin.py:190} INFO - [2024-11-29T14:22:30.088+0000] {dagbag.py:588} INFO - Filling up the DagBag from /home/airflow/.local/lib/python3.12/site-packages/airflow/example_dags/tutorial.py
[2024-11-29T14:22:30.098+0000] {processor.py:925} INFO - DAG(s) 'tutorial' retrieved from /home/airflow/.local/lib/python3.12/site-packages/airflow/example_dags/tutorial.py
[2024-11-29T14:22:30.123+0000] {logging_mixin.py:190} INFO - [2024-11-29T14:22:30.123+0000] {dag.py:3239} INFO - Sync 1 DAGs
[2024-11-29T14:22:30.151+0000] {logging_mixin.py:190} INFO - [2024-11-29T14:22:30.150+0000] {dag.py:4180} INFO - Setting next_dagrun for tutorial to 2024-11-28 00:00:00+00:00, run_after=2024-11-29 00:00:00+00:00
[2024-11-29T14:22:30.176+0000] {processor.py:208} INFO - Processing /home/airflow/.local/lib/python3.12/site-packages/airflow/example_dags/tutorial.py took 0.101 seconds
[2024-11-29T14:23:02.039+0000] {processor.py:186} INFO - Started process (PID=490) to work on /home/airflow/.local/lib/python3.12/site-packages/airflow/example_dags/tutorial.py
[2024-11-29T14:23:02.040+0000] {processor.py:914} INFO - Processing file /home/airflow/.local/lib/python3.12/site-packages/airflow/example_dags/tutorial.py for tasks to queue
[2024-11-29T14:23:02.043+0000] {logging_mixin.py:190} INFO - [2024-11-29T14:23:02.043+0000] {dagbag.py:588} INFO - Filling up the DagBag from /home/airflow/.local/lib/python3.12/site-packages/airflow/example_dags/tutorial.py
[2024-11-29T14:23:02.053+0000] {processor.py:925} INFO - DAG(s) 'tutorial' retrieved from /home/airflow/.local/lib/python3.12/site-packages/airflow/example_dags/tutorial.py
[2024-11-29T14:23:02.076+0000] {logging_mixin.py:190} INFO - [2024-11-29T14:23:02.075+0000] {dag.py:3239} INFO - Sync 1 DAGs
[2024-11-29T14:23:02.106+0000] {logging_mixin.py:190} INFO - [2024-11-29T14:23:02.106+0000] {dag.py:4180} INFO - Setting next_dagrun for tutorial to 2024-11-28 00:00:00+00:00, run_after=2024-11-29 00:00:00+00:00
[2024-11-29T14:23:02.133+0000] {processor.py:208} INFO - Processing /home/airflow/.local/lib/python3.12/site-packages/airflow/example_dags/tutorial.py took 0.102 seconds
[2024-11-29T14:23:34.092+0000] {processor.py:186} INFO - Started process (PID=553) to work on /home/airflow/.local/lib/python3.12/site-packages/airflow/example_dags/tutorial.py
[2024-11-29T14:23:34.093+0000] {processor.py:914} INFO - Processing file /home/airflow/.local/lib/python3.12/site-packages/airflow/example_dags/tutorial.py for tasks to queue
[2024-11-29T14:23:34.101+0000] {logging_mixin.py:190} INFO - [2024-11-29T14:23:34.098+0000] {dagbag.py:588} INFO - Filling up the DagBag from /home/airflow/.local/lib/python3.12/site-packages/airflow/example_dags/tutorial.py
[2024-11-29T14:23:34.117+0000] {processor.py:925} INFO - DAG(s) 'tutorial' retrieved from /home/airflow/.local/lib/python3.12/site-packages/airflow/example_dags/tutorial.py
[2024-11-29T14:23:34.151+0000] {logging_mixin.py:190} INFO - [2024-11-29T14:23:34.149+0000] {dag.py:3239} INFO - Sync 1 DAGs
[2024-11-29T14:23:34.206+0000] {logging_mixin.py:190} INFO - [2024-11-29T14:23:34.206+0000] {dag.py:4180} INFO - Setting next_dagrun for tutorial to 2024-11-28 00:00:00+00:00, run_after=2024-11-29 00:00:00+00:00
[2024-11-29T14:23:34.243+0000] {processor.py:208} INFO - Processing /home/airflow/.local/lib/python3.12/site-packages/airflow/example_dags/tutorial.py took 0.163 seconds
[2024-11-29T14:24:05.647+0000] {processor.py:186} INFO - Started process (PID=616) to work on /home/airflow/.local/lib/python3.12/site-packages/airflow/example_dags/tutorial.py
[2024-11-29T14:24:05.649+0000] {processor.py:914} INFO - Processing file /home/airflow/.local/lib/python3.12/site-packages/airflow/example_dags/tutorial.py for tasks to queue
[2024-11-29T14:24:05.652+0000] {logging_mixin.py:190} INFO - [2024-11-29T14:24:05.652+0000] {dagbag.py:588} INFO - Filling up the DagBag from /home/airflow/.local/lib/python3.12/site-packages/airflow/example_dags/tutorial.py
[2024-11-29T14:24:05.662+0000] {processor.py:925} INFO - DAG(s) 'tutorial' retrieved from /home/airflow/.local/lib/python3.12/site-packages/airflow/example_dags/tutorial.py
[2024-11-29T14:24:05.685+0000] {logging_mixin.py:190} INFO - [2024-11-29T14:24:05.685+0000] {dag.py:3239} INFO - Sync 1 DAGs
[2024-11-29T14:24:05.719+0000] {logging_mixin.py:190} INFO - [2024-11-29T14:24:05.718+0000] {dag.py:4180} INFO - Setting next_dagrun for tutorial to 2024-11-28 00:00:00+00:00, run_after=2024-11-29 00:00:00+00:00
[2024-11-29T14:24:05.745+0000] {processor.py:208} INFO - Processing /home/airflow/.local/lib/python3.12/site-packages/airflow/example_dags/tutorial.py took 0.104 seconds
[2024-11-29T14:24:36.936+0000] {processor.py:186} INFO - Started process (PID=679) to work on /home/airflow/.local/lib/python3.12/site-packages/airflow/example_dags/tutorial.py
[2024-11-29T14:24:36.937+0000] {processor.py:914} INFO - Processing file /home/airflow/.local/lib/python3.12/site-packages/airflow/example_dags/tutorial.py for tasks to queue
[2024-11-29T14:24:36.942+0000] {logging_mixin.py:190} INFO - [2024-11-29T14:24:36.941+0000] {dagbag.py:588} INFO - Filling up the DagBag from /home/airflow/.local/lib/python3.12/site-packages/airflow/example_dags/tutorial.py
[2024-11-29T14:24:36.955+0000] {processor.py:925} INFO - DAG(s) 'tutorial' retrieved from /home/airflow/.local/lib/python3.12/site-packages/airflow/example_dags/tutorial.py
[2024-11-29T14:24:36.980+0000] {logging_mixin.py:190} INFO - [2024-11-29T14:24:36.979+0000] {dag.py:3239} INFO - Sync 1 DAGs
[2024-11-29T14:24:37.017+0000] {logging_mixin.py:190} INFO - [2024-11-29T14:24:37.016+0000] {dag.py:4180} INFO - Setting next_dagrun for tutorial to 2024-11-28 00:00:00+00:00, run_after=2024-11-29 00:00:00+00:00
[2024-11-29T14:24:37.052+0000] {processor.py:208} INFO - Processing /home/airflow/.local/lib/python3.12/site-packages/airflow/example_dags/tutorial.py took 0.124 seconds
[2024-11-29T14:25:08.868+0000] {processor.py:186} INFO - Started process (PID=747) to work on /home/airflow/.local/lib/python3.12/site-packages/airflow/example_dags/tutorial.py
[2024-11-29T14:25:08.870+0000] {processor.py:914} INFO - Processing file /home/airflow/.local/lib/python3.12/site-packages/airflow/example_dags/tutorial.py for tasks to queue
[2024-11-29T14:25:08.876+0000] {logging_mixin.py:190} INFO - [2024-11-29T14:25:08.875+0000] {dagbag.py:588} INFO - Filling up the DagBag from /home/airflow/.local/lib/python3.12/site-packages/airflow/example_dags/tutorial.py
[2024-11-29T14:25:08.894+0000] {processor.py:925} INFO - DAG(s) 'tutorial' retrieved from /home/airflow/.local/lib/python3.12/site-packages/airflow/example_dags/tutorial.py
[2024-11-29T14:25:08.928+0000] {logging_mixin.py:190} INFO - [2024-11-29T14:25:08.927+0000] {dag.py:3239} INFO - Sync 1 DAGs
[2024-11-29T14:25:08.967+0000] {logging_mixin.py:190} INFO - [2024-11-29T14:25:08.966+0000] {dag.py:4180} INFO - Setting next_dagrun for tutorial to 2024-11-28 00:00:00+00:00, run_after=2024-11-29 00:00:00+00:00
[2024-11-29T14:25:09.000+0000] {processor.py:208} INFO - Processing /home/airflow/.local/lib/python3.12/site-packages/airflow/example_dags/tutorial.py took 0.140 seconds
[2024-11-29T14:25:39.632+0000] {processor.py:186} INFO - Started process (PID=810) to work on /home/airflow/.local/lib/python3.12/site-packages/airflow/example_dags/tutorial.py
[2024-11-29T14:25:39.634+0000] {processor.py:914} INFO - Processing file /home/airflow/.local/lib/python3.12/site-packages/airflow/example_dags/tutorial.py for tasks to queue
[2024-11-29T14:25:39.637+0000] {logging_mixin.py:190} INFO - [2024-11-29T14:25:39.636+0000] {dagbag.py:588} INFO - Filling up the DagBag from /home/airflow/.local/lib/python3.12/site-packages/airflow/example_dags/tutorial.py
[2024-11-29T14:25:39.646+0000] {processor.py:925} INFO - DAG(s) 'tutorial' retrieved from /home/airflow/.local/lib/python3.12/site-packages/airflow/example_dags/tutorial.py
[2024-11-29T14:25:39.672+0000] {logging_mixin.py:190} INFO - [2024-11-29T14:25:39.671+0000] {dag.py:3239} INFO - Sync 1 DAGs
[2024-11-29T14:25:39.710+0000] {logging_mixin.py:190} INFO - [2024-11-29T14:25:39.709+0000] {dag.py:4180} INFO - Setting next_dagrun for tutorial to 2024-11-28 00:00:00+00:00, run_after=2024-11-29 00:00:00+00:00
[2024-11-29T14:25:39.736+0000] {processor.py:208} INFO - Processing /home/airflow/.local/lib/python3.12/site-packages/airflow/example_dags/tutorial.py took 0.111 seconds
[2024-11-29T14:26:10.994+0000] {processor.py:186} INFO - Started process (PID=873) to work on /home/airflow/.local/lib/python3.12/site-packages/airflow/example_dags/tutorial.py
[2024-11-29T14:26:10.995+0000] {processor.py:914} INFO - Processing file /home/airflow/.local/lib/python3.12/site-packages/airflow/example_dags/tutorial.py for tasks to queue
[2024-11-29T14:26:10.998+0000] {logging_mixin.py:190} INFO - [2024-11-29T14:26:10.997+0000] {dagbag.py:588} INFO - Filling up the DagBag from /home/airflow/.local/lib/python3.12/site-packages/airflow/example_dags/tutorial.py
[2024-11-29T14:26:11.008+0000] {processor.py:925} INFO - DAG(s) 'tutorial' retrieved from /home/airflow/.local/lib/python3.12/site-packages/airflow/example_dags/tutorial.py
[2024-11-29T14:26:11.034+0000] {logging_mixin.py:190} INFO - [2024-11-29T14:26:11.034+0000] {dag.py:3239} INFO - Sync 1 DAGs
[2024-11-29T14:26:11.064+0000] {logging_mixin.py:190} INFO - [2024-11-29T14:26:11.064+0000] {dag.py:4180} INFO - Setting next_dagrun for tutorial to 2024-11-28 00:00:00+00:00, run_after=2024-11-29 00:00:00+00:00
[2024-11-29T14:26:11.095+0000] {processor.py:208} INFO - Processing /home/airflow/.local/lib/python3.12/site-packages/airflow/example_dags/tutorial.py took 0.109 seconds
[2024-11-29T14:26:42.689+0000] {processor.py:186} INFO - Started process (PID=936) to work on /home/airflow/.local/lib/python3.12/site-packages/airflow/example_dags/tutorial.py
[2024-11-29T14:26:42.690+0000] {processor.py:914} INFO - Processing file /home/airflow/.local/lib/python3.12/site-packages/airflow/example_dags/tutorial.py for tasks to queue
[2024-11-29T14:26:42.693+0000] {logging_mixin.py:190} INFO - [2024-11-29T14:26:42.692+0000] {dagbag.py:588} INFO - Filling up the DagBag from /home/airflow/.local/lib/python3.12/site-packages/airflow/example_dags/tutorial.py
[2024-11-29T14:26:42.703+0000] {processor.py:925} INFO - DAG(s) 'tutorial' retrieved from /home/airflow/.local/lib/python3.12/site-packages/airflow/example_dags/tutorial.py
[2024-11-29T14:26:42.725+0000] {logging_mixin.py:190} INFO - [2024-11-29T14:26:42.725+0000] {dag.py:3239} INFO - Sync 1 DAGs
[2024-11-29T14:26:42.756+0000] {logging_mixin.py:190} INFO - [2024-11-29T14:26:42.755+0000] {dag.py:4180} INFO - Setting next_dagrun for tutorial to 2024-11-28 00:00:00+00:00, run_after=2024-11-29 00:00:00+00:00
[2024-11-29T14:26:42.780+0000] {processor.py:208} INFO - Processing /home/airflow/.local/lib/python3.12/site-packages/airflow/example_dags/tutorial.py took 0.098 seconds
[2024-11-29T14:27:14.318+0000] {processor.py:186} INFO - Started process (PID=999) to work on /home/airflow/.local/lib/python3.12/site-packages/airflow/example_dags/tutorial.py
[2024-11-29T14:27:14.320+0000] {processor.py:914} INFO - Processing file /home/airflow/.local/lib/python3.12/site-packages/airflow/example_dags/tutorial.py for tasks to queue
[2024-11-29T14:27:14.323+0000] {logging_mixin.py:190} INFO - [2024-11-29T14:27:14.322+0000] {dagbag.py:588} INFO - Filling up the DagBag from /home/airflow/.local/lib/python3.12/site-packages/airflow/example_dags/tutorial.py
[2024-11-29T14:27:14.332+0000] {processor.py:925} INFO - DAG(s) 'tutorial' retrieved from /home/airflow/.local/lib/python3.12/site-packages/airflow/example_dags/tutorial.py
[2024-11-29T14:27:14.356+0000] {logging_mixin.py:190} INFO - [2024-11-29T14:27:14.356+0000] {dag.py:3239} INFO - Sync 1 DAGs
[2024-11-29T14:27:14.385+0000] {logging_mixin.py:190} INFO - [2024-11-29T14:27:14.385+0000] {dag.py:4180} INFO - Setting next_dagrun for tutorial to 2024-11-28 00:00:00+00:00, run_after=2024-11-29 00:00:00+00:00
[2024-11-29T14:27:14.412+0000] {processor.py:208} INFO - Processing /home/airflow/.local/lib/python3.12/site-packages/airflow/example_dags/tutorial.py took 0.101 seconds
[2024-11-29T14:27:45.790+0000] {processor.py:186} INFO - Started process (PID=1062) to work on /home/airflow/.local/lib/python3.12/site-packages/airflow/example_dags/tutorial.py
[2024-11-29T14:27:45.791+0000] {processor.py:914} INFO - Processing file /home/airflow/.local/lib/python3.12/site-packages/airflow/example_dags/tutorial.py for tasks to queue
[2024-11-29T14:27:45.794+0000] {logging_mixin.py:190} INFO - [2024-11-29T14:27:45.794+0000] {dagbag.py:588} INFO - Filling up the DagBag from /home/airflow/.local/lib/python3.12/site-packages/airflow/example_dags/tutorial.py
[2024-11-29T14:27:45.803+0000] {processor.py:925} INFO - DAG(s) 'tutorial' retrieved from /home/airflow/.local/lib/python3.12/site-packages/airflow/example_dags/tutorial.py
[2024-11-29T14:27:45.825+0000] {logging_mixin.py:190} INFO - [2024-11-29T14:27:45.825+0000] {dag.py:3239} INFO - Sync 1 DAGs
[2024-11-29T14:27:45.854+0000] {logging_mixin.py:190} INFO - [2024-11-29T14:27:45.854+0000] {dag.py:4180} INFO - Setting next_dagrun for tutorial to 2024-11-28 00:00:00+00:00, run_after=2024-11-29 00:00:00+00:00
[2024-11-29T14:27:45.888+0000] {processor.py:208} INFO - Processing /home/airflow/.local/lib/python3.12/site-packages/airflow/example_dags/tutorial.py took 0.106 seconds
[2024-11-29T14:28:17.605+0000] {processor.py:186} INFO - Started process (PID=1125) to work on /home/airflow/.local/lib/python3.12/site-packages/airflow/example_dags/tutorial.py
[2024-11-29T14:28:17.607+0000] {processor.py:914} INFO - Processing file /home/airflow/.local/lib/python3.12/site-packages/airflow/example_dags/tutorial.py for tasks to queue
[2024-11-29T14:28:17.611+0000] {logging_mixin.py:190} INFO - [2024-11-29T14:28:17.610+0000] {dagbag.py:588} INFO - Filling up the DagBag from /home/airflow/.local/lib/python3.12/site-packages/airflow/example_dags/tutorial.py
[2024-11-29T14:28:17.621+0000] {processor.py:925} INFO - DAG(s) 'tutorial' retrieved from /home/airflow/.local/lib/python3.12/site-packages/airflow/example_dags/tutorial.py
[2024-11-29T14:28:17.644+0000] {logging_mixin.py:190} INFO - [2024-11-29T14:28:17.644+0000] {dag.py:3239} INFO - Sync 1 DAGs
[2024-11-29T14:28:17.678+0000] {logging_mixin.py:190} INFO - [2024-11-29T14:28:17.677+0000] {dag.py:4180} INFO - Setting next_dagrun for tutorial to 2024-11-28 00:00:00+00:00, run_after=2024-11-29 00:00:00+00:00
[2024-11-29T14:28:17.703+0000] {processor.py:208} INFO - Processing /home/airflow/.local/lib/python3.12/site-packages/airflow/example_dags/tutorial.py took 0.109 seconds
[2024-11-29T14:28:48.955+0000] {processor.py:186} INFO - Started process (PID=1188) to work on /home/airflow/.local/lib/python3.12/site-packages/airflow/example_dags/tutorial.py
[2024-11-29T14:28:48.957+0000] {processor.py:914} INFO - Processing file /home/airflow/.local/lib/python3.12/site-packages/airflow/example_dags/tutorial.py for tasks to queue
[2024-11-29T14:28:48.960+0000] {logging_mixin.py:190} INFO - [2024-11-29T14:28:48.960+0000] {dagbag.py:588} INFO - Filling up the DagBag from /home/airflow/.local/lib/python3.12/site-packages/airflow/example_dags/tutorial.py
[2024-11-29T14:28:48.970+0000] {processor.py:925} INFO - DAG(s) 'tutorial' retrieved from /home/airflow/.local/lib/python3.12/site-packages/airflow/example_dags/tutorial.py
[2024-11-29T14:28:48.993+0000] {logging_mixin.py:190} INFO - [2024-11-29T14:28:48.992+0000] {dag.py:3239} INFO - Sync 1 DAGs
[2024-11-29T14:28:49.022+0000] {logging_mixin.py:190} INFO - [2024-11-29T14:28:49.022+0000] {dag.py:4180} INFO - Setting next_dagrun for tutorial to 2024-11-28 00:00:00+00:00, run_after=2024-11-29 00:00:00+00:00
[2024-11-29T14:28:49.046+0000] {processor.py:208} INFO - Processing /home/airflow/.local/lib/python3.12/site-packages/airflow/example_dags/tutorial.py took 0.097 seconds
[2024-11-29T14:29:20.153+0000] {processor.py:186} INFO - Started process (PID=1252) to work on /home/airflow/.local/lib/python3.12/site-packages/airflow/example_dags/tutorial.py
[2024-11-29T14:29:20.155+0000] {processor.py:914} INFO - Processing file /home/airflow/.local/lib/python3.12/site-packages/airflow/example_dags/tutorial.py for tasks to queue
[2024-11-29T14:29:20.158+0000] {logging_mixin.py:190} INFO - [2024-11-29T14:29:20.158+0000] {dagbag.py:588} INFO - Filling up the DagBag from /home/airflow/.local/lib/python3.12/site-packages/airflow/example_dags/tutorial.py
[2024-11-29T14:29:20.168+0000] {processor.py:925} INFO - DAG(s) 'tutorial' retrieved from /home/airflow/.local/lib/python3.12/site-packages/airflow/example_dags/tutorial.py
[2024-11-29T14:29:20.190+0000] {logging_mixin.py:190} INFO - [2024-11-29T14:29:20.190+0000] {dag.py:3239} INFO - Sync 1 DAGs
[2024-11-29T14:29:20.221+0000] {logging_mixin.py:190} INFO - [2024-11-29T14:29:20.220+0000] {dag.py:4180} INFO - Setting next_dagrun for tutorial to 2024-11-28 00:00:00+00:00, run_after=2024-11-29 00:00:00+00:00
[2024-11-29T14:29:20.246+0000] {processor.py:208} INFO - Processing /home/airflow/.local/lib/python3.12/site-packages/airflow/example_dags/tutorial.py took 0.101 seconds
[2024-11-29T14:29:51.310+0000] {processor.py:186} INFO - Started process (PID=1315) to work on /home/airflow/.local/lib/python3.12/site-packages/airflow/example_dags/tutorial.py
[2024-11-29T14:29:51.312+0000] {processor.py:914} INFO - Processing file /home/airflow/.local/lib/python3.12/site-packages/airflow/example_dags/tutorial.py for tasks to queue
[2024-11-29T14:29:51.315+0000] {logging_mixin.py:190} INFO - [2024-11-29T14:29:51.315+0000] {dagbag.py:588} INFO - Filling up the DagBag from /home/airflow/.local/lib/python3.12/site-packages/airflow/example_dags/tutorial.py
[2024-11-29T14:29:51.330+0000] {processor.py:925} INFO - DAG(s) 'tutorial' retrieved from /home/airflow/.local/lib/python3.12/site-packages/airflow/example_dags/tutorial.py
[2024-11-29T14:29:51.357+0000] {logging_mixin.py:190} INFO - [2024-11-29T14:29:51.357+0000] {dag.py:3239} INFO - Sync 1 DAGs
[2024-11-29T14:29:51.403+0000] {logging_mixin.py:190} INFO - [2024-11-29T14:29:51.403+0000] {dag.py:4180} INFO - Setting next_dagrun for tutorial to 2024-11-28 00:00:00+00:00, run_after=2024-11-29 00:00:00+00:00
[2024-11-29T14:29:51.430+0000] {processor.py:208} INFO - Processing /home/airflow/.local/lib/python3.12/site-packages/airflow/example_dags/tutorial.py took 0.128 seconds
[2024-11-29T14:30:22.805+0000] {processor.py:186} INFO - Started process (PID=1378) to work on /home/airflow/.local/lib/python3.12/site-packages/airflow/example_dags/tutorial.py
[2024-11-29T14:30:22.806+0000] {processor.py:914} INFO - Processing file /home/airflow/.local/lib/python3.12/site-packages/airflow/example_dags/tutorial.py for tasks to queue
[2024-11-29T14:30:22.809+0000] {logging_mixin.py:190} INFO - [2024-11-29T14:30:22.809+0000] {dagbag.py:588} INFO - Filling up the DagBag from /home/airflow/.local/lib/python3.12/site-packages/airflow/example_dags/tutorial.py
[2024-11-29T14:30:22.821+0000] {processor.py:925} INFO - DAG(s) 'tutorial' retrieved from /home/airflow/.local/lib/python3.12/site-packages/airflow/example_dags/tutorial.py
[2024-11-29T14:30:22.843+0000] {logging_mixin.py:190} INFO - [2024-11-29T14:30:22.843+0000] {dag.py:3239} INFO - Sync 1 DAGs
[2024-11-29T14:30:22.882+0000] {logging_mixin.py:190} INFO - [2024-11-29T14:30:22.882+0000] {dag.py:4180} INFO - Setting next_dagrun for tutorial to 2024-11-28 00:00:00+00:00, run_after=2024-11-29 00:00:00+00:00
[2024-11-29T14:30:22.908+0000] {processor.py:208} INFO - Processing /home/airflow/.local/lib/python3.12/site-packages/airflow/example_dags/tutorial.py took 0.110 seconds
[2024-11-29T14:30:54.481+0000] {processor.py:186} INFO - Started process (PID=1441) to work on /home/airflow/.local/lib/python3.12/site-packages/airflow/example_dags/tutorial.py
[2024-11-29T14:30:54.483+0000] {processor.py:914} INFO - Processing file /home/airflow/.local/lib/python3.12/site-packages/airflow/example_dags/tutorial.py for tasks to queue
[2024-11-29T14:30:54.486+0000] {logging_mixin.py:190} INFO - [2024-11-29T14:30:54.486+0000] {dagbag.py:588} INFO - Filling up the DagBag from /home/airflow/.local/lib/python3.12/site-packages/airflow/example_dags/tutorial.py
[2024-11-29T14:30:54.496+0000] {processor.py:925} INFO - DAG(s) 'tutorial' retrieved from /home/airflow/.local/lib/python3.12/site-packages/airflow/example_dags/tutorial.py
[2024-11-29T14:30:54.521+0000] {logging_mixin.py:190} INFO - [2024-11-29T14:30:54.521+0000] {dag.py:3239} INFO - Sync 1 DAGs
[2024-11-29T14:30:54.559+0000] {logging_mixin.py:190} INFO - [2024-11-29T14:30:54.558+0000] {dag.py:4180} INFO - Setting next_dagrun for tutorial to 2024-11-28 00:00:00+00:00, run_after=2024-11-29 00:00:00+00:00
[2024-11-29T14:30:54.587+0000] {processor.py:208} INFO - Processing /home/airflow/.local/lib/python3.12/site-packages/airflow/example_dags/tutorial.py took 0.113 seconds
[2024-11-29T14:31:26.047+0000] {processor.py:186} INFO - Started process (PID=1506) to work on /home/airflow/.local/lib/python3.12/site-packages/airflow/example_dags/tutorial.py
[2024-11-29T14:31:26.049+0000] {processor.py:914} INFO - Processing file /home/airflow/.local/lib/python3.12/site-packages/airflow/example_dags/tutorial.py for tasks to queue
[2024-11-29T14:31:26.056+0000] {logging_mixin.py:190} INFO - [2024-11-29T14:31:26.054+0000] {dagbag.py:588} INFO - Filling up the DagBag from /home/airflow/.local/lib/python3.12/site-packages/airflow/example_dags/tutorial.py
[2024-11-29T14:31:26.067+0000] {processor.py:925} INFO - DAG(s) 'tutorial' retrieved from /home/airflow/.local/lib/python3.12/site-packages/airflow/example_dags/tutorial.py
[2024-11-29T14:31:26.093+0000] {logging_mixin.py:190} INFO - [2024-11-29T14:31:26.093+0000] {dag.py:3239} INFO - Sync 1 DAGs
[2024-11-29T14:31:26.126+0000] {logging_mixin.py:190} INFO - [2024-11-29T14:31:26.125+0000] {dag.py:4180} INFO - Setting next_dagrun for tutorial to 2024-11-28 00:00:00+00:00, run_after=2024-11-29 00:00:00+00:00
[2024-11-29T14:31:26.153+0000] {processor.py:208} INFO - Processing /home/airflow/.local/lib/python3.12/site-packages/airflow/example_dags/tutorial.py took 0.116 seconds
[2024-11-29T14:31:57.236+0000] {processor.py:186} INFO - Started process (PID=1569) to work on /home/airflow/.local/lib/python3.12/site-packages/airflow/example_dags/tutorial.py
[2024-11-29T14:31:57.237+0000] {processor.py:914} INFO - Processing file /home/airflow/.local/lib/python3.12/site-packages/airflow/example_dags/tutorial.py for tasks to queue
[2024-11-29T14:31:57.240+0000] {logging_mixin.py:190} INFO - [2024-11-29T14:31:57.240+0000] {dagbag.py:588} INFO - Filling up the DagBag from /home/airflow/.local/lib/python3.12/site-packages/airflow/example_dags/tutorial.py
[2024-11-29T14:31:57.250+0000] {processor.py:925} INFO - DAG(s) 'tutorial' retrieved from /home/airflow/.local/lib/python3.12/site-packages/airflow/example_dags/tutorial.py
[2024-11-29T14:31:57.273+0000] {logging_mixin.py:190} INFO - [2024-11-29T14:31:57.273+0000] {dag.py:3239} INFO - Sync 1 DAGs
[2024-11-29T14:31:57.301+0000] {logging_mixin.py:190} INFO - [2024-11-29T14:31:57.301+0000] {dag.py:4180} INFO - Setting next_dagrun for tutorial to 2024-11-28 00:00:00+00:00, run_after=2024-11-29 00:00:00+00:00
[2024-11-29T14:31:57.323+0000] {processor.py:208} INFO - Processing /home/airflow/.local/lib/python3.12/site-packages/airflow/example_dags/tutorial.py took 0.093 seconds
[2024-11-29T14:32:28.612+0000] {processor.py:186} INFO - Started process (PID=1632) to work on /home/airflow/.local/lib/python3.12/site-packages/airflow/example_dags/tutorial.py
[2024-11-29T14:32:28.613+0000] {processor.py:914} INFO - Processing file /home/airflow/.local/lib/python3.12/site-packages/airflow/example_dags/tutorial.py for tasks to queue
[2024-11-29T14:32:28.616+0000] {logging_mixin.py:190} INFO - [2024-11-29T14:32:28.615+0000] {dagbag.py:588} INFO - Filling up the DagBag from /home/airflow/.local/lib/python3.12/site-packages/airflow/example_dags/tutorial.py
[2024-11-29T14:32:28.625+0000] {processor.py:925} INFO - DAG(s) 'tutorial' retrieved from /home/airflow/.local/lib/python3.12/site-packages/airflow/example_dags/tutorial.py
[2024-11-29T14:32:28.649+0000] {logging_mixin.py:190} INFO - [2024-11-29T14:32:28.649+0000] {dag.py:3239} INFO - Sync 1 DAGs
[2024-11-29T14:32:28.686+0000] {logging_mixin.py:190} INFO - [2024-11-29T14:32:28.686+0000] {dag.py:4180} INFO - Setting next_dagrun for tutorial to 2024-11-28 00:00:00+00:00, run_after=2024-11-29 00:00:00+00:00
[2024-11-29T14:32:28.721+0000] {processor.py:208} INFO - Processing /home/airflow/.local/lib/python3.12/site-packages/airflow/example_dags/tutorial.py took 0.115 seconds
[2024-11-29T14:33:00.851+0000] {processor.py:186} INFO - Started process (PID=1700) to work on /home/airflow/.local/lib/python3.12/site-packages/airflow/example_dags/tutorial.py
[2024-11-29T14:33:00.853+0000] {processor.py:914} INFO - Processing file /home/airflow/.local/lib/python3.12/site-packages/airflow/example_dags/tutorial.py for tasks to queue
[2024-11-29T14:33:00.856+0000] {logging_mixin.py:190} INFO - [2024-11-29T14:33:00.856+0000] {dagbag.py:588} INFO - Filling up the DagBag from /home/airflow/.local/lib/python3.12/site-packages/airflow/example_dags/tutorial.py
[2024-11-29T14:33:00.869+0000] {processor.py:925} INFO - DAG(s) 'tutorial' retrieved from /home/airflow/.local/lib/python3.12/site-packages/airflow/example_dags/tutorial.py
[2024-11-29T14:33:00.902+0000] {logging_mixin.py:190} INFO - [2024-11-29T14:33:00.901+0000] {dag.py:3239} INFO - Sync 1 DAGs
[2024-11-29T14:33:00.940+0000] {logging_mixin.py:190} INFO - [2024-11-29T14:33:00.940+0000] {dag.py:4180} INFO - Setting next_dagrun for tutorial to 2024-11-28 00:00:00+00:00, run_after=2024-11-29 00:00:00+00:00
[2024-11-29T14:33:00.971+0000] {processor.py:208} INFO - Processing /home/airflow/.local/lib/python3.12/site-packages/airflow/example_dags/tutorial.py took 0.128 seconds
[2024-11-29T14:33:32.332+0000] {processor.py:186} INFO - Started process (PID=1764) to work on /home/airflow/.local/lib/python3.12/site-packages/airflow/example_dags/tutorial.py
[2024-11-29T14:33:32.333+0000] {processor.py:914} INFO - Processing file /home/airflow/.local/lib/python3.12/site-packages/airflow/example_dags/tutorial.py for tasks to queue
[2024-11-29T14:33:32.336+0000] {logging_mixin.py:190} INFO - [2024-11-29T14:33:32.336+0000] {dagbag.py:588} INFO - Filling up the DagBag from /home/airflow/.local/lib/python3.12/site-packages/airflow/example_dags/tutorial.py
[2024-11-29T14:33:32.346+0000] {processor.py:925} INFO - DAG(s) 'tutorial' retrieved from /home/airflow/.local/lib/python3.12/site-packages/airflow/example_dags/tutorial.py
[2024-11-29T14:33:32.368+0000] {logging_mixin.py:190} INFO - [2024-11-29T14:33:32.367+0000] {dag.py:3239} INFO - Sync 1 DAGs
[2024-11-29T14:33:32.398+0000] {logging_mixin.py:190} INFO - [2024-11-29T14:33:32.397+0000] {dag.py:4180} INFO - Setting next_dagrun for tutorial to 2024-11-28 00:00:00+00:00, run_after=2024-11-29 00:00:00+00:00
[2024-11-29T14:33:32.421+0000] {processor.py:208} INFO - Processing /home/airflow/.local/lib/python3.12/site-packages/airflow/example_dags/tutorial.py took 0.096 seconds
[2024-11-29T14:34:03.218+0000] {processor.py:186} INFO - Started process (PID=1827) to work on /home/airflow/.local/lib/python3.12/site-packages/airflow/example_dags/tutorial.py
[2024-11-29T14:34:03.219+0000] {processor.py:914} INFO - Processing file /home/airflow/.local/lib/python3.12/site-packages/airflow/example_dags/tutorial.py for tasks to queue
[2024-11-29T14:34:03.222+0000] {logging_mixin.py:190} INFO - [2024-11-29T14:34:03.222+0000] {dagbag.py:588} INFO - Filling up the DagBag from /home/airflow/.local/lib/python3.12/site-packages/airflow/example_dags/tutorial.py
[2024-11-29T14:34:03.232+0000] {processor.py:925} INFO - DAG(s) 'tutorial' retrieved from /home/airflow/.local/lib/python3.12/site-packages/airflow/example_dags/tutorial.py
[2024-11-29T14:34:03.254+0000] {logging_mixin.py:190} INFO - [2024-11-29T14:34:03.254+0000] {dag.py:3239} INFO - Sync 1 DAGs
[2024-11-29T14:34:03.281+0000] {logging_mixin.py:190} INFO - [2024-11-29T14:34:03.281+0000] {dag.py:4180} INFO - Setting next_dagrun for tutorial to 2024-11-28 00:00:00+00:00, run_after=2024-11-29 00:00:00+00:00
[2024-11-29T14:34:03.311+0000] {processor.py:208} INFO - Processing /home/airflow/.local/lib/python3.12/site-packages/airflow/example_dags/tutorial.py took 0.100 seconds
[2024-11-29T14:34:35.075+0000] {processor.py:186} INFO - Started process (PID=1891) to work on /home/airflow/.local/lib/python3.12/site-packages/airflow/example_dags/tutorial.py
[2024-11-29T14:34:35.076+0000] {processor.py:914} INFO - Processing file /home/airflow/.local/lib/python3.12/site-packages/airflow/example_dags/tutorial.py for tasks to queue
[2024-11-29T14:34:35.079+0000] {logging_mixin.py:190} INFO - [2024-11-29T14:34:35.079+0000] {dagbag.py:588} INFO - Filling up the DagBag from /home/airflow/.local/lib/python3.12/site-packages/airflow/example_dags/tutorial.py
[2024-11-29T14:34:35.088+0000] {processor.py:925} INFO - DAG(s) 'tutorial' retrieved from /home/airflow/.local/lib/python3.12/site-packages/airflow/example_dags/tutorial.py
[2024-11-29T14:34:35.112+0000] {logging_mixin.py:190} INFO - [2024-11-29T14:34:35.112+0000] {dag.py:3239} INFO - Sync 1 DAGs
[2024-11-29T14:34:35.142+0000] {logging_mixin.py:190} INFO - [2024-11-29T14:34:35.142+0000] {dag.py:4180} INFO - Setting next_dagrun for tutorial to 2024-11-28 00:00:00+00:00, run_after=2024-11-29 00:00:00+00:00
[2024-11-29T14:34:35.166+0000] {processor.py:208} INFO - Processing /home/airflow/.local/lib/python3.12/site-packages/airflow/example_dags/tutorial.py took 0.098 seconds
[2024-11-29T14:35:05.562+0000] {processor.py:186} INFO - Started process (PID=1954) to work on /home/airflow/.local/lib/python3.12/site-packages/airflow/example_dags/tutorial.py
[2024-11-29T14:35:05.564+0000] {processor.py:914} INFO - Processing file /home/airflow/.local/lib/python3.12/site-packages/airflow/example_dags/tutorial.py for tasks to queue
[2024-11-29T14:35:05.567+0000] {logging_mixin.py:190} INFO - [2024-11-29T14:35:05.567+0000] {dagbag.py:588} INFO - Filling up the DagBag from /home/airflow/.local/lib/python3.12/site-packages/airflow/example_dags/tutorial.py
[2024-11-29T14:35:05.576+0000] {processor.py:925} INFO - DAG(s) 'tutorial' retrieved from /home/airflow/.local/lib/python3.12/site-packages/airflow/example_dags/tutorial.py
[2024-11-29T14:35:05.604+0000] {logging_mixin.py:190} INFO - [2024-11-29T14:35:05.604+0000] {dag.py:3239} INFO - Sync 1 DAGs
[2024-11-29T14:35:05.631+0000] {logging_mixin.py:190} INFO - [2024-11-29T14:35:05.631+0000] {dag.py:4180} INFO - Setting next_dagrun for tutorial to 2024-11-28 00:00:00+00:00, run_after=2024-11-29 00:00:00+00:00
[2024-11-29T14:35:05.663+0000] {processor.py:208} INFO - Processing /home/airflow/.local/lib/python3.12/site-packages/airflow/example_dags/tutorial.py took 0.107 seconds
[2024-11-29T14:35:36.424+0000] {processor.py:186} INFO - Started process (PID=2016) to work on /home/airflow/.local/lib/python3.12/site-packages/airflow/example_dags/tutorial.py
[2024-11-29T14:35:36.426+0000] {processor.py:914} INFO - Processing file /home/airflow/.local/lib/python3.12/site-packages/airflow/example_dags/tutorial.py for tasks to queue
[2024-11-29T14:35:36.431+0000] {logging_mixin.py:190} INFO - [2024-11-29T14:35:36.431+0000] {dagbag.py:588} INFO - Filling up the DagBag from /home/airflow/.local/lib/python3.12/site-packages/airflow/example_dags/tutorial.py
[2024-11-29T14:35:36.449+0000] {processor.py:925} INFO - DAG(s) 'tutorial' retrieved from /home/airflow/.local/lib/python3.12/site-packages/airflow/example_dags/tutorial.py
[2024-11-29T14:35:36.492+0000] {logging_mixin.py:190} INFO - [2024-11-29T14:35:36.492+0000] {dag.py:3239} INFO - Sync 1 DAGs
[2024-11-29T14:35:36.549+0000] {logging_mixin.py:190} INFO - [2024-11-29T14:35:36.549+0000] {dag.py:4180} INFO - Setting next_dagrun for tutorial to 2024-11-28 00:00:00+00:00, run_after=2024-11-29 00:00:00+00:00
[2024-11-29T14:35:36.598+0000] {processor.py:208} INFO - Processing /home/airflow/.local/lib/python3.12/site-packages/airflow/example_dags/tutorial.py took 0.188 seconds
[2024-11-29T14:36:07.229+0000] {processor.py:186} INFO - Started process (PID=2078) to work on /home/airflow/.local/lib/python3.12/site-packages/airflow/example_dags/tutorial.py
[2024-11-29T14:36:07.232+0000] {processor.py:914} INFO - Processing file /home/airflow/.local/lib/python3.12/site-packages/airflow/example_dags/tutorial.py for tasks to queue
[2024-11-29T14:36:07.239+0000] {logging_mixin.py:190} INFO - [2024-11-29T14:36:07.238+0000] {dagbag.py:588} INFO - Filling up the DagBag from /home/airflow/.local/lib/python3.12/site-packages/airflow/example_dags/tutorial.py
[2024-11-29T14:36:07.259+0000] {processor.py:925} INFO - DAG(s) 'tutorial' retrieved from /home/airflow/.local/lib/python3.12/site-packages/airflow/example_dags/tutorial.py
[2024-11-29T14:36:07.283+0000] {logging_mixin.py:190} INFO - [2024-11-29T14:36:07.283+0000] {dag.py:3239} INFO - Sync 1 DAGs
[2024-11-29T14:36:07.317+0000] {logging_mixin.py:190} INFO - [2024-11-29T14:36:07.317+0000] {dag.py:4180} INFO - Setting next_dagrun for tutorial to 2024-11-28 00:00:00+00:00, run_after=2024-11-29 00:00:00+00:00
[2024-11-29T14:36:07.379+0000] {processor.py:208} INFO - Processing /home/airflow/.local/lib/python3.12/site-packages/airflow/example_dags/tutorial.py took 0.167 seconds
[2024-11-29T14:36:37.623+0000] {processor.py:186} INFO - Started process (PID=2141) to work on /home/airflow/.local/lib/python3.12/site-packages/airflow/example_dags/tutorial.py
[2024-11-29T14:36:37.625+0000] {processor.py:914} INFO - Processing file /home/airflow/.local/lib/python3.12/site-packages/airflow/example_dags/tutorial.py for tasks to queue
[2024-11-29T14:36:37.632+0000] {logging_mixin.py:190} INFO - [2024-11-29T14:36:37.631+0000] {dagbag.py:588} INFO - Filling up the DagBag from /home/airflow/.local/lib/python3.12/site-packages/airflow/example_dags/tutorial.py
[2024-11-29T14:36:37.646+0000] {processor.py:925} INFO - DAG(s) 'tutorial' retrieved from /home/airflow/.local/lib/python3.12/site-packages/airflow/example_dags/tutorial.py
[2024-11-29T14:36:37.675+0000] {logging_mixin.py:190} INFO - [2024-11-29T14:36:37.674+0000] {dag.py:3239} INFO - Sync 1 DAGs
[2024-11-29T14:36:37.706+0000] {logging_mixin.py:190} INFO - [2024-11-29T14:36:37.706+0000] {dag.py:4180} INFO - Setting next_dagrun for tutorial to 2024-11-28 00:00:00+00:00, run_after=2024-11-29 00:00:00+00:00
[2024-11-29T14:36:37.727+0000] {processor.py:208} INFO - Processing /home/airflow/.local/lib/python3.12/site-packages/airflow/example_dags/tutorial.py took 0.117 seconds
[2024-11-29T14:37:08.892+0000] {processor.py:186} INFO - Started process (PID=2207) to work on /home/airflow/.local/lib/python3.12/site-packages/airflow/example_dags/tutorial.py
[2024-11-29T14:37:08.893+0000] {processor.py:914} INFO - Processing file /home/airflow/.local/lib/python3.12/site-packages/airflow/example_dags/tutorial.py for tasks to queue
[2024-11-29T14:37:08.898+0000] {logging_mixin.py:190} INFO - [2024-11-29T14:37:08.897+0000] {dagbag.py:588} INFO - Filling up the DagBag from /home/airflow/.local/lib/python3.12/site-packages/airflow/example_dags/tutorial.py
[2024-11-29T14:37:08.913+0000] {processor.py:925} INFO - DAG(s) 'tutorial' retrieved from /home/airflow/.local/lib/python3.12/site-packages/airflow/example_dags/tutorial.py
[2024-11-29T14:37:08.950+0000] {logging_mixin.py:190} INFO - [2024-11-29T14:37:08.949+0000] {dag.py:3239} INFO - Sync 1 DAGs
[2024-11-29T14:37:08.997+0000] {logging_mixin.py:190} INFO - [2024-11-29T14:37:08.996+0000] {dag.py:4180} INFO - Setting next_dagrun for tutorial to 2024-11-28 00:00:00+00:00, run_after=2024-11-29 00:00:00+00:00
[2024-11-29T14:37:09.032+0000] {processor.py:208} INFO - Processing /home/airflow/.local/lib/python3.12/site-packages/airflow/example_dags/tutorial.py took 0.151 seconds
[2024-11-29T14:37:39.361+0000] {processor.py:186} INFO - Started process (PID=2276) to work on /home/airflow/.local/lib/python3.12/site-packages/airflow/example_dags/tutorial.py
[2024-11-29T14:37:39.362+0000] {processor.py:914} INFO - Processing file /home/airflow/.local/lib/python3.12/site-packages/airflow/example_dags/tutorial.py for tasks to queue
[2024-11-29T14:37:39.366+0000] {logging_mixin.py:190} INFO - [2024-11-29T14:37:39.366+0000] {dagbag.py:588} INFO - Filling up the DagBag from /home/airflow/.local/lib/python3.12/site-packages/airflow/example_dags/tutorial.py
[2024-11-29T14:37:39.380+0000] {processor.py:925} INFO - DAG(s) 'tutorial' retrieved from /home/airflow/.local/lib/python3.12/site-packages/airflow/example_dags/tutorial.py
[2024-11-29T14:37:39.406+0000] {logging_mixin.py:190} INFO - [2024-11-29T14:37:39.405+0000] {dag.py:3239} INFO - Sync 1 DAGs
[2024-11-29T14:37:39.436+0000] {logging_mixin.py:190} INFO - [2024-11-29T14:37:39.436+0000] {dag.py:4180} INFO - Setting next_dagrun for tutorial to 2024-11-28 00:00:00+00:00, run_after=2024-11-29 00:00:00+00:00
[2024-11-29T14:37:39.458+0000] {processor.py:208} INFO - Processing /home/airflow/.local/lib/python3.12/site-packages/airflow/example_dags/tutorial.py took 0.106 seconds
[2024-11-29T14:38:09.710+0000] {processor.py:186} INFO - Started process (PID=2339) to work on /home/airflow/.local/lib/python3.12/site-packages/airflow/example_dags/tutorial.py
[2024-11-29T14:38:09.711+0000] {processor.py:914} INFO - Processing file /home/airflow/.local/lib/python3.12/site-packages/airflow/example_dags/tutorial.py for tasks to queue
[2024-11-29T14:38:09.714+0000] {logging_mixin.py:190} INFO - [2024-11-29T14:38:09.714+0000] {dagbag.py:588} INFO - Filling up the DagBag from /home/airflow/.local/lib/python3.12/site-packages/airflow/example_dags/tutorial.py
[2024-11-29T14:38:09.724+0000] {processor.py:925} INFO - DAG(s) 'tutorial' retrieved from /home/airflow/.local/lib/python3.12/site-packages/airflow/example_dags/tutorial.py
[2024-11-29T14:38:09.755+0000] {logging_mixin.py:190} INFO - [2024-11-29T14:38:09.755+0000] {dag.py:3239} INFO - Sync 1 DAGs
[2024-11-29T14:38:09.824+0000] {logging_mixin.py:190} INFO - [2024-11-29T14:38:09.824+0000] {dag.py:4180} INFO - Setting next_dagrun for tutorial to 2024-11-28 00:00:00+00:00, run_after=2024-11-29 00:00:00+00:00
[2024-11-29T14:38:09.883+0000] {processor.py:208} INFO - Processing /home/airflow/.local/lib/python3.12/site-packages/airflow/example_dags/tutorial.py took 0.181 seconds
[2024-11-29T14:38:40.495+0000] {processor.py:186} INFO - Started process (PID=2402) to work on /home/airflow/.local/lib/python3.12/site-packages/airflow/example_dags/tutorial.py
[2024-11-29T14:38:40.496+0000] {processor.py:914} INFO - Processing file /home/airflow/.local/lib/python3.12/site-packages/airflow/example_dags/tutorial.py for tasks to queue
[2024-11-29T14:38:40.499+0000] {logging_mixin.py:190} INFO - [2024-11-29T14:38:40.499+0000] {dagbag.py:588} INFO - Filling up the DagBag from /home/airflow/.local/lib/python3.12/site-packages/airflow/example_dags/tutorial.py
[2024-11-29T14:38:40.508+0000] {processor.py:925} INFO - DAG(s) 'tutorial' retrieved from /home/airflow/.local/lib/python3.12/site-packages/airflow/example_dags/tutorial.py
[2024-11-29T14:38:40.532+0000] {logging_mixin.py:190} INFO - [2024-11-29T14:38:40.531+0000] {dag.py:3239} INFO - Sync 1 DAGs
[2024-11-29T14:38:40.559+0000] {logging_mixin.py:190} INFO - [2024-11-29T14:38:40.559+0000] {dag.py:4180} INFO - Setting next_dagrun for tutorial to 2024-11-28 00:00:00+00:00, run_after=2024-11-29 00:00:00+00:00
[2024-11-29T14:38:40.600+0000] {processor.py:208} INFO - Processing /home/airflow/.local/lib/python3.12/site-packages/airflow/example_dags/tutorial.py took 0.112 seconds
[2024-11-29T14:39:10.917+0000] {processor.py:186} INFO - Started process (PID=2465) to work on /home/airflow/.local/lib/python3.12/site-packages/airflow/example_dags/tutorial.py
[2024-11-29T14:39:10.918+0000] {processor.py:914} INFO - Processing file /home/airflow/.local/lib/python3.12/site-packages/airflow/example_dags/tutorial.py for tasks to queue
[2024-11-29T14:39:10.921+0000] {logging_mixin.py:190} INFO - [2024-11-29T14:39:10.921+0000] {dagbag.py:588} INFO - Filling up the DagBag from /home/airflow/.local/lib/python3.12/site-packages/airflow/example_dags/tutorial.py
[2024-11-29T14:39:10.930+0000] {processor.py:925} INFO - DAG(s) 'tutorial' retrieved from /home/airflow/.local/lib/python3.12/site-packages/airflow/example_dags/tutorial.py
[2024-11-29T14:39:10.955+0000] {logging_mixin.py:190} INFO - [2024-11-29T14:39:10.955+0000] {dag.py:3239} INFO - Sync 1 DAGs
[2024-11-29T14:39:10.984+0000] {logging_mixin.py:190} INFO - [2024-11-29T14:39:10.983+0000] {dag.py:4180} INFO - Setting next_dagrun for tutorial to 2024-11-28 00:00:00+00:00, run_after=2024-11-29 00:00:00+00:00
[2024-11-29T14:39:11.008+0000] {processor.py:208} INFO - Processing /home/airflow/.local/lib/python3.12/site-packages/airflow/example_dags/tutorial.py took 0.101 seconds
[2024-11-29T14:39:42.119+0000] {processor.py:186} INFO - Started process (PID=2528) to work on /home/airflow/.local/lib/python3.12/site-packages/airflow/example_dags/tutorial.py
[2024-11-29T14:39:42.121+0000] {processor.py:914} INFO - Processing file /home/airflow/.local/lib/python3.12/site-packages/airflow/example_dags/tutorial.py for tasks to queue
[2024-11-29T14:39:42.123+0000] {logging_mixin.py:190} INFO - [2024-11-29T14:39:42.123+0000] {dagbag.py:588} INFO - Filling up the DagBag from /home/airflow/.local/lib/python3.12/site-packages/airflow/example_dags/tutorial.py
[2024-11-29T14:39:42.133+0000] {processor.py:925} INFO - DAG(s) 'tutorial' retrieved from /home/airflow/.local/lib/python3.12/site-packages/airflow/example_dags/tutorial.py
[2024-11-29T14:39:42.157+0000] {logging_mixin.py:190} INFO - [2024-11-29T14:39:42.157+0000] {dag.py:3239} INFO - Sync 1 DAGs
[2024-11-29T14:39:42.185+0000] {logging_mixin.py:190} INFO - [2024-11-29T14:39:42.185+0000] {dag.py:4180} INFO - Setting next_dagrun for tutorial to 2024-11-28 00:00:00+00:00, run_after=2024-11-29 00:00:00+00:00
[2024-11-29T14:39:42.223+0000] {processor.py:208} INFO - Processing /home/airflow/.local/lib/python3.12/site-packages/airflow/example_dags/tutorial.py took 0.111 seconds
[2024-11-29T14:40:12.261+0000] {processor.py:186} INFO - Started process (PID=2591) to work on /home/airflow/.local/lib/python3.12/site-packages/airflow/example_dags/tutorial.py
[2024-11-29T14:40:12.262+0000] {processor.py:914} INFO - Processing file /home/airflow/.local/lib/python3.12/site-packages/airflow/example_dags/tutorial.py for tasks to queue
[2024-11-29T14:40:12.265+0000] {logging_mixin.py:190} INFO - [2024-11-29T14:40:12.265+0000] {dagbag.py:588} INFO - Filling up the DagBag from /home/airflow/.local/lib/python3.12/site-packages/airflow/example_dags/tutorial.py
[2024-11-29T14:40:12.275+0000] {processor.py:925} INFO - DAG(s) 'tutorial' retrieved from /home/airflow/.local/lib/python3.12/site-packages/airflow/example_dags/tutorial.py
[2024-11-29T14:40:12.297+0000] {logging_mixin.py:190} INFO - [2024-11-29T14:40:12.297+0000] {dag.py:3239} INFO - Sync 1 DAGs
[2024-11-29T14:40:12.324+0000] {logging_mixin.py:190} INFO - [2024-11-29T14:40:12.324+0000] {dag.py:4180} INFO - Setting next_dagrun for tutorial to 2024-11-28 00:00:00+00:00, run_after=2024-11-29 00:00:00+00:00
[2024-11-29T14:40:12.382+0000] {processor.py:208} INFO - Processing /home/airflow/.local/lib/python3.12/site-packages/airflow/example_dags/tutorial.py took 0.127 seconds
[2024-11-29T14:40:42.515+0000] {processor.py:186} INFO - Started process (PID=2654) to work on /home/airflow/.local/lib/python3.12/site-packages/airflow/example_dags/tutorial.py
[2024-11-29T14:40:42.516+0000] {processor.py:914} INFO - Processing file /home/airflow/.local/lib/python3.12/site-packages/airflow/example_dags/tutorial.py for tasks to queue
[2024-11-29T14:40:42.519+0000] {logging_mixin.py:190} INFO - [2024-11-29T14:40:42.518+0000] {dagbag.py:588} INFO - Filling up the DagBag from /home/airflow/.local/lib/python3.12/site-packages/airflow/example_dags/tutorial.py
[2024-11-29T14:40:42.529+0000] {processor.py:925} INFO - DAG(s) 'tutorial' retrieved from /home/airflow/.local/lib/python3.12/site-packages/airflow/example_dags/tutorial.py
[2024-11-29T14:40:42.554+0000] {logging_mixin.py:190} INFO - [2024-11-29T14:40:42.554+0000] {dag.py:3239} INFO - Sync 1 DAGs
[2024-11-29T14:40:42.584+0000] {logging_mixin.py:190} INFO - [2024-11-29T14:40:42.584+0000] {dag.py:4180} INFO - Setting next_dagrun for tutorial to 2024-11-28 00:00:00+00:00, run_after=2024-11-29 00:00:00+00:00
[2024-11-29T14:40:42.607+0000] {processor.py:208} INFO - Processing /home/airflow/.local/lib/python3.12/site-packages/airflow/example_dags/tutorial.py took 0.100 seconds
[2024-11-29T14:41:12.700+0000] {processor.py:186} INFO - Started process (PID=2717) to work on /home/airflow/.local/lib/python3.12/site-packages/airflow/example_dags/tutorial.py
[2024-11-29T14:41:12.702+0000] {processor.py:914} INFO - Processing file /home/airflow/.local/lib/python3.12/site-packages/airflow/example_dags/tutorial.py for tasks to queue
[2024-11-29T14:41:12.705+0000] {logging_mixin.py:190} INFO - [2024-11-29T14:41:12.704+0000] {dagbag.py:588} INFO - Filling up the DagBag from /home/airflow/.local/lib/python3.12/site-packages/airflow/example_dags/tutorial.py
[2024-11-29T14:41:12.717+0000] {processor.py:925} INFO - DAG(s) 'tutorial' retrieved from /home/airflow/.local/lib/python3.12/site-packages/airflow/example_dags/tutorial.py
[2024-11-29T14:41:12.740+0000] {logging_mixin.py:190} INFO - [2024-11-29T14:41:12.740+0000] {dag.py:3239} INFO - Sync 1 DAGs
[2024-11-29T14:41:12.775+0000] {logging_mixin.py:190} INFO - [2024-11-29T14:41:12.774+0000] {dag.py:4180} INFO - Setting next_dagrun for tutorial to 2024-11-28 00:00:00+00:00, run_after=2024-11-29 00:00:00+00:00
[2024-11-29T14:41:12.828+0000] {processor.py:208} INFO - Processing /home/airflow/.local/lib/python3.12/site-packages/airflow/example_dags/tutorial.py took 0.136 seconds
[2024-11-29T14:41:42.959+0000] {processor.py:186} INFO - Started process (PID=2780) to work on /home/airflow/.local/lib/python3.12/site-packages/airflow/example_dags/tutorial.py
[2024-11-29T14:41:42.960+0000] {processor.py:914} INFO - Processing file /home/airflow/.local/lib/python3.12/site-packages/airflow/example_dags/tutorial.py for tasks to queue
[2024-11-29T14:41:42.964+0000] {logging_mixin.py:190} INFO - [2024-11-29T14:41:42.963+0000] {dagbag.py:588} INFO - Filling up the DagBag from /home/airflow/.local/lib/python3.12/site-packages/airflow/example_dags/tutorial.py
[2024-11-29T14:41:42.976+0000] {processor.py:925} INFO - DAG(s) 'tutorial' retrieved from /home/airflow/.local/lib/python3.12/site-packages/airflow/example_dags/tutorial.py
[2024-11-29T14:41:43.017+0000] {logging_mixin.py:190} INFO - [2024-11-29T14:41:43.016+0000] {dag.py:3239} INFO - Sync 1 DAGs
[2024-11-29T14:41:43.055+0000] {logging_mixin.py:190} INFO - [2024-11-29T14:41:43.055+0000] {dag.py:4180} INFO - Setting next_dagrun for tutorial to 2024-11-28 00:00:00+00:00, run_after=2024-11-29 00:00:00+00:00
[2024-11-29T14:41:43.084+0000] {processor.py:208} INFO - Processing /home/airflow/.local/lib/python3.12/site-packages/airflow/example_dags/tutorial.py took 0.132 seconds
[2024-11-29T14:42:13.921+0000] {processor.py:186} INFO - Started process (PID=2843) to work on /home/airflow/.local/lib/python3.12/site-packages/airflow/example_dags/tutorial.py
[2024-11-29T14:42:13.923+0000] {processor.py:914} INFO - Processing file /home/airflow/.local/lib/python3.12/site-packages/airflow/example_dags/tutorial.py for tasks to queue
[2024-11-29T14:42:13.927+0000] {logging_mixin.py:190} INFO - [2024-11-29T14:42:13.926+0000] {dagbag.py:588} INFO - Filling up the DagBag from /home/airflow/.local/lib/python3.12/site-packages/airflow/example_dags/tutorial.py
[2024-11-29T14:42:13.945+0000] {processor.py:925} INFO - DAG(s) 'tutorial' retrieved from /home/airflow/.local/lib/python3.12/site-packages/airflow/example_dags/tutorial.py
[2024-11-29T14:42:13.971+0000] {logging_mixin.py:190} INFO - [2024-11-29T14:42:13.970+0000] {dag.py:3239} INFO - Sync 1 DAGs
[2024-11-29T14:42:14.005+0000] {logging_mixin.py:190} INFO - [2024-11-29T14:42:14.004+0000] {dag.py:4180} INFO - Setting next_dagrun for tutorial to 2024-11-28 00:00:00+00:00, run_after=2024-11-29 00:00:00+00:00
[2024-11-29T14:42:14.032+0000] {processor.py:208} INFO - Processing /home/airflow/.local/lib/python3.12/site-packages/airflow/example_dags/tutorial.py took 0.120 seconds
[2024-11-29T14:42:44.717+0000] {processor.py:186} INFO - Started process (PID=2906) to work on /home/airflow/.local/lib/python3.12/site-packages/airflow/example_dags/tutorial.py
[2024-11-29T14:42:44.718+0000] {processor.py:914} INFO - Processing file /home/airflow/.local/lib/python3.12/site-packages/airflow/example_dags/tutorial.py for tasks to queue
[2024-11-29T14:42:44.721+0000] {logging_mixin.py:190} INFO - [2024-11-29T14:42:44.721+0000] {dagbag.py:588} INFO - Filling up the DagBag from /home/airflow/.local/lib/python3.12/site-packages/airflow/example_dags/tutorial.py
[2024-11-29T14:42:44.730+0000] {processor.py:925} INFO - DAG(s) 'tutorial' retrieved from /home/airflow/.local/lib/python3.12/site-packages/airflow/example_dags/tutorial.py
[2024-11-29T14:42:44.754+0000] {logging_mixin.py:190} INFO - [2024-11-29T14:42:44.754+0000] {dag.py:3239} INFO - Sync 1 DAGs
[2024-11-29T14:42:44.786+0000] {logging_mixin.py:190} INFO - [2024-11-29T14:42:44.786+0000] {dag.py:4180} INFO - Setting next_dagrun for tutorial to 2024-11-28 00:00:00+00:00, run_after=2024-11-29 00:00:00+00:00
[2024-11-29T14:42:44.814+0000] {processor.py:208} INFO - Processing /home/airflow/.local/lib/python3.12/site-packages/airflow/example_dags/tutorial.py took 0.103 seconds
[2024-11-29T14:43:15.424+0000] {processor.py:186} INFO - Started process (PID=2969) to work on /home/airflow/.local/lib/python3.12/site-packages/airflow/example_dags/tutorial.py
[2024-11-29T14:43:15.426+0000] {processor.py:914} INFO - Processing file /home/airflow/.local/lib/python3.12/site-packages/airflow/example_dags/tutorial.py for tasks to queue
[2024-11-29T14:43:15.429+0000] {logging_mixin.py:190} INFO - [2024-11-29T14:43:15.428+0000] {dagbag.py:588} INFO - Filling up the DagBag from /home/airflow/.local/lib/python3.12/site-packages/airflow/example_dags/tutorial.py
[2024-11-29T14:43:15.439+0000] {processor.py:925} INFO - DAG(s) 'tutorial' retrieved from /home/airflow/.local/lib/python3.12/site-packages/airflow/example_dags/tutorial.py
[2024-11-29T14:43:15.465+0000] {logging_mixin.py:190} INFO - [2024-11-29T14:43:15.464+0000] {dag.py:3239} INFO - Sync 1 DAGs
[2024-11-29T14:43:15.501+0000] {logging_mixin.py:190} INFO - [2024-11-29T14:43:15.501+0000] {dag.py:4180} INFO - Setting next_dagrun for tutorial to 2024-11-28 00:00:00+00:00, run_after=2024-11-29 00:00:00+00:00
[2024-11-29T14:43:15.526+0000] {processor.py:208} INFO - Processing /home/airflow/.local/lib/python3.12/site-packages/airflow/example_dags/tutorial.py took 0.109 seconds
[2024-11-29T14:43:46.120+0000] {processor.py:186} INFO - Started process (PID=3032) to work on /home/airflow/.local/lib/python3.12/site-packages/airflow/example_dags/tutorial.py
[2024-11-29T14:43:46.122+0000] {processor.py:914} INFO - Processing file /home/airflow/.local/lib/python3.12/site-packages/airflow/example_dags/tutorial.py for tasks to queue
[2024-11-29T14:43:46.126+0000] {logging_mixin.py:190} INFO - [2024-11-29T14:43:46.125+0000] {dagbag.py:588} INFO - Filling up the DagBag from /home/airflow/.local/lib/python3.12/site-packages/airflow/example_dags/tutorial.py
[2024-11-29T14:43:46.149+0000] {processor.py:925} INFO - DAG(s) 'tutorial' retrieved from /home/airflow/.local/lib/python3.12/site-packages/airflow/example_dags/tutorial.py
[2024-11-29T14:43:46.177+0000] {logging_mixin.py:190} INFO - [2024-11-29T14:43:46.177+0000] {dag.py:3239} INFO - Sync 1 DAGs
[2024-11-29T14:43:46.211+0000] {logging_mixin.py:190} INFO - [2024-11-29T14:43:46.211+0000] {dag.py:4180} INFO - Setting next_dagrun for tutorial to 2024-11-28 00:00:00+00:00, run_after=2024-11-29 00:00:00+00:00
[2024-11-29T14:43:46.235+0000] {processor.py:208} INFO - Processing /home/airflow/.local/lib/python3.12/site-packages/airflow/example_dags/tutorial.py took 0.124 seconds
[2024-11-29T14:44:16.967+0000] {processor.py:186} INFO - Started process (PID=3095) to work on /home/airflow/.local/lib/python3.12/site-packages/airflow/example_dags/tutorial.py
[2024-11-29T14:44:16.968+0000] {processor.py:914} INFO - Processing file /home/airflow/.local/lib/python3.12/site-packages/airflow/example_dags/tutorial.py for tasks to queue
[2024-11-29T14:44:16.973+0000] {logging_mixin.py:190} INFO - [2024-11-29T14:44:16.973+0000] {dagbag.py:588} INFO - Filling up the DagBag from /home/airflow/.local/lib/python3.12/site-packages/airflow/example_dags/tutorial.py
[2024-11-29T14:44:16.989+0000] {processor.py:925} INFO - DAG(s) 'tutorial' retrieved from /home/airflow/.local/lib/python3.12/site-packages/airflow/example_dags/tutorial.py
[2024-11-29T14:44:17.024+0000] {logging_mixin.py:190} INFO - [2024-11-29T14:44:17.024+0000] {dag.py:3239} INFO - Sync 1 DAGs
[2024-11-29T14:44:17.072+0000] {logging_mixin.py:190} INFO - [2024-11-29T14:44:17.072+0000] {dag.py:4180} INFO - Setting next_dagrun for tutorial to 2024-11-28 00:00:00+00:00, run_after=2024-11-29 00:00:00+00:00
[2024-11-29T14:44:17.331+0000] {processor.py:208} INFO - Processing /home/airflow/.local/lib/python3.12/site-packages/airflow/example_dags/tutorial.py took 0.376 seconds
[2024-11-29T14:44:47.396+0000] {processor.py:186} INFO - Started process (PID=3158) to work on /home/airflow/.local/lib/python3.12/site-packages/airflow/example_dags/tutorial.py
[2024-11-29T14:44:47.397+0000] {processor.py:914} INFO - Processing file /home/airflow/.local/lib/python3.12/site-packages/airflow/example_dags/tutorial.py for tasks to queue
[2024-11-29T14:44:47.401+0000] {logging_mixin.py:190} INFO - [2024-11-29T14:44:47.400+0000] {dagbag.py:588} INFO - Filling up the DagBag from /home/airflow/.local/lib/python3.12/site-packages/airflow/example_dags/tutorial.py
[2024-11-29T14:44:47.412+0000] {processor.py:925} INFO - DAG(s) 'tutorial' retrieved from /home/airflow/.local/lib/python3.12/site-packages/airflow/example_dags/tutorial.py
[2024-11-29T14:44:47.436+0000] {logging_mixin.py:190} INFO - [2024-11-29T14:44:47.436+0000] {dag.py:3239} INFO - Sync 1 DAGs
[2024-11-29T14:44:47.466+0000] {logging_mixin.py:190} INFO - [2024-11-29T14:44:47.466+0000] {dag.py:4180} INFO - Setting next_dagrun for tutorial to 2024-11-28 00:00:00+00:00, run_after=2024-11-29 00:00:00+00:00
[2024-11-29T14:44:47.490+0000] {processor.py:208} INFO - Processing /home/airflow/.local/lib/python3.12/site-packages/airflow/example_dags/tutorial.py took 0.101 seconds
[2024-11-29T14:45:17.692+0000] {processor.py:186} INFO - Started process (PID=3221) to work on /home/airflow/.local/lib/python3.12/site-packages/airflow/example_dags/tutorial.py
[2024-11-29T14:45:17.694+0000] {processor.py:914} INFO - Processing file /home/airflow/.local/lib/python3.12/site-packages/airflow/example_dags/tutorial.py for tasks to queue
[2024-11-29T14:45:17.696+0000] {logging_mixin.py:190} INFO - [2024-11-29T14:45:17.696+0000] {dagbag.py:588} INFO - Filling up the DagBag from /home/airflow/.local/lib/python3.12/site-packages/airflow/example_dags/tutorial.py
[2024-11-29T14:45:17.705+0000] {processor.py:925} INFO - DAG(s) 'tutorial' retrieved from /home/airflow/.local/lib/python3.12/site-packages/airflow/example_dags/tutorial.py
[2024-11-29T14:45:17.729+0000] {logging_mixin.py:190} INFO - [2024-11-29T14:45:17.728+0000] {dag.py:3239} INFO - Sync 1 DAGs
[2024-11-29T14:45:17.760+0000] {logging_mixin.py:190} INFO - [2024-11-29T14:45:17.760+0000] {dag.py:4180} INFO - Setting next_dagrun for tutorial to 2024-11-28 00:00:00+00:00, run_after=2024-11-29 00:00:00+00:00
[2024-11-29T14:45:17.794+0000] {processor.py:208} INFO - Processing /home/airflow/.local/lib/python3.12/site-packages/airflow/example_dags/tutorial.py took 0.109 seconds
[2024-11-29T14:45:48.646+0000] {processor.py:186} INFO - Started process (PID=3284) to work on /home/airflow/.local/lib/python3.12/site-packages/airflow/example_dags/tutorial.py
[2024-11-29T14:45:48.648+0000] {processor.py:914} INFO - Processing file /home/airflow/.local/lib/python3.12/site-packages/airflow/example_dags/tutorial.py for tasks to queue
[2024-11-29T14:45:48.655+0000] {logging_mixin.py:190} INFO - [2024-11-29T14:45:48.654+0000] {dagbag.py:588} INFO - Filling up the DagBag from /home/airflow/.local/lib/python3.12/site-packages/airflow/example_dags/tutorial.py
[2024-11-29T14:45:48.679+0000] {processor.py:925} INFO - DAG(s) 'tutorial' retrieved from /home/airflow/.local/lib/python3.12/site-packages/airflow/example_dags/tutorial.py
[2024-11-29T14:45:48.728+0000] {logging_mixin.py:190} INFO - [2024-11-29T14:45:48.728+0000] {dag.py:3239} INFO - Sync 1 DAGs
[2024-11-29T14:45:48.759+0000] {logging_mixin.py:190} INFO - [2024-11-29T14:45:48.759+0000] {dag.py:4180} INFO - Setting next_dagrun for tutorial to 2024-11-28 00:00:00+00:00, run_after=2024-11-29 00:00:00+00:00
[2024-11-29T14:45:48.782+0000] {processor.py:208} INFO - Processing /home/airflow/.local/lib/python3.12/site-packages/airflow/example_dags/tutorial.py took 0.152 seconds
[2024-11-29T14:46:19.814+0000] {processor.py:186} INFO - Started process (PID=3347) to work on /home/airflow/.local/lib/python3.12/site-packages/airflow/example_dags/tutorial.py
[2024-11-29T14:46:19.815+0000] {processor.py:914} INFO - Processing file /home/airflow/.local/lib/python3.12/site-packages/airflow/example_dags/tutorial.py for tasks to queue
[2024-11-29T14:46:19.818+0000] {logging_mixin.py:190} INFO - [2024-11-29T14:46:19.817+0000] {dagbag.py:588} INFO - Filling up the DagBag from /home/airflow/.local/lib/python3.12/site-packages/airflow/example_dags/tutorial.py
[2024-11-29T14:46:19.827+0000] {processor.py:925} INFO - DAG(s) 'tutorial' retrieved from /home/airflow/.local/lib/python3.12/site-packages/airflow/example_dags/tutorial.py
[2024-11-29T14:46:19.851+0000] {logging_mixin.py:190} INFO - [2024-11-29T14:46:19.851+0000] {dag.py:3239} INFO - Sync 1 DAGs
[2024-11-29T14:46:19.882+0000] {logging_mixin.py:190} INFO - [2024-11-29T14:46:19.881+0000] {dag.py:4180} INFO - Setting next_dagrun for tutorial to 2024-11-28 00:00:00+00:00, run_after=2024-11-29 00:00:00+00:00
[2024-11-29T14:46:19.907+0000] {processor.py:208} INFO - Processing /home/airflow/.local/lib/python3.12/site-packages/airflow/example_dags/tutorial.py took 0.100 seconds
[2024-11-29T14:46:51.055+0000] {processor.py:186} INFO - Started process (PID=3411) to work on /home/airflow/.local/lib/python3.12/site-packages/airflow/example_dags/tutorial.py
[2024-11-29T14:46:51.057+0000] {processor.py:914} INFO - Processing file /home/airflow/.local/lib/python3.12/site-packages/airflow/example_dags/tutorial.py for tasks to queue
[2024-11-29T14:46:51.060+0000] {logging_mixin.py:190} INFO - [2024-11-29T14:46:51.059+0000] {dagbag.py:588} INFO - Filling up the DagBag from /home/airflow/.local/lib/python3.12/site-packages/airflow/example_dags/tutorial.py
[2024-11-29T14:46:51.070+0000] {processor.py:925} INFO - DAG(s) 'tutorial' retrieved from /home/airflow/.local/lib/python3.12/site-packages/airflow/example_dags/tutorial.py
[2024-11-29T14:46:51.093+0000] {logging_mixin.py:190} INFO - [2024-11-29T14:46:51.093+0000] {dag.py:3239} INFO - Sync 1 DAGs
[2024-11-29T14:46:51.331+0000] {logging_mixin.py:190} INFO - [2024-11-29T14:46:51.330+0000] {dag.py:4180} INFO - Setting next_dagrun for tutorial to 2024-11-28 00:00:00+00:00, run_after=2024-11-29 00:00:00+00:00
[2024-11-29T14:46:51.359+0000] {processor.py:208} INFO - Processing /home/airflow/.local/lib/python3.12/site-packages/airflow/example_dags/tutorial.py took 0.312 seconds
[2024-11-29T14:47:22.235+0000] {processor.py:186} INFO - Started process (PID=3474) to work on /home/airflow/.local/lib/python3.12/site-packages/airflow/example_dags/tutorial.py
[2024-11-29T14:47:22.237+0000] {processor.py:914} INFO - Processing file /home/airflow/.local/lib/python3.12/site-packages/airflow/example_dags/tutorial.py for tasks to queue
[2024-11-29T14:47:22.240+0000] {logging_mixin.py:190} INFO - [2024-11-29T14:47:22.239+0000] {dagbag.py:588} INFO - Filling up the DagBag from /home/airflow/.local/lib/python3.12/site-packages/airflow/example_dags/tutorial.py
[2024-11-29T14:47:22.252+0000] {processor.py:925} INFO - DAG(s) 'tutorial' retrieved from /home/airflow/.local/lib/python3.12/site-packages/airflow/example_dags/tutorial.py
[2024-11-29T14:47:22.283+0000] {logging_mixin.py:190} INFO - [2024-11-29T14:47:22.283+0000] {dag.py:3239} INFO - Sync 1 DAGs
[2024-11-29T14:47:22.325+0000] {logging_mixin.py:190} INFO - [2024-11-29T14:47:22.325+0000] {dag.py:4180} INFO - Setting next_dagrun for tutorial to 2024-11-28 00:00:00+00:00, run_after=2024-11-29 00:00:00+00:00
[2024-11-29T14:47:22.527+0000] {processor.py:208} INFO - Processing /home/airflow/.local/lib/python3.12/site-packages/airflow/example_dags/tutorial.py took 0.301 seconds
[2024-11-29T14:47:52.605+0000] {processor.py:186} INFO - Started process (PID=3537) to work on /home/airflow/.local/lib/python3.12/site-packages/airflow/example_dags/tutorial.py
[2024-11-29T14:47:52.607+0000] {processor.py:914} INFO - Processing file /home/airflow/.local/lib/python3.12/site-packages/airflow/example_dags/tutorial.py for tasks to queue
[2024-11-29T14:47:52.610+0000] {logging_mixin.py:190} INFO - [2024-11-29T14:47:52.609+0000] {dagbag.py:588} INFO - Filling up the DagBag from /home/airflow/.local/lib/python3.12/site-packages/airflow/example_dags/tutorial.py
[2024-11-29T14:47:52.619+0000] {processor.py:925} INFO - DAG(s) 'tutorial' retrieved from /home/airflow/.local/lib/python3.12/site-packages/airflow/example_dags/tutorial.py
[2024-11-29T14:47:52.646+0000] {logging_mixin.py:190} INFO - [2024-11-29T14:47:52.645+0000] {dag.py:3239} INFO - Sync 1 DAGs
[2024-11-29T14:47:52.677+0000] {logging_mixin.py:190} INFO - [2024-11-29T14:47:52.677+0000] {dag.py:4180} INFO - Setting next_dagrun for tutorial to 2024-11-28 00:00:00+00:00, run_after=2024-11-29 00:00:00+00:00
[2024-11-29T14:47:52.705+0000] {processor.py:208} INFO - Processing /home/airflow/.local/lib/python3.12/site-packages/airflow/example_dags/tutorial.py took 0.108 seconds
[2024-11-29T14:48:23.062+0000] {processor.py:186} INFO - Started process (PID=3600) to work on /home/airflow/.local/lib/python3.12/site-packages/airflow/example_dags/tutorial.py
[2024-11-29T14:48:23.063+0000] {processor.py:914} INFO - Processing file /home/airflow/.local/lib/python3.12/site-packages/airflow/example_dags/tutorial.py for tasks to queue
[2024-11-29T14:48:23.066+0000] {logging_mixin.py:190} INFO - [2024-11-29T14:48:23.065+0000] {dagbag.py:588} INFO - Filling up the DagBag from /home/airflow/.local/lib/python3.12/site-packages/airflow/example_dags/tutorial.py
[2024-11-29T14:48:23.078+0000] {processor.py:925} INFO - DAG(s) 'tutorial' retrieved from /home/airflow/.local/lib/python3.12/site-packages/airflow/example_dags/tutorial.py
[2024-11-29T14:48:23.101+0000] {logging_mixin.py:190} INFO - [2024-11-29T14:48:23.101+0000] {dag.py:3239} INFO - Sync 1 DAGs
[2024-11-29T14:48:23.131+0000] {logging_mixin.py:190} INFO - [2024-11-29T14:48:23.130+0000] {dag.py:4180} INFO - Setting next_dagrun for tutorial to 2024-11-28 00:00:00+00:00, run_after=2024-11-29 00:00:00+00:00
[2024-11-29T14:48:23.154+0000] {processor.py:208} INFO - Processing /home/airflow/.local/lib/python3.12/site-packages/airflow/example_dags/tutorial.py took 0.099 seconds
[2024-11-29T14:48:53.947+0000] {processor.py:186} INFO - Started process (PID=3664) to work on /home/airflow/.local/lib/python3.12/site-packages/airflow/example_dags/tutorial.py
[2024-11-29T14:48:53.948+0000] {processor.py:914} INFO - Processing file /home/airflow/.local/lib/python3.12/site-packages/airflow/example_dags/tutorial.py for tasks to queue
[2024-11-29T14:48:53.951+0000] {logging_mixin.py:190} INFO - [2024-11-29T14:48:53.950+0000] {dagbag.py:588} INFO - Filling up the DagBag from /home/airflow/.local/lib/python3.12/site-packages/airflow/example_dags/tutorial.py
[2024-11-29T14:48:53.963+0000] {processor.py:925} INFO - DAG(s) 'tutorial' retrieved from /home/airflow/.local/lib/python3.12/site-packages/airflow/example_dags/tutorial.py
[2024-11-29T14:48:53.987+0000] {logging_mixin.py:190} INFO - [2024-11-29T14:48:53.987+0000] {dag.py:3239} INFO - Sync 1 DAGs
[2024-11-29T14:48:54.016+0000] {logging_mixin.py:190} INFO - [2024-11-29T14:48:54.016+0000] {dag.py:4180} INFO - Setting next_dagrun for tutorial to 2024-11-28 00:00:00+00:00, run_after=2024-11-29 00:00:00+00:00
[2024-11-29T14:48:54.047+0000] {processor.py:208} INFO - Processing /home/airflow/.local/lib/python3.12/site-packages/airflow/example_dags/tutorial.py took 0.107 seconds
[2024-11-29T14:49:24.155+0000] {processor.py:186} INFO - Started process (PID=3727) to work on /home/airflow/.local/lib/python3.12/site-packages/airflow/example_dags/tutorial.py
[2024-11-29T14:49:24.156+0000] {processor.py:914} INFO - Processing file /home/airflow/.local/lib/python3.12/site-packages/airflow/example_dags/tutorial.py for tasks to queue
[2024-11-29T14:49:24.159+0000] {logging_mixin.py:190} INFO - [2024-11-29T14:49:24.159+0000] {dagbag.py:588} INFO - Filling up the DagBag from /home/airflow/.local/lib/python3.12/site-packages/airflow/example_dags/tutorial.py
[2024-11-29T14:49:24.169+0000] {processor.py:925} INFO - DAG(s) 'tutorial' retrieved from /home/airflow/.local/lib/python3.12/site-packages/airflow/example_dags/tutorial.py
[2024-11-29T14:49:24.194+0000] {logging_mixin.py:190} INFO - [2024-11-29T14:49:24.194+0000] {dag.py:3239} INFO - Sync 1 DAGs
[2024-11-29T14:49:24.226+0000] {logging_mixin.py:190} INFO - [2024-11-29T14:49:24.226+0000] {dag.py:4180} INFO - Setting next_dagrun for tutorial to 2024-11-28 00:00:00+00:00, run_after=2024-11-29 00:00:00+00:00
[2024-11-29T14:49:24.252+0000] {processor.py:208} INFO - Processing /home/airflow/.local/lib/python3.12/site-packages/airflow/example_dags/tutorial.py took 0.104 seconds
