[2024-11-29T14:05:11.179+0000] {processor.py:186} INFO - Started process (PID=91) to work on /home/airflow/.local/lib/python3.12/site-packages/airflow/example_dags/tutorial_objectstorage.py
[2024-11-29T14:05:11.181+0000] {processor.py:914} INFO - Processing file /home/airflow/.local/lib/python3.12/site-packages/airflow/example_dags/tutorial_objectstorage.py for tasks to queue
[2024-11-29T14:05:11.186+0000] {logging_mixin.py:190} INFO - [2024-11-29T14:05:11.185+0000] {dagbag.py:588} INFO - Filling up the DagBag from /home/airflow/.local/lib/python3.12/site-packages/airflow/example_dags/tutorial_objectstorage.py
[2024-11-29T14:05:11.202+0000] {processor.py:925} INFO - DAG(s) 'tutorial_objectstorage' retrieved from /home/airflow/.local/lib/python3.12/site-packages/airflow/example_dags/tutorial_objectstorage.py
[2024-11-29T14:05:11.264+0000] {logging_mixin.py:190} INFO - [2024-11-29T14:05:11.264+0000] {dag.py:3239} INFO - Sync 1 DAGs
[2024-11-29T14:05:11.299+0000] {logging_mixin.py:190} INFO - [2024-11-29T14:05:11.299+0000] {dag.py:4180} INFO - Setting next_dagrun for tutorial_objectstorage to None, run_after=None
[2024-11-29T14:05:11.337+0000] {processor.py:208} INFO - Processing /home/airflow/.local/lib/python3.12/site-packages/airflow/example_dags/tutorial_objectstorage.py took 0.167 seconds
[2024-11-29T14:05:42.014+0000] {processor.py:186} INFO - Started process (PID=154) to work on /home/airflow/.local/lib/python3.12/site-packages/airflow/example_dags/tutorial_objectstorage.py
[2024-11-29T14:05:42.015+0000] {processor.py:914} INFO - Processing file /home/airflow/.local/lib/python3.12/site-packages/airflow/example_dags/tutorial_objectstorage.py for tasks to queue
[2024-11-29T14:05:42.017+0000] {logging_mixin.py:190} INFO - [2024-11-29T14:05:42.017+0000] {dagbag.py:588} INFO - Filling up the DagBag from /home/airflow/.local/lib/python3.12/site-packages/airflow/example_dags/tutorial_objectstorage.py
[2024-11-29T14:05:42.028+0000] {processor.py:925} INFO - DAG(s) 'tutorial_objectstorage' retrieved from /home/airflow/.local/lib/python3.12/site-packages/airflow/example_dags/tutorial_objectstorage.py
[2024-11-29T14:05:42.050+0000] {logging_mixin.py:190} INFO - [2024-11-29T14:05:42.049+0000] {dag.py:3239} INFO - Sync 1 DAGs
[2024-11-29T14:05:42.070+0000] {logging_mixin.py:190} INFO - [2024-11-29T14:05:42.069+0000] {dag.py:4180} INFO - Setting next_dagrun for tutorial_objectstorage to None, run_after=None
[2024-11-29T14:05:42.097+0000] {processor.py:208} INFO - Processing /home/airflow/.local/lib/python3.12/site-packages/airflow/example_dags/tutorial_objectstorage.py took 0.090 seconds
[2024-11-29T14:06:12.291+0000] {processor.py:186} INFO - Started process (PID=216) to work on /home/airflow/.local/lib/python3.12/site-packages/airflow/example_dags/tutorial_objectstorage.py
[2024-11-29T14:06:12.292+0000] {processor.py:914} INFO - Processing file /home/airflow/.local/lib/python3.12/site-packages/airflow/example_dags/tutorial_objectstorage.py for tasks to queue
[2024-11-29T14:06:12.296+0000] {logging_mixin.py:190} INFO - [2024-11-29T14:06:12.296+0000] {dagbag.py:588} INFO - Filling up the DagBag from /home/airflow/.local/lib/python3.12/site-packages/airflow/example_dags/tutorial_objectstorage.py
[2024-11-29T14:06:12.308+0000] {processor.py:925} INFO - DAG(s) 'tutorial_objectstorage' retrieved from /home/airflow/.local/lib/python3.12/site-packages/airflow/example_dags/tutorial_objectstorage.py
[2024-11-29T14:06:12.333+0000] {logging_mixin.py:190} INFO - [2024-11-29T14:06:12.333+0000] {dag.py:3239} INFO - Sync 1 DAGs
[2024-11-29T14:06:12.353+0000] {logging_mixin.py:190} INFO - [2024-11-29T14:06:12.353+0000] {dag.py:4180} INFO - Setting next_dagrun for tutorial_objectstorage to None, run_after=None
[2024-11-29T14:06:12.379+0000] {processor.py:208} INFO - Processing /home/airflow/.local/lib/python3.12/site-packages/airflow/example_dags/tutorial_objectstorage.py took 0.097 seconds
[2024-11-29T14:06:42.519+0000] {processor.py:186} INFO - Started process (PID=278) to work on /home/airflow/.local/lib/python3.12/site-packages/airflow/example_dags/tutorial_objectstorage.py
[2024-11-29T14:06:42.522+0000] {processor.py:914} INFO - Processing file /home/airflow/.local/lib/python3.12/site-packages/airflow/example_dags/tutorial_objectstorage.py for tasks to queue
[2024-11-29T14:06:42.530+0000] {logging_mixin.py:190} INFO - [2024-11-29T14:06:42.529+0000] {dagbag.py:588} INFO - Filling up the DagBag from /home/airflow/.local/lib/python3.12/site-packages/airflow/example_dags/tutorial_objectstorage.py
[2024-11-29T14:06:42.546+0000] {processor.py:925} INFO - DAG(s) 'tutorial_objectstorage' retrieved from /home/airflow/.local/lib/python3.12/site-packages/airflow/example_dags/tutorial_objectstorage.py
[2024-11-29T14:06:42.567+0000] {logging_mixin.py:190} INFO - [2024-11-29T14:06:42.567+0000] {dag.py:3239} INFO - Sync 1 DAGs
[2024-11-29T14:06:42.587+0000] {logging_mixin.py:190} INFO - [2024-11-29T14:06:42.586+0000] {dag.py:4180} INFO - Setting next_dagrun for tutorial_objectstorage to None, run_after=None
[2024-11-29T14:06:42.609+0000] {processor.py:208} INFO - Processing /home/airflow/.local/lib/python3.12/site-packages/airflow/example_dags/tutorial_objectstorage.py took 0.110 seconds
[2024-11-29T14:07:13.275+0000] {processor.py:186} INFO - Started process (PID=342) to work on /home/airflow/.local/lib/python3.12/site-packages/airflow/example_dags/tutorial_objectstorage.py
[2024-11-29T14:07:13.276+0000] {processor.py:914} INFO - Processing file /home/airflow/.local/lib/python3.12/site-packages/airflow/example_dags/tutorial_objectstorage.py for tasks to queue
[2024-11-29T14:07:13.279+0000] {logging_mixin.py:190} INFO - [2024-11-29T14:07:13.278+0000] {dagbag.py:588} INFO - Filling up the DagBag from /home/airflow/.local/lib/python3.12/site-packages/airflow/example_dags/tutorial_objectstorage.py
[2024-11-29T14:07:13.290+0000] {processor.py:925} INFO - DAG(s) 'tutorial_objectstorage' retrieved from /home/airflow/.local/lib/python3.12/site-packages/airflow/example_dags/tutorial_objectstorage.py
[2024-11-29T14:07:13.314+0000] {logging_mixin.py:190} INFO - [2024-11-29T14:07:13.313+0000] {dag.py:3239} INFO - Sync 1 DAGs
[2024-11-29T14:07:13.340+0000] {logging_mixin.py:190} INFO - [2024-11-29T14:07:13.339+0000] {dag.py:4180} INFO - Setting next_dagrun for tutorial_objectstorage to None, run_after=None
[2024-11-29T14:07:13.382+0000] {processor.py:208} INFO - Processing /home/airflow/.local/lib/python3.12/site-packages/airflow/example_dags/tutorial_objectstorage.py took 0.115 seconds
[2024-11-29T14:07:43.737+0000] {processor.py:186} INFO - Started process (PID=403) to work on /home/airflow/.local/lib/python3.12/site-packages/airflow/example_dags/tutorial_objectstorage.py
[2024-11-29T14:07:43.738+0000] {processor.py:914} INFO - Processing file /home/airflow/.local/lib/python3.12/site-packages/airflow/example_dags/tutorial_objectstorage.py for tasks to queue
[2024-11-29T14:07:43.742+0000] {logging_mixin.py:190} INFO - [2024-11-29T14:07:43.741+0000] {dagbag.py:588} INFO - Filling up the DagBag from /home/airflow/.local/lib/python3.12/site-packages/airflow/example_dags/tutorial_objectstorage.py
[2024-11-29T14:07:43.754+0000] {processor.py:925} INFO - DAG(s) 'tutorial_objectstorage' retrieved from /home/airflow/.local/lib/python3.12/site-packages/airflow/example_dags/tutorial_objectstorage.py
[2024-11-29T14:07:43.776+0000] {logging_mixin.py:190} INFO - [2024-11-29T14:07:43.776+0000] {dag.py:3239} INFO - Sync 1 DAGs
[2024-11-29T14:07:43.793+0000] {logging_mixin.py:190} INFO - [2024-11-29T14:07:43.793+0000] {dag.py:4180} INFO - Setting next_dagrun for tutorial_objectstorage to None, run_after=None
[2024-11-29T14:07:43.816+0000] {processor.py:208} INFO - Processing /home/airflow/.local/lib/python3.12/site-packages/airflow/example_dags/tutorial_objectstorage.py took 0.087 seconds
[2024-11-29T14:08:14.547+0000] {processor.py:186} INFO - Started process (PID=466) to work on /home/airflow/.local/lib/python3.12/site-packages/airflow/example_dags/tutorial_objectstorage.py
[2024-11-29T14:08:14.548+0000] {processor.py:914} INFO - Processing file /home/airflow/.local/lib/python3.12/site-packages/airflow/example_dags/tutorial_objectstorage.py for tasks to queue
[2024-11-29T14:08:14.551+0000] {logging_mixin.py:190} INFO - [2024-11-29T14:08:14.551+0000] {dagbag.py:588} INFO - Filling up the DagBag from /home/airflow/.local/lib/python3.12/site-packages/airflow/example_dags/tutorial_objectstorage.py
[2024-11-29T14:08:14.564+0000] {processor.py:925} INFO - DAG(s) 'tutorial_objectstorage' retrieved from /home/airflow/.local/lib/python3.12/site-packages/airflow/example_dags/tutorial_objectstorage.py
[2024-11-29T14:08:14.590+0000] {logging_mixin.py:190} INFO - [2024-11-29T14:08:14.589+0000] {dag.py:3239} INFO - Sync 1 DAGs
[2024-11-29T14:08:14.613+0000] {logging_mixin.py:190} INFO - [2024-11-29T14:08:14.613+0000] {dag.py:4180} INFO - Setting next_dagrun for tutorial_objectstorage to None, run_after=None
[2024-11-29T14:08:14.638+0000] {processor.py:208} INFO - Processing /home/airflow/.local/lib/python3.12/site-packages/airflow/example_dags/tutorial_objectstorage.py took 0.098 seconds
[2024-11-29T14:08:45.108+0000] {processor.py:186} INFO - Started process (PID=529) to work on /home/airflow/.local/lib/python3.12/site-packages/airflow/example_dags/tutorial_objectstorage.py
[2024-11-29T14:08:45.109+0000] {processor.py:914} INFO - Processing file /home/airflow/.local/lib/python3.12/site-packages/airflow/example_dags/tutorial_objectstorage.py for tasks to queue
[2024-11-29T14:08:45.117+0000] {logging_mixin.py:190} INFO - [2024-11-29T14:08:45.116+0000] {dagbag.py:588} INFO - Filling up the DagBag from /home/airflow/.local/lib/python3.12/site-packages/airflow/example_dags/tutorial_objectstorage.py
[2024-11-29T14:08:45.135+0000] {processor.py:925} INFO - DAG(s) 'tutorial_objectstorage' retrieved from /home/airflow/.local/lib/python3.12/site-packages/airflow/example_dags/tutorial_objectstorage.py
[2024-11-29T14:08:45.176+0000] {logging_mixin.py:190} INFO - [2024-11-29T14:08:45.176+0000] {dag.py:3239} INFO - Sync 1 DAGs
[2024-11-29T14:08:45.223+0000] {logging_mixin.py:190} INFO - [2024-11-29T14:08:45.223+0000] {dag.py:4180} INFO - Setting next_dagrun for tutorial_objectstorage to None, run_after=None
[2024-11-29T14:08:45.274+0000] {processor.py:208} INFO - Processing /home/airflow/.local/lib/python3.12/site-packages/airflow/example_dags/tutorial_objectstorage.py took 0.178 seconds
[2024-11-29T14:09:16.021+0000] {processor.py:186} INFO - Started process (PID=592) to work on /home/airflow/.local/lib/python3.12/site-packages/airflow/example_dags/tutorial_objectstorage.py
[2024-11-29T14:09:16.022+0000] {processor.py:914} INFO - Processing file /home/airflow/.local/lib/python3.12/site-packages/airflow/example_dags/tutorial_objectstorage.py for tasks to queue
[2024-11-29T14:09:16.025+0000] {logging_mixin.py:190} INFO - [2024-11-29T14:09:16.025+0000] {dagbag.py:588} INFO - Filling up the DagBag from /home/airflow/.local/lib/python3.12/site-packages/airflow/example_dags/tutorial_objectstorage.py
[2024-11-29T14:09:16.040+0000] {processor.py:925} INFO - DAG(s) 'tutorial_objectstorage' retrieved from /home/airflow/.local/lib/python3.12/site-packages/airflow/example_dags/tutorial_objectstorage.py
[2024-11-29T14:09:16.066+0000] {logging_mixin.py:190} INFO - [2024-11-29T14:09:16.066+0000] {dag.py:3239} INFO - Sync 1 DAGs
[2024-11-29T14:09:16.087+0000] {logging_mixin.py:190} INFO - [2024-11-29T14:09:16.087+0000] {dag.py:4180} INFO - Setting next_dagrun for tutorial_objectstorage to None, run_after=None
[2024-11-29T14:09:16.112+0000] {processor.py:208} INFO - Processing /home/airflow/.local/lib/python3.12/site-packages/airflow/example_dags/tutorial_objectstorage.py took 0.098 seconds
[2024-11-29T14:09:46.967+0000] {processor.py:186} INFO - Started process (PID=655) to work on /home/airflow/.local/lib/python3.12/site-packages/airflow/example_dags/tutorial_objectstorage.py
[2024-11-29T14:09:46.968+0000] {processor.py:914} INFO - Processing file /home/airflow/.local/lib/python3.12/site-packages/airflow/example_dags/tutorial_objectstorage.py for tasks to queue
[2024-11-29T14:09:46.971+0000] {logging_mixin.py:190} INFO - [2024-11-29T14:09:46.971+0000] {dagbag.py:588} INFO - Filling up the DagBag from /home/airflow/.local/lib/python3.12/site-packages/airflow/example_dags/tutorial_objectstorage.py
[2024-11-29T14:09:46.982+0000] {processor.py:925} INFO - DAG(s) 'tutorial_objectstorage' retrieved from /home/airflow/.local/lib/python3.12/site-packages/airflow/example_dags/tutorial_objectstorage.py
[2024-11-29T14:09:47.003+0000] {logging_mixin.py:190} INFO - [2024-11-29T14:09:47.003+0000] {dag.py:3239} INFO - Sync 1 DAGs
[2024-11-29T14:09:47.021+0000] {logging_mixin.py:190} INFO - [2024-11-29T14:09:47.021+0000] {dag.py:4180} INFO - Setting next_dagrun for tutorial_objectstorage to None, run_after=None
[2024-11-29T14:09:47.045+0000] {processor.py:208} INFO - Processing /home/airflow/.local/lib/python3.12/site-packages/airflow/example_dags/tutorial_objectstorage.py took 0.085 seconds
[2024-11-29T14:10:17.435+0000] {processor.py:186} INFO - Started process (PID=718) to work on /home/airflow/.local/lib/python3.12/site-packages/airflow/example_dags/tutorial_objectstorage.py
[2024-11-29T14:10:17.436+0000] {processor.py:914} INFO - Processing file /home/airflow/.local/lib/python3.12/site-packages/airflow/example_dags/tutorial_objectstorage.py for tasks to queue
[2024-11-29T14:10:17.439+0000] {logging_mixin.py:190} INFO - [2024-11-29T14:10:17.438+0000] {dagbag.py:588} INFO - Filling up the DagBag from /home/airflow/.local/lib/python3.12/site-packages/airflow/example_dags/tutorial_objectstorage.py
[2024-11-29T14:10:17.451+0000] {processor.py:925} INFO - DAG(s) 'tutorial_objectstorage' retrieved from /home/airflow/.local/lib/python3.12/site-packages/airflow/example_dags/tutorial_objectstorage.py
[2024-11-29T14:10:17.471+0000] {logging_mixin.py:190} INFO - [2024-11-29T14:10:17.471+0000] {dag.py:3239} INFO - Sync 1 DAGs
[2024-11-29T14:10:17.490+0000] {logging_mixin.py:190} INFO - [2024-11-29T14:10:17.489+0000] {dag.py:4180} INFO - Setting next_dagrun for tutorial_objectstorage to None, run_after=None
[2024-11-29T14:10:17.512+0000] {processor.py:208} INFO - Processing /home/airflow/.local/lib/python3.12/site-packages/airflow/example_dags/tutorial_objectstorage.py took 0.085 seconds
[2024-11-29T14:10:48.083+0000] {processor.py:186} INFO - Started process (PID=781) to work on /home/airflow/.local/lib/python3.12/site-packages/airflow/example_dags/tutorial_objectstorage.py
[2024-11-29T14:10:48.084+0000] {processor.py:914} INFO - Processing file /home/airflow/.local/lib/python3.12/site-packages/airflow/example_dags/tutorial_objectstorage.py for tasks to queue
[2024-11-29T14:10:48.087+0000] {logging_mixin.py:190} INFO - [2024-11-29T14:10:48.087+0000] {dagbag.py:588} INFO - Filling up the DagBag from /home/airflow/.local/lib/python3.12/site-packages/airflow/example_dags/tutorial_objectstorage.py
[2024-11-29T14:10:48.101+0000] {processor.py:925} INFO - DAG(s) 'tutorial_objectstorage' retrieved from /home/airflow/.local/lib/python3.12/site-packages/airflow/example_dags/tutorial_objectstorage.py
[2024-11-29T14:10:48.126+0000] {logging_mixin.py:190} INFO - [2024-11-29T14:10:48.126+0000] {dag.py:3239} INFO - Sync 1 DAGs
[2024-11-29T14:10:48.146+0000] {logging_mixin.py:190} INFO - [2024-11-29T14:10:48.146+0000] {dag.py:4180} INFO - Setting next_dagrun for tutorial_objectstorage to None, run_after=None
[2024-11-29T14:10:48.169+0000] {processor.py:208} INFO - Processing /home/airflow/.local/lib/python3.12/site-packages/airflow/example_dags/tutorial_objectstorage.py took 0.094 seconds
[2024-11-29T14:11:18.433+0000] {processor.py:186} INFO - Started process (PID=844) to work on /home/airflow/.local/lib/python3.12/site-packages/airflow/example_dags/tutorial_objectstorage.py
[2024-11-29T14:11:18.434+0000] {processor.py:914} INFO - Processing file /home/airflow/.local/lib/python3.12/site-packages/airflow/example_dags/tutorial_objectstorage.py for tasks to queue
[2024-11-29T14:11:18.436+0000] {logging_mixin.py:190} INFO - [2024-11-29T14:11:18.436+0000] {dagbag.py:588} INFO - Filling up the DagBag from /home/airflow/.local/lib/python3.12/site-packages/airflow/example_dags/tutorial_objectstorage.py
[2024-11-29T14:11:18.449+0000] {processor.py:925} INFO - DAG(s) 'tutorial_objectstorage' retrieved from /home/airflow/.local/lib/python3.12/site-packages/airflow/example_dags/tutorial_objectstorage.py
[2024-11-29T14:11:18.473+0000] {logging_mixin.py:190} INFO - [2024-11-29T14:11:18.472+0000] {dag.py:3239} INFO - Sync 1 DAGs
[2024-11-29T14:11:18.491+0000] {logging_mixin.py:190} INFO - [2024-11-29T14:11:18.491+0000] {dag.py:4180} INFO - Setting next_dagrun for tutorial_objectstorage to None, run_after=None
[2024-11-29T14:11:18.513+0000] {processor.py:208} INFO - Processing /home/airflow/.local/lib/python3.12/site-packages/airflow/example_dags/tutorial_objectstorage.py took 0.088 seconds
[2024-11-29T14:11:48.959+0000] {processor.py:186} INFO - Started process (PID=907) to work on /home/airflow/.local/lib/python3.12/site-packages/airflow/example_dags/tutorial_objectstorage.py
[2024-11-29T14:11:48.960+0000] {processor.py:914} INFO - Processing file /home/airflow/.local/lib/python3.12/site-packages/airflow/example_dags/tutorial_objectstorage.py for tasks to queue
[2024-11-29T14:11:48.963+0000] {logging_mixin.py:190} INFO - [2024-11-29T14:11:48.963+0000] {dagbag.py:588} INFO - Filling up the DagBag from /home/airflow/.local/lib/python3.12/site-packages/airflow/example_dags/tutorial_objectstorage.py
[2024-11-29T14:11:48.973+0000] {processor.py:925} INFO - DAG(s) 'tutorial_objectstorage' retrieved from /home/airflow/.local/lib/python3.12/site-packages/airflow/example_dags/tutorial_objectstorage.py
[2024-11-29T14:11:48.995+0000] {logging_mixin.py:190} INFO - [2024-11-29T14:11:48.994+0000] {dag.py:3239} INFO - Sync 1 DAGs
[2024-11-29T14:11:49.011+0000] {logging_mixin.py:190} INFO - [2024-11-29T14:11:49.011+0000] {dag.py:4180} INFO - Setting next_dagrun for tutorial_objectstorage to None, run_after=None
[2024-11-29T14:11:49.037+0000] {processor.py:208} INFO - Processing /home/airflow/.local/lib/python3.12/site-packages/airflow/example_dags/tutorial_objectstorage.py took 0.084 seconds
[2024-11-29T14:12:19.458+0000] {processor.py:186} INFO - Started process (PID=970) to work on /home/airflow/.local/lib/python3.12/site-packages/airflow/example_dags/tutorial_objectstorage.py
[2024-11-29T14:12:19.460+0000] {processor.py:914} INFO - Processing file /home/airflow/.local/lib/python3.12/site-packages/airflow/example_dags/tutorial_objectstorage.py for tasks to queue
[2024-11-29T14:12:19.462+0000] {logging_mixin.py:190} INFO - [2024-11-29T14:12:19.462+0000] {dagbag.py:588} INFO - Filling up the DagBag from /home/airflow/.local/lib/python3.12/site-packages/airflow/example_dags/tutorial_objectstorage.py
[2024-11-29T14:12:19.473+0000] {processor.py:925} INFO - DAG(s) 'tutorial_objectstorage' retrieved from /home/airflow/.local/lib/python3.12/site-packages/airflow/example_dags/tutorial_objectstorage.py
[2024-11-29T14:12:19.496+0000] {logging_mixin.py:190} INFO - [2024-11-29T14:12:19.496+0000] {dag.py:3239} INFO - Sync 1 DAGs
[2024-11-29T14:12:19.513+0000] {logging_mixin.py:190} INFO - [2024-11-29T14:12:19.513+0000] {dag.py:4180} INFO - Setting next_dagrun for tutorial_objectstorage to None, run_after=None
[2024-11-29T14:12:19.537+0000] {processor.py:208} INFO - Processing /home/airflow/.local/lib/python3.12/site-packages/airflow/example_dags/tutorial_objectstorage.py took 0.086 seconds
[2024-11-29T14:12:50.224+0000] {processor.py:186} INFO - Started process (PID=1032) to work on /home/airflow/.local/lib/python3.12/site-packages/airflow/example_dags/tutorial_objectstorage.py
[2024-11-29T14:12:50.230+0000] {processor.py:914} INFO - Processing file /home/airflow/.local/lib/python3.12/site-packages/airflow/example_dags/tutorial_objectstorage.py for tasks to queue
[2024-11-29T14:12:50.242+0000] {logging_mixin.py:190} INFO - [2024-11-29T14:12:50.240+0000] {dagbag.py:588} INFO - Filling up the DagBag from /home/airflow/.local/lib/python3.12/site-packages/airflow/example_dags/tutorial_objectstorage.py
[2024-11-29T14:12:50.288+0000] {processor.py:925} INFO - DAG(s) 'tutorial_objectstorage' retrieved from /home/airflow/.local/lib/python3.12/site-packages/airflow/example_dags/tutorial_objectstorage.py
[2024-11-29T14:12:50.380+0000] {logging_mixin.py:190} INFO - [2024-11-29T14:12:50.379+0000] {dag.py:3239} INFO - Sync 1 DAGs
[2024-11-29T14:12:50.459+0000] {logging_mixin.py:190} INFO - [2024-11-29T14:12:50.458+0000] {dag.py:4180} INFO - Setting next_dagrun for tutorial_objectstorage to None, run_after=None
[2024-11-29T14:12:50.538+0000] {processor.py:208} INFO - Processing /home/airflow/.local/lib/python3.12/site-packages/airflow/example_dags/tutorial_objectstorage.py took 0.342 seconds
[2024-11-29T14:13:20.628+0000] {processor.py:186} INFO - Started process (PID=1095) to work on /home/airflow/.local/lib/python3.12/site-packages/airflow/example_dags/tutorial_objectstorage.py
[2024-11-29T14:13:20.629+0000] {processor.py:914} INFO - Processing file /home/airflow/.local/lib/python3.12/site-packages/airflow/example_dags/tutorial_objectstorage.py for tasks to queue
[2024-11-29T14:13:20.632+0000] {logging_mixin.py:190} INFO - [2024-11-29T14:13:20.632+0000] {dagbag.py:588} INFO - Filling up the DagBag from /home/airflow/.local/lib/python3.12/site-packages/airflow/example_dags/tutorial_objectstorage.py
[2024-11-29T14:13:20.646+0000] {processor.py:925} INFO - DAG(s) 'tutorial_objectstorage' retrieved from /home/airflow/.local/lib/python3.12/site-packages/airflow/example_dags/tutorial_objectstorage.py
[2024-11-29T14:13:20.670+0000] {logging_mixin.py:190} INFO - [2024-11-29T14:13:20.670+0000] {dag.py:3239} INFO - Sync 1 DAGs
[2024-11-29T14:13:20.696+0000] {logging_mixin.py:190} INFO - [2024-11-29T14:13:20.696+0000] {dag.py:4180} INFO - Setting next_dagrun for tutorial_objectstorage to None, run_after=None
[2024-11-29T14:13:20.732+0000] {processor.py:208} INFO - Processing /home/airflow/.local/lib/python3.12/site-packages/airflow/example_dags/tutorial_objectstorage.py took 0.115 seconds
[2024-11-29T14:19:51.183+0000] {processor.py:186} INFO - Started process (PID=92) to work on /home/airflow/.local/lib/python3.12/site-packages/airflow/example_dags/tutorial_objectstorage.py
[2024-11-29T14:19:51.186+0000] {processor.py:914} INFO - Processing file /home/airflow/.local/lib/python3.12/site-packages/airflow/example_dags/tutorial_objectstorage.py for tasks to queue
[2024-11-29T14:19:51.200+0000] {logging_mixin.py:190} INFO - [2024-11-29T14:19:51.200+0000] {dagbag.py:588} INFO - Filling up the DagBag from /home/airflow/.local/lib/python3.12/site-packages/airflow/example_dags/tutorial_objectstorage.py
[2024-11-29T14:19:51.233+0000] {processor.py:925} INFO - DAG(s) 'tutorial_objectstorage' retrieved from /home/airflow/.local/lib/python3.12/site-packages/airflow/example_dags/tutorial_objectstorage.py
[2024-11-29T14:19:51.295+0000] {logging_mixin.py:190} INFO - [2024-11-29T14:19:51.295+0000] {dag.py:3239} INFO - Sync 1 DAGs
[2024-11-29T14:19:51.340+0000] {logging_mixin.py:190} INFO - [2024-11-29T14:19:51.339+0000] {dag.py:4180} INFO - Setting next_dagrun for tutorial_objectstorage to None, run_after=None
[2024-11-29T14:19:51.384+0000] {processor.py:208} INFO - Processing /home/airflow/.local/lib/python3.12/site-packages/airflow/example_dags/tutorial_objectstorage.py took 0.223 seconds
[2024-11-29T14:20:21.817+0000] {processor.py:186} INFO - Started process (PID=154) to work on /home/airflow/.local/lib/python3.12/site-packages/airflow/example_dags/tutorial_objectstorage.py
[2024-11-29T14:20:21.819+0000] {processor.py:914} INFO - Processing file /home/airflow/.local/lib/python3.12/site-packages/airflow/example_dags/tutorial_objectstorage.py for tasks to queue
[2024-11-29T14:20:21.823+0000] {logging_mixin.py:190} INFO - [2024-11-29T14:20:21.823+0000] {dagbag.py:588} INFO - Filling up the DagBag from /home/airflow/.local/lib/python3.12/site-packages/airflow/example_dags/tutorial_objectstorage.py
[2024-11-29T14:20:21.839+0000] {processor.py:925} INFO - DAG(s) 'tutorial_objectstorage' retrieved from /home/airflow/.local/lib/python3.12/site-packages/airflow/example_dags/tutorial_objectstorage.py
[2024-11-29T14:20:21.870+0000] {logging_mixin.py:190} INFO - [2024-11-29T14:20:21.870+0000] {dag.py:3239} INFO - Sync 1 DAGs
[2024-11-29T14:20:21.894+0000] {logging_mixin.py:190} INFO - [2024-11-29T14:20:21.894+0000] {dag.py:4180} INFO - Setting next_dagrun for tutorial_objectstorage to None, run_after=None
[2024-11-29T14:20:21.931+0000] {processor.py:208} INFO - Processing /home/airflow/.local/lib/python3.12/site-packages/airflow/example_dags/tutorial_objectstorage.py took 0.123 seconds
[2024-11-29T14:20:52.690+0000] {processor.py:186} INFO - Started process (PID=217) to work on /home/airflow/.local/lib/python3.12/site-packages/airflow/example_dags/tutorial_objectstorage.py
[2024-11-29T14:20:52.691+0000] {processor.py:914} INFO - Processing file /home/airflow/.local/lib/python3.12/site-packages/airflow/example_dags/tutorial_objectstorage.py for tasks to queue
[2024-11-29T14:20:52.694+0000] {logging_mixin.py:190} INFO - [2024-11-29T14:20:52.694+0000] {dagbag.py:588} INFO - Filling up the DagBag from /home/airflow/.local/lib/python3.12/site-packages/airflow/example_dags/tutorial_objectstorage.py
[2024-11-29T14:20:52.705+0000] {processor.py:925} INFO - DAG(s) 'tutorial_objectstorage' retrieved from /home/airflow/.local/lib/python3.12/site-packages/airflow/example_dags/tutorial_objectstorage.py
[2024-11-29T14:20:52.727+0000] {logging_mixin.py:190} INFO - [2024-11-29T14:20:52.727+0000] {dag.py:3239} INFO - Sync 1 DAGs
[2024-11-29T14:20:52.745+0000] {logging_mixin.py:190} INFO - [2024-11-29T14:20:52.744+0000] {dag.py:4180} INFO - Setting next_dagrun for tutorial_objectstorage to None, run_after=None
[2024-11-29T14:20:52.767+0000] {processor.py:208} INFO - Processing /home/airflow/.local/lib/python3.12/site-packages/airflow/example_dags/tutorial_objectstorage.py took 0.084 seconds
[2024-11-29T14:21:23.029+0000] {processor.py:186} INFO - Started process (PID=280) to work on /home/airflow/.local/lib/python3.12/site-packages/airflow/example_dags/tutorial_objectstorage.py
[2024-11-29T14:21:23.031+0000] {processor.py:914} INFO - Processing file /home/airflow/.local/lib/python3.12/site-packages/airflow/example_dags/tutorial_objectstorage.py for tasks to queue
[2024-11-29T14:21:23.034+0000] {logging_mixin.py:190} INFO - [2024-11-29T14:21:23.034+0000] {dagbag.py:588} INFO - Filling up the DagBag from /home/airflow/.local/lib/python3.12/site-packages/airflow/example_dags/tutorial_objectstorage.py
[2024-11-29T14:21:23.047+0000] {processor.py:925} INFO - DAG(s) 'tutorial_objectstorage' retrieved from /home/airflow/.local/lib/python3.12/site-packages/airflow/example_dags/tutorial_objectstorage.py
[2024-11-29T14:21:23.070+0000] {logging_mixin.py:190} INFO - [2024-11-29T14:21:23.070+0000] {dag.py:3239} INFO - Sync 1 DAGs
[2024-11-29T14:21:23.087+0000] {logging_mixin.py:190} INFO - [2024-11-29T14:21:23.087+0000] {dag.py:4180} INFO - Setting next_dagrun for tutorial_objectstorage to None, run_after=None
[2024-11-29T14:21:23.123+0000] {processor.py:208} INFO - Processing /home/airflow/.local/lib/python3.12/site-packages/airflow/example_dags/tutorial_objectstorage.py took 0.100 seconds
[2024-11-29T14:21:53.508+0000] {processor.py:186} INFO - Started process (PID=342) to work on /home/airflow/.local/lib/python3.12/site-packages/airflow/example_dags/tutorial_objectstorage.py
[2024-11-29T14:21:53.510+0000] {processor.py:914} INFO - Processing file /home/airflow/.local/lib/python3.12/site-packages/airflow/example_dags/tutorial_objectstorage.py for tasks to queue
[2024-11-29T14:21:53.512+0000] {logging_mixin.py:190} INFO - [2024-11-29T14:21:53.512+0000] {dagbag.py:588} INFO - Filling up the DagBag from /home/airflow/.local/lib/python3.12/site-packages/airflow/example_dags/tutorial_objectstorage.py
[2024-11-29T14:21:53.522+0000] {processor.py:925} INFO - DAG(s) 'tutorial_objectstorage' retrieved from /home/airflow/.local/lib/python3.12/site-packages/airflow/example_dags/tutorial_objectstorage.py
[2024-11-29T14:21:53.543+0000] {logging_mixin.py:190} INFO - [2024-11-29T14:21:53.543+0000] {dag.py:3239} INFO - Sync 1 DAGs
[2024-11-29T14:21:53.564+0000] {logging_mixin.py:190} INFO - [2024-11-29T14:21:53.564+0000] {dag.py:4180} INFO - Setting next_dagrun for tutorial_objectstorage to None, run_after=None
[2024-11-29T14:21:53.589+0000] {processor.py:208} INFO - Processing /home/airflow/.local/lib/python3.12/site-packages/airflow/example_dags/tutorial_objectstorage.py took 0.087 seconds
[2024-11-29T14:22:23.736+0000] {processor.py:186} INFO - Started process (PID=404) to work on /home/airflow/.local/lib/python3.12/site-packages/airflow/example_dags/tutorial_objectstorage.py
[2024-11-29T14:22:23.738+0000] {processor.py:914} INFO - Processing file /home/airflow/.local/lib/python3.12/site-packages/airflow/example_dags/tutorial_objectstorage.py for tasks to queue
[2024-11-29T14:22:23.740+0000] {logging_mixin.py:190} INFO - [2024-11-29T14:22:23.740+0000] {dagbag.py:588} INFO - Filling up the DagBag from /home/airflow/.local/lib/python3.12/site-packages/airflow/example_dags/tutorial_objectstorage.py
[2024-11-29T14:22:23.752+0000] {processor.py:925} INFO - DAG(s) 'tutorial_objectstorage' retrieved from /home/airflow/.local/lib/python3.12/site-packages/airflow/example_dags/tutorial_objectstorage.py
[2024-11-29T14:22:23.774+0000] {logging_mixin.py:190} INFO - [2024-11-29T14:22:23.774+0000] {dag.py:3239} INFO - Sync 1 DAGs
[2024-11-29T14:22:23.794+0000] {logging_mixin.py:190} INFO - [2024-11-29T14:22:23.794+0000] {dag.py:4180} INFO - Setting next_dagrun for tutorial_objectstorage to None, run_after=None
[2024-11-29T14:22:23.822+0000] {processor.py:208} INFO - Processing /home/airflow/.local/lib/python3.12/site-packages/airflow/example_dags/tutorial_objectstorage.py took 0.091 seconds
[2024-11-29T14:22:54.680+0000] {processor.py:186} INFO - Started process (PID=468) to work on /home/airflow/.local/lib/python3.12/site-packages/airflow/example_dags/tutorial_objectstorage.py
[2024-11-29T14:22:54.681+0000] {processor.py:914} INFO - Processing file /home/airflow/.local/lib/python3.12/site-packages/airflow/example_dags/tutorial_objectstorage.py for tasks to queue
[2024-11-29T14:22:54.684+0000] {logging_mixin.py:190} INFO - [2024-11-29T14:22:54.684+0000] {dagbag.py:588} INFO - Filling up the DagBag from /home/airflow/.local/lib/python3.12/site-packages/airflow/example_dags/tutorial_objectstorage.py
[2024-11-29T14:22:54.695+0000] {processor.py:925} INFO - DAG(s) 'tutorial_objectstorage' retrieved from /home/airflow/.local/lib/python3.12/site-packages/airflow/example_dags/tutorial_objectstorage.py
[2024-11-29T14:22:54.720+0000] {logging_mixin.py:190} INFO - [2024-11-29T14:22:54.720+0000] {dag.py:3239} INFO - Sync 1 DAGs
[2024-11-29T14:22:54.738+0000] {logging_mixin.py:190} INFO - [2024-11-29T14:22:54.738+0000] {dag.py:4180} INFO - Setting next_dagrun for tutorial_objectstorage to None, run_after=None
[2024-11-29T14:22:54.761+0000] {processor.py:208} INFO - Processing /home/airflow/.local/lib/python3.12/site-packages/airflow/example_dags/tutorial_objectstorage.py took 0.089 seconds
[2024-11-29T14:23:25.837+0000] {processor.py:186} INFO - Started process (PID=531) to work on /home/airflow/.local/lib/python3.12/site-packages/airflow/example_dags/tutorial_objectstorage.py
[2024-11-29T14:23:25.838+0000] {processor.py:914} INFO - Processing file /home/airflow/.local/lib/python3.12/site-packages/airflow/example_dags/tutorial_objectstorage.py for tasks to queue
[2024-11-29T14:23:25.841+0000] {logging_mixin.py:190} INFO - [2024-11-29T14:23:25.840+0000] {dagbag.py:588} INFO - Filling up the DagBag from /home/airflow/.local/lib/python3.12/site-packages/airflow/example_dags/tutorial_objectstorage.py
[2024-11-29T14:23:25.854+0000] {processor.py:925} INFO - DAG(s) 'tutorial_objectstorage' retrieved from /home/airflow/.local/lib/python3.12/site-packages/airflow/example_dags/tutorial_objectstorage.py
[2024-11-29T14:23:25.880+0000] {logging_mixin.py:190} INFO - [2024-11-29T14:23:25.880+0000] {dag.py:3239} INFO - Sync 1 DAGs
[2024-11-29T14:23:25.899+0000] {logging_mixin.py:190} INFO - [2024-11-29T14:23:25.899+0000] {dag.py:4180} INFO - Setting next_dagrun for tutorial_objectstorage to None, run_after=None
[2024-11-29T14:23:25.927+0000] {processor.py:208} INFO - Processing /home/airflow/.local/lib/python3.12/site-packages/airflow/example_dags/tutorial_objectstorage.py took 0.097 seconds
[2024-11-29T14:23:56.887+0000] {processor.py:186} INFO - Started process (PID=594) to work on /home/airflow/.local/lib/python3.12/site-packages/airflow/example_dags/tutorial_objectstorage.py
[2024-11-29T14:23:56.888+0000] {processor.py:914} INFO - Processing file /home/airflow/.local/lib/python3.12/site-packages/airflow/example_dags/tutorial_objectstorage.py for tasks to queue
[2024-11-29T14:23:56.891+0000] {logging_mixin.py:190} INFO - [2024-11-29T14:23:56.891+0000] {dagbag.py:588} INFO - Filling up the DagBag from /home/airflow/.local/lib/python3.12/site-packages/airflow/example_dags/tutorial_objectstorage.py
[2024-11-29T14:23:56.903+0000] {processor.py:925} INFO - DAG(s) 'tutorial_objectstorage' retrieved from /home/airflow/.local/lib/python3.12/site-packages/airflow/example_dags/tutorial_objectstorage.py
[2024-11-29T14:23:56.929+0000] {logging_mixin.py:190} INFO - [2024-11-29T14:23:56.929+0000] {dag.py:3239} INFO - Sync 1 DAGs
[2024-11-29T14:23:56.951+0000] {logging_mixin.py:190} INFO - [2024-11-29T14:23:56.950+0000] {dag.py:4180} INFO - Setting next_dagrun for tutorial_objectstorage to None, run_after=None
[2024-11-29T14:23:56.976+0000] {processor.py:208} INFO - Processing /home/airflow/.local/lib/python3.12/site-packages/airflow/example_dags/tutorial_objectstorage.py took 0.097 seconds
[2024-11-29T14:24:27.877+0000] {processor.py:186} INFO - Started process (PID=657) to work on /home/airflow/.local/lib/python3.12/site-packages/airflow/example_dags/tutorial_objectstorage.py
[2024-11-29T14:24:27.878+0000] {processor.py:914} INFO - Processing file /home/airflow/.local/lib/python3.12/site-packages/airflow/example_dags/tutorial_objectstorage.py for tasks to queue
[2024-11-29T14:24:27.882+0000] {logging_mixin.py:190} INFO - [2024-11-29T14:24:27.882+0000] {dagbag.py:588} INFO - Filling up the DagBag from /home/airflow/.local/lib/python3.12/site-packages/airflow/example_dags/tutorial_objectstorage.py
[2024-11-29T14:24:27.898+0000] {processor.py:925} INFO - DAG(s) 'tutorial_objectstorage' retrieved from /home/airflow/.local/lib/python3.12/site-packages/airflow/example_dags/tutorial_objectstorage.py
[2024-11-29T14:24:27.932+0000] {logging_mixin.py:190} INFO - [2024-11-29T14:24:27.931+0000] {dag.py:3239} INFO - Sync 1 DAGs
[2024-11-29T14:24:27.960+0000] {logging_mixin.py:190} INFO - [2024-11-29T14:24:27.959+0000] {dag.py:4180} INFO - Setting next_dagrun for tutorial_objectstorage to None, run_after=None
[2024-11-29T14:24:27.996+0000] {processor.py:208} INFO - Processing /home/airflow/.local/lib/python3.12/site-packages/airflow/example_dags/tutorial_objectstorage.py took 0.127 seconds
[2024-11-29T14:24:58.890+0000] {processor.py:186} INFO - Started process (PID=720) to work on /home/airflow/.local/lib/python3.12/site-packages/airflow/example_dags/tutorial_objectstorage.py
[2024-11-29T14:24:58.892+0000] {processor.py:914} INFO - Processing file /home/airflow/.local/lib/python3.12/site-packages/airflow/example_dags/tutorial_objectstorage.py for tasks to queue
[2024-11-29T14:24:58.895+0000] {logging_mixin.py:190} INFO - [2024-11-29T14:24:58.894+0000] {dagbag.py:588} INFO - Filling up the DagBag from /home/airflow/.local/lib/python3.12/site-packages/airflow/example_dags/tutorial_objectstorage.py
[2024-11-29T14:24:58.906+0000] {processor.py:925} INFO - DAG(s) 'tutorial_objectstorage' retrieved from /home/airflow/.local/lib/python3.12/site-packages/airflow/example_dags/tutorial_objectstorage.py
[2024-11-29T14:24:58.935+0000] {logging_mixin.py:190} INFO - [2024-11-29T14:24:58.934+0000] {dag.py:3239} INFO - Sync 1 DAGs
[2024-11-29T14:24:58.953+0000] {logging_mixin.py:190} INFO - [2024-11-29T14:24:58.953+0000] {dag.py:4180} INFO - Setting next_dagrun for tutorial_objectstorage to None, run_after=None
[2024-11-29T14:24:58.976+0000] {processor.py:208} INFO - Processing /home/airflow/.local/lib/python3.12/site-packages/airflow/example_dags/tutorial_objectstorage.py took 0.092 seconds
[2024-11-29T14:25:29.198+0000] {processor.py:186} INFO - Started process (PID=783) to work on /home/airflow/.local/lib/python3.12/site-packages/airflow/example_dags/tutorial_objectstorage.py
[2024-11-29T14:25:29.199+0000] {processor.py:914} INFO - Processing file /home/airflow/.local/lib/python3.12/site-packages/airflow/example_dags/tutorial_objectstorage.py for tasks to queue
[2024-11-29T14:25:29.202+0000] {logging_mixin.py:190} INFO - [2024-11-29T14:25:29.202+0000] {dagbag.py:588} INFO - Filling up the DagBag from /home/airflow/.local/lib/python3.12/site-packages/airflow/example_dags/tutorial_objectstorage.py
[2024-11-29T14:25:29.215+0000] {processor.py:925} INFO - DAG(s) 'tutorial_objectstorage' retrieved from /home/airflow/.local/lib/python3.12/site-packages/airflow/example_dags/tutorial_objectstorage.py
[2024-11-29T14:25:29.239+0000] {logging_mixin.py:190} INFO - [2024-11-29T14:25:29.238+0000] {dag.py:3239} INFO - Sync 1 DAGs
[2024-11-29T14:25:29.265+0000] {logging_mixin.py:190} INFO - [2024-11-29T14:25:29.265+0000] {dag.py:4180} INFO - Setting next_dagrun for tutorial_objectstorage to None, run_after=None
[2024-11-29T14:25:29.313+0000] {processor.py:208} INFO - Processing /home/airflow/.local/lib/python3.12/site-packages/airflow/example_dags/tutorial_objectstorage.py took 0.125 seconds
[2024-11-29T14:25:59.756+0000] {processor.py:186} INFO - Started process (PID=846) to work on /home/airflow/.local/lib/python3.12/site-packages/airflow/example_dags/tutorial_objectstorage.py
[2024-11-29T14:25:59.758+0000] {processor.py:914} INFO - Processing file /home/airflow/.local/lib/python3.12/site-packages/airflow/example_dags/tutorial_objectstorage.py for tasks to queue
[2024-11-29T14:25:59.761+0000] {logging_mixin.py:190} INFO - [2024-11-29T14:25:59.760+0000] {dagbag.py:588} INFO - Filling up the DagBag from /home/airflow/.local/lib/python3.12/site-packages/airflow/example_dags/tutorial_objectstorage.py
[2024-11-29T14:25:59.773+0000] {processor.py:925} INFO - DAG(s) 'tutorial_objectstorage' retrieved from /home/airflow/.local/lib/python3.12/site-packages/airflow/example_dags/tutorial_objectstorage.py
[2024-11-29T14:25:59.798+0000] {logging_mixin.py:190} INFO - [2024-11-29T14:25:59.797+0000] {dag.py:3239} INFO - Sync 1 DAGs
[2024-11-29T14:25:59.817+0000] {logging_mixin.py:190} INFO - [2024-11-29T14:25:59.817+0000] {dag.py:4180} INFO - Setting next_dagrun for tutorial_objectstorage to None, run_after=None
[2024-11-29T14:25:59.844+0000] {processor.py:208} INFO - Processing /home/airflow/.local/lib/python3.12/site-packages/airflow/example_dags/tutorial_objectstorage.py took 0.094 seconds
[2024-11-29T14:26:30.774+0000] {processor.py:186} INFO - Started process (PID=909) to work on /home/airflow/.local/lib/python3.12/site-packages/airflow/example_dags/tutorial_objectstorage.py
[2024-11-29T14:26:30.776+0000] {processor.py:914} INFO - Processing file /home/airflow/.local/lib/python3.12/site-packages/airflow/example_dags/tutorial_objectstorage.py for tasks to queue
[2024-11-29T14:26:30.779+0000] {logging_mixin.py:190} INFO - [2024-11-29T14:26:30.778+0000] {dagbag.py:588} INFO - Filling up the DagBag from /home/airflow/.local/lib/python3.12/site-packages/airflow/example_dags/tutorial_objectstorage.py
[2024-11-29T14:26:30.789+0000] {processor.py:925} INFO - DAG(s) 'tutorial_objectstorage' retrieved from /home/airflow/.local/lib/python3.12/site-packages/airflow/example_dags/tutorial_objectstorage.py
[2024-11-29T14:26:30.816+0000] {logging_mixin.py:190} INFO - [2024-11-29T14:26:30.816+0000] {dag.py:3239} INFO - Sync 1 DAGs
[2024-11-29T14:26:30.834+0000] {logging_mixin.py:190} INFO - [2024-11-29T14:26:30.834+0000] {dag.py:4180} INFO - Setting next_dagrun for tutorial_objectstorage to None, run_after=None
[2024-11-29T14:26:30.861+0000] {processor.py:208} INFO - Processing /home/airflow/.local/lib/python3.12/site-packages/airflow/example_dags/tutorial_objectstorage.py took 0.094 seconds
[2024-11-29T14:27:01.210+0000] {processor.py:186} INFO - Started process (PID=972) to work on /home/airflow/.local/lib/python3.12/site-packages/airflow/example_dags/tutorial_objectstorage.py
[2024-11-29T14:27:01.211+0000] {processor.py:914} INFO - Processing file /home/airflow/.local/lib/python3.12/site-packages/airflow/example_dags/tutorial_objectstorage.py for tasks to queue
[2024-11-29T14:27:01.218+0000] {logging_mixin.py:190} INFO - [2024-11-29T14:27:01.218+0000] {dagbag.py:588} INFO - Filling up the DagBag from /home/airflow/.local/lib/python3.12/site-packages/airflow/example_dags/tutorial_objectstorage.py
[2024-11-29T14:27:01.233+0000] {processor.py:925} INFO - DAG(s) 'tutorial_objectstorage' retrieved from /home/airflow/.local/lib/python3.12/site-packages/airflow/example_dags/tutorial_objectstorage.py
[2024-11-29T14:27:01.258+0000] {logging_mixin.py:190} INFO - [2024-11-29T14:27:01.258+0000] {dag.py:3239} INFO - Sync 1 DAGs
[2024-11-29T14:27:01.281+0000] {logging_mixin.py:190} INFO - [2024-11-29T14:27:01.280+0000] {dag.py:4180} INFO - Setting next_dagrun for tutorial_objectstorage to None, run_after=None
[2024-11-29T14:27:01.305+0000] {processor.py:208} INFO - Processing /home/airflow/.local/lib/python3.12/site-packages/airflow/example_dags/tutorial_objectstorage.py took 0.102 seconds
[2024-11-29T14:27:32.370+0000] {processor.py:186} INFO - Started process (PID=1035) to work on /home/airflow/.local/lib/python3.12/site-packages/airflow/example_dags/tutorial_objectstorage.py
[2024-11-29T14:27:32.372+0000] {processor.py:914} INFO - Processing file /home/airflow/.local/lib/python3.12/site-packages/airflow/example_dags/tutorial_objectstorage.py for tasks to queue
[2024-11-29T14:27:32.377+0000] {logging_mixin.py:190} INFO - [2024-11-29T14:27:32.376+0000] {dagbag.py:588} INFO - Filling up the DagBag from /home/airflow/.local/lib/python3.12/site-packages/airflow/example_dags/tutorial_objectstorage.py
[2024-11-29T14:27:32.389+0000] {processor.py:925} INFO - DAG(s) 'tutorial_objectstorage' retrieved from /home/airflow/.local/lib/python3.12/site-packages/airflow/example_dags/tutorial_objectstorage.py
[2024-11-29T14:27:32.415+0000] {logging_mixin.py:190} INFO - [2024-11-29T14:27:32.414+0000] {dag.py:3239} INFO - Sync 1 DAGs
[2024-11-29T14:27:32.435+0000] {logging_mixin.py:190} INFO - [2024-11-29T14:27:32.434+0000] {dag.py:4180} INFO - Setting next_dagrun for tutorial_objectstorage to None, run_after=None
[2024-11-29T14:27:32.461+0000] {processor.py:208} INFO - Processing /home/airflow/.local/lib/python3.12/site-packages/airflow/example_dags/tutorial_objectstorage.py took 0.098 seconds
[2024-11-29T14:28:02.794+0000] {processor.py:186} INFO - Started process (PID=1098) to work on /home/airflow/.local/lib/python3.12/site-packages/airflow/example_dags/tutorial_objectstorage.py
[2024-11-29T14:28:02.795+0000] {processor.py:914} INFO - Processing file /home/airflow/.local/lib/python3.12/site-packages/airflow/example_dags/tutorial_objectstorage.py for tasks to queue
[2024-11-29T14:28:02.799+0000] {logging_mixin.py:190} INFO - [2024-11-29T14:28:02.798+0000] {dagbag.py:588} INFO - Filling up the DagBag from /home/airflow/.local/lib/python3.12/site-packages/airflow/example_dags/tutorial_objectstorage.py
[2024-11-29T14:28:02.810+0000] {processor.py:925} INFO - DAG(s) 'tutorial_objectstorage' retrieved from /home/airflow/.local/lib/python3.12/site-packages/airflow/example_dags/tutorial_objectstorage.py
[2024-11-29T14:28:02.835+0000] {logging_mixin.py:190} INFO - [2024-11-29T14:28:02.834+0000] {dag.py:3239} INFO - Sync 1 DAGs
[2024-11-29T14:28:02.855+0000] {logging_mixin.py:190} INFO - [2024-11-29T14:28:02.855+0000] {dag.py:4180} INFO - Setting next_dagrun for tutorial_objectstorage to None, run_after=None
[2024-11-29T14:28:02.879+0000] {processor.py:208} INFO - Processing /home/airflow/.local/lib/python3.12/site-packages/airflow/example_dags/tutorial_objectstorage.py took 0.092 seconds
[2024-11-29T14:28:33.427+0000] {processor.py:186} INFO - Started process (PID=1161) to work on /home/airflow/.local/lib/python3.12/site-packages/airflow/example_dags/tutorial_objectstorage.py
[2024-11-29T14:28:33.428+0000] {processor.py:914} INFO - Processing file /home/airflow/.local/lib/python3.12/site-packages/airflow/example_dags/tutorial_objectstorage.py for tasks to queue
[2024-11-29T14:28:33.432+0000] {logging_mixin.py:190} INFO - [2024-11-29T14:28:33.431+0000] {dagbag.py:588} INFO - Filling up the DagBag from /home/airflow/.local/lib/python3.12/site-packages/airflow/example_dags/tutorial_objectstorage.py
[2024-11-29T14:28:33.443+0000] {processor.py:925} INFO - DAG(s) 'tutorial_objectstorage' retrieved from /home/airflow/.local/lib/python3.12/site-packages/airflow/example_dags/tutorial_objectstorage.py
[2024-11-29T14:28:33.469+0000] {logging_mixin.py:190} INFO - [2024-11-29T14:28:33.468+0000] {dag.py:3239} INFO - Sync 1 DAGs
[2024-11-29T14:28:33.488+0000] {logging_mixin.py:190} INFO - [2024-11-29T14:28:33.488+0000] {dag.py:4180} INFO - Setting next_dagrun for tutorial_objectstorage to None, run_after=None
[2024-11-29T14:28:33.513+0000] {processor.py:208} INFO - Processing /home/airflow/.local/lib/python3.12/site-packages/airflow/example_dags/tutorial_objectstorage.py took 0.092 seconds
[2024-11-29T14:29:03.892+0000] {processor.py:186} INFO - Started process (PID=1224) to work on /home/airflow/.local/lib/python3.12/site-packages/airflow/example_dags/tutorial_objectstorage.py
[2024-11-29T14:29:03.896+0000] {processor.py:914} INFO - Processing file /home/airflow/.local/lib/python3.12/site-packages/airflow/example_dags/tutorial_objectstorage.py for tasks to queue
[2024-11-29T14:29:03.902+0000] {logging_mixin.py:190} INFO - [2024-11-29T14:29:03.901+0000] {dagbag.py:588} INFO - Filling up the DagBag from /home/airflow/.local/lib/python3.12/site-packages/airflow/example_dags/tutorial_objectstorage.py
[2024-11-29T14:29:03.931+0000] {processor.py:925} INFO - DAG(s) 'tutorial_objectstorage' retrieved from /home/airflow/.local/lib/python3.12/site-packages/airflow/example_dags/tutorial_objectstorage.py
[2024-11-29T14:29:03.983+0000] {logging_mixin.py:190} INFO - [2024-11-29T14:29:03.982+0000] {dag.py:3239} INFO - Sync 1 DAGs
[2024-11-29T14:29:04.019+0000] {logging_mixin.py:190} INFO - [2024-11-29T14:29:04.018+0000] {dag.py:4180} INFO - Setting next_dagrun for tutorial_objectstorage to None, run_after=None
[2024-11-29T14:29:04.070+0000] {processor.py:208} INFO - Processing /home/airflow/.local/lib/python3.12/site-packages/airflow/example_dags/tutorial_objectstorage.py took 0.192 seconds
[2024-11-29T14:29:34.263+0000] {processor.py:186} INFO - Started process (PID=1287) to work on /home/airflow/.local/lib/python3.12/site-packages/airflow/example_dags/tutorial_objectstorage.py
[2024-11-29T14:29:34.265+0000] {processor.py:914} INFO - Processing file /home/airflow/.local/lib/python3.12/site-packages/airflow/example_dags/tutorial_objectstorage.py for tasks to queue
[2024-11-29T14:29:34.268+0000] {logging_mixin.py:190} INFO - [2024-11-29T14:29:34.267+0000] {dagbag.py:588} INFO - Filling up the DagBag from /home/airflow/.local/lib/python3.12/site-packages/airflow/example_dags/tutorial_objectstorage.py
[2024-11-29T14:29:34.284+0000] {processor.py:925} INFO - DAG(s) 'tutorial_objectstorage' retrieved from /home/airflow/.local/lib/python3.12/site-packages/airflow/example_dags/tutorial_objectstorage.py
[2024-11-29T14:29:34.307+0000] {logging_mixin.py:190} INFO - [2024-11-29T14:29:34.306+0000] {dag.py:3239} INFO - Sync 1 DAGs
[2024-11-29T14:29:34.328+0000] {logging_mixin.py:190} INFO - [2024-11-29T14:29:34.328+0000] {dag.py:4180} INFO - Setting next_dagrun for tutorial_objectstorage to None, run_after=None
[2024-11-29T14:29:34.356+0000] {processor.py:208} INFO - Processing /home/airflow/.local/lib/python3.12/site-packages/airflow/example_dags/tutorial_objectstorage.py took 0.101 seconds
[2024-11-29T14:30:05.419+0000] {processor.py:186} INFO - Started process (PID=1351) to work on /home/airflow/.local/lib/python3.12/site-packages/airflow/example_dags/tutorial_objectstorage.py
[2024-11-29T14:30:05.420+0000] {processor.py:914} INFO - Processing file /home/airflow/.local/lib/python3.12/site-packages/airflow/example_dags/tutorial_objectstorage.py for tasks to queue
[2024-11-29T14:30:05.423+0000] {logging_mixin.py:190} INFO - [2024-11-29T14:30:05.423+0000] {dagbag.py:588} INFO - Filling up the DagBag from /home/airflow/.local/lib/python3.12/site-packages/airflow/example_dags/tutorial_objectstorage.py
[2024-11-29T14:30:05.437+0000] {processor.py:925} INFO - DAG(s) 'tutorial_objectstorage' retrieved from /home/airflow/.local/lib/python3.12/site-packages/airflow/example_dags/tutorial_objectstorage.py
[2024-11-29T14:30:05.462+0000] {logging_mixin.py:190} INFO - [2024-11-29T14:30:05.462+0000] {dag.py:3239} INFO - Sync 1 DAGs
[2024-11-29T14:30:05.482+0000] {logging_mixin.py:190} INFO - [2024-11-29T14:30:05.482+0000] {dag.py:4180} INFO - Setting next_dagrun for tutorial_objectstorage to None, run_after=None
[2024-11-29T14:30:05.505+0000] {processor.py:208} INFO - Processing /home/airflow/.local/lib/python3.12/site-packages/airflow/example_dags/tutorial_objectstorage.py took 0.093 seconds
[2024-11-29T14:30:35.823+0000] {processor.py:186} INFO - Started process (PID=1414) to work on /home/airflow/.local/lib/python3.12/site-packages/airflow/example_dags/tutorial_objectstorage.py
[2024-11-29T14:30:35.824+0000] {processor.py:914} INFO - Processing file /home/airflow/.local/lib/python3.12/site-packages/airflow/example_dags/tutorial_objectstorage.py for tasks to queue
[2024-11-29T14:30:35.828+0000] {logging_mixin.py:190} INFO - [2024-11-29T14:30:35.827+0000] {dagbag.py:588} INFO - Filling up the DagBag from /home/airflow/.local/lib/python3.12/site-packages/airflow/example_dags/tutorial_objectstorage.py
[2024-11-29T14:30:35.846+0000] {processor.py:925} INFO - DAG(s) 'tutorial_objectstorage' retrieved from /home/airflow/.local/lib/python3.12/site-packages/airflow/example_dags/tutorial_objectstorage.py
[2024-11-29T14:30:35.875+0000] {logging_mixin.py:190} INFO - [2024-11-29T14:30:35.874+0000] {dag.py:3239} INFO - Sync 1 DAGs
[2024-11-29T14:30:35.899+0000] {logging_mixin.py:190} INFO - [2024-11-29T14:30:35.898+0000] {dag.py:4180} INFO - Setting next_dagrun for tutorial_objectstorage to None, run_after=None
[2024-11-29T14:30:35.930+0000] {processor.py:208} INFO - Processing /home/airflow/.local/lib/python3.12/site-packages/airflow/example_dags/tutorial_objectstorage.py took 0.117 seconds
[2024-11-29T14:31:06.217+0000] {processor.py:186} INFO - Started process (PID=1477) to work on /home/airflow/.local/lib/python3.12/site-packages/airflow/example_dags/tutorial_objectstorage.py
[2024-11-29T14:31:06.218+0000] {processor.py:914} INFO - Processing file /home/airflow/.local/lib/python3.12/site-packages/airflow/example_dags/tutorial_objectstorage.py for tasks to queue
[2024-11-29T14:31:06.221+0000] {logging_mixin.py:190} INFO - [2024-11-29T14:31:06.221+0000] {dagbag.py:588} INFO - Filling up the DagBag from /home/airflow/.local/lib/python3.12/site-packages/airflow/example_dags/tutorial_objectstorage.py
[2024-11-29T14:31:06.232+0000] {processor.py:925} INFO - DAG(s) 'tutorial_objectstorage' retrieved from /home/airflow/.local/lib/python3.12/site-packages/airflow/example_dags/tutorial_objectstorage.py
[2024-11-29T14:31:06.256+0000] {logging_mixin.py:190} INFO - [2024-11-29T14:31:06.256+0000] {dag.py:3239} INFO - Sync 1 DAGs
[2024-11-29T14:31:06.277+0000] {logging_mixin.py:190} INFO - [2024-11-29T14:31:06.277+0000] {dag.py:4180} INFO - Setting next_dagrun for tutorial_objectstorage to None, run_after=None
[2024-11-29T14:31:06.303+0000] {processor.py:208} INFO - Processing /home/airflow/.local/lib/python3.12/site-packages/airflow/example_dags/tutorial_objectstorage.py took 0.093 seconds
[2024-11-29T14:31:37.204+0000] {processor.py:186} INFO - Started process (PID=1540) to work on /home/airflow/.local/lib/python3.12/site-packages/airflow/example_dags/tutorial_objectstorage.py
[2024-11-29T14:31:37.205+0000] {processor.py:914} INFO - Processing file /home/airflow/.local/lib/python3.12/site-packages/airflow/example_dags/tutorial_objectstorage.py for tasks to queue
[2024-11-29T14:31:37.207+0000] {logging_mixin.py:190} INFO - [2024-11-29T14:31:37.207+0000] {dagbag.py:588} INFO - Filling up the DagBag from /home/airflow/.local/lib/python3.12/site-packages/airflow/example_dags/tutorial_objectstorage.py
[2024-11-29T14:31:37.218+0000] {processor.py:925} INFO - DAG(s) 'tutorial_objectstorage' retrieved from /home/airflow/.local/lib/python3.12/site-packages/airflow/example_dags/tutorial_objectstorage.py
[2024-11-29T14:31:37.240+0000] {logging_mixin.py:190} INFO - [2024-11-29T14:31:37.240+0000] {dag.py:3239} INFO - Sync 1 DAGs
[2024-11-29T14:31:37.258+0000] {logging_mixin.py:190} INFO - [2024-11-29T14:31:37.258+0000] {dag.py:4180} INFO - Setting next_dagrun for tutorial_objectstorage to None, run_after=None
[2024-11-29T14:31:37.280+0000] {processor.py:208} INFO - Processing /home/airflow/.local/lib/python3.12/site-packages/airflow/example_dags/tutorial_objectstorage.py took 0.083 seconds
[2024-11-29T14:32:08.165+0000] {processor.py:186} INFO - Started process (PID=1603) to work on /home/airflow/.local/lib/python3.12/site-packages/airflow/example_dags/tutorial_objectstorage.py
[2024-11-29T14:32:08.166+0000] {processor.py:914} INFO - Processing file /home/airflow/.local/lib/python3.12/site-packages/airflow/example_dags/tutorial_objectstorage.py for tasks to queue
[2024-11-29T14:32:08.170+0000] {logging_mixin.py:190} INFO - [2024-11-29T14:32:08.170+0000] {dagbag.py:588} INFO - Filling up the DagBag from /home/airflow/.local/lib/python3.12/site-packages/airflow/example_dags/tutorial_objectstorage.py
[2024-11-29T14:32:08.185+0000] {processor.py:925} INFO - DAG(s) 'tutorial_objectstorage' retrieved from /home/airflow/.local/lib/python3.12/site-packages/airflow/example_dags/tutorial_objectstorage.py
[2024-11-29T14:32:08.220+0000] {logging_mixin.py:190} INFO - [2024-11-29T14:32:08.220+0000] {dag.py:3239} INFO - Sync 1 DAGs
[2024-11-29T14:32:08.244+0000] {logging_mixin.py:190} INFO - [2024-11-29T14:32:08.243+0000] {dag.py:4180} INFO - Setting next_dagrun for tutorial_objectstorage to None, run_after=None
[2024-11-29T14:32:08.272+0000] {processor.py:208} INFO - Processing /home/airflow/.local/lib/python3.12/site-packages/airflow/example_dags/tutorial_objectstorage.py took 0.117 seconds
[2024-11-29T14:32:39.039+0000] {processor.py:186} INFO - Started process (PID=1672) to work on /home/airflow/.local/lib/python3.12/site-packages/airflow/example_dags/tutorial_objectstorage.py
[2024-11-29T14:32:39.040+0000] {processor.py:914} INFO - Processing file /home/airflow/.local/lib/python3.12/site-packages/airflow/example_dags/tutorial_objectstorage.py for tasks to queue
[2024-11-29T14:32:39.045+0000] {logging_mixin.py:190} INFO - [2024-11-29T14:32:39.044+0000] {dagbag.py:588} INFO - Filling up the DagBag from /home/airflow/.local/lib/python3.12/site-packages/airflow/example_dags/tutorial_objectstorage.py
[2024-11-29T14:32:39.063+0000] {processor.py:925} INFO - DAG(s) 'tutorial_objectstorage' retrieved from /home/airflow/.local/lib/python3.12/site-packages/airflow/example_dags/tutorial_objectstorage.py
[2024-11-29T14:32:39.093+0000] {logging_mixin.py:190} INFO - [2024-11-29T14:32:39.092+0000] {dag.py:3239} INFO - Sync 1 DAGs
[2024-11-29T14:32:39.117+0000] {logging_mixin.py:190} INFO - [2024-11-29T14:32:39.117+0000] {dag.py:4180} INFO - Setting next_dagrun for tutorial_objectstorage to None, run_after=None
[2024-11-29T14:32:39.141+0000] {processor.py:208} INFO - Processing /home/airflow/.local/lib/python3.12/site-packages/airflow/example_dags/tutorial_objectstorage.py took 0.113 seconds
[2024-11-29T14:33:09.991+0000] {processor.py:186} INFO - Started process (PID=1736) to work on /home/airflow/.local/lib/python3.12/site-packages/airflow/example_dags/tutorial_objectstorage.py
[2024-11-29T14:33:09.993+0000] {processor.py:914} INFO - Processing file /home/airflow/.local/lib/python3.12/site-packages/airflow/example_dags/tutorial_objectstorage.py for tasks to queue
[2024-11-29T14:33:09.999+0000] {logging_mixin.py:190} INFO - [2024-11-29T14:33:09.998+0000] {dagbag.py:588} INFO - Filling up the DagBag from /home/airflow/.local/lib/python3.12/site-packages/airflow/example_dags/tutorial_objectstorage.py
[2024-11-29T14:33:10.015+0000] {processor.py:925} INFO - DAG(s) 'tutorial_objectstorage' retrieved from /home/airflow/.local/lib/python3.12/site-packages/airflow/example_dags/tutorial_objectstorage.py
[2024-11-29T14:33:10.044+0000] {logging_mixin.py:190} INFO - [2024-11-29T14:33:10.043+0000] {dag.py:3239} INFO - Sync 1 DAGs
[2024-11-29T14:33:10.065+0000] {logging_mixin.py:190} INFO - [2024-11-29T14:33:10.065+0000] {dag.py:4180} INFO - Setting next_dagrun for tutorial_objectstorage to None, run_after=None
[2024-11-29T14:33:10.089+0000] {processor.py:208} INFO - Processing /home/airflow/.local/lib/python3.12/site-packages/airflow/example_dags/tutorial_objectstorage.py took 0.108 seconds
[2024-11-29T14:33:41.008+0000] {processor.py:186} INFO - Started process (PID=1799) to work on /home/airflow/.local/lib/python3.12/site-packages/airflow/example_dags/tutorial_objectstorage.py
[2024-11-29T14:33:41.009+0000] {processor.py:914} INFO - Processing file /home/airflow/.local/lib/python3.12/site-packages/airflow/example_dags/tutorial_objectstorage.py for tasks to queue
[2024-11-29T14:33:41.013+0000] {logging_mixin.py:190} INFO - [2024-11-29T14:33:41.013+0000] {dagbag.py:588} INFO - Filling up the DagBag from /home/airflow/.local/lib/python3.12/site-packages/airflow/example_dags/tutorial_objectstorage.py
[2024-11-29T14:33:41.025+0000] {processor.py:925} INFO - DAG(s) 'tutorial_objectstorage' retrieved from /home/airflow/.local/lib/python3.12/site-packages/airflow/example_dags/tutorial_objectstorage.py
[2024-11-29T14:33:41.049+0000] {logging_mixin.py:190} INFO - [2024-11-29T14:33:41.048+0000] {dag.py:3239} INFO - Sync 1 DAGs
[2024-11-29T14:33:41.075+0000] {logging_mixin.py:190} INFO - [2024-11-29T14:33:41.075+0000] {dag.py:4180} INFO - Setting next_dagrun for tutorial_objectstorage to None, run_after=None
[2024-11-29T14:33:41.104+0000] {processor.py:208} INFO - Processing /home/airflow/.local/lib/python3.12/site-packages/airflow/example_dags/tutorial_objectstorage.py took 0.104 seconds
[2024-11-29T14:34:11.539+0000] {processor.py:186} INFO - Started process (PID=1861) to work on /home/airflow/.local/lib/python3.12/site-packages/airflow/example_dags/tutorial_objectstorage.py
[2024-11-29T14:34:11.541+0000] {processor.py:914} INFO - Processing file /home/airflow/.local/lib/python3.12/site-packages/airflow/example_dags/tutorial_objectstorage.py for tasks to queue
[2024-11-29T14:34:11.546+0000] {logging_mixin.py:190} INFO - [2024-11-29T14:34:11.546+0000] {dagbag.py:588} INFO - Filling up the DagBag from /home/airflow/.local/lib/python3.12/site-packages/airflow/example_dags/tutorial_objectstorage.py
[2024-11-29T14:34:11.560+0000] {processor.py:925} INFO - DAG(s) 'tutorial_objectstorage' retrieved from /home/airflow/.local/lib/python3.12/site-packages/airflow/example_dags/tutorial_objectstorage.py
[2024-11-29T14:34:11.590+0000] {logging_mixin.py:190} INFO - [2024-11-29T14:34:11.590+0000] {dag.py:3239} INFO - Sync 1 DAGs
[2024-11-29T14:34:11.623+0000] {logging_mixin.py:190} INFO - [2024-11-29T14:34:11.623+0000] {dag.py:4180} INFO - Setting next_dagrun for tutorial_objectstorage to None, run_after=None
[2024-11-29T14:34:11.662+0000] {processor.py:208} INFO - Processing /home/airflow/.local/lib/python3.12/site-packages/airflow/example_dags/tutorial_objectstorage.py took 0.134 seconds
[2024-11-29T14:34:42.221+0000] {processor.py:186} INFO - Started process (PID=1924) to work on /home/airflow/.local/lib/python3.12/site-packages/airflow/example_dags/tutorial_objectstorage.py
[2024-11-29T14:34:42.222+0000] {processor.py:914} INFO - Processing file /home/airflow/.local/lib/python3.12/site-packages/airflow/example_dags/tutorial_objectstorage.py for tasks to queue
[2024-11-29T14:34:42.226+0000] {logging_mixin.py:190} INFO - [2024-11-29T14:34:42.225+0000] {dagbag.py:588} INFO - Filling up the DagBag from /home/airflow/.local/lib/python3.12/site-packages/airflow/example_dags/tutorial_objectstorage.py
[2024-11-29T14:34:42.241+0000] {processor.py:925} INFO - DAG(s) 'tutorial_objectstorage' retrieved from /home/airflow/.local/lib/python3.12/site-packages/airflow/example_dags/tutorial_objectstorage.py
[2024-11-29T14:34:42.269+0000] {logging_mixin.py:190} INFO - [2024-11-29T14:34:42.269+0000] {dag.py:3239} INFO - Sync 1 DAGs
[2024-11-29T14:34:42.287+0000] {logging_mixin.py:190} INFO - [2024-11-29T14:34:42.287+0000] {dag.py:4180} INFO - Setting next_dagrun for tutorial_objectstorage to None, run_after=None
[2024-11-29T14:34:42.312+0000] {processor.py:208} INFO - Processing /home/airflow/.local/lib/python3.12/site-packages/airflow/example_dags/tutorial_objectstorage.py took 0.101 seconds
[2024-11-29T14:35:12.395+0000] {processor.py:186} INFO - Started process (PID=1987) to work on /home/airflow/.local/lib/python3.12/site-packages/airflow/example_dags/tutorial_objectstorage.py
[2024-11-29T14:35:12.397+0000] {processor.py:914} INFO - Processing file /home/airflow/.local/lib/python3.12/site-packages/airflow/example_dags/tutorial_objectstorage.py for tasks to queue
[2024-11-29T14:35:12.401+0000] {logging_mixin.py:190} INFO - [2024-11-29T14:35:12.400+0000] {dagbag.py:588} INFO - Filling up the DagBag from /home/airflow/.local/lib/python3.12/site-packages/airflow/example_dags/tutorial_objectstorage.py
[2024-11-29T14:35:12.412+0000] {processor.py:925} INFO - DAG(s) 'tutorial_objectstorage' retrieved from /home/airflow/.local/lib/python3.12/site-packages/airflow/example_dags/tutorial_objectstorage.py
[2024-11-29T14:35:12.436+0000] {logging_mixin.py:190} INFO - [2024-11-29T14:35:12.436+0000] {dag.py:3239} INFO - Sync 1 DAGs
[2024-11-29T14:35:12.453+0000] {logging_mixin.py:190} INFO - [2024-11-29T14:35:12.453+0000] {dag.py:4180} INFO - Setting next_dagrun for tutorial_objectstorage to None, run_after=None
[2024-11-29T14:35:12.477+0000] {processor.py:208} INFO - Processing /home/airflow/.local/lib/python3.12/site-packages/airflow/example_dags/tutorial_objectstorage.py took 0.088 seconds
[2024-11-29T14:35:42.646+0000] {processor.py:186} INFO - Started process (PID=2048) to work on /home/airflow/.local/lib/python3.12/site-packages/airflow/example_dags/tutorial_objectstorage.py
[2024-11-29T14:35:42.648+0000] {processor.py:914} INFO - Processing file /home/airflow/.local/lib/python3.12/site-packages/airflow/example_dags/tutorial_objectstorage.py for tasks to queue
[2024-11-29T14:35:42.651+0000] {logging_mixin.py:190} INFO - [2024-11-29T14:35:42.651+0000] {dagbag.py:588} INFO - Filling up the DagBag from /home/airflow/.local/lib/python3.12/site-packages/airflow/example_dags/tutorial_objectstorage.py
[2024-11-29T14:35:42.670+0000] {processor.py:925} INFO - DAG(s) 'tutorial_objectstorage' retrieved from /home/airflow/.local/lib/python3.12/site-packages/airflow/example_dags/tutorial_objectstorage.py
[2024-11-29T14:35:42.696+0000] {logging_mixin.py:190} INFO - [2024-11-29T14:35:42.695+0000] {dag.py:3239} INFO - Sync 1 DAGs
[2024-11-29T14:35:42.715+0000] {logging_mixin.py:190} INFO - [2024-11-29T14:35:42.714+0000] {dag.py:4180} INFO - Setting next_dagrun for tutorial_objectstorage to None, run_after=None
[2024-11-29T14:35:42.742+0000] {processor.py:208} INFO - Processing /home/airflow/.local/lib/python3.12/site-packages/airflow/example_dags/tutorial_objectstorage.py took 0.103 seconds
[2024-11-29T14:36:13.078+0000] {processor.py:186} INFO - Started process (PID=2111) to work on /home/airflow/.local/lib/python3.12/site-packages/airflow/example_dags/tutorial_objectstorage.py
[2024-11-29T14:36:13.079+0000] {processor.py:914} INFO - Processing file /home/airflow/.local/lib/python3.12/site-packages/airflow/example_dags/tutorial_objectstorage.py for tasks to queue
[2024-11-29T14:36:13.082+0000] {logging_mixin.py:190} INFO - [2024-11-29T14:36:13.082+0000] {dagbag.py:588} INFO - Filling up the DagBag from /home/airflow/.local/lib/python3.12/site-packages/airflow/example_dags/tutorial_objectstorage.py
[2024-11-29T14:36:13.095+0000] {processor.py:925} INFO - DAG(s) 'tutorial_objectstorage' retrieved from /home/airflow/.local/lib/python3.12/site-packages/airflow/example_dags/tutorial_objectstorage.py
[2024-11-29T14:36:13.118+0000] {logging_mixin.py:190} INFO - [2024-11-29T14:36:13.118+0000] {dag.py:3239} INFO - Sync 1 DAGs
[2024-11-29T14:36:13.139+0000] {logging_mixin.py:190} INFO - [2024-11-29T14:36:13.139+0000] {dag.py:4180} INFO - Setting next_dagrun for tutorial_objectstorage to None, run_after=None
[2024-11-29T14:36:13.178+0000] {processor.py:208} INFO - Processing /home/airflow/.local/lib/python3.12/site-packages/airflow/example_dags/tutorial_objectstorage.py took 0.108 seconds
[2024-11-29T14:36:43.680+0000] {processor.py:186} INFO - Started process (PID=2173) to work on /home/airflow/.local/lib/python3.12/site-packages/airflow/example_dags/tutorial_objectstorage.py
[2024-11-29T14:36:43.682+0000] {processor.py:914} INFO - Processing file /home/airflow/.local/lib/python3.12/site-packages/airflow/example_dags/tutorial_objectstorage.py for tasks to queue
[2024-11-29T14:36:43.685+0000] {logging_mixin.py:190} INFO - [2024-11-29T14:36:43.684+0000] {dagbag.py:588} INFO - Filling up the DagBag from /home/airflow/.local/lib/python3.12/site-packages/airflow/example_dags/tutorial_objectstorage.py
[2024-11-29T14:36:43.696+0000] {processor.py:925} INFO - DAG(s) 'tutorial_objectstorage' retrieved from /home/airflow/.local/lib/python3.12/site-packages/airflow/example_dags/tutorial_objectstorage.py
[2024-11-29T14:36:43.718+0000] {logging_mixin.py:190} INFO - [2024-11-29T14:36:43.718+0000] {dag.py:3239} INFO - Sync 1 DAGs
[2024-11-29T14:36:43.736+0000] {logging_mixin.py:190} INFO - [2024-11-29T14:36:43.735+0000] {dag.py:4180} INFO - Setting next_dagrun for tutorial_objectstorage to None, run_after=None
[2024-11-29T14:36:43.761+0000] {processor.py:208} INFO - Processing /home/airflow/.local/lib/python3.12/site-packages/airflow/example_dags/tutorial_objectstorage.py took 0.088 seconds
[2024-11-29T14:37:14.769+0000] {processor.py:186} INFO - Started process (PID=2237) to work on /home/airflow/.local/lib/python3.12/site-packages/airflow/example_dags/tutorial_objectstorage.py
[2024-11-29T14:37:14.770+0000] {processor.py:914} INFO - Processing file /home/airflow/.local/lib/python3.12/site-packages/airflow/example_dags/tutorial_objectstorage.py for tasks to queue
[2024-11-29T14:37:14.773+0000] {logging_mixin.py:190} INFO - [2024-11-29T14:37:14.773+0000] {dagbag.py:588} INFO - Filling up the DagBag from /home/airflow/.local/lib/python3.12/site-packages/airflow/example_dags/tutorial_objectstorage.py
[2024-11-29T14:37:14.785+0000] {processor.py:925} INFO - DAG(s) 'tutorial_objectstorage' retrieved from /home/airflow/.local/lib/python3.12/site-packages/airflow/example_dags/tutorial_objectstorage.py
[2024-11-29T14:37:14.808+0000] {logging_mixin.py:190} INFO - [2024-11-29T14:37:14.808+0000] {dag.py:3239} INFO - Sync 1 DAGs
[2024-11-29T14:37:14.825+0000] {logging_mixin.py:190} INFO - [2024-11-29T14:37:14.824+0000] {dag.py:4180} INFO - Setting next_dagrun for tutorial_objectstorage to None, run_after=None
[2024-11-29T14:37:14.853+0000] {processor.py:208} INFO - Processing /home/airflow/.local/lib/python3.12/site-packages/airflow/example_dags/tutorial_objectstorage.py took 0.090 seconds
[2024-11-29T14:37:44.903+0000] {processor.py:186} INFO - Started process (PID=2299) to work on /home/airflow/.local/lib/python3.12/site-packages/airflow/example_dags/tutorial_objectstorage.py
[2024-11-29T14:37:44.904+0000] {processor.py:914} INFO - Processing file /home/airflow/.local/lib/python3.12/site-packages/airflow/example_dags/tutorial_objectstorage.py for tasks to queue
[2024-11-29T14:37:44.907+0000] {logging_mixin.py:190} INFO - [2024-11-29T14:37:44.906+0000] {dagbag.py:588} INFO - Filling up the DagBag from /home/airflow/.local/lib/python3.12/site-packages/airflow/example_dags/tutorial_objectstorage.py
[2024-11-29T14:37:44.923+0000] {processor.py:925} INFO - DAG(s) 'tutorial_objectstorage' retrieved from /home/airflow/.local/lib/python3.12/site-packages/airflow/example_dags/tutorial_objectstorage.py
[2024-11-29T14:37:44.945+0000] {logging_mixin.py:190} INFO - [2024-11-29T14:37:44.945+0000] {dag.py:3239} INFO - Sync 1 DAGs
[2024-11-29T14:37:44.963+0000] {logging_mixin.py:190} INFO - [2024-11-29T14:37:44.962+0000] {dag.py:4180} INFO - Setting next_dagrun for tutorial_objectstorage to None, run_after=None
[2024-11-29T14:37:44.991+0000] {processor.py:208} INFO - Processing /home/airflow/.local/lib/python3.12/site-packages/airflow/example_dags/tutorial_objectstorage.py took 0.098 seconds
[2024-11-29T14:38:15.445+0000] {processor.py:186} INFO - Started process (PID=2362) to work on /home/airflow/.local/lib/python3.12/site-packages/airflow/example_dags/tutorial_objectstorage.py
[2024-11-29T14:38:15.447+0000] {processor.py:914} INFO - Processing file /home/airflow/.local/lib/python3.12/site-packages/airflow/example_dags/tutorial_objectstorage.py for tasks to queue
[2024-11-29T14:38:15.450+0000] {logging_mixin.py:190} INFO - [2024-11-29T14:38:15.449+0000] {dagbag.py:588} INFO - Filling up the DagBag from /home/airflow/.local/lib/python3.12/site-packages/airflow/example_dags/tutorial_objectstorage.py
[2024-11-29T14:38:15.460+0000] {processor.py:925} INFO - DAG(s) 'tutorial_objectstorage' retrieved from /home/airflow/.local/lib/python3.12/site-packages/airflow/example_dags/tutorial_objectstorage.py
[2024-11-29T14:38:15.485+0000] {logging_mixin.py:190} INFO - [2024-11-29T14:38:15.484+0000] {dag.py:3239} INFO - Sync 1 DAGs
[2024-11-29T14:38:15.503+0000] {logging_mixin.py:190} INFO - [2024-11-29T14:38:15.503+0000] {dag.py:4180} INFO - Setting next_dagrun for tutorial_objectstorage to None, run_after=None
[2024-11-29T14:38:15.539+0000] {processor.py:208} INFO - Processing /home/airflow/.local/lib/python3.12/site-packages/airflow/example_dags/tutorial_objectstorage.py took 0.100 seconds
[2024-11-29T14:38:46.762+0000] {processor.py:186} INFO - Started process (PID=2426) to work on /home/airflow/.local/lib/python3.12/site-packages/airflow/example_dags/tutorial_objectstorage.py
[2024-11-29T14:38:46.764+0000] {processor.py:914} INFO - Processing file /home/airflow/.local/lib/python3.12/site-packages/airflow/example_dags/tutorial_objectstorage.py for tasks to queue
[2024-11-29T14:38:46.768+0000] {logging_mixin.py:190} INFO - [2024-11-29T14:38:46.767+0000] {dagbag.py:588} INFO - Filling up the DagBag from /home/airflow/.local/lib/python3.12/site-packages/airflow/example_dags/tutorial_objectstorage.py
[2024-11-29T14:38:46.782+0000] {processor.py:925} INFO - DAG(s) 'tutorial_objectstorage' retrieved from /home/airflow/.local/lib/python3.12/site-packages/airflow/example_dags/tutorial_objectstorage.py
[2024-11-29T14:38:46.807+0000] {logging_mixin.py:190} INFO - [2024-11-29T14:38:46.807+0000] {dag.py:3239} INFO - Sync 1 DAGs
[2024-11-29T14:38:46.835+0000] {logging_mixin.py:190} INFO - [2024-11-29T14:38:46.835+0000] {dag.py:4180} INFO - Setting next_dagrun for tutorial_objectstorage to None, run_after=None
[2024-11-29T14:38:46.872+0000] {processor.py:208} INFO - Processing /home/airflow/.local/lib/python3.12/site-packages/airflow/example_dags/tutorial_objectstorage.py took 0.121 seconds
[2024-11-29T14:39:17.464+0000] {processor.py:186} INFO - Started process (PID=2488) to work on /home/airflow/.local/lib/python3.12/site-packages/airflow/example_dags/tutorial_objectstorage.py
[2024-11-29T14:39:17.466+0000] {processor.py:914} INFO - Processing file /home/airflow/.local/lib/python3.12/site-packages/airflow/example_dags/tutorial_objectstorage.py for tasks to queue
[2024-11-29T14:39:17.468+0000] {logging_mixin.py:190} INFO - [2024-11-29T14:39:17.468+0000] {dagbag.py:588} INFO - Filling up the DagBag from /home/airflow/.local/lib/python3.12/site-packages/airflow/example_dags/tutorial_objectstorage.py
[2024-11-29T14:39:17.479+0000] {processor.py:925} INFO - DAG(s) 'tutorial_objectstorage' retrieved from /home/airflow/.local/lib/python3.12/site-packages/airflow/example_dags/tutorial_objectstorage.py
[2024-11-29T14:39:17.501+0000] {logging_mixin.py:190} INFO - [2024-11-29T14:39:17.501+0000] {dag.py:3239} INFO - Sync 1 DAGs
[2024-11-29T14:39:17.519+0000] {logging_mixin.py:190} INFO - [2024-11-29T14:39:17.518+0000] {dag.py:4180} INFO - Setting next_dagrun for tutorial_objectstorage to None, run_after=None
[2024-11-29T14:39:17.548+0000] {processor.py:208} INFO - Processing /home/airflow/.local/lib/python3.12/site-packages/airflow/example_dags/tutorial_objectstorage.py took 0.089 seconds
[2024-11-29T14:39:48.382+0000] {processor.py:186} INFO - Started process (PID=2550) to work on /home/airflow/.local/lib/python3.12/site-packages/airflow/example_dags/tutorial_objectstorage.py
[2024-11-29T14:39:48.383+0000] {processor.py:914} INFO - Processing file /home/airflow/.local/lib/python3.12/site-packages/airflow/example_dags/tutorial_objectstorage.py for tasks to queue
[2024-11-29T14:39:48.386+0000] {logging_mixin.py:190} INFO - [2024-11-29T14:39:48.385+0000] {dagbag.py:588} INFO - Filling up the DagBag from /home/airflow/.local/lib/python3.12/site-packages/airflow/example_dags/tutorial_objectstorage.py
[2024-11-29T14:39:48.400+0000] {processor.py:925} INFO - DAG(s) 'tutorial_objectstorage' retrieved from /home/airflow/.local/lib/python3.12/site-packages/airflow/example_dags/tutorial_objectstorage.py
[2024-11-29T14:39:48.425+0000] {logging_mixin.py:190} INFO - [2024-11-29T14:39:48.425+0000] {dag.py:3239} INFO - Sync 1 DAGs
[2024-11-29T14:39:48.442+0000] {logging_mixin.py:190} INFO - [2024-11-29T14:39:48.442+0000] {dag.py:4180} INFO - Setting next_dagrun for tutorial_objectstorage to None, run_after=None
[2024-11-29T14:39:48.471+0000] {processor.py:208} INFO - Processing /home/airflow/.local/lib/python3.12/site-packages/airflow/example_dags/tutorial_objectstorage.py took 0.096 seconds
[2024-11-29T14:40:19.042+0000] {processor.py:186} INFO - Started process (PID=2614) to work on /home/airflow/.local/lib/python3.12/site-packages/airflow/example_dags/tutorial_objectstorage.py
[2024-11-29T14:40:19.044+0000] {processor.py:914} INFO - Processing file /home/airflow/.local/lib/python3.12/site-packages/airflow/example_dags/tutorial_objectstorage.py for tasks to queue
[2024-11-29T14:40:19.047+0000] {logging_mixin.py:190} INFO - [2024-11-29T14:40:19.047+0000] {dagbag.py:588} INFO - Filling up the DagBag from /home/airflow/.local/lib/python3.12/site-packages/airflow/example_dags/tutorial_objectstorage.py
[2024-11-29T14:40:19.058+0000] {processor.py:925} INFO - DAG(s) 'tutorial_objectstorage' retrieved from /home/airflow/.local/lib/python3.12/site-packages/airflow/example_dags/tutorial_objectstorage.py
[2024-11-29T14:40:19.084+0000] {logging_mixin.py:190} INFO - [2024-11-29T14:40:19.083+0000] {dag.py:3239} INFO - Sync 1 DAGs
[2024-11-29T14:40:19.103+0000] {logging_mixin.py:190} INFO - [2024-11-29T14:40:19.103+0000] {dag.py:4180} INFO - Setting next_dagrun for tutorial_objectstorage to None, run_after=None
[2024-11-29T14:40:19.126+0000] {processor.py:208} INFO - Processing /home/airflow/.local/lib/python3.12/site-packages/airflow/example_dags/tutorial_objectstorage.py took 0.091 seconds
[2024-11-29T14:40:49.671+0000] {processor.py:186} INFO - Started process (PID=2677) to work on /home/airflow/.local/lib/python3.12/site-packages/airflow/example_dags/tutorial_objectstorage.py
[2024-11-29T14:40:49.672+0000] {processor.py:914} INFO - Processing file /home/airflow/.local/lib/python3.12/site-packages/airflow/example_dags/tutorial_objectstorage.py for tasks to queue
[2024-11-29T14:40:49.675+0000] {logging_mixin.py:190} INFO - [2024-11-29T14:40:49.674+0000] {dagbag.py:588} INFO - Filling up the DagBag from /home/airflow/.local/lib/python3.12/site-packages/airflow/example_dags/tutorial_objectstorage.py
[2024-11-29T14:40:49.688+0000] {processor.py:925} INFO - DAG(s) 'tutorial_objectstorage' retrieved from /home/airflow/.local/lib/python3.12/site-packages/airflow/example_dags/tutorial_objectstorage.py
[2024-11-29T14:40:49.716+0000] {logging_mixin.py:190} INFO - [2024-11-29T14:40:49.715+0000] {dag.py:3239} INFO - Sync 1 DAGs
[2024-11-29T14:40:49.736+0000] {logging_mixin.py:190} INFO - [2024-11-29T14:40:49.736+0000] {dag.py:4180} INFO - Setting next_dagrun for tutorial_objectstorage to None, run_after=None
[2024-11-29T14:40:49.763+0000] {processor.py:208} INFO - Processing /home/airflow/.local/lib/python3.12/site-packages/airflow/example_dags/tutorial_objectstorage.py took 0.099 seconds
[2024-11-29T14:41:20.140+0000] {processor.py:186} INFO - Started process (PID=2740) to work on /home/airflow/.local/lib/python3.12/site-packages/airflow/example_dags/tutorial_objectstorage.py
[2024-11-29T14:41:20.142+0000] {processor.py:914} INFO - Processing file /home/airflow/.local/lib/python3.12/site-packages/airflow/example_dags/tutorial_objectstorage.py for tasks to queue
[2024-11-29T14:41:20.145+0000] {logging_mixin.py:190} INFO - [2024-11-29T14:41:20.144+0000] {dagbag.py:588} INFO - Filling up the DagBag from /home/airflow/.local/lib/python3.12/site-packages/airflow/example_dags/tutorial_objectstorage.py
[2024-11-29T14:41:20.155+0000] {processor.py:925} INFO - DAG(s) 'tutorial_objectstorage' retrieved from /home/airflow/.local/lib/python3.12/site-packages/airflow/example_dags/tutorial_objectstorage.py
[2024-11-29T14:41:20.179+0000] {logging_mixin.py:190} INFO - [2024-11-29T14:41:20.178+0000] {dag.py:3239} INFO - Sync 1 DAGs
[2024-11-29T14:41:20.197+0000] {logging_mixin.py:190} INFO - [2024-11-29T14:41:20.197+0000] {dag.py:4180} INFO - Setting next_dagrun for tutorial_objectstorage to None, run_after=None
[2024-11-29T14:41:20.222+0000] {processor.py:208} INFO - Processing /home/airflow/.local/lib/python3.12/site-packages/airflow/example_dags/tutorial_objectstorage.py took 0.089 seconds
[2024-11-29T14:41:50.398+0000] {processor.py:186} INFO - Started process (PID=2803) to work on /home/airflow/.local/lib/python3.12/site-packages/airflow/example_dags/tutorial_objectstorage.py
[2024-11-29T14:41:50.399+0000] {processor.py:914} INFO - Processing file /home/airflow/.local/lib/python3.12/site-packages/airflow/example_dags/tutorial_objectstorage.py for tasks to queue
[2024-11-29T14:41:50.402+0000] {logging_mixin.py:190} INFO - [2024-11-29T14:41:50.401+0000] {dagbag.py:588} INFO - Filling up the DagBag from /home/airflow/.local/lib/python3.12/site-packages/airflow/example_dags/tutorial_objectstorage.py
[2024-11-29T14:41:50.412+0000] {processor.py:925} INFO - DAG(s) 'tutorial_objectstorage' retrieved from /home/airflow/.local/lib/python3.12/site-packages/airflow/example_dags/tutorial_objectstorage.py
[2024-11-29T14:41:50.435+0000] {logging_mixin.py:190} INFO - [2024-11-29T14:41:50.434+0000] {dag.py:3239} INFO - Sync 1 DAGs
[2024-11-29T14:41:50.453+0000] {logging_mixin.py:190} INFO - [2024-11-29T14:41:50.453+0000] {dag.py:4180} INFO - Setting next_dagrun for tutorial_objectstorage to None, run_after=None
[2024-11-29T14:41:50.480+0000] {processor.py:208} INFO - Processing /home/airflow/.local/lib/python3.12/site-packages/airflow/example_dags/tutorial_objectstorage.py took 0.089 seconds
[2024-11-29T14:42:20.657+0000] {processor.py:186} INFO - Started process (PID=2866) to work on /home/airflow/.local/lib/python3.12/site-packages/airflow/example_dags/tutorial_objectstorage.py
[2024-11-29T14:42:20.659+0000] {processor.py:914} INFO - Processing file /home/airflow/.local/lib/python3.12/site-packages/airflow/example_dags/tutorial_objectstorage.py for tasks to queue
[2024-11-29T14:42:20.661+0000] {logging_mixin.py:190} INFO - [2024-11-29T14:42:20.661+0000] {dagbag.py:588} INFO - Filling up the DagBag from /home/airflow/.local/lib/python3.12/site-packages/airflow/example_dags/tutorial_objectstorage.py
[2024-11-29T14:42:20.672+0000] {processor.py:925} INFO - DAG(s) 'tutorial_objectstorage' retrieved from /home/airflow/.local/lib/python3.12/site-packages/airflow/example_dags/tutorial_objectstorage.py
[2024-11-29T14:42:20.695+0000] {logging_mixin.py:190} INFO - [2024-11-29T14:42:20.694+0000] {dag.py:3239} INFO - Sync 1 DAGs
[2024-11-29T14:42:20.712+0000] {logging_mixin.py:190} INFO - [2024-11-29T14:42:20.712+0000] {dag.py:4180} INFO - Setting next_dagrun for tutorial_objectstorage to None, run_after=None
[2024-11-29T14:42:20.734+0000] {processor.py:208} INFO - Processing /home/airflow/.local/lib/python3.12/site-packages/airflow/example_dags/tutorial_objectstorage.py took 0.084 seconds
[2024-11-29T14:42:50.922+0000] {processor.py:186} INFO - Started process (PID=2929) to work on /home/airflow/.local/lib/python3.12/site-packages/airflow/example_dags/tutorial_objectstorage.py
[2024-11-29T14:42:50.923+0000] {processor.py:914} INFO - Processing file /home/airflow/.local/lib/python3.12/site-packages/airflow/example_dags/tutorial_objectstorage.py for tasks to queue
[2024-11-29T14:42:50.926+0000] {logging_mixin.py:190} INFO - [2024-11-29T14:42:50.926+0000] {dagbag.py:588} INFO - Filling up the DagBag from /home/airflow/.local/lib/python3.12/site-packages/airflow/example_dags/tutorial_objectstorage.py
[2024-11-29T14:42:50.938+0000] {processor.py:925} INFO - DAG(s) 'tutorial_objectstorage' retrieved from /home/airflow/.local/lib/python3.12/site-packages/airflow/example_dags/tutorial_objectstorage.py
[2024-11-29T14:42:50.960+0000] {logging_mixin.py:190} INFO - [2024-11-29T14:42:50.960+0000] {dag.py:3239} INFO - Sync 1 DAGs
[2024-11-29T14:42:50.977+0000] {logging_mixin.py:190} INFO - [2024-11-29T14:42:50.977+0000] {dag.py:4180} INFO - Setting next_dagrun for tutorial_objectstorage to None, run_after=None
[2024-11-29T14:42:51.005+0000] {processor.py:208} INFO - Processing /home/airflow/.local/lib/python3.12/site-packages/airflow/example_dags/tutorial_objectstorage.py took 0.092 seconds
[2024-11-29T14:43:21.609+0000] {processor.py:186} INFO - Started process (PID=2992) to work on /home/airflow/.local/lib/python3.12/site-packages/airflow/example_dags/tutorial_objectstorage.py
[2024-11-29T14:43:21.610+0000] {processor.py:914} INFO - Processing file /home/airflow/.local/lib/python3.12/site-packages/airflow/example_dags/tutorial_objectstorage.py for tasks to queue
[2024-11-29T14:43:21.614+0000] {logging_mixin.py:190} INFO - [2024-11-29T14:43:21.614+0000] {dagbag.py:588} INFO - Filling up the DagBag from /home/airflow/.local/lib/python3.12/site-packages/airflow/example_dags/tutorial_objectstorage.py
[2024-11-29T14:43:21.626+0000] {processor.py:925} INFO - DAG(s) 'tutorial_objectstorage' retrieved from /home/airflow/.local/lib/python3.12/site-packages/airflow/example_dags/tutorial_objectstorage.py
[2024-11-29T14:43:21.649+0000] {logging_mixin.py:190} INFO - [2024-11-29T14:43:21.649+0000] {dag.py:3239} INFO - Sync 1 DAGs
[2024-11-29T14:43:21.666+0000] {logging_mixin.py:190} INFO - [2024-11-29T14:43:21.666+0000] {dag.py:4180} INFO - Setting next_dagrun for tutorial_objectstorage to None, run_after=None
[2024-11-29T14:43:21.692+0000] {processor.py:208} INFO - Processing /home/airflow/.local/lib/python3.12/site-packages/airflow/example_dags/tutorial_objectstorage.py took 0.090 seconds
[2024-11-29T14:43:52.390+0000] {processor.py:186} INFO - Started process (PID=3055) to work on /home/airflow/.local/lib/python3.12/site-packages/airflow/example_dags/tutorial_objectstorage.py
[2024-11-29T14:43:52.391+0000] {processor.py:914} INFO - Processing file /home/airflow/.local/lib/python3.12/site-packages/airflow/example_dags/tutorial_objectstorage.py for tasks to queue
[2024-11-29T14:43:52.394+0000] {logging_mixin.py:190} INFO - [2024-11-29T14:43:52.394+0000] {dagbag.py:588} INFO - Filling up the DagBag from /home/airflow/.local/lib/python3.12/site-packages/airflow/example_dags/tutorial_objectstorage.py
[2024-11-29T14:43:52.406+0000] {processor.py:925} INFO - DAG(s) 'tutorial_objectstorage' retrieved from /home/airflow/.local/lib/python3.12/site-packages/airflow/example_dags/tutorial_objectstorage.py
[2024-11-29T14:43:52.427+0000] {logging_mixin.py:190} INFO - [2024-11-29T14:43:52.427+0000] {dag.py:3239} INFO - Sync 1 DAGs
[2024-11-29T14:43:52.447+0000] {logging_mixin.py:190} INFO - [2024-11-29T14:43:52.446+0000] {dag.py:4180} INFO - Setting next_dagrun for tutorial_objectstorage to None, run_after=None
[2024-11-29T14:43:52.471+0000] {processor.py:208} INFO - Processing /home/airflow/.local/lib/python3.12/site-packages/airflow/example_dags/tutorial_objectstorage.py took 0.089 seconds
[2024-11-29T14:44:22.953+0000] {processor.py:186} INFO - Started process (PID=3118) to work on /home/airflow/.local/lib/python3.12/site-packages/airflow/example_dags/tutorial_objectstorage.py
[2024-11-29T14:44:22.954+0000] {processor.py:914} INFO - Processing file /home/airflow/.local/lib/python3.12/site-packages/airflow/example_dags/tutorial_objectstorage.py for tasks to queue
[2024-11-29T14:44:22.958+0000] {logging_mixin.py:190} INFO - [2024-11-29T14:44:22.957+0000] {dagbag.py:588} INFO - Filling up the DagBag from /home/airflow/.local/lib/python3.12/site-packages/airflow/example_dags/tutorial_objectstorage.py
[2024-11-29T14:44:22.972+0000] {processor.py:925} INFO - DAG(s) 'tutorial_objectstorage' retrieved from /home/airflow/.local/lib/python3.12/site-packages/airflow/example_dags/tutorial_objectstorage.py
[2024-11-29T14:44:22.993+0000] {logging_mixin.py:190} INFO - [2024-11-29T14:44:22.993+0000] {dag.py:3239} INFO - Sync 1 DAGs
[2024-11-29T14:44:23.009+0000] {logging_mixin.py:190} INFO - [2024-11-29T14:44:23.009+0000] {dag.py:4180} INFO - Setting next_dagrun for tutorial_objectstorage to None, run_after=None
[2024-11-29T14:44:23.039+0000] {processor.py:208} INFO - Processing /home/airflow/.local/lib/python3.12/site-packages/airflow/example_dags/tutorial_objectstorage.py took 0.095 seconds
[2024-11-29T14:44:53.870+0000] {processor.py:186} INFO - Started process (PID=3181) to work on /home/airflow/.local/lib/python3.12/site-packages/airflow/example_dags/tutorial_objectstorage.py
[2024-11-29T14:44:53.871+0000] {processor.py:914} INFO - Processing file /home/airflow/.local/lib/python3.12/site-packages/airflow/example_dags/tutorial_objectstorage.py for tasks to queue
[2024-11-29T14:44:53.874+0000] {logging_mixin.py:190} INFO - [2024-11-29T14:44:53.874+0000] {dagbag.py:588} INFO - Filling up the DagBag from /home/airflow/.local/lib/python3.12/site-packages/airflow/example_dags/tutorial_objectstorage.py
[2024-11-29T14:44:53.886+0000] {processor.py:925} INFO - DAG(s) 'tutorial_objectstorage' retrieved from /home/airflow/.local/lib/python3.12/site-packages/airflow/example_dags/tutorial_objectstorage.py
[2024-11-29T14:44:53.912+0000] {logging_mixin.py:190} INFO - [2024-11-29T14:44:53.911+0000] {dag.py:3239} INFO - Sync 1 DAGs
[2024-11-29T14:44:53.936+0000] {logging_mixin.py:190} INFO - [2024-11-29T14:44:53.936+0000] {dag.py:4180} INFO - Setting next_dagrun for tutorial_objectstorage to None, run_after=None
[2024-11-29T14:44:53.967+0000] {processor.py:208} INFO - Processing /home/airflow/.local/lib/python3.12/site-packages/airflow/example_dags/tutorial_objectstorage.py took 0.104 seconds
[2024-11-29T14:45:24.956+0000] {processor.py:186} INFO - Started process (PID=3244) to work on /home/airflow/.local/lib/python3.12/site-packages/airflow/example_dags/tutorial_objectstorage.py
[2024-11-29T14:45:24.960+0000] {processor.py:914} INFO - Processing file /home/airflow/.local/lib/python3.12/site-packages/airflow/example_dags/tutorial_objectstorage.py for tasks to queue
[2024-11-29T14:45:24.965+0000] {logging_mixin.py:190} INFO - [2024-11-29T14:45:24.964+0000] {dagbag.py:588} INFO - Filling up the DagBag from /home/airflow/.local/lib/python3.12/site-packages/airflow/example_dags/tutorial_objectstorage.py
[2024-11-29T14:45:24.980+0000] {processor.py:925} INFO - DAG(s) 'tutorial_objectstorage' retrieved from /home/airflow/.local/lib/python3.12/site-packages/airflow/example_dags/tutorial_objectstorage.py
[2024-11-29T14:45:25.014+0000] {logging_mixin.py:190} INFO - [2024-11-29T14:45:25.014+0000] {dag.py:3239} INFO - Sync 1 DAGs
[2024-11-29T14:45:25.040+0000] {logging_mixin.py:190} INFO - [2024-11-29T14:45:25.040+0000] {dag.py:4180} INFO - Setting next_dagrun for tutorial_objectstorage to None, run_after=None
[2024-11-29T14:45:25.067+0000] {processor.py:208} INFO - Processing /home/airflow/.local/lib/python3.12/site-packages/airflow/example_dags/tutorial_objectstorage.py took 0.123 seconds
[2024-11-29T14:45:55.825+0000] {processor.py:186} INFO - Started process (PID=3306) to work on /home/airflow/.local/lib/python3.12/site-packages/airflow/example_dags/tutorial_objectstorage.py
[2024-11-29T14:45:55.827+0000] {processor.py:914} INFO - Processing file /home/airflow/.local/lib/python3.12/site-packages/airflow/example_dags/tutorial_objectstorage.py for tasks to queue
[2024-11-29T14:45:55.833+0000] {logging_mixin.py:190} INFO - [2024-11-29T14:45:55.832+0000] {dagbag.py:588} INFO - Filling up the DagBag from /home/airflow/.local/lib/python3.12/site-packages/airflow/example_dags/tutorial_objectstorage.py
[2024-11-29T14:45:55.850+0000] {processor.py:925} INFO - DAG(s) 'tutorial_objectstorage' retrieved from /home/airflow/.local/lib/python3.12/site-packages/airflow/example_dags/tutorial_objectstorage.py
[2024-11-29T14:45:55.871+0000] {logging_mixin.py:190} INFO - [2024-11-29T14:45:55.871+0000] {dag.py:3239} INFO - Sync 1 DAGs
[2024-11-29T14:45:55.888+0000] {logging_mixin.py:190} INFO - [2024-11-29T14:45:55.888+0000] {dag.py:4180} INFO - Setting next_dagrun for tutorial_objectstorage to None, run_after=None
[2024-11-29T14:45:55.910+0000] {processor.py:208} INFO - Processing /home/airflow/.local/lib/python3.12/site-packages/airflow/example_dags/tutorial_objectstorage.py took 0.112 seconds
[2024-11-29T14:46:26.405+0000] {processor.py:186} INFO - Started process (PID=3369) to work on /home/airflow/.local/lib/python3.12/site-packages/airflow/example_dags/tutorial_objectstorage.py
[2024-11-29T14:46:26.407+0000] {processor.py:914} INFO - Processing file /home/airflow/.local/lib/python3.12/site-packages/airflow/example_dags/tutorial_objectstorage.py for tasks to queue
[2024-11-29T14:46:26.416+0000] {logging_mixin.py:190} INFO - [2024-11-29T14:46:26.415+0000] {dagbag.py:588} INFO - Filling up the DagBag from /home/airflow/.local/lib/python3.12/site-packages/airflow/example_dags/tutorial_objectstorage.py
[2024-11-29T14:46:26.436+0000] {processor.py:925} INFO - DAG(s) 'tutorial_objectstorage' retrieved from /home/airflow/.local/lib/python3.12/site-packages/airflow/example_dags/tutorial_objectstorage.py
[2024-11-29T14:46:26.458+0000] {logging_mixin.py:190} INFO - [2024-11-29T14:46:26.458+0000] {dag.py:3239} INFO - Sync 1 DAGs
[2024-11-29T14:46:26.477+0000] {logging_mixin.py:190} INFO - [2024-11-29T14:46:26.476+0000] {dag.py:4180} INFO - Setting next_dagrun for tutorial_objectstorage to None, run_after=None
[2024-11-29T14:46:26.503+0000] {processor.py:208} INFO - Processing /home/airflow/.local/lib/python3.12/site-packages/airflow/example_dags/tutorial_objectstorage.py took 0.140 seconds
[2024-11-29T14:46:56.568+0000] {processor.py:186} INFO - Started process (PID=3432) to work on /home/airflow/.local/lib/python3.12/site-packages/airflow/example_dags/tutorial_objectstorage.py
[2024-11-29T14:46:56.570+0000] {processor.py:914} INFO - Processing file /home/airflow/.local/lib/python3.12/site-packages/airflow/example_dags/tutorial_objectstorage.py for tasks to queue
[2024-11-29T14:46:56.573+0000] {logging_mixin.py:190} INFO - [2024-11-29T14:46:56.573+0000] {dagbag.py:588} INFO - Filling up the DagBag from /home/airflow/.local/lib/python3.12/site-packages/airflow/example_dags/tutorial_objectstorage.py
[2024-11-29T14:46:56.586+0000] {processor.py:925} INFO - DAG(s) 'tutorial_objectstorage' retrieved from /home/airflow/.local/lib/python3.12/site-packages/airflow/example_dags/tutorial_objectstorage.py
[2024-11-29T14:46:56.611+0000] {logging_mixin.py:190} INFO - [2024-11-29T14:46:56.611+0000] {dag.py:3239} INFO - Sync 1 DAGs
[2024-11-29T14:46:56.631+0000] {logging_mixin.py:190} INFO - [2024-11-29T14:46:56.630+0000] {dag.py:4180} INFO - Setting next_dagrun for tutorial_objectstorage to None, run_after=None
[2024-11-29T14:46:56.658+0000] {processor.py:208} INFO - Processing /home/airflow/.local/lib/python3.12/site-packages/airflow/example_dags/tutorial_objectstorage.py took 0.098 seconds
[2024-11-29T14:47:27.442+0000] {processor.py:186} INFO - Started process (PID=3496) to work on /home/airflow/.local/lib/python3.12/site-packages/airflow/example_dags/tutorial_objectstorage.py
[2024-11-29T14:47:27.444+0000] {processor.py:914} INFO - Processing file /home/airflow/.local/lib/python3.12/site-packages/airflow/example_dags/tutorial_objectstorage.py for tasks to queue
[2024-11-29T14:47:27.447+0000] {logging_mixin.py:190} INFO - [2024-11-29T14:47:27.446+0000] {dagbag.py:588} INFO - Filling up the DagBag from /home/airflow/.local/lib/python3.12/site-packages/airflow/example_dags/tutorial_objectstorage.py
[2024-11-29T14:47:27.460+0000] {processor.py:925} INFO - DAG(s) 'tutorial_objectstorage' retrieved from /home/airflow/.local/lib/python3.12/site-packages/airflow/example_dags/tutorial_objectstorage.py
[2024-11-29T14:47:27.482+0000] {logging_mixin.py:190} INFO - [2024-11-29T14:47:27.482+0000] {dag.py:3239} INFO - Sync 1 DAGs
[2024-11-29T14:47:27.694+0000] {logging_mixin.py:190} INFO - [2024-11-29T14:47:27.694+0000] {dag.py:4180} INFO - Setting next_dagrun for tutorial_objectstorage to None, run_after=None
[2024-11-29T14:47:27.739+0000] {processor.py:208} INFO - Processing /home/airflow/.local/lib/python3.12/site-packages/airflow/example_dags/tutorial_objectstorage.py took 0.310 seconds
[2024-11-29T14:47:58.430+0000] {processor.py:186} INFO - Started process (PID=3559) to work on /home/airflow/.local/lib/python3.12/site-packages/airflow/example_dags/tutorial_objectstorage.py
[2024-11-29T14:47:58.432+0000] {processor.py:914} INFO - Processing file /home/airflow/.local/lib/python3.12/site-packages/airflow/example_dags/tutorial_objectstorage.py for tasks to queue
[2024-11-29T14:47:58.435+0000] {logging_mixin.py:190} INFO - [2024-11-29T14:47:58.435+0000] {dagbag.py:588} INFO - Filling up the DagBag from /home/airflow/.local/lib/python3.12/site-packages/airflow/example_dags/tutorial_objectstorage.py
[2024-11-29T14:47:58.446+0000] {processor.py:925} INFO - DAG(s) 'tutorial_objectstorage' retrieved from /home/airflow/.local/lib/python3.12/site-packages/airflow/example_dags/tutorial_objectstorage.py
[2024-11-29T14:47:58.470+0000] {logging_mixin.py:190} INFO - [2024-11-29T14:47:58.469+0000] {dag.py:3239} INFO - Sync 1 DAGs
[2024-11-29T14:47:58.490+0000] {logging_mixin.py:190} INFO - [2024-11-29T14:47:58.489+0000] {dag.py:4180} INFO - Setting next_dagrun for tutorial_objectstorage to None, run_after=None
[2024-11-29T14:47:58.519+0000] {processor.py:208} INFO - Processing /home/airflow/.local/lib/python3.12/site-packages/airflow/example_dags/tutorial_objectstorage.py took 0.096 seconds
[2024-11-29T14:48:29.227+0000] {processor.py:186} INFO - Started process (PID=3622) to work on /home/airflow/.local/lib/python3.12/site-packages/airflow/example_dags/tutorial_objectstorage.py
[2024-11-29T14:48:29.228+0000] {processor.py:914} INFO - Processing file /home/airflow/.local/lib/python3.12/site-packages/airflow/example_dags/tutorial_objectstorage.py for tasks to queue
[2024-11-29T14:48:29.232+0000] {logging_mixin.py:190} INFO - [2024-11-29T14:48:29.231+0000] {dagbag.py:588} INFO - Filling up the DagBag from /home/airflow/.local/lib/python3.12/site-packages/airflow/example_dags/tutorial_objectstorage.py
[2024-11-29T14:48:29.245+0000] {processor.py:925} INFO - DAG(s) 'tutorial_objectstorage' retrieved from /home/airflow/.local/lib/python3.12/site-packages/airflow/example_dags/tutorial_objectstorage.py
[2024-11-29T14:48:29.265+0000] {logging_mixin.py:190} INFO - [2024-11-29T14:48:29.265+0000] {dag.py:3239} INFO - Sync 1 DAGs
[2024-11-29T14:48:29.283+0000] {logging_mixin.py:190} INFO - [2024-11-29T14:48:29.283+0000] {dag.py:4180} INFO - Setting next_dagrun for tutorial_objectstorage to None, run_after=None
[2024-11-29T14:48:29.306+0000] {processor.py:208} INFO - Processing /home/airflow/.local/lib/python3.12/site-packages/airflow/example_dags/tutorial_objectstorage.py took 0.085 seconds
[2024-11-29T14:48:59.668+0000] {processor.py:186} INFO - Started process (PID=3686) to work on /home/airflow/.local/lib/python3.12/site-packages/airflow/example_dags/tutorial_objectstorage.py
[2024-11-29T14:48:59.670+0000] {processor.py:914} INFO - Processing file /home/airflow/.local/lib/python3.12/site-packages/airflow/example_dags/tutorial_objectstorage.py for tasks to queue
[2024-11-29T14:48:59.674+0000] {logging_mixin.py:190} INFO - [2024-11-29T14:48:59.674+0000] {dagbag.py:588} INFO - Filling up the DagBag from /home/airflow/.local/lib/python3.12/site-packages/airflow/example_dags/tutorial_objectstorage.py
[2024-11-29T14:48:59.689+0000] {processor.py:925} INFO - DAG(s) 'tutorial_objectstorage' retrieved from /home/airflow/.local/lib/python3.12/site-packages/airflow/example_dags/tutorial_objectstorage.py
[2024-11-29T14:48:59.713+0000] {logging_mixin.py:190} INFO - [2024-11-29T14:48:59.713+0000] {dag.py:3239} INFO - Sync 1 DAGs
[2024-11-29T14:48:59.732+0000] {logging_mixin.py:190} INFO - [2024-11-29T14:48:59.731+0000] {dag.py:4180} INFO - Setting next_dagrun for tutorial_objectstorage to None, run_after=None
[2024-11-29T14:48:59.754+0000] {processor.py:208} INFO - Processing /home/airflow/.local/lib/python3.12/site-packages/airflow/example_dags/tutorial_objectstorage.py took 0.095 seconds
