[2024-12-02T22:36:31.513+0000] {local_task_job_runner.py:123} INFO - ::group::Pre task execution logs
[2024-12-02T22:36:31.557+0000] {taskinstance.py:2613} INFO - Dependencies all met for dep_context=non-requeueable deps ti=<TaskInstance: weather_data_pipeline.fetch_weather_data manual__2024-12-02T22:35:04.781312+00:00 [queued]>
[2024-12-02T22:36:31.583+0000] {taskinstance.py:2613} INFO - Dependencies all met for dep_context=requeueable deps ti=<TaskInstance: weather_data_pipeline.fetch_weather_data manual__2024-12-02T22:35:04.781312+00:00 [queued]>
[2024-12-02T22:36:31.584+0000] {taskinstance.py:2866} INFO - Starting attempt 1 of 2
[2024-12-02T22:36:31.625+0000] {taskinstance.py:2889} INFO - Executing <Task(PythonOperator): fetch_weather_data> on 2024-12-02 22:35:04.781312+00:00
[2024-12-02T22:36:31.644+0000] {warnings.py:112} WARNING - /home/***/.local/lib/python3.12/site-packages/***/task/task_runner/standard_task_runner.py:70: DeprecationWarning: This process (pid=744) is multi-threaded, use of fork() may lead to deadlocks in the child.
  pid = os.fork()

[2024-12-02T22:36:31.647+0000] {standard_task_runner.py:72} INFO - Started process 757 to run task
[2024-12-02T22:36:31.658+0000] {standard_task_runner.py:104} INFO - Running: ['***', 'tasks', 'run', 'weather_data_pipeline', 'fetch_weather_data', 'manual__2024-12-02T22:35:04.781312+00:00', '--job-id', '140', '--raw', '--subdir', 'DAGS_FOLDER/weather_pipeline.py', '--cfg-path', '/tmp/tmpuzw80xma']
[2024-12-02T22:36:31.661+0000] {standard_task_runner.py:105} INFO - Job 140: Subtask fetch_weather_data
[2024-12-02T22:36:31.806+0000] {task_command.py:467} INFO - Running <TaskInstance: weather_data_pipeline.fetch_weather_data manual__2024-12-02T22:35:04.781312+00:00 [running]> on host 1a5e4afa404c
[2024-12-02T22:36:32.539+0000] {taskinstance.py:3132} INFO - Exporting env vars: AIRFLOW_CTX_DAG_EMAIL='andrew.marfo@amalitech.com' AIRFLOW_CTX_DAG_OWNER='***' AIRFLOW_CTX_DAG_ID='weather_data_pipeline' AIRFLOW_CTX_TASK_ID='fetch_weather_data' AIRFLOW_CTX_EXECUTION_DATE='2024-12-02T22:35:04.781312+00:00' AIRFLOW_CTX_TRY_NUMBER='1' AIRFLOW_CTX_DAG_RUN_ID='manual__2024-12-02T22:35:04.781312+00:00'
[2024-12-02T22:36:32.541+0000] {logging_mixin.py:190} INFO - Task instance is in running state
[2024-12-02T22:36:32.542+0000] {logging_mixin.py:190} INFO -  Previous state of the Task instance: queued
[2024-12-02T22:36:32.543+0000] {logging_mixin.py:190} INFO - Current task name:fetch_weather_data state:running start_date:2024-12-02 22:36:31.558472+00:00
[2024-12-02T22:36:32.544+0000] {logging_mixin.py:190} INFO - Dag name:weather_data_pipeline and current dag run status:running
[2024-12-02T22:36:32.545+0000] {taskinstance.py:731} INFO - ::endgroup::
[2024-12-02T22:36:32.954+0000] {python.py:240} INFO - Done. Returned value was: {'coord': {'lon': -122.6762, 'lat': 45.5234}, 'weather': [{'id': 801, 'main': 'Clouds', 'description': 'few clouds', 'icon': '02d'}], 'base': 'stations', 'main': {'temp': 280.67, 'feels_like': 278.04, 'temp_min': 279.51, 'temp_max': 282.22, 'pressure': 1025, 'humidity': 65, 'sea_level': 1025, 'grnd_level': 1014}, 'visibility': 10000, 'wind': {'speed': 4.12, 'deg': 120}, 'clouds': {'all': 20}, 'dt': 1733178992, 'sys': {'type': 2, 'id': 2008548, 'country': 'US', 'sunrise': 1733153551, 'sunset': 1733185718}, 'timezone': -28800, 'id': 5746545, 'name': 'Portland', 'cod': 200}
[2024-12-02T22:36:32.988+0000] {taskinstance.py:340} INFO - ::group::Post task execution logs
[2024-12-02T22:36:32.990+0000] {taskinstance.py:352} INFO - Marking task as SUCCESS. dag_id=weather_data_pipeline, task_id=fetch_weather_data, run_id=manual__2024-12-02T22:35:04.781312+00:00, execution_date=20241202T223504, start_date=20241202T223631, end_date=20241202T223632
[2024-12-02T22:36:33.009+0000] {logging_mixin.py:190} INFO - Task instance in success state
[2024-12-02T22:36:33.009+0000] {logging_mixin.py:190} INFO -  Previous state of the Task instance: running
[2024-12-02T22:36:33.010+0000] {logging_mixin.py:190} INFO - Dag name:weather_data_pipeline queued_at:2024-12-02 22:35:04.853548+00:00
[2024-12-02T22:36:33.011+0000] {logging_mixin.py:190} INFO - Task hostname:1a5e4afa404c operator:PythonOperator
[2024-12-02T22:36:33.085+0000] {local_task_job_runner.py:266} INFO - Task exited with return code 0
[2024-12-02T22:36:33.127+0000] {taskinstance.py:3895} INFO - 1 downstream tasks scheduled from follow-on schedule check
[2024-12-02T22:36:33.132+0000] {local_task_job_runner.py:245} INFO - ::endgroup::
